#
# There is insufficient memory for the Java Runtime Environment to continue.
# Native memory allocation (mmap) failed to map 55095296 bytes for committing reserved memory.
# Possible reasons:
#   The system is out of physical RAM or swap space
#   In 32 bit mode, the process size limit was hit
# Possible solutions:
#   Reduce memory load on the system
#   Increase physical memory or swap space
#   Check if swap backing store is full
#   Use 64 bit Java on a 64 bit OS
#   Decrease Java heap size (-Xmx/-Xms)
#   Decrease number of Java threads
#   Decrease Java thread stack sizes (-Xss)
#   Set larger code cache with -XX:ReservedCodeCacheSize=
# This output file may be truncated or incomplete.
#
#  Out of Memory Error (os_linux.cpp:2643), pid=17747, tid=0x00007ff0401a0700
#
# JRE version: OpenJDK Runtime Environment (8.0_181-b13) (build 1.8.0_181-8u181-b13-0ubuntu0.16.04.1-b13)
# Java VM: OpenJDK 64-Bit Server VM (25.181-b13 mixed mode linux-amd64 compressed oops)
# Failed to write core dump. Core dumps have been disabled. To enable core dumping, try "ulimit -c unlimited" before starting Java again
#

---------------  T H R E A D  ---------------

Current thread (0x00007ff03c075800):  VMThread [stack: 0x00007ff0400a0000,0x00007ff0401a1000] [id=17761]

Stack: [0x00007ff0400a0000,0x00007ff0401a1000],  sp=0x00007ff04019f520,  free space=1021k
Native frames: (J=compiled Java code, j=interpreted, Vv=VM code, C=native code)
V  [libjvm.so+0xa70edb]
V  [libjvm.so+0x4c893c]
V  [libjvm.so+0x8bda08]
V  [libjvm.so+0x8b7d9e]
V  [libjvm.so+0xa6d7c4]
V  [libjvm.so+0x5cdd5d]
V  [libjvm.so+0x5ce8fd]
V  [libjvm.so+0x5bb2c8]
V  [libjvm.so+0x45029f]
V  [libjvm.so+0xa71fe1]
V  [libjvm.so+0xa77d27]
V  [libjvm.so+0xa75427]
V  [libjvm.so+0xa768af]
V  [libjvm.so+0xa76da1]
V  [libjvm.so+0x8bae12]

VM_Operation (0x00007ff004eee030): GenCollectForAllocation, mode: safepoint, requested by thread 0x00007ff020044800


---------------  P R O C E S S  ---------------

Java Threads: ( => current thread )
  0x00007ff02401c000 JavaThread "Worker Monitor for /usr/bin/python3" daemon [_thread_blocked, id=17892, stack(0x00007ff0036ed000,0x00007ff0037ee000)]
  0x00007ff02401b000 JavaThread "stdout writer for /usr/bin/python3" daemon [_thread_blocked, id=17891, stack(0x00007ff0037ee000,0x00007ff0038ef000)]
  0x00007ff024012000 JavaThread "Worker Monitor for /usr/bin/python3" daemon [_thread_blocked, id=17890, stack(0x00007ff0050f1000,0x00007ff0051f2000)]
  0x00007ff01d994000 JavaThread "broadcast-exchange-0" daemon [_thread_blocked, id=17885, stack(0x00007ff00338a000,0x00007ff00348b000)]
  0x00007ff020044800 JavaThread "Executor task launch worker for task 967" daemon [_thread_blocked, id=17884, stack(0x00007ff004df0000,0x00007ff004ef1000)]
  0x00007ff020043800 JavaThread "Executor task launch worker for task 955" daemon [_thread_blocked, id=17883, stack(0x00007ff0076fb000,0x00007ff0077fc000)]
  0x00007ff028172000 JavaThread "Executor task launch worker for task 956" daemon [_thread_blocked, id=17882, stack(0x00007ff0074f9000,0x00007ff0075fa000)]
  0x00000000023f2000 JavaThread "block-manager-slave-async-thread-pool-12" daemon [_thread_blocked, id=17881, stack(0x00007ff0077fc000,0x00007ff0078fd000)]
  0x00000000023ed000 JavaThread "block-manager-slave-async-thread-pool-11" daemon [_thread_blocked, id=17880, stack(0x00007ff007cff000,0x00007ff007e00000)]
  0x00007ff0281c5800 JavaThread "block-manager-slave-async-thread-pool-10" daemon [_thread_blocked, id=17879, stack(0x00007ff003aef000,0x00007ff003bf0000)]
  0x00007ff02003e800 JavaThread "block-manager-ask-thread-pool-4" daemon [_thread_blocked, id=17878, stack(0x00007ff0051f2000,0x00007ff0052f3000)]
  0x00007ff020041800 JavaThread "Executor task launch worker for task 963" daemon [_thread_blocked, id=17877, stack(0x00007ff0075fa000,0x00007ff0076fb000)]
  0x00007ff0140d3800 JavaThread "stderr reader for /usr/bin/python3" daemon [_thread_in_native, id=17846, stack(0x00007ff0052f3000,0x00007ff0053f4000)]
  0x00007ff0140d2800 JavaThread "stdout reader for /usr/bin/python3" daemon [_thread_in_native, id=17845, stack(0x00007ff0053f4000,0x00007ff0054f5000)]
  0x00007ff0140c9800 JavaThread "process reaper" daemon [_thread_in_native, id=17844, stack(0x00007ff00baf6000,0x00007ff00bb2f000)]
  0x00007ff0140e1800 JavaThread "Idle Worker Monitor for /usr/bin/python3" daemon [_thread_blocked, id=17842, stack(0x00007ff0054f5000,0x00007ff0055f6000)]
  0x00007ff028130800 JavaThread "Executor task launch worker for task 958" daemon [_thread_blocked, id=17836, stack(0x00007ff005bf6000,0x00007ff005cf7000)]
  0x00007ff02810d000 JavaThread "task-result-getter-3" daemon [_thread_blocked, id=17815, stack(0x00007ff005ef7000,0x00007ff005ff8000)]
  0x00007ff0280d9800 JavaThread "task-result-getter-2" daemon [_thread_blocked, id=17814, stack(0x00007ff0073f8000,0x00007ff0074f9000)]
  0x00007ff0280c7000 JavaThread "task-result-getter-1" daemon [_thread_blocked, id=17809, stack(0x00007ff0078fd000,0x00007ff0079fe000)]
  0x00007ff020036800 JavaThread "task-result-getter-0" daemon [_thread_blocked, id=17808, stack(0x00007ff007bfe000,0x00007ff007cff000)]
  0x00007ff01cf25000 JavaThread "org.apache.hadoop.fs.FileSystem$Statistics$StatisticsDataReferenceCleaner" daemon [_thread_blocked, id=17806, stack(0x00007ff008686000,0x00007ff008787000)]
  0x00007ff01c9bf800 JavaThread "SparkListenerBus" daemon [_thread_blocked, id=17804, stack(0x00007ff008b87000,0x00007ff008c88000)]
  0x00007ff01c9bc800 JavaThread "context-cleaner-periodic-gc" daemon [_thread_blocked, id=17803, stack(0x00007ff008c88000,0x00007ff008d89000)]
  0x00007ff01c9ba800 JavaThread "Spark Context Cleaner" daemon [_thread_blocked, id=17802, stack(0x00007ff008d89000,0x00007ff008e8a000)]
  0x00007ff01c6be800 JavaThread "shuffle-server-5-1" daemon [_thread_in_native, id=17801, stack(0x00007ff00908a000,0x00007ff00918b000)]
  0x00007ff01c6ea000 JavaThread "driver-heartbeater" daemon [_thread_blocked, id=17800, stack(0x00007ff00918b000,0x00007ff00928c000)]
  0x00007ff01c6e2000 JavaThread "dag-scheduler-event-loop" daemon [_thread_blocked, id=17799, stack(0x00007ff00928c000,0x00007ff00938d000)]
  0x00000000023e2800 JavaThread "netty-rpc-env-timeout" daemon [_thread_blocked, id=17798, stack(0x00007ff00938d000,0x00007ff00948e000)]
  0x00007ff01c84a000 JavaThread "Timer-0" daemon [_thread_blocked, id=17797, stack(0x00007ff00948e000,0x00007ff00958f000)]
  0x00007ff02806e000 JavaThread "heartbeat-receiver-event-loop-thread" daemon [_thread_blocked, id=17796, stack(0x00007ff00958f000,0x00007ff009690000)]
  0x00007ff01c698800 JavaThread "SparkUI-37" daemon [_thread_blocked, id=17795, stack(0x00007ff009690000,0x00007ff009791000)]
  0x00007ff01c697000 JavaThread "SparkUI-36" daemon [_thread_blocked, id=17794, stack(0x00007ff009791000,0x00007ff009892000)]
  0x00007ff01c695800 JavaThread "SparkUI-35" daemon [_thread_blocked, id=17793, stack(0x00007ff009892000,0x00007ff009993000)]
  0x00007ff01c704000 JavaThread "SparkUI-34" daemon [_thread_blocked, id=17792, stack(0x00007ff009993000,0x00007ff009a94000)]
  0x00007ff01c702000 JavaThread "SparkUI-33" daemon [_thread_blocked, id=17791, stack(0x00007ff009a94000,0x00007ff009b95000)]
  0x00007ff01c700800 JavaThread "SparkUI-32" daemon [_thread_blocked, id=17790, stack(0x00007ff009b95000,0x00007ff009c96000)]
  0x00007ff01c5c9800 JavaThread "SparkUI-31-acceptor-0@30283948-Spark@3eefc13d{HTTP/1.1}{0.0.0.0:4040}" daemon [_thread_in_native, id=17789, stack(0x00007ff009c96000,0x00007ff009d97000)]
  0x00007ff01c5c9000 JavaThread "SparkUI-30-selector-ServerConnectorManager@26765a49/0" daemon [_thread_in_native, id=17788, stack(0x00007ff009d97000,0x00007ff009e98000)]
  0x00007ff01c67f800 JavaThread "refresh progress" daemon [_thread_blocked, id=17786, stack(0x00007ff00a098000,0x00007ff00a199000)]
  0x00007ff01c5ff800 JavaThread "map-output-dispatcher-7" daemon [_thread_blocked, id=17785, stack(0x00007ff00a399000,0x00007ff00a49a000)]
  0x00007ff01c5fd800 JavaThread "map-output-dispatcher-6" daemon [_thread_blocked, id=17784, stack(0x00007ff00a49a000,0x00007ff00a59b000)]
  0x00007ff01c5fc000 JavaThread "map-output-dispatcher-5" daemon [_thread_blocked, id=17783, stack(0x00007ff00a59b000,0x00007ff00a69c000)]
  0x00007ff01c65b800 JavaThread "map-output-dispatcher-4" daemon [_thread_blocked, id=17782, stack(0x00007ff00a69c000,0x00007ff00a79d000)]
  0x00007ff01c659800 JavaThread "map-output-dispatcher-3" daemon [_thread_blocked, id=17781, stack(0x00007ff00a79d000,0x00007ff00a89e000)]
  0x00007ff01c658000 JavaThread "map-output-dispatcher-2" daemon [_thread_blocked, id=17780, stack(0x00007ff00a89e000,0x00007ff00a99f000)]
  0x00007ff01c656800 JavaThread "map-output-dispatcher-1" daemon [_thread_blocked, id=17779, stack(0x00007ff00a99f000,0x00007ff00aaa0000)]
  0x00007ff01c655800 JavaThread "map-output-dispatcher-0" daemon [_thread_blocked, id=17778, stack(0x00007ff00aaa0000,0x00007ff00aba1000)]
  0x00007ff01c5a7800 JavaThread "rpc-server-3-1" daemon [_thread_in_native, id=17777, stack(0x00007ff00aba1000,0x00007ff00aca2000)]
  0x00007ff01c356000 JavaThread "dispatcher-event-loop-1" daemon [_thread_blocked, id=17776, stack(0x00007ff00b0c8000,0x00007ff00b1c9000)]
  0x00007ff01c354000 JavaThread "dispatcher-event-loop-0" daemon [_thread_blocked, id=17775, stack(0x00007ff00b9f5000,0x00007ff00baf6000)]
  0x00007ff0102ab800 JavaThread "Thread-2" [_thread_blocked, id=17771, stack(0x00007ff00c139000,0x00007ff00c23a000)]
  0x00007ff03cd1d800 JavaThread "Thread-1" [_thread_in_native, id=17770, stack(0x00007ff00c23a000,0x00007ff00c33b000)]
  0x00007ff03cd0e000 JavaThread "pool-1-thread-1" [_thread_blocked, id=17769, stack(0x00007ff00c33b000,0x00007ff00c43c000)]
  0x00007ff03c0bb000 JavaThread "Service Thread" daemon [_thread_blocked, id=17767, stack(0x00007ff02c693000,0x00007ff02c794000)]
  0x00007ff03c0b7800 JavaThread "C1 CompilerThread1" daemon [_thread_blocked, id=17766, stack(0x00007ff02c794000,0x00007ff02c895000)]
  0x00007ff03c0b5800 JavaThread "C2 CompilerThread0" daemon [_thread_blocked, id=17765, stack(0x00007ff02c895000,0x00007ff02c996000)]
  0x00007ff03c0b4000 JavaThread "Signal Dispatcher" daemon [_thread_blocked, id=17764, stack(0x00007ff02c996000,0x00007ff02ca97000)]
  0x00007ff03c082000 JavaThread "Finalizer" daemon [_thread_blocked, id=17763, stack(0x00007ff02cc2f000,0x00007ff02cd30000)]
  0x00007ff03c07d000 JavaThread "Reference Handler" daemon [_thread_blocked, id=17762, stack(0x00007ff02cd30000,0x00007ff02ce31000)]
  0x00007ff03c011800 JavaThread "main" [_thread_in_native, id=17760, stack(0x00007ff0446d5000,0x00007ff0447d6000)]

Other Threads:
=>0x00007ff03c075800 VMThread [stack: 0x00007ff0400a0000,0x00007ff0401a1000] [id=17761]
  0x00007ff03c0bd800 WatcherThread [stack: 0x00007ff02c592000,0x00007ff02c693000] [id=17768]

VM state:at safepoint (normal execution)

VM Mutex/Monitor currently owned by a thread:  ([mutex/lock_event])
[0x00007ff03c00dc80] Threads_lock - owner thread: 0x00007ff03c075800
[0x00007ff03c00e180] Heap_lock - owner thread: 0x00007ff020044800

Heap:
 def new generation   total 56704K, used 0K [0x00000000c0000000, 0x00000000c3d80000, 0x00000000d5550000)
  eden space 50432K,   0% used [0x00000000c0000000, 0x00000000c0000000, 0x00000000c3140000)
  from space 6272K,   0% used [0x00000000c3760000, 0x00000000c3760000, 0x00000000c3d80000)
  to   space 6272K,   0% used [0x00000000c3140000, 0x00000000c3140000, 0x00000000c3760000)
 tenured generation   total 126008K, used 107885K [0x00000000d5550000, 0x00000000dd05e000, 0x0000000100000000)
   the space 126008K,  85% used [0x00000000d5550000, 0x00000000dbeab4c0, 0x00000000dbeab600, 0x00000000dd05e000)
 Metaspace       used 99802K, capacity 102324K, committed 102488K, reserved 1138688K
  class space    used 12953K, capacity 13399K, committed 13400K, reserved 1048576K

Card table byte_map: [0x00007ff040b6d000,0x00007ff040d6e000] byte_map_base: 0x00007ff04056d000

Polling page: 0x00007ff0447e1000

CodeCache: size=245760Kb used=48912Kb max_used=51002Kb free=196847Kb
 bounds [0x00007ff02d000000, 0x00007ff030210000, 0x00007ff03c000000]
 total_blobs=15030 nmethods=14264 adapters=676
 compilation: enabled

Compilation events (10 events):
Event: 372.409 Thread 0x00007ff03c0b7800 nmethod 19329 0x00007ff02d7f6290 code [0x00007ff02d7f6400, 0x00007ff02d7f66e0]
Event: 372.409 Thread 0x00007ff03c0b7800 19334       3       com.twitter.chill.KryoBase::isSingleton (45 bytes)
Event: 372.410 Thread 0x00007ff03c0b7800 nmethod 19334 0x00007ff02fb30f50 code [0x00007ff02fb31160, 0x00007ff02fb31d08]
Event: 372.410 Thread 0x00007ff03c0b7800 19331       1       org.apache.spark.sql.catalyst.expressions.SortPrefix::child (5 bytes)
Event: 372.410 Thread 0x00007ff03c0b7800 nmethod 19331 0x00007ff02ddfa010 code [0x00007ff02ddfa160, 0x00007ff02ddfa270]
Event: 372.411 Thread 0x00007ff03c0b5800 nmethod 19332 0x00007ff02df17550 code [0x00007ff02df176a0, 0x00007ff02df17798]
Event: 372.411 Thread 0x00007ff03c0b5800 19333  s    4       java.lang.reflect.Field::declaredAnnotations (59 bytes)
Event: 372.414 Thread 0x00007ff03c0b5800 nmethod 19333 0x00007ff02dc59490 code [0x00007ff02dc595e0, 0x00007ff02dc59bc8]
Event: 372.427 Thread 0x00007ff03c0b7800 19336       3       scala.collection.convert.DecorateAsScala$$anonfun$asScalaBufferConverter$1::apply (5 bytes)
Event: 372.427 Thread 0x00007ff03c0b7800 nmethod 19336 0x00007ff02d46df10 code [0x00007ff02d46e0a0, 0x00007ff02d46e3e0]

GC Heap History (10 events):
Event: 371.780 GC heap after
Heap after GC invocations=732 (full 9):
 def new generation   total 56704K, used 926K [0x00000000c0000000, 0x00000000c3d80000, 0x00000000d5550000)
  eden space 50432K,   0% used [0x00000000c0000000, 0x00000000c0000000, 0x00000000c3140000)
  from space 6272K,  14% used [0x00000000c3140000, 0x00000000c3227808, 0x00000000c3760000)
  to   space 6272K,   0% used [0x00000000c3760000, 0x00000000c3760000, 0x00000000c3d80000)
 tenured generation   total 125816K, used 125667K [0x00000000d5550000, 0x00000000dd02e000, 0x0000000100000000)
   the space 125816K,  99% used [0x00000000d5550000, 0x00000000dd008f00, 0x00000000dd009000, 0x00000000dd02e000)
 Metaspace       used 99729K, capacity 102254K, committed 102488K, reserved 1138688K
  class space    used 12952K, capacity 13398K, committed 13400K, reserved 1048576K
}
Event: 371.904 GC heap before
{Heap before GC invocations=732 (full 9):
 def new generation   total 56704K, used 51358K [0x00000000c0000000, 0x00000000c3d80000, 0x00000000d5550000)
  eden space 50432K, 100% used [0x00000000c0000000, 0x00000000c3140000, 0x00000000c3140000)
  from space 6272K,  14% used [0x00000000c3140000, 0x00000000c3227808, 0x00000000c3760000)
  to   space 6272K,   0% used [0x00000000c3760000, 0x00000000c3760000, 0x00000000c3d80000)
 tenured generation   total 125816K, used 125667K [0x00000000d5550000, 0x00000000dd02e000, 0x0000000100000000)
   the space 125816K,  99% used [0x00000000d5550000, 0x00000000dd008f00, 0x00000000dd009000, 0x00000000dd02e000)
 Metaspace       used 99729K, capacity 102254K, committed 102488K, reserved 1138688K
  class space    used 12952K, capacity 13398K, committed 13400K, reserved 1048576K
Event: 371.918 GC heap after
Heap after GC invocations=733 (full 9):
 def new generation   total 56704K, used 923K [0x00000000c0000000, 0x00000000c3d80000, 0x00000000d5550000)
  eden space 50432K,   0% used [0x00000000c0000000, 0x00000000c0000000, 0x00000000c3140000)
  from space 6272K,  14% used [0x00000000c3760000, 0x00000000c3846e80, 0x00000000c3d80000)
  to   space 6272K,   0% used [0x00000000c3140000, 0x00000000c3140000, 0x00000000c3760000)
 tenured generation   total 125816K, used 125667K [0x00000000d5550000, 0x00000000dd02e000, 0x0000000100000000)
   the space 125816K,  99% used [0x00000000d5550000, 0x00000000dd008f00, 0x00000000dd009000, 0x00000000dd02e000)
 Metaspace       used 99729K, capacity 102254K, committed 102488K, reserved 1138688K
  class space    used 12952K, capacity 13398K, committed 13400K, reserved 1048576K
}
Event: 372.228 GC heap before
{Heap before GC invocations=733 (full 9):
 def new generation   total 56704K, used 51355K [0x00000000c0000000, 0x00000000c3d80000, 0x00000000d5550000)
  eden space 50432K, 100% used [0x00000000c0000000, 0x00000000c3140000, 0x00000000c3140000)
  from space 6272K,  14% used [0x00000000c3760000, 0x00000000c3846e80, 0x00000000c3d80000)
  to   space 6272K,   0% used [0x00000000c3140000, 0x00000000c3140000, 0x00000000c3760000)
 tenured generation   total 125816K, used 125667K [0x00000000d5550000, 0x00000000dd02e000, 0x0000000100000000)
   the space 125816K,  99% used [0x00000000d5550000, 0x00000000dd008f00, 0x00000000dd009000, 0x00000000dd02e000)
 Metaspace       used 99799K, capacity 102324K, committed 102488K, reserved 1138688K
  class space    used 12953K, capacity 13399K, committed 13400K, reserved 1048576K
Event: 372.249 GC heap after
Heap after GC invocations=734 (full 9):
 def new generation   total 56704K, used 1681K [0x00000000c0000000, 0x00000000c3d80000, 0x00000000d5550000)
  eden space 50432K,   0% used [0x00000000c0000000, 0x00000000c0000000, 0x00000000c3140000)
  from space 6272K,  26% used [0x00000000c3140000, 0x00000000c32e46a0, 0x00000000c3760000)
  to   space 6272K,   0% used [0x00000000c3760000, 0x00000000c3760000, 0x00000000c3d80000)
 tenured generation   total 125816K, used 125667K [0x00000000d5550000, 0x00000000dd02e000, 0x0000000100000000)
   the space 125816K,  99% used [0x00000000d5550000, 0x00000000dd008f00, 0x00000000dd009000, 0x00000000dd02e000)
 Metaspace       used 99799K, capacity 102324K, committed 102488K, reserved 1138688K
  class space    used 12953K, capacity 13399K, committed 13400K, reserved 1048576K
}
Event: 372.368 GC heap before
{Heap before GC invocations=734 (full 9):
 def new generation   total 56704K, used 52113K [0x00000000c0000000, 0x00000000c3d80000, 0x00000000d5550000)
  eden space 50432K, 100% used [0x00000000c0000000, 0x00000000c3140000, 0x00000000c3140000)
  from space 6272K,  26% used [0x00000000c3140000, 0x00000000c32e46a0, 0x00000000c3760000)
  to   space 6272K,   0% used [0x00000000c3760000, 0x00000000c3760000, 0x00000000c3d80000)
 tenured generation   total 125816K, used 125667K [0x00000000d5550000, 0x00000000dd02e000, 0x0000000100000000)
   the space 125816K,  99% used [0x00000000d5550000, 0x00000000dd008f00, 0x00000000dd009000, 0x00000000dd02e000)
 Metaspace       used 99799K, capacity 102324K, committed 102488K, reserved 1138688K
  class space    used 12953K, capacity 13399K, committed 13400K, reserved 1048576K
Event: 372.384 GC heap after
Heap after GC invocations=735 (full 9):
 def new generation   total 56704K, used 1402K [0x00000000c0000000, 0x00000000c3d80000, 0x00000000d5550000)
  eden space 50432K,   0% used [0x00000000c0000000, 0x00000000c0000000, 0x00000000c3140000)
  from space 6272K,  22% used [0x00000000c3760000, 0x00000000c38bea98, 0x00000000c3d80000)
  to   space 6272K,   0% used [0x00000000c3140000, 0x00000000c3140000, 0x00000000c3760000)
 tenured generation   total 125816K, used 125667K [0x00000000d5550000, 0x00000000dd02e000, 0x0000000100000000)
   the space 125816K,  99% used [0x00000000d5550000, 0x00000000dd008f00, 0x00000000dd009000, 0x00000000dd02e000)
 Metaspace       used 99799K, capacity 102324K, committed 102488K, reserved 1138688K
  class space    used 12953K, capacity 13399K, committed 13400K, reserved 1048576K
}
Event: 372.484 GC heap before
{Heap before GC invocations=735 (full 9):
 def new generation   total 56704K, used 51834K [0x00000000c0000000, 0x00000000c3d80000, 0x00000000d5550000)
  eden space 50432K, 100% used [0x00000000c0000000, 0x00000000c3140000, 0x00000000c3140000)
  from space 6272K,  22% used [0x00000000c3760000, 0x00000000c38bea98, 0x00000000c3d80000)
  to   space 6272K,   0% used [0x00000000c3140000, 0x00000000c3140000, 0x00000000c3760000)
 tenured generation   total 125816K, used 125667K [0x00000000d5550000, 0x00000000dd02e000, 0x0000000100000000)
   the space 125816K,  99% used [0x00000000d5550000, 0x00000000dd008f00, 0x00000000dd009000, 0x00000000dd02e000)
 Metaspace       used 99802K, capacity 102324K, committed 102488K, reserved 1138688K
  class space    used 12953K, capacity 13399K, committed 13400K, reserved 1048576K
Event: 372.497 GC heap after
Heap after GC invocations=736 (full 9):
 def new generation   total 56704K, used 1528K [0x00000000c0000000, 0x00000000c3d80000, 0x00000000d5550000)
  eden space 50432K,   0% used [0x00000000c0000000, 0x00000000c0000000, 0x00000000c3140000)
  from space 6272K,  24% used [0x00000000c3140000, 0x00000000c32be230, 0x00000000c3760000)
  to   space 6272K,   0% used [0x00000000c3760000, 0x00000000c3760000, 0x00000000c3d80000)
 tenured generation   total 125816K, used 125667K [0x00000000d5550000, 0x00000000dd02e000, 0x0000000100000000)
   the space 125816K,  99% used [0x00000000d5550000, 0x00000000dd008f00, 0x00000000dd009000, 0x00000000dd02e000)
 Metaspace       used 99802K, capacity 102324K, committed 102488K, reserved 1138688K
  class space    used 12953K, capacity 13399K, committed 13400K, reserved 1048576K
}
Event: 372.588 GC heap before
{Heap before GC invocations=736 (full 9):
 def new generation   total 56704K, used 51960K [0x00000000c0000000, 0x00000000c3d80000, 0x00000000d5550000)
  eden space 50432K, 100% used [0x00000000c0000000, 0x00000000c3140000, 0x00000000c3140000)
  from space 6272K,  24% used [0x00000000c3140000, 0x00000000c32be230, 0x00000000c3760000)
  to   space 6272K,   0% used [0x00000000c3760000, 0x00000000c3760000, 0x00000000c3d80000)
 tenured generation   total 125816K, used 125667K [0x00000000d5550000, 0x00000000dd02e000, 0x0000000100000000)
   the space 125816K,  99% used [0x00000000d5550000, 0x00000000dd008f00, 0x00000000dd009000, 0x00000000dd02e000)
 Metaspace       used 99802K, capacity 102324K, committed 102488K, reserved 1138688K
  class space    used 12953K, capacity 13399K, committed 13400K, reserved 1048576K

Deoptimization events (10 events):
Event: 367.184 Thread 0x00007ff0102ab800 Uncommon trap: reason=class_check action=maybe_recompile pc=0x00007ff030004008 method=scala.PartialFunction$$anonfun$runWith$1.apply(Ljava/lang/Object;)Z @ 36
Event: 367.310 Thread 0x00007ff0102ab800 Uncommon trap: reason=class_check action=maybe_recompile pc=0x00007ff02fbe1030 method=scala.runtime.BoxesRunTime.typeCode(Ljava/lang/Object;)I @ 20
Event: 367.310 Thread 0x00007ff0102ab800 Uncommon trap: reason=class_check action=maybe_recompile pc=0x00007ff02fbe1030 method=scala.runtime.BoxesRunTime.typeCode(Ljava/lang/Object;)I @ 20
Event: 367.310 Thread 0x00007ff0102ab800 Uncommon trap: reason=class_check action=maybe_recompile pc=0x00007ff02fbe1030 method=scala.runtime.BoxesRunTime.typeCode(Ljava/lang/Object;)I @ 20
Event: 367.310 Thread 0x00007ff0102ab800 Uncommon trap: reason=class_check action=maybe_recompile pc=0x00007ff02fbe1030 method=scala.runtime.BoxesRunTime.typeCode(Ljava/lang/Object;)I @ 20
Event: 367.310 Thread 0x00007ff0102ab800 Uncommon trap: reason=class_check action=maybe_recompile pc=0x00007ff02f92d638 method=scala.runtime.BoxesRunTime.typeCode(Ljava/lang/Object;)I @ 20
Event: 367.373 Thread 0x00007ff01d994000 Uncommon trap: reason=unstable_if action=reinterpret pc=0x00007ff02f310b68 method=java.util.Hashtable.remove(Ljava/lang/Object;)Ljava/lang/Object; @ 30
Event: 367.569 Thread 0x00007ff01d994000 Uncommon trap: reason=null_check action=make_not_entrant pc=0x00007ff02fffc3d8 method=java.io.ObjectStreamClass.getField(Ljava/lang/String;Ljava/lang/Class;)Ljava/io/ObjectStreamField; @ 67
Event: 369.661 Thread 0x00007ff01d994000 Uncommon trap: reason=unstable_if action=reinterpret pc=0x00007ff02f414784 method=org.apache.spark.util.SizeEstimator$.visitSingleObject(Ljava/lang/Object;Lorg/apache/spark/util/SizeEstimator$SearchState;)V @ 57
Event: 369.664 Thread 0x00007ff01d994000 Uncommon trap: reason=bimorphic action=maybe_recompile pc=0x00007ff02f45f238 method=java.io.ObjectOutputStream$BlockDataOutputStream.writeBlockHeader(I)V @ 33

Classes redefined (0 events):
No events

Internal exceptions (10 events):
Event: 369.664 Thread 0x00007ff01d994000 Exception <a 'java/lang/NoSuchMethodError': <clinit>> (0x00000000c03a7ee8) thrown at [/build/openjdk-8-pREaNj/openjdk-8-8u181-b13/src/hotspot/src/share/vm/prims/jni.cpp, line 1613]
Event: 369.665 Thread 0x00007ff01d994000 Exception <a 'java/lang/NoSuchMethodError': <clinit>> (0x00000000c03c91d0) thrown at [/build/openjdk-8-pREaNj/openjdk-8-8u181-b13/src/hotspot/src/share/vm/prims/jni.cpp, line 1613]
Event: 369.796 Thread 0x00007ff0102ab800 Exception <a 'java/lang/NoSuchMethodError': <clinit>> (0x00000000c2d5a968) thrown at [/build/openjdk-8-pREaNj/openjdk-8-8u181-b13/src/hotspot/src/share/vm/prims/jni.cpp, line 1613]
Event: 369.799 Thread 0x00007ff0102ab800 Exception <a 'java/lang/NoSuchMethodError': <clinit>> (0x00000000c2d92238) thrown at [/build/openjdk-8-pREaNj/openjdk-8-8u181-b13/src/hotspot/src/share/vm/prims/jni.cpp, line 1613]
Event: 369.806 Thread 0x00007ff0102ab800 Exception <a 'java/lang/NoSuchMethodError': <clinit>> (0x00000000c2dbc1a8) thrown at [/build/openjdk-8-pREaNj/openjdk-8-8u181-b13/src/hotspot/src/share/vm/prims/jni.cpp, line 1613]
Event: 369.806 Thread 0x00007ff0102ab800 Exception <a 'java/lang/NoSuchMethodError': <clinit>> (0x00000000c2dcd638) thrown at [/build/openjdk-8-pREaNj/openjdk-8-8u181-b13/src/hotspot/src/share/vm/prims/jni.cpp, line 1613]
Event: 369.806 Thread 0x00007ff0102ab800 Exception <a 'java/lang/NoSuchMethodError': <clinit>> (0x00000000c2dd8510) thrown at [/build/openjdk-8-pREaNj/openjdk-8-8u181-b13/src/hotspot/src/share/vm/prims/jni.cpp, line 1613]
Event: 369.810 Thread 0x00007ff0102ab800 Exception <a 'java/lang/NoSuchMethodError': <clinit>> (0x00000000c2dfe430) thrown at [/build/openjdk-8-pREaNj/openjdk-8-8u181-b13/src/hotspot/src/share/vm/prims/jni.cpp, line 1613]
Event: 369.810 Thread 0x00007ff0102ab800 Exception <a 'java/lang/NoSuchMethodError': <clinit>> (0x00000000c2e008b8) thrown at [/build/openjdk-8-pREaNj/openjdk-8-8u181-b13/src/hotspot/src/share/vm/prims/jni.cpp, line 1613]
Event: 369.810 Thread 0x00007ff0102ab800 Exception <a 'java/lang/NoSuchMethodError': <clinit>> (0x00000000c2e03a80) thrown at [/build/openjdk-8-pREaNj/openjdk-8-8u181-b13/src/hotspot/src/share/vm/prims/jni.cpp, line 1613]

Events (10 events):
Event: 372.249 Executing VM operation: GenCollectForAllocation done
Event: 372.363 Executing VM operation: GenCollectForAllocation
Event: 372.384 Executing VM operation: GenCollectForAllocation done
Event: 372.400 Executing VM operation: RevokeBias
Event: 372.403 Executing VM operation: RevokeBias done
Event: 372.403 Executing VM operation: RevokeBias
Event: 372.403 Executing VM operation: RevokeBias done
Event: 372.480 Executing VM operation: GenCollectForAllocation
Event: 372.497 Executing VM operation: GenCollectForAllocation done
Event: 372.588 Executing VM operation: GenCollectForAllocation


Dynamic libraries:
00400000-00401000 r-xp 00000000 ca:01 256949                             /usr/lib/jvm/java-8-openjdk-amd64/jre/bin/java
00600000-00601000 r--p 00000000 ca:01 256949                             /usr/lib/jvm/java-8-openjdk-amd64/jre/bin/java
00601000-00602000 rw-p 00001000 ca:01 256949                             /usr/lib/jvm/java-8-openjdk-amd64/jre/bin/java
023c3000-02405000 rw-p 00000000 00:00 0                                  [heap]
c0000000-c3d80000 rw-p 00000000 00:00 0 
c3d80000-d5550000 ---p 00000000 00:00 0 
d5550000-dd05e000 rw-p 00000000 00:00 0 
e04e9000-100000000 ---p 00000000 00:00 0 
100000000-100d16000 rw-p 00000000 00:00 0 
100d16000-140000000 ---p 00000000 00:00 0 
7feffc000000-7feffd433000 rw-p 00000000 00:00 0 
7feffd433000-7ff000000000 ---p 00000000 00:00 0 
7ff002ec0000-7ff002fc0000 rw-p 00000000 00:00 0 
7ff002fc0000-7ff0030c0000 ---p 00000000 00:00 0 
7ff00338a000-7ff00338d000 ---p 00000000 00:00 0 
7ff00338d000-7ff00348b000 rw-p 00000000 00:00 0 
7ff0036ed000-7ff0036f0000 ---p 00000000 00:00 0 
7ff0036f0000-7ff0037ee000 rw-p 00000000 00:00 0 
7ff0037ee000-7ff0037f1000 ---p 00000000 00:00 0 
7ff0037f1000-7ff003aef000 rw-p 00000000 00:00 0 
7ff003aef000-7ff003af2000 ---p 00000000 00:00 0 
7ff003af2000-7ff003df0000 rw-p 00000000 00:00 0 
7ff003df0000-7ff003ff0000 rw-p 00000000 00:00 0 
7ff003ff0000-7ff0041f0000 rw-p 00000000 00:00 0 
7ff0041f0000-7ff0043f0000 rw-p 00000000 00:00 0 
7ff0043f0000-7ff0045f0000 rw-p 00000000 00:00 0 
7ff0045f0000-7ff0047f0000 rw-p 00000000 00:00 0 
7ff0047f0000-7ff0049f0000 rw-p 00000000 00:00 0 
7ff0049f0000-7ff004bf0000 rw-p 00000000 00:00 0 
7ff004bf0000-7ff004df0000 rw-p 00000000 00:00 0 
7ff004df0000-7ff004df3000 ---p 00000000 00:00 0 
7ff004df3000-7ff0050f1000 rw-p 00000000 00:00 0 
7ff0050f1000-7ff0050f4000 ---p 00000000 00:00 0 
7ff0050f4000-7ff0051f2000 rw-p 00000000 00:00 0 
7ff0051f2000-7ff0051f5000 ---p 00000000 00:00 0 
7ff0051f5000-7ff0052f3000 rw-p 00000000 00:00 0 
7ff0052f3000-7ff0052f6000 ---p 00000000 00:00 0 
7ff0052f6000-7ff0053f4000 rw-p 00000000 00:00 0 
7ff0053f4000-7ff0053f7000 ---p 00000000 00:00 0 
7ff0053f7000-7ff0054f5000 rw-p 00000000 00:00 0 
7ff0054f5000-7ff0054f8000 ---p 00000000 00:00 0 
7ff0054f8000-7ff0057f6000 rw-p 00000000 00:00 0 
7ff0057f6000-7ff0059f6000 rw-p 00000000 00:00 0 
7ff0059f6000-7ff005bf6000 rw-p 00000000 00:00 0 
7ff005bf6000-7ff005bf9000 ---p 00000000 00:00 0 
7ff005bf9000-7ff005ef7000 rw-p 00000000 00:00 0 
7ff005ef7000-7ff005efa000 ---p 00000000 00:00 0 
7ff005efa000-7ff0061f8000 rw-p 00000000 00:00 0 
7ff0061f8000-7ff0063f8000 rw-p 00000000 00:00 0 
7ff0063f8000-7ff0065f8000 rw-p 00000000 00:00 0 
7ff0065f8000-7ff0067f8000 rw-p 00000000 00:00 0 
7ff0067f8000-7ff0069f8000 rw-p 00000000 00:00 0 
7ff0069f8000-7ff006bf8000 rw-p 00000000 00:00 0 
7ff006bf8000-7ff006df8000 rw-p 00000000 00:00 0 
7ff006df8000-7ff006ff8000 rw-p 00000000 00:00 0 
7ff006ff8000-7ff0071f8000 rw-p 00000000 00:00 0 
7ff0071f8000-7ff0073f8000 rw-p 00000000 00:00 0 
7ff0073f8000-7ff0073fb000 ---p 00000000 00:00 0 
7ff0073fb000-7ff0074f9000 rw-p 00000000 00:00 0 
7ff0074f9000-7ff0074fc000 ---p 00000000 00:00 0 
7ff0074fc000-7ff0075fa000 rw-p 00000000 00:00 0 
7ff0075fa000-7ff0075fd000 ---p 00000000 00:00 0 
7ff0075fd000-7ff0076fb000 rw-p 00000000 00:00 0 
7ff0076fb000-7ff0076fe000 ---p 00000000 00:00 0 
7ff0076fe000-7ff0077fc000 rw-p 00000000 00:00 0 
7ff0077fc000-7ff0077ff000 ---p 00000000 00:00 0 
7ff0077ff000-7ff0078fd000 rw-p 00000000 00:00 0 
7ff0078fd000-7ff007900000 ---p 00000000 00:00 0 
7ff007900000-7ff007bfe000 rw-p 00000000 00:00 0 
7ff007bfe000-7ff007c01000 ---p 00000000 00:00 0 
7ff007c01000-7ff007cff000 rw-p 00000000 00:00 0 
7ff007cff000-7ff007d02000 ---p 00000000 00:00 0 
7ff007d02000-7ff008000000 rw-p 00000000 00:00 0 
7ff008000000-7ff00800d000 r-xp 00000000 ca:01 16238                      /tmp/liblz4-java1621774286665489680.so
7ff00800d000-7ff00820c000 ---p 0000d000 ca:01 16238                      /tmp/liblz4-java1621774286665489680.so
7ff00820c000-7ff00820d000 rw-p 0000c000 ca:01 16238                      /tmp/liblz4-java1621774286665489680.so
7ff00820d000-7ff00840d000 rw-p 00000000 00:00 0 
7ff008486000-7ff008686000 rw-p 00000000 00:00 0 
7ff008686000-7ff008689000 ---p 00000000 00:00 0 
7ff008689000-7ff008987000 rw-p 00000000 00:00 0 
7ff008987000-7ff008b87000 rw-p 00000000 00:00 0 
7ff008b87000-7ff008b8a000 ---p 00000000 00:00 0 
7ff008b8a000-7ff008c88000 rw-p 00000000 00:00 0 
7ff008c88000-7ff008c8b000 ---p 00000000 00:00 0 
7ff008c8b000-7ff008d89000 rw-p 00000000 00:00 0 
7ff008d89000-7ff008d8c000 ---p 00000000 00:00 0 
7ff008d8c000-7ff00908a000 rw-p 00000000 00:00 0 
7ff00908a000-7ff00908d000 ---p 00000000 00:00 0 
7ff00908d000-7ff00918b000 rw-p 00000000 00:00 0 
7ff00918b000-7ff00918e000 ---p 00000000 00:00 0 
7ff00918e000-7ff00928c000 rw-p 00000000 00:00 0 
7ff00928c000-7ff00928f000 ---p 00000000 00:00 0 
7ff00928f000-7ff00938d000 rw-p 00000000 00:00 0 
7ff00938d000-7ff009390000 ---p 00000000 00:00 0 
7ff009390000-7ff00948e000 rw-p 00000000 00:00 0 
7ff00948e000-7ff009491000 ---p 00000000 00:00 0 
7ff009491000-7ff00958f000 rw-p 00000000 00:00 0 
7ff00958f000-7ff009592000 ---p 00000000 00:00 0 
7ff009592000-7ff009690000 rw-p 00000000 00:00 0 
7ff009690000-7ff009693000 ---p 00000000 00:00 0 
7ff009693000-7ff009791000 rw-p 00000000 00:00 0 
7ff009791000-7ff009794000 ---p 00000000 00:00 0 
7ff009794000-7ff009892000 rw-p 00000000 00:00 0 
7ff009892000-7ff009895000 ---p 00000000 00:00 0 
7ff009895000-7ff009993000 rw-p 00000000 00:00 0 
7ff009993000-7ff009996000 ---p 00000000 00:00 0 
7ff009996000-7ff009a94000 rw-p 00000000 00:00 0 
7ff009a94000-7ff009a97000 ---p 00000000 00:00 0 
7ff009a97000-7ff009b95000 rw-p 00000000 00:00 0 
7ff009b95000-7ff009b98000 ---p 00000000 00:00 0 
7ff009b98000-7ff009c96000 rw-p 00000000 00:00 0 
7ff009c96000-7ff009c99000 ---p 00000000 00:00 0 
7ff009c99000-7ff009d97000 rw-p 00000000 00:00 0 
7ff009d97000-7ff009d9a000 ---p 00000000 00:00 0 
7ff009d9a000-7ff00a098000 rw-p 00000000 00:00 0 
7ff00a098000-7ff00a09b000 ---p 00000000 00:00 0 
7ff00a09b000-7ff00a399000 rw-p 00000000 00:00 0 
7ff00a399000-7ff00a39c000 ---p 00000000 00:00 0 
7ff00a39c000-7ff00a49a000 rw-p 00000000 00:00 0 
7ff00a49a000-7ff00a49d000 ---p 00000000 00:00 0 
7ff00a49d000-7ff00a59b000 rw-p 00000000 00:00 0 
7ff00a59b000-7ff00a59e000 ---p 00000000 00:00 0 
7ff00a59e000-7ff00a69c000 rw-p 00000000 00:00 0 
7ff00a69c000-7ff00a69f000 ---p 00000000 00:00 0 
7ff00a69f000-7ff00a79d000 rw-p 00000000 00:00 0 
7ff00a79d000-7ff00a7a0000 ---p 00000000 00:00 0 
7ff00a7a0000-7ff00a89e000 rw-p 00000000 00:00 0 
7ff00a89e000-7ff00a8a1000 ---p 00000000 00:00 0 
7ff00a8a1000-7ff00a99f000 rw-p 00000000 00:00 0 
7ff00a99f000-7ff00a9a2000 ---p 00000000 00:00 0 
7ff00a9a2000-7ff00aaa0000 rw-p 00000000 00:00 0 
7ff00aaa0000-7ff00aaa3000 ---p 00000000 00:00 0 
7ff00aaa3000-7ff00aba1000 rw-p 00000000 00:00 0 
7ff00aba1000-7ff00aba4000 ---p 00000000 00:00 0 
7ff00aba4000-7ff00aca2000 rw-p 00000000 00:00 0 
7ff00aca2000-7ff00acb3000 r-xp 00000000 ca:01 256909                     /usr/lib/jvm/java-8-openjdk-amd64/jre/lib/amd64/libnio.so
7ff00acb3000-7ff00aeb3000 ---p 00011000 ca:01 256909                     /usr/lib/jvm/java-8-openjdk-amd64/jre/lib/amd64/libnio.so
7ff00aeb3000-7ff00aeb4000 r--p 00011000 ca:01 256909                     /usr/lib/jvm/java-8-openjdk-amd64/jre/lib/amd64/libnio.so
7ff00aeb4000-7ff00aeb5000 rw-p 00012000 ca:01 256909                     /usr/lib/jvm/java-8-openjdk-amd64/jre/lib/amd64/libnio.so
7ff00aeb5000-7ff00b0b5000 rw-p 00000000 00:00 0 
7ff00b0b5000-7ff00b0c8000 r--s 00346000 ca:01 256864                     /usr/lib/jvm/java-8-openjdk-amd64/jre/lib/resources.jar
7ff00b0c8000-7ff00b0cb000 ---p 00000000 00:00 0 
7ff00b0cb000-7ff00b3c9000 rw-p 00000000 00:00 0 
7ff00b3c9000-7ff00b3e0000 r-xp 00000000 ca:01 1984                       /lib/x86_64-linux-gnu/libresolv-2.23.so
7ff00b3e0000-7ff00b5e0000 ---p 00017000 ca:01 1984                       /lib/x86_64-linux-gnu/libresolv-2.23.so
7ff00b5e0000-7ff00b5e1000 r--p 00017000 ca:01 1984                       /lib/x86_64-linux-gnu/libresolv-2.23.so
7ff00b5e1000-7ff00b5e2000 rw-p 00018000 ca:01 1984                       /lib/x86_64-linux-gnu/libresolv-2.23.so
7ff00b5e2000-7ff00b5e4000 rw-p 00000000 00:00 0 
7ff00b5e4000-7ff00b5e9000 r-xp 00000000 ca:01 1990                       /lib/x86_64-linux-gnu/libnss_dns-2.23.so
7ff00b5e9000-7ff00b7e9000 ---p 00005000 ca:01 1990                       /lib/x86_64-linux-gnu/libnss_dns-2.23.so
7ff00b7e9000-7ff00b7ea000 r--p 00005000 ca:01 1990                       /lib/x86_64-linux-gnu/libnss_dns-2.23.so
7ff00b7ea000-7ff00b7eb000 rw-p 00006000 ca:01 1990                       /lib/x86_64-linux-gnu/libnss_dns-2.23.so
7ff00b7ec000-7ff00b7ee000 r--s 00016000 ca:01 256882                     /usr/lib/jvm/java-8-openjdk-amd64/jre/lib/jce.jar
7ff00b7ee000-7ff00b7f3000 r--s 0009d000 ca:01 256862                     /usr/lib/jvm/java-8-openjdk-amd64/jre/lib/jsse.jar
7ff00b7f3000-7ff00b7f4000 r-xp 00000000 ca:01 256908                     /usr/lib/jvm/java-8-openjdk-amd64/jre/lib/amd64/libjaas_unix.so
7ff00b7f4000-7ff00b9f3000 ---p 00001000 ca:01 256908                     /usr/lib/jvm/java-8-openjdk-amd64/jre/lib/amd64/libjaas_unix.so
7ff00b9f3000-7ff00b9f4000 r--p 00000000 ca:01 256908                     /usr/lib/jvm/java-8-openjdk-amd64/jre/lib/amd64/libjaas_unix.so
7ff00b9f4000-7ff00b9f5000 rw-p 00001000 ca:01 256908                     /usr/lib/jvm/java-8-openjdk-amd64/jre/lib/amd64/libjaas_unix.so
7ff00b9f5000-7ff00b9f8000 ---p 00000000 00:00 0 
7ff00b9f8000-7ff00baf6000 rw-p 00000000 00:00 0 
7ff00baf6000-7ff00baf9000 ---p 00000000 00:00 0 
7ff00baf9000-7ff00bd2f000 rw-p 00000000 00:00 0 
7ff00bd2f000-7ff00bf2f000 rw-p 00000000 00:00 0 
7ff00bf2f000-7ff00bf38000 r-xp 00000000 ca:01 256894                     /usr/lib/jvm/java-8-openjdk-amd64/jre/lib/amd64/libmanagement.so
7ff00bf38000-7ff00c137000 ---p 00009000 ca:01 256894                     /usr/lib/jvm/java-8-openjdk-amd64/jre/lib/amd64/libmanagement.so
7ff00c137000-7ff00c138000 r--p 00008000 ca:01 256894                     /usr/lib/jvm/java-8-openjdk-amd64/jre/lib/amd64/libmanagement.so
7ff00c138000-7ff00c139000 rw-p 00009000 ca:01 256894                     /usr/lib/jvm/java-8-openjdk-amd64/jre/lib/amd64/libmanagement.so
7ff00c139000-7ff00c13c000 ---p 00000000 00:00 0 
7ff00c13c000-7ff00c23a000 rw-p 00000000 00:00 0 
7ff00c23a000-7ff00c23d000 ---p 00000000 00:00 0 
7ff00c23d000-7ff00c33b000 rw-p 00000000 00:00 0 
7ff00c33b000-7ff00c33e000 ---p 00000000 00:00 0 
7ff00c33e000-7ff00c63c000 rw-p 00000000 00:00 0 
7ff00c63c000-7ff00f63d000 rw-p 00000000 00:00 0 
7ff00f63d000-7ff00f654000 r-xp 00000000 ca:01 256888                     /usr/lib/jvm/java-8-openjdk-amd64/jre/lib/amd64/libnet.so
7ff00f654000-7ff00f853000 ---p 00017000 ca:01 256888                     /usr/lib/jvm/java-8-openjdk-amd64/jre/lib/amd64/libnet.so
7ff00f853000-7ff00f854000 r--p 00016000 ca:01 256888                     /usr/lib/jvm/java-8-openjdk-amd64/jre/lib/amd64/libnet.so
7ff00f854000-7ff00f855000 rw-p 00017000 ca:01 256888                     /usr/lib/jvm/java-8-openjdk-amd64/jre/lib/amd64/libnet.so
7ff00f855000-7ff00f858000 r--s 00015000 ca:01 261533                     /home/ubuntu/spark-2.1.1-bin-hadoop2.7/jars/javax.servlet-api-3.1.0.jar
7ff00f858000-7ff00f884000 r--s 001c9000 ca:01 261798                     /home/ubuntu/spark-2.1.1-bin-hadoop2.7/jars/shapeless_2.11-2.0.0.jar
7ff00f884000-7ff00f88f000 r--s 000b0000 ca:01 261731                     /home/ubuntu/spark-2.1.1-bin-hadoop2.7/jars/jtransforms-2.4.0.jar
7ff00f88f000-7ff00f895000 r--s 00043000 ca:01 261858                     /home/ubuntu/spark-2.1.1-bin-hadoop2.7/jars/commons-configuration-1.6.jar
7ff00f895000-7ff00f899000 r--s 00019000 ca:01 261784                     /home/ubuntu/spark-2.1.1-bin-hadoop2.7/jars/javax.ws.rs-api-2.0.1.jar
7ff00f899000-7ff00f89b000 r--s 00009000 ca:01 261839                     /home/ubuntu/spark-2.1.1-bin-hadoop2.7/jars/commons-cli-1.2.jar
7ff00f89b000-7ff00f8a5000 r--s 00095000 ca:01 261728                     /home/ubuntu/spark-2.1.1-bin-hadoop2.7/jars/scala-xml_2.11-1.0.2.jar
7ff00f8a5000-7ff00f8aa000 r--s 00031000 ca:01 261744                     /home/ubuntu/spark-2.1.1-bin-hadoop2.7/jars/parquet-hadoop-1.8.1.jar
7ff00f8aa000-7ff00f8ae000 r--s 00020000 ca:01 261720                     /home/ubuntu/spark-2.1.1-bin-hadoop2.7/jars/commons-digester-1.8.jar
7ff00f8ae000-7ff00f8b0000 r--s 00027000 ca:01 261790                     /home/ubuntu/spark-2.1.1-bin-hadoop2.7/jars/core-1.1.2.jar
7ff00f8b0000-7ff00f8c7000 r--s 00183000 ca:01 261753                     /home/ubuntu/spark-2.1.1-bin-hadoop2.7/jars/hadoop-yarn-common-2.7.3.jar
7ff00f8c7000-7ff00f8c8000 r--s 00004000 ca:01 261711                     /home/ubuntu/spark-2.1.1-bin-hadoop2.7/jars/eigenbase-properties-1.1.5.jar
7ff00f8c8000-7ff00f8ce000 r--s 00044000 ca:01 261763                     /home/ubuntu/spark-2.1.1-bin-hadoop2.7/jars/antlr4-runtime-4.5.3.jar
7ff00f8ce000-7ff00f8d0000 r--s 0000b000 ca:01 261840                     /home/ubuntu/spark-2.1.1-bin-hadoop2.7/jars/chill-java-0.8.0.jar
7ff00f8d0000-7ff00f8da000 r--s 00086000 ca:01 261718                     /home/ubuntu/spark-2.1.1-bin-hadoop2.7/jars/json4s-core_2.11-3.2.11.jar
7ff00f8da000-7ff00f8dc000 r--s 0000f000 ca:01 261566                     /home/ubuntu/spark-2.1.1-bin-hadoop2.7/jars/activation-1.1.1.jar
7ff00f8dc000-7ff00f8e0000 r--s 00031000 ca:01 261583                     /home/ubuntu/spark-2.1.1-bin-hadoop2.7/jars/jline-2.12.1.jar
7ff00f8e0000-7ff00f8e6000 r--s 00028000 ca:01 261745                     /home/ubuntu/spark-2.1.1-bin-hadoop2.7/jars/curator-framework-2.6.0.jar
7ff00f8e6000-7ff00f8f3000 r--s 000b1000 ca:01 261545                     /home/ubuntu/spark-2.1.1-bin-hadoop2.7/jars/hadoop-mapreduce-client-common-2.7.3.jar
7ff00f8f3000-7ff00f8f5000 r--s 00009000 ca:01 261758                     /home/ubuntu/spark-2.1.1-bin-hadoop2.7/jars/jackson-module-paranamer-2.6.5.jar
7ff00f8f5000-7ff00f8f6000 r--s 00009000 ca:01 261845                     /home/ubuntu/spark-2.1.1-bin-hadoop2.7/jars/slf4j-api-1.7.16.jar
7ff00f8f6000-7ff00f8f7000 r--s 00004000 ca:01 261710                     /home/ubuntu/spark-2.1.1-bin-hadoop2.7/jars/jackson-jaxrs-1.9.13.jar
7ff00f8f7000-7ff00f8f9000 r--s 00012000 ca:01 261803                     /home/ubuntu/spark-2.1.1-bin-hadoop2.7/jars/api-util-1.0.0-M20.jar
7ff00f8f9000-7ff00f901000 r--s 00066000 ca:01 261732                     /home/ubuntu/spark-2.1.1-bin-hadoop2.7/jars/apache-log4j-extras-1.2.17.jar
7ff00f901000-7ff00f903000 r--s 00004000 ca:01 261587                     /home/ubuntu/spark-2.1.1-bin-hadoop2.7/jars/stax-api-1.0-2.jar
7ff00f903000-7ff00f911000 r--s 00078000 ca:01 261756                     /home/ubuntu/spark-2.1.1-bin-hadoop2.7/jars/spark-mesos_2.11-2.1.1.jar
7ff00f911000-7ff00f93f000 r--s 00212000 ca:01 261712                     /home/ubuntu/spark-2.1.1-bin-hadoop2.7/jars/spark-network-common_2.11-2.1.1.jar
7ff00f93f000-7ff00f947000 r--s 0006e000 ca:01 261765                     /home/ubuntu/spark-2.1.1-bin-hadoop2.7/jars/commons-lang3-3.5.jar
7ff00f947000-7ff00f948000 r--s 00009000 ca:01 261830                     /home/ubuntu/spark-2.1.1-bin-hadoop2.7/jars/hive-cli-1.2.1.spark2.jar
7ff00f948000-7ff00f95e000 r--s 001a4000 ca:01 261613                     /home/ubuntu/spark-2.1.1-bin-hadoop2.7/jars/datanucleus-rdbms-3.2.9.jar
7ff00f95e000-7ff00f96f000 r--s 0010d000 ca:01 261714                     /home/ubuntu/spark-2.1.1-bin-hadoop2.7/jars/jackson-databind-2.6.5.jar
7ff00f96f000-7ff00f971000 r--s 0000a000 ca:01 261612                     /home/ubuntu/spark-2.1.1-bin-hadoop2.7/jars/spark-unsafe_2.11-2.1.1.jar
7ff00f971000-7ff00f995000 r--s 001cd000 ca:01 261855                     /home/ubuntu/spark-2.1.1-bin-hadoop2.7/jars/commons-math3-3.4.1.jar
7ff00f995000-7ff00f999000 r--s 0002a000 ca:01 261747                     /home/ubuntu/spark-2.1.1-bin-hadoop2.7/jars/commons-io-2.4.jar
7ff00f999000-7ff00f9a1000 r--s 00059000 ca:01 261611                     /home/ubuntu/spark-2.1.1-bin-hadoop2.7/jars/javolution-5.5.1.jar
7ff00f9a1000-7ff00f9a2000 r--s 00003000 ca:01 261568                     /home/ubuntu/spark-2.1.1-bin-hadoop2.7/jars/jta-1.1.jar
7ff00f9a2000-7ff00f9a5000 r--s 00009000 ca:01 261751                     /home/ubuntu/spark-2.1.1-bin-hadoop2.7/jars/jackson-annotations-2.6.5.jar
7ff00f9a5000-7ff00fa19000 r--s 00574000 ca:01 261739                     /home/ubuntu/spark-2.1.1-bin-hadoop2.7/jars/spark-mllib_2.11-2.1.1.jar
7ff00fa19000-7ff00fa34000 r--s 001d8000 ca:01 261572                     /home/ubuntu/spark-2.1.1-bin-hadoop2.7/jars/jets3t-0.9.3.jar
7ff00fa34000-7ff00fabf000 r--s 0069e000 ca:01 261713                     /home/ubuntu/spark-2.1.1-bin-hadoop2.7/jars/spark-catalyst_2.11-2.1.1.jar
7ff00fabf000-7ff00fac4000 r--s 0002a000 ca:01 261576                     /home/ubuntu/spark-2.1.1-bin-hadoop2.7/jars/commons-beanutils-1.7.0.jar
7ff00fac4000-7ff00fac6000 r--s 00006000 ca:01 261588                     /home/ubuntu/spark-2.1.1-bin-hadoop2.7/jars/paranamer-2.3.jar
7ff00fac6000-7ff00faca000 r--s 0002c000 ca:01 261748                     /home/ubuntu/spark-2.1.1-bin-hadoop2.7/jars/avro-ipc-1.7.7.jar
7ff00faca000-7ff00facb000 r--s 00003000 ca:01 261594                     /home/ubuntu/spark-2.1.1-bin-hadoop2.7/jars/xmlenc-0.52.jar
7ff00facb000-7ff00fae8000 r--s 001d5000 ca:01 261860                     /home/ubuntu/spark-2.1.1-bin-hadoop2.7/jars/hadoop-yarn-api-2.7.3.jar
7ff00fae8000-7ff00fae9000 r--s 00004000 ca:01 261716                     /home/ubuntu/spark-2.1.1-bin-hadoop2.7/jars/opencsv-2.3.jar
7ff00fae9000-7ff00faed000 r--s 00014000 ca:01 261856                     /home/ubuntu/spark-2.1.1-bin-hadoop2.7/jars/xz-1.0.jar
7ff00faed000-7ff00faf0000 r--s 000fd000 ca:01 261604                     /home/ubuntu/spark-2.1.1-bin-hadoop2.7/jars/leveldbjni-all-1.8.jar
7ff00faf0000-7ff00faf6000 r--s 00063000 ca:01 261849                     /home/ubuntu/spark-2.1.1-bin-hadoop2.7/jars/jodd-core-3.5.2.jar
7ff00faf6000-7ff00fafa000 r--s 00030000 ca:01 261532                     /home/ubuntu/spark-2.1.1-bin-hadoop2.7/jars/commons-net-2.2.jar
7ff00fafa000-7ff00fafe000 r--s 00028000 ca:01 261608                     /home/ubuntu/spark-2.1.1-bin-hadoop2.7/jars/spark-mllib-local_2.11-2.1.1.jar
7ff00fafe000-7ff00fb05000 r--s 0007d000 ca:01 261722                     /home/ubuntu/spark-2.1.1-bin-hadoop2.7/jars/jetty-6.1.26.jar
7ff00fb05000-7ff00fb08000 r--s 0002f000 ca:01 261546                     /home/ubuntu/spark-2.1.1-bin-hadoop2.7/jars/RoaringBitmap-0.5.11.jar
7ff00fb08000-7ff00fb09000 r--s 00004000 ca:01 261866                     /home/ubuntu/spark-2.1.1-bin-hadoop2.7/jars/osgi-resource-locator-1.0.1.jar
7ff00fb09000-7ff00fb2a000 r--s 0019b000 ca:01 261796                     /home/ubuntu/spark-2.1.1-bin-hadoop2.7/jars/spark-hive-thriftserver_2.11-2.1.1.jar
7ff00fb2a000-7ff00fb2f000 r--s 00041000 ca:01 261740                     /home/ubuntu/spark-2.1.1-bin-hadoop2.7/jars/commons-lang-2.6.jar
7ff00fb2f000-7ff00fb31000 r--s 00020000 ca:01 261749                     /home/ubuntu/spark-2.1.1-bin-hadoop2.7/jars/hive-beeline-1.2.1.spark2.jar
7ff00fb31000-7ff00fb38000 r--s 00049000 ca:01 261736                     /home/ubuntu/spark-2.1.1-bin-hadoop2.7/jars/httpcore-4.4.4.jar
7ff00fb38000-7ff00fb3a000 r--s 00014000 ca:01 261717                     /home/ubuntu/spark-2.1.1-bin-hadoop2.7/jars/spire-macros_2.11-0.7.4.jar
7ff00fb3a000-7ff00fb3b000 r--s 00001000 ca:01 261621                     /home/ubuntu/spark-2.1.1-bin-hadoop2.7/jars/pmml-schema-1.2.15.jar
7ff00fb3b000-7ff00fb3f000 r--s 00028000 ca:01 261573                     /home/ubuntu/spark-2.1.1-bin-hadoop2.7/jars/jetty-util-6.1.26.jar
7ff00fb3f000-7ff00fb42000 r--s 00006000 ca:01 261721                     /home/ubuntu/spark-2.1.1-bin-hadoop2.7/jars/jsr305-1.3.9.jar
7ff00fb42000-7ff00fb49000 r--s 0005d000 ca:01 261793                     /home/ubuntu/spark-2.1.1-bin-hadoop2.7/jars/mx4j-3.0.2.jar
7ff00fb49000-7ff00fb4b000 r--s 0000e000 ca:01 261821                     /home/ubuntu/spark-2.1.1-bin-hadoop2.7/jars/guice-servlet-3.0.jar
7ff00fb4b000-7ff00fb53000 r--s 0007b000 ca:01 261737                     /home/ubuntu/spark-2.1.1-bin-hadoop2.7/jars/protobuf-java-2.5.0.jar
7ff00fb53000-7ff00fb5c000 r--s 00062000 ca:01 261580                     /home/ubuntu/spark-2.1.1-bin-hadoop2.7/jars/avro-1.7.7.jar
7ff00fb5c000-7ff00fb5e000 r--s 00003000 ca:01 261733                     /home/ubuntu/spark-2.1.1-bin-hadoop2.7/jars/jcl-over-slf4j-1.7.16.jar
7ff00fb5e000-7ff00fc2e000 r--s 00cf0000 ca:01 261540                     /home/ubuntu/spark-2.1.1-bin-hadoop2.7/jars/breeze_2.11-0.12.jar
7ff00fc2e000-7ff00fc2f000 r--s 00002000 ca:01 261619                     /home/ubuntu/spark-2.1.1-bin-hadoop2.7/jars/slf4j-log4j12-1.7.16.jar
7ff00fc2f000-7ff00fc31000 r--s 00006000 ca:01 261578                     /home/ubuntu/spark-2.1.1-bin-hadoop2.7/jars/spark-sketch_2.11-2.1.1.jar
7ff00fc31000-7ff00fc36000 r--s 00068000 ca:01 261791                     /home/ubuntu/spark-2.1.1-bin-hadoop2.7/jars/antlr-2.7.7.jar
7ff00fc36000-7ff00fc38000 r--s 00000000 ca:01 261759                     /home/ubuntu/spark-2.1.1-bin-hadoop2.7/jars/aopalliance-1.0.jar
7ff00fc38000-7ff00fc3a000 r--s 00012000 ca:01 261730                     /home/ubuntu/spark-2.1.1-bin-hadoop2.7/jars/compress-lzf-1.0.3.jar
7ff00fc3a000-7ff00fc47000 r--s 0009e000 ca:01 261822                     /home/ubuntu/spark-2.1.1-bin-hadoop2.7/jars/spark-graphx_2.11-2.1.1.jar
7ff00fc47000-7ff00fc4c000 r--s 00028000 ca:01 261841                     /home/ubuntu/spark-2.1.1-bin-hadoop2.7/jars/avro-mapred-1.7.7-hadoop2.jar
7ff00fc4c000-7ff00fc62000 r--s 00124000 ca:01 261833                     /home/ubuntu/spark-2.1.1-bin-hadoop2.7/jars/ivy-2.4.0.jar
7ff00fc62000-7ff00fc6a000 r--s 00078000 ca:01 261805                     /home/ubuntu/spark-2.1.1-bin-hadoop2.7/jars/mail-1.4.7.jar
7ff00fc6a000-7ff00fc6f000 r--s 0004e000 ca:01 261582                     /home/ubuntu/spark-2.1.1-bin-hadoop2.7/jars/datanucleus-api-jdo-3.2.6.jar
7ff00fc6f000-7ff00fd47000 r--s 00a88000 ca:01 261543                     /home/ubuntu/spark-2.1.1-bin-hadoop2.7/jars/spark-core_2.11-2.1.1.jar
7ff00fd47000-7ff00fd5f000 r--s 001b6000 ca:01 261569                     /home/ubuntu/spark-2.1.1-bin-hadoop2.7/jars/datanucleus-core-3.2.10.jar
7ff00fd5f000-7ff00fd73000 r--s 000ec000 ca:01 261539                     /home/ubuntu/spark-2.1.1-bin-hadoop2.7/jars/parquet-jackson-1.8.1.jar
7ff00fd73000-7ff00fd75000 r--s 0000e000 ca:01 261785                     /home/ubuntu/spark-2.1.1-bin-hadoop2.7/jars/hadoop-mapreduce-client-jobclient-2.7.3.jar
7ff00fd75000-7ff00fd77000 r--s 0000e000 ca:01 261536                     /home/ubuntu/spark-2.1.1-bin-hadoop2.7/jars/oro-2.0.8.jar
7ff00fd77000-7ff00fd79000 r--s 00003000 ca:01 261826                     /home/ubuntu/spark-2.1.1-bin-hadoop2.7/jars/JavaEWAH-0.3.2.jar
7ff00fd79000-7ff00fd7b000 r--s 0000f000 ca:01 261757                     /home/ubuntu/spark-2.1.1-bin-hadoop2.7/jars/spark-launcher_2.11-2.1.1.jar
7ff00fd7b000-7ff00fd9d000 r--s 00335000 ca:01 261750                     /home/ubuntu/spark-2.1.1-bin-hadoop2.7/jars/mesos-1.0.0-shaded-protobuf.jar
7ff00fd9d000-7ff00fd9e000 r--s 00001000 ca:01 261610                     /home/ubuntu/spark-2.1.1-bin-hadoop2.7/jars/minlog-1.3.0.jar
7ff00fd9e000-7ff00fda1000 r--s 0001a000 ca:01 261834                     /home/ubuntu/spark-2.1.1-bin-hadoop2.7/jars/py4j-0.10.4.jar
7ff00fda1000-7ff00fda2000 r--s 00009000 ca:01 261601                     /home/ubuntu/spark-2.1.1-bin-hadoop2.7/jars/json4s-jackson_2.11-3.2.11.jar
7ff00fda2000-7ff00fda4000 r--s 0000d000 ca:01 261725                     /home/ubuntu/spark-2.1.1-bin-hadoop2.7/jars/hadoop-yarn-server-web-proxy-2.7.3.jar
7ff00fda4000-7ff00fe07000 r--s 004de000 ca:01 261719                     /home/ubuntu/spark-2.1.1-bin-hadoop2.7/jars/hive-metastore-1.2.1.spark2.jar
7ff00fe07000-7ff00fe0e000 r--s 00039000 ca:01 261727                     /home/ubuntu/spark-2.1.1-bin-hadoop2.7/jars/calcite-avatica-1.2.0-incubating.jar
7ff00fe0e000-7ff00fe15000 r--s 0003f000 ca:01 261603                     /home/ubuntu/spark-2.1.1-bin-hadoop2.7/jars/commons-codec-1.10.jar
7ff00fe15000-7ff00fe17000 r--s 00100000 ca:01 261842                     /home/ubuntu/spark-2.1.1-bin-hadoop2.7/jars/snappy-java-1.1.2.6.jar
7ff00fe17000-7ff00fe1b000 r--s 00029000 ca:01 261591                     /home/ubuntu/spark-2.1.1-bin-hadoop2.7/jars/hk2-locator-2.4.0-b34.jar
7ff00fe1b000-7ff00fe1e000 r--s 0000d000 ca:01 261742                     /home/ubuntu/spark-2.1.1-bin-hadoop2.7/jars/spark-network-shuffle_2.11-2.1.1.jar
7ff00fe1e000-7ff00fe1f000 r--s 00006000 ca:01 261788                     /home/ubuntu/spark-2.1.1-bin-hadoop2.7/jars/jackson-xc-1.9.13.jar
7ff00fe1f000-7ff00fe35000 r--s 000d1000 ca:01 261585                     /home/ubuntu/spark-2.1.1-bin-hadoop2.7/jars/parquet-column-1.8.1.jar
7ff00fe35000-7ff00fe5a000 rw-p 00000000 00:00 0 
7ff00fe5a000-7ff00ff66000 r--s 00dba000 ca:01 261859                     /home/ubuntu/spark-2.1.1-bin-hadoop2.7/jars/scala-compiler-2.11.8.jar
7ff00ff66000-7ff00ff67000 r--s 00002000 ca:01 261764                     /home/ubuntu/spark-2.1.1-bin-hadoop2.7/jars/jpam-1.1.jar
7ff00ff67000-7ff00ff76000 r--s 0009f000 ca:01 261734                     /home/ubuntu/spark-2.1.1-bin-hadoop2.7/jars/guice-3.0.jar
7ff00ff76000-7ff00ff8f000 r--s 00150000 ca:01 261626                     /home/ubuntu/spark-2.1.1-bin-hadoop2.7/jars/htrace-core-3.1.0-incubating.jar
7ff00ff8f000-7ff00ffa5000 r--s 000d3000 ca:01 261625                     /home/ubuntu/spark-2.1.1-bin-hadoop2.7/jars/jersey-server-2.22.2.jar
7ff00ffa5000-7ff00ffa7000 r--s 00008000 ca:01 261581                     /home/ubuntu/spark-2.1.1-bin-hadoop2.7/jars/parquet-common-1.8.1.jar
7ff00ffa7000-7ff00ffa9000 r--s 00002000 ca:01 261606                     /home/ubuntu/spark-2.1.1-bin-hadoop2.7/jars/aopalliance-repackaged-2.4.0-b34.jar
7ff00ffa9000-7ff00ffad000 r--s 0003c000 ca:01 261854                     /home/ubuntu/spark-2.1.1-bin-hadoop2.7/jars/jackson-core-2.6.5.jar
7ff00ffad000-7ff00ffb8000 r--s 00062000 ca:01 261729                     /home/ubuntu/spark-2.1.1-bin-hadoop2.7/jars/calcite-linq4j-1.2.0-incubating.jar
7ff00ffb8000-7ff00ffee000 r--s 0031c000 ca:01 261565                     /home/ubuntu/spark-2.1.1-bin-hadoop2.7/jars/hadoop-common-2.7.3.jar
7ff00ffee000-7ff00fffa000 r--s 000b6000 ca:01 261831                     /home/ubuntu/spark-2.1.1-bin-hadoop2.7/jars/zookeeper-3.4.6.jar
7ff00fffa000-7ff010000000 r--s 00040000 ca:01 261709                     /home/ubuntu/spark-2.1.1-bin-hadoop2.7/jars/parquet-encoding-1.8.1.jar
7ff010000000-7ff012ac5000 rw-p 00000000 00:00 0 
7ff012ac5000-7ff014000000 ---p 00000000 00:00 0 
7ff014000000-7ff01444c000 rw-p 00000000 00:00 0 
7ff01444c000-7ff018000000 ---p 00000000 00:00 0 
7ff018000000-7ff018029000 rw-p 00000000 00:00 0 
7ff018029000-7ff01c000000 ---p 00000000 00:00 0 
7ff01c000000-7ff020000000 rw-p 00000000 00:00 0 
7ff020000000-7ff02008e000 rw-p 00000000 00:00 0 
7ff02008e000-7ff024000000 ---p 00000000 00:00 0 
7ff024000000-7ff02412c000 rw-p 00000000 00:00 0 
7ff02412c000-7ff028000000 ---p 00000000 00:00 0 
7ff028000000-7ff028318000 rw-p 00000000 00:00 0 
7ff028318000-7ff02c000000 ---p 00000000 00:00 0 
7ff02c000000-7ff02c004000 r--s 0001a000 ca:01 261579                     /home/ubuntu/spark-2.1.1-bin-hadoop2.7/jars/hk2-utils-2.4.0-b34.jar
7ff02c004000-7ff02c009000 r--s 00036000 ca:01 261574                     /home/ubuntu/spark-2.1.1-bin-hadoop2.7/jars/commons-compress-1.4.1.jar
7ff02c009000-7ff02c036000 r--s 001d4000 ca:01 261863                     /home/ubuntu/spark-2.1.1-bin-hadoop2.7/jars/spark-streaming_2.11-2.1.1.jar
7ff02c036000-7ff02c039000 r--s 00022000 ca:01 261806                     /home/ubuntu/spark-2.1.1-bin-hadoop2.7/jars/stringtemplate-3.2.1.jar
7ff02c039000-7ff02c040000 r--s 00036000 ca:01 261624                     /home/ubuntu/spark-2.1.1-bin-hadoop2.7/jars/curator-recipes-2.6.0.jar
7ff02c040000-7ff02c044000 r--s 00029000 ca:01 261548                     /home/ubuntu/spark-2.1.1-bin-hadoop2.7/jars/breeze-macros_2.11-0.12.jar
7ff02c044000-7ff02c048000 r--s 00036000 ca:01 261851                     /home/ubuntu/spark-2.1.1-bin-hadoop2.7/jars/ST4-4.0.4.jar
7ff02c048000-7ff02c04c000 r--s 00018000 ca:01 261584                     /home/ubuntu/spark-2.1.1-bin-hadoop2.7/jars/metrics-core-3.1.2.jar
7ff02c04c000-7ff02c05a000 r--s 000b1000 ca:01 261754                     /home/ubuntu/spark-2.1.1-bin-hadoop2.7/jars/jackson-mapper-asl-1.9.13.jar
7ff02c05a000-7ff02c06a000 r--s 000a0000 ca:01 261599                     /home/ubuntu/spark-2.1.1-bin-hadoop2.7/jars/spark-yarn_2.11-2.1.1.jar
7ff02c06a000-7ff02c06b000 r--s 00003000 ca:01 261590                     /home/ubuntu/spark-2.1.1-bin-hadoop2.7/jars/spark-tags_2.11-2.1.1.jar
7ff02c06b000-7ff02c07d000 r--s 00097000 ca:01 261804                     /home/ubuntu/spark-2.1.1-bin-hadoop2.7/jars/apacheds-kerberos-codec-2.0.0-M15.jar
7ff02c07d000-7ff02c080000 r--s 00017000 ca:01 261800                     /home/ubuntu/spark-2.1.1-bin-hadoop2.7/jars/jaxb-api-2.2.2.jar
7ff02c080000-7ff02c082000 r--s 00009000 ca:01 261848                     /home/ubuntu/spark-2.1.1-bin-hadoop2.7/jars/objenesis-2.1.jar
7ff02c082000-7ff02c0ed000 r--s 00784000 ca:01 261535                     /home/ubuntu/spark-2.1.1-bin-hadoop2.7/jars/hadoop-hdfs-2.7.3.jar
7ff02c0ed000-7ff02c0ef000 r--s 00010000 ca:01 261752                     /home/ubuntu/spark-2.1.1-bin-hadoop2.7/jars/jersey-media-jaxb-2.22.2.jar
7ff02c0ef000-7ff02c0fc000 r--s 00083000 ca:01 261598                     /home/ubuntu/spark-2.1.1-bin-hadoop2.7/jars/commons-collections-3.2.2.jar
7ff02c0fc000-7ff02c103000 r--s 00051000 ca:01 261542                     /home/ubuntu/spark-2.1.1-bin-hadoop2.7/jars/kryo-shaded-3.0.3.jar
7ff02c103000-7ff02c13a000 r--s 00325000 ca:01 261802                     /home/ubuntu/spark-2.1.1-bin-hadoop2.7/jars/calcite-core-1.2.0-incubating.jar
7ff02c13a000-7ff02c13d000 r--s 00012000 ca:01 261602                     /home/ubuntu/spark-2.1.1-bin-hadoop2.7/jars/json4s-ast_2.11-3.2.11.jar
7ff02c13d000-7ff02c13f000 r--s 0000e000 ca:01 261794                     /home/ubuntu/spark-2.1.1-bin-hadoop2.7/jars/commons-logging-1.1.3.jar
7ff02c13f000-7ff02c1e8000 r--s 00a4f000 ca:01 261801                     /home/ubuntu/spark-2.1.1-bin-hadoop2.7/jars/hive-exec-1.2.1.spark2.jar
7ff02c1e8000-7ff02c1e9000 r--s 0000b000 ca:01 261631                     /home/ubuntu/spark-2.1.1-bin-hadoop2.7/jars/snappy-0.2.jar
7ff02c1e9000-7ff02c1ec000 r--s 00028000 ca:01 261541                     /home/ubuntu/spark-2.1.1-bin-hadoop2.7/jars/stream-2.7.0.jar
7ff02c1ec000-7ff02c220000 r--s 00277000 ca:01 261592                     /home/ubuntu/spark-2.1.1-bin-hadoop2.7/jars/parquet-hadoop-bundle-1.6.0.jar
7ff02c220000-7ff02c224000 r--s 0000c000 ca:01 261617                     /home/ubuntu/spark-2.1.1-bin-hadoop2.7/jars/validation-api-1.1.0.Final.jar
7ff02c224000-7ff02c24d000 r--s 001ee000 ca:01 261862                     /home/ubuntu/spark-2.1.1-bin-hadoop2.7/jars/guava-14.0.1.jar
7ff02c24d000-7ff02c25a000 r--s 00071000 ca:01 261832                     /home/ubuntu/spark-2.1.1-bin-hadoop2.7/jars/jackson-module-scala_2.11-2.6.5.jar
7ff02c25a000-7ff02c273000 r--s 00114000 ca:01 261577                     /home/ubuntu/spark-2.1.1-bin-hadoop2.7/jars/spark-hive_2.11-2.1.1.jar
7ff02c273000-7ff02c28b000 r--s 00115000 ca:01 261824                     /home/ubuntu/spark-2.1.1-bin-hadoop2.7/jars/netty-3.8.0.Final.jar
7ff02c28b000-7ff02c2e4000 r--s 00522000 ca:01 261865                     /home/ubuntu/spark-2.1.1-bin-hadoop2.7/jars/scala-library-2.11.8.jar
7ff02c2e4000-7ff02c2eb000 r--s 00049000 ca:01 261852                     /home/ubuntu/spark-2.1.1-bin-hadoop2.7/jars/univocity-parsers-2.2.1.jar
7ff02c2eb000-7ff02c337000 r--s 00411000 ca:01 261857                     /home/ubuntu/spark-2.1.1-bin-hadoop2.7/jars/scala-reflect-2.11.8.jar
7ff02c337000-7ff02c345000 r--s 0009d000 ca:01 261614                     /home/ubuntu/spark-2.1.1-bin-hadoop2.7/jars/jersey-common-2.22.2.jar
7ff02c345000-7ff02c34f000 r--s 000aa000 ca:01 261762                     /home/ubuntu/spark-2.1.1-bin-hadoop2.7/jars/janino-3.0.0.jar
7ff02c34f000-7ff02c350000 r--s 00008000 ca:01 261844                     /home/ubuntu/spark-2.1.1-bin-hadoop2.7/jars/commons-compiler-3.0.0.jar
7ff02c350000-7ff02c359000 r--s 00097000 ca:01 261837                     /home/ubuntu/spark-2.1.1-bin-hadoop2.7/jars/pmml-model-1.2.15.jar
7ff02c359000-7ff02c35b000 r--s 00005000 ca:01 261741                     /home/ubuntu/spark-2.1.1-bin-hadoop2.7/jars/stax-api-1.0.1.jar
7ff02c35b000-7ff02c35f000 r--s 00035000 ca:01 261597                     /home/ubuntu/spark-2.1.1-bin-hadoop2.7/jars/jackson-core-asl-1.9.13.jar
7ff02c35f000-7ff02c362000 r--s 00019000 ca:01 261530                     /home/ubuntu/spark-2.1.1-bin-hadoop2.7/jars/bonecp-0.8.0.RELEASE.jar
7ff02c362000-7ff02c364000 r--s 00038000 ca:01 261789                     /home/ubuntu/spark-2.1.1-bin-hadoop2.7/jars/lz4-1.3.0.jar
7ff02c364000-7ff02c37d000 r--s 00164000 ca:01 261738                     /home/ubuntu/spark-2.1.1-bin-hadoop2.7/jars/hadoop-mapreduce-client-core-2.7.3.jar
7ff02c37d000-7ff02c380000 r--s 00026000 ca:01 261792                     /home/ubuntu/spark-2.1.1-bin-hadoop2.7/jars/hadoop-yarn-client-2.7.3.jar
7ff02c380000-7ff02c382000 r--s 00017000 ca:01 261607                     /home/ubuntu/spark-2.1.1-bin-hadoop2.7/jars/hive-jdbc-1.2.1.spark2.jar
7ff02c382000-7ff02c403000 r--s 005d9000 ca:01 261746                     /home/ubuntu/spark-2.1.1-bin-hadoop2.7/jars/spark-sql_2.11-2.1.1.jar
7ff02c403000-7ff02c404000 r--s 00006000 ca:01 261755                     /home/ubuntu/spark-2.1.1-bin-hadoop2.7/jars/hadoop-client-2.7.3.jar
7ff02c404000-7ff02c40b000 r--s 00058000 ca:01 261609                     /home/ubuntu/spark-2.1.1-bin-hadoop2.7/jars/hadoop-yarn-server-common-2.7.3.jar
7ff02c40b000-7ff02c40c000 r--s 0000a000 ca:01 261616                     /home/ubuntu/spark-2.1.1-bin-hadoop2.7/jars/apacheds-i18n-2.0.0-M15.jar
7ff02c40c000-7ff02c40d000 r--s 00000000 ca:01 261600                     /home/ubuntu/spark-2.1.1-bin-hadoop2.7/jars/javax.inject-1.jar
7ff02c40d000-7ff02c413000 r--s 00045000 ca:01 261605                     /home/ubuntu/spark-2.1.1-bin-hadoop2.7/jars/commons-httpclient-3.1.jar
7ff02c413000-7ff02c420000 r--s 000a7000 ca:01 261627                     /home/ubuntu/spark-2.1.1-bin-hadoop2.7/jars/httpclient-4.5.2.jar
7ff02c420000-7ff02c422000 r--s 0001f000 ca:01 261825                     /home/ubuntu/spark-2.1.1-bin-hadoop2.7/jars/commons-crypto-1.0.0.jar
7ff02c422000-7ff02c427000 r--s 0002a000 ca:01 261735                     /home/ubuntu/spark-2.1.1-bin-hadoop2.7/jars/gson-2.2.4.jar
7ff02c427000-7ff02c467000 r--s 00277000 ca:01 261767                     /home/ubuntu/spark-2.1.1-bin-hadoop2.7/jars/bcprov-jdk15on-1.51.jar
7ff02c467000-7ff02c46a000 r--s 00016000 ca:01 261593                     /home/ubuntu/spark-2.1.1-bin-hadoop2.7/jars/jsp-api-2.1.jar
7ff02c46a000-7ff02c46b000 r--s 00001000 ca:01 261838                     /home/ubuntu/spark-2.1.1-bin-hadoop2.7/jars/javax.inject-2.4.0-b34.jar
7ff02c46b000-7ff02c46c000 r--s 00002000 ca:01 261586                     /home/ubuntu/spark-2.1.1-bin-hadoop2.7/jars/java-xmlbuilder-1.0.jar
7ff02c46c000-7ff02c46e000 r--s 00015000 ca:01 261547                     /home/ubuntu/spark-2.1.1-bin-hadoop2.7/jars/hadoop-auth-2.7.3.jar
7ff02c46e000-7ff02c472000 r--s 0002f000 ca:01 261795                     /home/ubuntu/spark-2.1.1-bin-hadoop2.7/jars/commons-beanutils-core-1.8.0.jar
7ff02c472000-7ff02c4a1000 r--s 002e5000 ca:01 261846                     /home/ubuntu/spark-2.1.1-bin-hadoop2.7/jars/derby-10.12.1.1.jar
7ff02c4a1000-7ff02c4a3000 r--s 00008000 ca:01 261544                     /home/ubuntu/spark-2.1.1-bin-hadoop2.7/jars/metrics-jvm-3.1.2.jar
7ff02c4a3000-7ff02c4a6000 r--s 00015000 ca:01 261723                     /home/ubuntu/spark-2.1.1-bin-hadoop2.7/jars/pyrolite-4.13.jar
7ff02c4a6000-7ff02c4a8000 r--s 0000e000 ca:01 261760                     /home/ubuntu/spark-2.1.1-bin-hadoop2.7/jars/spark-repl_2.11-2.1.1.jar
7ff02c4a8000-7ff02c4b1000 r--s 0006f000 ca:01 261724                     /home/ubuntu/spark-2.1.1-bin-hadoop2.7/jars/log4j-1.2.17.jar
7ff02c4b1000-7ff02c4b5000 r--s 00025000 ca:01 261850                     /home/ubuntu/spark-2.1.1-bin-hadoop2.7/jars/jersey-client-2.22.2.jar
7ff02c4b5000-7ff02c4bc000 r--s 00058000 ca:01 261589                     /home/ubuntu/spark-2.1.1-bin-hadoop2.7/jars/parquet-format-2.3.0-incubating.jar
7ff02c4bc000-7ff02c4be000 r--s 00003000 ca:01 261615                     /home/ubuntu/spark-2.1.1-bin-hadoop2.7/jars/api-asn1-api-1.0.0-M20.jar
7ff02c4be000-7ff02c4c8000 r--s 0007b000 ca:01 261847                     /home/ubuntu/spark-2.1.1-bin-hadoop2.7/jars/hadoop-mapreduce-client-app-2.7.3.jar
7ff02c4c8000-7ff02c4cb000 r--s 0000e000 ca:01 261575                     /home/ubuntu/spark-2.1.1-bin-hadoop2.7/jars/jersey-container-servlet-core-2.22.2.jar
7ff02c4cb000-7ff02c4cf000 r--s 00025000 ca:01 261538                     /home/ubuntu/spark-2.1.1-bin-hadoop2.7/jars/antlr-runtime-3.4.jar
7ff02c4cf000-7ff02c4e0000 r--s 00089000 ca:01 261623                     /home/ubuntu/spark-2.1.1-bin-hadoop2.7/jars/joda-time-2.9.3.jar
7ff02c4e0000-7ff02c4e2000 r--s 00005000 ca:01 261743                     /home/ubuntu/spark-2.1.1-bin-hadoop2.7/jars/javax.annotation-api-1.2.jar
7ff02c4e2000-7ff02c4e7000 r--s 00032000 ca:01 261864                     /home/ubuntu/spark-2.1.1-bin-hadoop2.7/jars/chill_2.11-0.8.0.jar
7ff02c4e7000-7ff02c4f2000 r--s 0005d000 ca:01 261853                     /home/ubuntu/spark-2.1.1-bin-hadoop2.7/jars/scala-parser-combinators_2.11-1.0.4.jar
7ff02c4f2000-7ff02c504000 r--s 00112000 ca:01 261835                     /home/ubuntu/spark-2.1.1-bin-hadoop2.7/jars/arpack_combined_all-0.1.jar
7ff02c504000-7ff02c51c000 r--s 000d6000 ca:01 261571                     /home/ubuntu/spark-2.1.1-bin-hadoop2.7/jars/jersey-guava-2.22.2.jar
7ff02c51c000-7ff02c522000 r--s 0002c000 ca:01 261828                     /home/ubuntu/spark-2.1.1-bin-hadoop2.7/jars/jdo-api-3.0.1.jar
7ff02c522000-7ff02c529000 r--s 00046000 ca:01 261797                     /home/ubuntu/spark-2.1.1-bin-hadoop2.7/jars/libfb303-0.9.3.jar
7ff02c529000-7ff02c52b000 r--s 00010000 ca:01 261622                     /home/ubuntu/spark-2.1.1-bin-hadoop2.7/jars/hadoop-mapreduce-client-shuffle-2.7.3.jar
7ff02c52b000-7ff02c52d000 r--s 00000000 ca:01 261836                     /home/ubuntu/spark-2.1.1-bin-hadoop2.7/jars/jul-to-slf4j-1.7.16.jar
7ff02c52d000-7ff02c530000 r--s 00014000 ca:01 261761                     /home/ubuntu/spark-2.1.1-bin-hadoop2.7/jars/super-csv-2.2.0.jar
7ff02c530000-7ff02c542000 r--s 000b3000 ca:01 261829                     /home/ubuntu/spark-2.1.1-bin-hadoop2.7/jars/scalap-2.11.8.jar
7ff02c542000-7ff02c544000 r--s 00003000 ca:01 261843                     /home/ubuntu/spark-2.1.1-bin-hadoop2.7/jars/base64-2.3.8.jar
7ff02c544000-7ff02c546000 r--s 00003000 ca:01 261570                     /home/ubuntu/spark-2.1.1-bin-hadoop2.7/jars/jersey-container-servlet-2.22.2.jar
7ff02c546000-7ff02c550000 r--s 000a5000 ca:01 261766                     /home/ubuntu/spark-2.1.1-bin-hadoop2.7/jars/javassist-3.18.1-GA.jar
7ff02c550000-7ff02c568000 r--s 00115000 ca:01 261537                     /home/ubuntu/spark-2.1.1-bin-hadoop2.7/jars/xercesImpl-2.9.1.jar
7ff02c568000-7ff02c56b000 r--s 00021000 ca:01 261596                     /home/ubuntu/spark-2.1.1-bin-hadoop2.7/jars/xbean-asm5-shaded-4.4.jar
7ff02c56b000-7ff02c592000 r--s 0020f000 ca:01 261726                     /home/ubuntu/spark-2.1.1-bin-hadoop2.7/jars/netty-all-4.0.42.Final.jar
7ff02c592000-7ff02c593000 ---p 00000000 00:00 0 
7ff02c593000-7ff02c693000 rw-p 00000000 00:00 0 
7ff02c693000-7ff02c696000 ---p 00000000 00:00 0 
7ff02c696000-7ff02c794000 rw-p 00000000 00:00 0 
7ff02c794000-7ff02c797000 ---p 00000000 00:00 0 
7ff02c797000-7ff02c895000 rw-p 00000000 00:00 0 
7ff02c895000-7ff02c898000 ---p 00000000 00:00 0 
7ff02c898000-7ff02c996000 rw-p 00000000 00:00 0 
7ff02c996000-7ff02c999000 ---p 00000000 00:00 0 
7ff02c999000-7ff02ca97000 rw-p 00000000 00:00 0 
7ff02ca97000-7ff02cc2f000 r--p 00000000 ca:01 29052                      /usr/lib/locale/locale-archive
7ff02cc2f000-7ff02cc32000 ---p 00000000 00:00 0 
7ff02cc32000-7ff02cd30000 rw-p 00000000 00:00 0 
7ff02cd30000-7ff02cd33000 ---p 00000000 00:00 0 
7ff02cd33000-7ff02ce31000 rw-p 00000000 00:00 0 
7ff02ce31000-7ff02d000000 r--s 03c32000 ca:01 256863                     /usr/lib/jvm/java-8-openjdk-amd64/jre/lib/rt.jar
7ff02d000000-7ff030210000 rwxp 00000000 00:00 0 
7ff030210000-7ff03c000000 ---p 00000000 00:00 0 
7ff03c000000-7ff03cd65000 rw-p 00000000 00:00 0 
7ff03cd65000-7ff040000000 ---p 00000000 00:00 0 
7ff040000000-7ff040001000 r--s 00009000 ca:01 261534                     /home/ubuntu/spark-2.1.1-bin-hadoop2.7/jars/hadoop-annotations-2.7.3.jar
7ff040001000-7ff040004000 r--s 00025000 ca:01 261618                     /home/ubuntu/spark-2.1.1-bin-hadoop2.7/jars/commons-dbcp-1.4.jar
7ff040004000-7ff040007000 r--s 00015000 ca:01 261620                     /home/ubuntu/spark-2.1.1-bin-hadoop2.7/jars/commons-pool-1.5.4.jar
7ff040007000-7ff04005c000 r--s 0069c000 ca:01 261595                     /home/ubuntu/spark-2.1.1-bin-hadoop2.7/jars/spire_2.11-0.7.4.jar
7ff04005c000-7ff04005e000 r--s 00004000 ca:01 261787                     /home/ubuntu/spark-2.1.1-bin-hadoop2.7/jars/metrics-graphite-3.1.2.jar
7ff04005e000-7ff04005f000 r--s 00003000 ca:01 261827                     /home/ubuntu/spark-2.1.1-bin-hadoop2.7/jars/metrics-json-3.1.2.jar
7ff04005f000-7ff040064000 r--s 00027000 ca:01 261861                     /home/ubuntu/spark-2.1.1-bin-hadoop2.7/jars/hk2-api-2.4.0-b34.jar
7ff040064000-7ff04006a000 r--s 00034000 ca:01 261799                     /home/ubuntu/spark-2.1.1-bin-hadoop2.7/jars/libthrift-0.9.3.jar
7ff04006a000-7ff040085000 r--s 001d6000 ca:01 256870                     /usr/lib/jvm/java-8-openjdk-amd64/jre/lib/ext/nashorn.jar
7ff040085000-7ff0400a0000 r--s 00394000 ca:01 256871                     /usr/lib/jvm/java-8-openjdk-amd64/jre/lib/ext/cldrdata.jar
7ff0400a0000-7ff0400a1000 ---p 00000000 00:00 0 
7ff0400a1000-7ff040a17000 rw-p 00000000 00:00 0 
7ff040a17000-7ff040a55000 rw-p 00000000 00:00 0 
7ff040a55000-7ff040b6d000 ---p 00000000 00:00 0 
7ff040b6d000-7ff040b8c000 rw-p 00000000 00:00 0 
7ff040b8c000-7ff040c17000 ---p 00000000 00:00 0 
7ff040c17000-7ff040c56000 rw-p 00000000 00:00 0 
7ff040c56000-7ff040d6d000 ---p 00000000 00:00 0 
7ff040d6d000-7ff040e37000 rw-p 00000000 00:00 0 
7ff040e37000-7ff04112e000 ---p 00000000 00:00 0 
7ff04112e000-7ff041136000 r-xp 00000000 ca:01 256902                     /usr/lib/jvm/java-8-openjdk-amd64/jre/lib/amd64/libzip.so
7ff041136000-7ff041335000 ---p 00008000 ca:01 256902                     /usr/lib/jvm/java-8-openjdk-amd64/jre/lib/amd64/libzip.so
7ff041335000-7ff041336000 r--p 00007000 ca:01 256902                     /usr/lib/jvm/java-8-openjdk-amd64/jre/lib/amd64/libzip.so
7ff041336000-7ff041337000 rw-p 00008000 ca:01 256902                     /usr/lib/jvm/java-8-openjdk-amd64/jre/lib/amd64/libzip.so
7ff041337000-7ff041342000 r-xp 00000000 ca:01 1993                       /lib/x86_64-linux-gnu/libnss_files-2.23.so
7ff041342000-7ff041541000 ---p 0000b000 ca:01 1993                       /lib/x86_64-linux-gnu/libnss_files-2.23.so
7ff041541000-7ff041542000 r--p 0000a000 ca:01 1993                       /lib/x86_64-linux-gnu/libnss_files-2.23.so
7ff041542000-7ff041543000 rw-p 0000b000 ca:01 1993                       /lib/x86_64-linux-gnu/libnss_files-2.23.so
7ff041543000-7ff041549000 rw-p 00000000 00:00 0 
7ff041549000-7ff041554000 r-xp 00000000 ca:01 1997                       /lib/x86_64-linux-gnu/libnss_nis-2.23.so
7ff041554000-7ff041753000 ---p 0000b000 ca:01 1997                       /lib/x86_64-linux-gnu/libnss_nis-2.23.so
7ff041753000-7ff041754000 r--p 0000a000 ca:01 1997                       /lib/x86_64-linux-gnu/libnss_nis-2.23.so
7ff041754000-7ff041755000 rw-p 0000b000 ca:01 1997                       /lib/x86_64-linux-gnu/libnss_nis-2.23.so
7ff041755000-7ff04176b000 r-xp 00000000 ca:01 1977                       /lib/x86_64-linux-gnu/libnsl-2.23.so
7ff04176b000-7ff04196a000 ---p 00016000 ca:01 1977                       /lib/x86_64-linux-gnu/libnsl-2.23.so
7ff04196a000-7ff04196b000 r--p 00015000 ca:01 1977                       /lib/x86_64-linux-gnu/libnsl-2.23.so
7ff04196b000-7ff04196c000 rw-p 00016000 ca:01 1977                       /lib/x86_64-linux-gnu/libnsl-2.23.so
7ff04196c000-7ff04196e000 rw-p 00000000 00:00 0 
7ff04196e000-7ff041976000 r-xp 00000000 ca:01 1988                       /lib/x86_64-linux-gnu/libnss_compat-2.23.so
7ff041976000-7ff041b75000 ---p 00008000 ca:01 1988                       /lib/x86_64-linux-gnu/libnss_compat-2.23.so
7ff041b75000-7ff041b76000 r--p 00007000 ca:01 1988                       /lib/x86_64-linux-gnu/libnss_compat-2.23.so
7ff041b76000-7ff041b77000 rw-p 00008000 ca:01 1988                       /lib/x86_64-linux-gnu/libnss_compat-2.23.so
7ff041b77000-7ff041ba4000 r-xp 00000000 ca:01 256919                     /usr/lib/jvm/java-8-openjdk-amd64/jre/lib/amd64/libjava.so
7ff041ba4000-7ff041da3000 ---p 0002d000 ca:01 256919                     /usr/lib/jvm/java-8-openjdk-amd64/jre/lib/amd64/libjava.so
7ff041da3000-7ff041da4000 r--p 0002c000 ca:01 256919                     /usr/lib/jvm/java-8-openjdk-amd64/jre/lib/amd64/libjava.so
7ff041da4000-7ff041da6000 rw-p 0002d000 ca:01 256919                     /usr/lib/jvm/java-8-openjdk-amd64/jre/lib/amd64/libjava.so
7ff041da6000-7ff041db5000 r-xp 00000000 ca:01 256907                     /usr/lib/jvm/java-8-openjdk-amd64/jre/lib/amd64/libverify.so
7ff041db5000-7ff041fb4000 ---p 0000f000 ca:01 256907                     /usr/lib/jvm/java-8-openjdk-amd64/jre/lib/amd64/libverify.so
7ff041fb4000-7ff041fb6000 r--p 0000e000 ca:01 256907                     /usr/lib/jvm/java-8-openjdk-amd64/jre/lib/amd64/libverify.so
7ff041fb6000-7ff041fb7000 rw-p 00010000 ca:01 256907                     /usr/lib/jvm/java-8-openjdk-amd64/jre/lib/amd64/libverify.so
7ff041fb7000-7ff041fbe000 r-xp 00000000 ca:01 1998                       /lib/x86_64-linux-gnu/librt-2.23.so
7ff041fbe000-7ff0421bd000 ---p 00007000 ca:01 1998                       /lib/x86_64-linux-gnu/librt-2.23.so
7ff0421bd000-7ff0421be000 r--p 00006000 ca:01 1998                       /lib/x86_64-linux-gnu/librt-2.23.so
7ff0421be000-7ff0421bf000 rw-p 00007000 ca:01 1998                       /lib/x86_64-linux-gnu/librt-2.23.so
7ff0421bf000-7ff0421d5000 r-xp 00000000 ca:01 1975                       /lib/x86_64-linux-gnu/libgcc_s.so.1
7ff0421d5000-7ff0423d4000 ---p 00016000 ca:01 1975                       /lib/x86_64-linux-gnu/libgcc_s.so.1
7ff0423d4000-7ff0423d5000 rw-p 00015000 ca:01 1975                       /lib/x86_64-linux-gnu/libgcc_s.so.1
7ff0423d5000-7ff0424dd000 r-xp 00000000 ca:01 1976                       /lib/x86_64-linux-gnu/libm-2.23.so
7ff0424dd000-7ff0426dc000 ---p 00108000 ca:01 1976                       /lib/x86_64-linux-gnu/libm-2.23.so
7ff0426dc000-7ff0426dd000 r--p 00107000 ca:01 1976                       /lib/x86_64-linux-gnu/libm-2.23.so
7ff0426dd000-7ff0426de000 rw-p 00108000 ca:01 1976                       /lib/x86_64-linux-gnu/libm-2.23.so
7ff0426de000-7ff042850000 r-xp 00000000 ca:01 7979                       /usr/lib/x86_64-linux-gnu/libstdc++.so.6.0.21
7ff042850000-7ff042a50000 ---p 00172000 ca:01 7979                       /usr/lib/x86_64-linux-gnu/libstdc++.so.6.0.21
7ff042a50000-7ff042a5a000 r--p 00172000 ca:01 7979                       /usr/lib/x86_64-linux-gnu/libstdc++.so.6.0.21
7ff042a5a000-7ff042a5c000 rw-p 0017c000 ca:01 7979                       /usr/lib/x86_64-linux-gnu/libstdc++.so.6.0.21
7ff042a5c000-7ff042a60000 rw-p 00000000 00:00 0 
7ff042a60000-7ff0436bd000 r-xp 00000000 ca:01 256884                     /usr/lib/jvm/java-8-openjdk-amd64/jre/lib/amd64/server/libjvm.so
7ff0436bd000-7ff0438bd000 ---p 00c5d000 ca:01 256884                     /usr/lib/jvm/java-8-openjdk-amd64/jre/lib/amd64/server/libjvm.so
7ff0438bd000-7ff043951000 r--p 00c5d000 ca:01 256884                     /usr/lib/jvm/java-8-openjdk-amd64/jre/lib/amd64/server/libjvm.so
7ff043951000-7ff04397a000 rw-p 00cf1000 ca:01 256884                     /usr/lib/jvm/java-8-openjdk-amd64/jre/lib/amd64/server/libjvm.so
7ff04397a000-7ff0439aa000 rw-p 00000000 00:00 0 
7ff0439aa000-7ff0439c2000 r-xp 00000000 ca:01 1979                       /lib/x86_64-linux-gnu/libpthread-2.23.so
7ff0439c2000-7ff043bc1000 ---p 00018000 ca:01 1979                       /lib/x86_64-linux-gnu/libpthread-2.23.so
7ff043bc1000-7ff043bc2000 r--p 00017000 ca:01 1979                       /lib/x86_64-linux-gnu/libpthread-2.23.so
7ff043bc2000-7ff043bc3000 rw-p 00018000 ca:01 1979                       /lib/x86_64-linux-gnu/libpthread-2.23.so
7ff043bc3000-7ff043bc7000 rw-p 00000000 00:00 0 
7ff043bc7000-7ff043bca000 r-xp 00000000 ca:01 1982                       /lib/x86_64-linux-gnu/libdl-2.23.so
7ff043bca000-7ff043dc9000 ---p 00003000 ca:01 1982                       /lib/x86_64-linux-gnu/libdl-2.23.so
7ff043dc9000-7ff043dca000 r--p 00002000 ca:01 1982                       /lib/x86_64-linux-gnu/libdl-2.23.so
7ff043dca000-7ff043dcb000 rw-p 00003000 ca:01 1982                       /lib/x86_64-linux-gnu/libdl-2.23.so
7ff043dcb000-7ff043de4000 r-xp 00000000 ca:01 2129                       /lib/x86_64-linux-gnu/libz.so.1.2.8
7ff043de4000-7ff043fe3000 ---p 00019000 ca:01 2129                       /lib/x86_64-linux-gnu/libz.so.1.2.8
7ff043fe3000-7ff043fe4000 r--p 00018000 ca:01 2129                       /lib/x86_64-linux-gnu/libz.so.1.2.8
7ff043fe4000-7ff043fe5000 rw-p 00019000 ca:01 2129                       /lib/x86_64-linux-gnu/libz.so.1.2.8
7ff043fe5000-7ff0441a5000 r-xp 00000000 ca:01 1980                       /lib/x86_64-linux-gnu/libc-2.23.so
7ff0441a5000-7ff0443a5000 ---p 001c0000 ca:01 1980                       /lib/x86_64-linux-gnu/libc-2.23.so
7ff0443a5000-7ff0443a9000 r--p 001c0000 ca:01 1980                       /lib/x86_64-linux-gnu/libc-2.23.so
7ff0443a9000-7ff0443ab000 rw-p 001c4000 ca:01 1980                       /lib/x86_64-linux-gnu/libc-2.23.so
7ff0443ab000-7ff0443af000 rw-p 00000000 00:00 0 
7ff0443af000-7ff0443bc000 r-xp 00000000 ca:01 256904                     /usr/lib/jvm/java-8-openjdk-amd64/jre/lib/amd64/jli/libjli.so
7ff0443bc000-7ff0445bc000 ---p 0000d000 ca:01 256904                     /usr/lib/jvm/java-8-openjdk-amd64/jre/lib/amd64/jli/libjli.so
7ff0445bc000-7ff0445bd000 r--p 0000d000 ca:01 256904                     /usr/lib/jvm/java-8-openjdk-amd64/jre/lib/amd64/jli/libjli.so
7ff0445bd000-7ff0445be000 rw-p 0000e000 ca:01 256904                     /usr/lib/jvm/java-8-openjdk-amd64/jre/lib/amd64/jli/libjli.so
7ff0445be000-7ff0445e4000 r-xp 00000000 ca:01 1978                       /lib/x86_64-linux-gnu/ld-2.23.so
7ff0445e4000-7ff0445e6000 r--s 0000f000 ca:01 261715                     /home/ubuntu/spark-2.1.1-bin-hadoop2.7/jars/curator-client-2.6.0.jar
7ff0445e6000-7ff0445e9000 r--s 0000f000 ca:01 256869                     /usr/lib/jvm/java-8-openjdk-amd64/jre/lib/ext/icedtea-sound.jar
7ff0445e9000-7ff0445ec000 r--s 00038000 ca:01 256872                     /usr/lib/jvm/java-8-openjdk-amd64/jre/lib/ext/sunpkcs11.jar
7ff0445ec000-7ff0445f2000 r--s 0003b000 ca:01 256877                     /usr/lib/jvm/java-8-openjdk-amd64/jre/lib/ext/sunjce_provider.jar
7ff0445f2000-7ff0445fc000 r--s 00116000 ca:01 256876                     /usr/lib/jvm/java-8-openjdk-amd64/jre/lib/ext/localedata.jar
7ff0445fc000-7ff0446cd000 rw-p 00000000 00:00 0 
7ff0446cd000-7ff0446d5000 rw-s 00000000 ca:01 256220                     /tmp/hsperfdata_ubuntu/17747
7ff0446d5000-7ff0446d8000 ---p 00000000 00:00 0 
7ff0446d8000-7ff0447da000 rw-p 00000000 00:00 0 
7ff0447da000-7ff0447db000 r--s 00010000 ca:01 256874                     /usr/lib/jvm/java-8-openjdk-amd64/jre/lib/ext/zipfs.jar
7ff0447db000-7ff0447dc000 r--s 0000a000 ca:01 256879                     /usr/lib/jvm/java-8-openjdk-amd64/jre/lib/ext/jaccess.jar
7ff0447dc000-7ff0447de000 r--s 00001000 ca:01 256873                     /usr/lib/jvm/java-8-openjdk-amd64/jre/lib/ext/dnsns.jar
7ff0447de000-7ff0447e0000 r--s 00008000 ca:01 256878                     /usr/lib/jvm/java-8-openjdk-amd64/jre/lib/ext/sunec.jar
7ff0447e0000-7ff0447e1000 rw-p 00000000 00:00 0 
7ff0447e1000-7ff0447e2000 ---p 00000000 00:00 0 
7ff0447e2000-7ff0447e3000 rw-p 00000000 00:00 0 
7ff0447e3000-7ff0447e4000 r--p 00025000 ca:01 1978                       /lib/x86_64-linux-gnu/ld-2.23.so
7ff0447e4000-7ff0447e5000 rw-p 00026000 ca:01 1978                       /lib/x86_64-linux-gnu/ld-2.23.so
7ff0447e5000-7ff0447e6000 rw-p 00000000 00:00 0 
7ffe5001a000-7ffe5003b000 rw-p 00000000 00:00 0                          [stack]
7ffe5019d000-7ffe501a0000 r--p 00000000 00:00 0                          [vvar]
7ffe501a0000-7ffe501a2000 r-xp 00000000 00:00 0                          [vdso]
ffffffffff600000-ffffffffff601000 r-xp 00000000 00:00 0                  [vsyscall]

VM Arguments:
jvm_args: -Xmx1g 
java_command: org.apache.spark.deploy.SparkSubmit --conf spark.app.name=Bank Telephone Marketing Analysis pyspark-shell
java_class_path (initial): /home/ubuntu/spark-2.1.1-bin-hadoop2.7/conf/:/home/ubuntu/spark-2.1.1-bin-hadoop2.7/jars/libthrift-0.9.3.jar:/home/ubuntu/spark-2.1.1-bin-hadoop2.7/jars/curator-client-2.6.0.jar:/home/ubuntu/spark-2.1.1-bin-hadoop2.7/jars/hk2-api-2.4.0-b34.jar:/home/ubuntu/spark-2.1.1-bin-hadoop2.7/jars/metrics-json-3.1.2.jar:/home/ubuntu/spark-2.1.1-bin-hadoop2.7/jars/metrics-graphite-3.1.2.jar:/home/ubuntu/spark-2.1.1-bin-hadoop2.7/jars/spire_2.11-0.7.4.jar:/home/ubuntu/spark-2.1.1-bin-hadoop2.7/jars/commons-pool-1.5.4.jar:/home/ubuntu/spark-2.1.1-bin-hadoop2.7/jars/netty-all-4.0.42.Final.jar:/home/ubuntu/spark-2.1.1-bin-hadoop2.7/jars/commons-dbcp-1.4.jar:/home/ubuntu/spark-2.1.1-bin-hadoop2.7/jars/xbean-asm5-shaded-4.4.jar:/home/ubuntu/spark-2.1.1-bin-hadoop2.7/jars/xercesImpl-2.9.1.jar:/home/ubuntu/spark-2.1.1-bin-hadoop2.7/jars/hadoop-annotations-2.7.3.jar:/home/ubuntu/spark-2.1.1-bin-hadoop2.7/jars/javassist-3.18.1-GA.jar:/home/ubuntu/spark-2.1.1-bin-hadoop2.7/jars/jersey-container-servlet-2.22.2.jar:/home/ubuntu/spark-2.1.1-bin-hadoop2.7/jars/base64-2.3.8.jar:/home/ubuntu/spark-2.1.1-bin-hadoop2.7/jars/scalap-2.11.8.jar:/home/ubuntu/spark-2.1.1-bin-hadoop2.7/jars/super-csv-2.2.0.jar:/home/ubuntu/spark-2.1.1-bin-hadoop2.7/jars/jul-to-slf4j-1.7.16.jar:/home/ubuntu/spark-2.1.1-bin-hadoop2.7/jars/hadoop-mapreduce-client-shuffle-2.7.3.jar:/home/ubuntu/spark-2.1.1-bin-hadoop2.7/jars/libfb303-0.9.3.jar:/home/ubuntu/spark-2.1.1-bin-hadoop2.7/jars/jdo-api-3.0.1.jar:/home/ubuntu/spark-2.1.1-bin-hadoop2.7/jars/jersey-guava-2.22.2.jar:/home/ubuntu/spark-2.1.1-bin-hadoop2.7/jars/arpack_combined_all-0.1.jar:/home/ubuntu/spark-2.1.1-bin-hadoop2.7/jars/scala-parser-combinators_2.11-1.0.4.jar:/home/ubuntu/spark-2.1.1-bin-hadoop2.7/jars/chill_2.11-0.8.0.jar:/home/ubuntu/spark-2.1.1-bin-hadoop2.7/jars/javax.annotation-api-1.2.jar:/home/ubuntu/spark-2.1.1-bin-hadoop2.7/jars/joda-time-2.9.3.jar:/home/ubuntu/spark-2.1.1-bin-hadoop2.7/jars/antlr-runtime-3.4.jar:/home/u
Launcher Type: SUN_STANDARD

Environment Variables:
PATH=/home/ubuntu/.local/bin:/home/ubuntu/bin:/home/ubuntu/.local/bin:/usr/local/sbin:/usr/local/bin:/usr/sbin:/usr/bin:/sbin:/bin:/usr/games:/usr/local/games:/snap/bin
SHELL=/bin/bash

Signal Handlers:
SIGSEGV: [libjvm.so+0xa71a30], sa_mask[0]=11111111011111111101111111111110, sa_flags=SA_RESTART|SA_SIGINFO
SIGBUS: [libjvm.so+0xa71a30], sa_mask[0]=11111111011111111101111111111110, sa_flags=SA_RESTART|SA_SIGINFO
SIGFPE: [libjvm.so+0x8b8f40], sa_mask[0]=11111111011111111101111111111110, sa_flags=SA_RESTART|SA_SIGINFO
SIGPIPE: [libjvm.so+0x8b8f40], sa_mask[0]=11111111011111111101111111111110, sa_flags=SA_RESTART|SA_SIGINFO
SIGXFSZ: [libjvm.so+0x8b8f40], sa_mask[0]=11111111011111111101111111111110, sa_flags=SA_RESTART|SA_SIGINFO
SIGILL: [libjvm.so+0x8b8f40], sa_mask[0]=11111111011111111101111111111110, sa_flags=SA_RESTART|SA_SIGINFO
SIGUSR1: SIG_DFL, sa_mask[0]=00000000000000000000000000000000, sa_flags=none
SIGUSR2: [libjvm.so+0x8b8df0], sa_mask[0]=00000000000000000000000000000000, sa_flags=SA_RESTART|SA_SIGINFO
SIGHUP: [libjvm.so+0x8b92c0], sa_mask[0]=11111111011111111101111111111110, sa_flags=SA_RESTART|SA_SIGINFO
SIGINT: SIG_IGN, sa_mask[0]=00000000000000000000000000000000, sa_flags=none
SIGTERM: [libjvm.so+0x8b92c0], sa_mask[0]=11111111011111111101111111111110, sa_flags=SA_RESTART|SA_SIGINFO
SIGQUIT: [libjvm.so+0x8b92c0], sa_mask[0]=11111111011111111101111111111110, sa_flags=SA_RESTART|SA_SIGINFO


---------------  S Y S T E M  ---------------

OS:DISTRIB_ID=Ubuntu
DISTRIB_RELEASE=16.04
DISTRIB_CODENAME=xenial
DISTRIB_DESCRIPTION="Ubuntu 16.04.4 LTS"

uname:Linux 4.4.0-1065-aws #75-Ubuntu SMP Fri Aug 10 11:14:32 UTC 2018 x86_64
libc:glibc 2.23 NPTL 2.23 
rlimit: STACK 8192k, CORE 0k, NPROC 3900, NOFILE 1048576, AS infinity
load average:4.52 2.88 2.06

/proc/meminfo:
MemTotal:        1014500 kB
MemFree:           69100 kB
MemAvailable:      11176 kB
Buffers:             524 kB
Cached:            19964 kB
SwapCached:            0 kB
Active:           866396 kB
Inactive:          15620 kB
Active(anon):     864412 kB
Inactive(anon):    10332 kB
Active(file):       1984 kB
Inactive(file):     5288 kB
Unevictable:        3652 kB
Mlocked:            3652 kB
SwapTotal:             0 kB
SwapFree:              0 kB
Dirty:                84 kB
Writeback:             0 kB
AnonPages:        865272 kB
Mapped:             8092 kB
Shmem:             10700 kB
Slab:              36704 kB
SReclaimable:      19700 kB
SUnreclaim:        17004 kB
KernelStack:        3568 kB
PageTables:         5808 kB
NFS_Unstable:          0 kB
Bounce:                0 kB
WritebackTmp:          0 kB
CommitLimit:      507248 kB
Committed_AS:    1275832 kB
VmallocTotal:   34359738367 kB
VmallocUsed:           0 kB
VmallocChunk:          0 kB
HardwareCorrupted:     0 kB
AnonHugePages:    258048 kB
CmaTotal:              0 kB
CmaFree:               0 kB
HugePages_Total:       0
HugePages_Free:        0
HugePages_Rsvd:        0
HugePages_Surp:        0
Hugepagesize:       2048 kB
DirectMap4k:       47104 kB
DirectMap2M:     1001472 kB


CPU:total 1 (initial active 1) (1 cores per cpu, 1 threads per core) family 6 model 63 stepping 2, cmov, cx8, fxsr, mmx, sse, sse2, sse3, ssse3, sse4.1, sse4.2, popcnt, avx, avx2, aes, clmul, erms, lzcnt, tsc, bmi1, bmi2

/proc/cpuinfo:
processor	: 0
vendor_id	: GenuineIntel
cpu family	: 6
model		: 63
model name	: Intel(R) Xeon(R) CPU E5-2676 v3 @ 2.40GHz
stepping	: 2
microcode	: 0x3c
cpu MHz		: 2400.050
cache size	: 30720 KB
physical id	: 0
siblings	: 1
core id		: 0
cpu cores	: 1
apicid		: 0
initial apicid	: 0
fpu		: yes
fpu_exception	: yes
cpuid level	: 13
wp		: yes
flags		: fpu vme de pse tsc msr pae mce cx8 apic sep mtrr pge mca cmov pat pse36 clflush mmx fxsr sse sse2 ht syscall nx rdtscp lm constant_tsc rep_good nopl xtopology eagerfpu pni pclmulqdq ssse3 fma cx16 pcid sse4_1 sse4_2 x2apic movbe popcnt tsc_deadline_timer aes xsave avx f16c rdrand hypervisor lahf_lm abm invpcid_single kaiser fsgsbase bmi1 avx2 smep bmi2 erms invpcid xsaveopt
bugs		: cpu_meltdown spectre_v1 spectre_v2 spec_store_bypass l1tf
bogomips	: 4800.10
clflush size	: 64
cache_alignment	: 64
address sizes	: 46 bits physical, 48 bits virtual
power management:



Memory: 4k page, physical 1014500k(69100k free), swap 0k(0k free)

vm_info: OpenJDK 64-Bit Server VM (25.181-b13) for linux-amd64 JRE (1.8.0_181-8u181-b13-0ubuntu0.16.04.1-b13), built on Jul 30 2018 21:06:27 by "buildd" with gcc 5.4.0 20160609

time: Wed Oct 10 03:36:39 2018
elapsed time: 372 seconds (0d 0h 6m 12s)

