#
# There is insufficient memory for the Java Runtime Environment to continue.
# Native memory allocation (mmap) failed to map 108191744 bytes for committing reserved memory.
# Possible reasons:
#   The system is out of physical RAM or swap space
#   In 32 bit mode, the process size limit was hit
# Possible solutions:
#   Reduce memory load on the system
#   Increase physical memory or swap space
#   Check if swap backing store is full
#   Use 64 bit Java on a 64 bit OS
#   Decrease Java heap size (-Xmx/-Xms)
#   Decrease number of Java threads
#   Decrease Java thread stack sizes (-Xss)
#   Set larger code cache with -XX:ReservedCodeCacheSize=
# This output file may be truncated or incomplete.
#
#  Out of Memory Error (os_linux.cpp:2643), pid=18498, tid=0x00007f8fb55f7700
#
# JRE version: OpenJDK Runtime Environment (8.0_181-b13) (build 1.8.0_181-8u181-b13-0ubuntu0.16.04.1-b13)
# Java VM: OpenJDK 64-Bit Server VM (25.181-b13 mixed mode linux-amd64 compressed oops)
# Failed to write core dump. Core dumps have been disabled. To enable core dumping, try "ulimit -c unlimited" before starting Java again
#

---------------  T H R E A D  ---------------

Current thread (0x00007f8fb0075800):  VMThread [stack: 0x00007f8fb54f7000,0x00007f8fb55f8000] [id=18512]

Stack: [0x00007f8fb54f7000,0x00007f8fb55f8000],  sp=0x00007f8fb55f6520,  free space=1021k
Native frames: (J=compiled Java code, j=interpreted, Vv=VM code, C=native code)
V  [libjvm.so+0xa70edb]
V  [libjvm.so+0x4c893c]
V  [libjvm.so+0x8bda08]
V  [libjvm.so+0x8b7d9e]
V  [libjvm.so+0xa6d7c4]
V  [libjvm.so+0x5cdd5d]
V  [libjvm.so+0x5ce8fd]
V  [libjvm.so+0x5bb2c8]
V  [libjvm.so+0x45029f]
V  [libjvm.so+0xa71fe1]
V  [libjvm.so+0xa77d27]
V  [libjvm.so+0xa75427]
V  [libjvm.so+0xa768af]
V  [libjvm.so+0xa76da1]
V  [libjvm.so+0x8bae12]

VM_Operation (0x00007f8fa085bf50): GenCollectForAllocation, mode: safepoint, requested by thread 0x00007f8f84372800


---------------  P R O C E S S  ---------------

Java Threads: ( => current thread )
  0x00007f8f921d2800 JavaThread "broadcast-exchange-93" daemon [_thread_blocked, id=18900, stack(0x00007f8f760d3000,0x00007f8f761d4000)]
  0x00007f8f9215e800 JavaThread "broadcast-exchange-92" daemon [_thread_blocked, id=18899, stack(0x00007f8f77ff2000,0x00007f8f780f3000)]
  0x00007f8f92389000 JavaThread "broadcast-exchange-91" daemon [_thread_blocked, id=18895, stack(0x00007f8f785f8000,0x00007f8f786f9000)]
  0x00007f8f91ee0800 JavaThread "broadcast-exchange-90" daemon [_thread_blocked, id=18894, stack(0x00007f8f787fa000,0x00007f8f788fb000)]
  0x00007f8f90ff5800 JavaThread "broadcast-exchange-89" daemon [_thread_blocked, id=18892, stack(0x00007f8f780f3000,0x00007f8f781f4000)]
  0x00007f8f924c5000 JavaThread "broadcast-exchange-88" daemon [_thread_blocked, id=18891, stack(0x00007f8f77ef1000,0x00007f8f77ff2000)]
  0x00007f8f90ff6800 JavaThread "broadcast-exchange-87" daemon [_thread_blocked, id=18889, stack(0x00007f8f77cef000,0x00007f8f77df0000)]
  0x00007f8f91607800 JavaThread "broadcast-exchange-86" daemon [_thread_blocked, id=18888, stack(0x00007f8f77df0000,0x00007f8f77ef1000)]
  0x00007f8f9c108800 JavaThread "Executor task launch worker for task 67650" daemon [_thread_blocked, id=18886, stack(0x00007f8f77bee000,0x00007f8f77cef000)]
  0x00007f8f91605000 JavaThread "broadcast-exchange-85" daemon [_thread_blocked, id=18885, stack(0x00007f8f779ec000,0x00007f8f77aed000)]
  0x00007f8f91ae7000 JavaThread "broadcast-exchange-84" daemon [_thread_blocked, id=18884, stack(0x00007f8f7ce20000,0x00007f8f7cf21000)]
  0x00007f8f94047000 JavaThread "Executor task launch worker for task 67708" daemon [_thread_blocked, id=18882, stack(0x00007f8f77aed000,0x00007f8f77bee000)]
  0x00007f8f94053800 JavaThread "Executor task launch worker for task 67380" daemon [_thread_blocked, id=18881, stack(0x00007f8f7a010000,0x00007f8f7a111000)]
  0x00007f8f9404e800 JavaThread "Executor task launch worker for task 67623" daemon [_thread_blocked, id=18880, stack(0x00007f8f75dd0000,0x00007f8f75ed1000)]
  0x00007f8f9c103800 JavaThread "Executor task launch worker for task 67707" daemon [_thread_blocked, id=18879, stack(0x00007f8f7ad19000,0x00007f8f7ae1a000)]
  0x00007f8f98014000 JavaThread "block-manager-slave-async-thread-pool-85" daemon [_thread_blocked, id=18878, stack(0x00007f8f7a917000,0x00007f8f7aa18000)]
  0x00007f8f9800f000 JavaThread "block-manager-slave-async-thread-pool-84" daemon [_thread_blocked, id=18877, stack(0x00007f8f75fd2000,0x00007f8f760d3000)]
  0x00007f8f9c2ac000 JavaThread "block-manager-slave-async-thread-pool-83" daemon [_thread_blocked, id=18876, stack(0x00007f8f75ed1000,0x00007f8f75fd2000)]
  0x00007f8f94045000 JavaThread "block-manager-ask-thread-pool-24" daemon [_thread_blocked, id=18875, stack(0x00007f8f7a715000,0x00007f8f7a816000)]
  0x00007f8f9403d000 JavaThread "Executor task launch worker for task 65149" daemon [_thread_blocked, id=18874, stack(0x00007f8f79002000,0x00007f8f79103000)]
  0x00007f8f912bd800 JavaThread "broadcast-exchange-83" daemon [_thread_blocked, id=18873, stack(0x00007f8f78f01000,0x00007f8f79002000)]
  0x00007f8f913bf000 JavaThread "broadcast-exchange-82" daemon [_thread_blocked, id=18872, stack(0x00007f8f7a212000,0x00007f8f7a313000)]
  0x00007f8f9403f800 JavaThread "task-result-getter-3" daemon [_thread_blocked, id=18566, stack(0x00007f8f7b51b000,0x00007f8f7b61c000)]
  0x00007f8f9c0de000 JavaThread "task-result-getter-2" daemon [_thread_blocked, id=18565, stack(0x00007f8f7ca1c000,0x00007f8f7cb1d000)]
  0x00007f8f9c0ca800 JavaThread "task-result-getter-1" daemon [_thread_blocked, id=18560, stack(0x00007f8f7cf21000,0x00007f8f7d022000)]
  0x00007f8f94034000 JavaThread "task-result-getter-0" daemon [_thread_blocked, id=18559, stack(0x00007f8f7d222000,0x00007f8f7d323000)]
  0x00007f8f90a21000 JavaThread "org.apache.hadoop.fs.FileSystem$Statistics$StatisticsDataReferenceCleaner" daemon [_thread_blocked, id=18557, stack(0x00007f8f7dcab000,0x00007f8f7ddac000)]
  0x00007f8f90bb2000 JavaThread "SparkListenerBus" daemon [_thread_blocked, id=18555, stack(0x00007f8f7e1ac000,0x00007f8f7e2ad000)]
  0x00007f8f90bae000 JavaThread "context-cleaner-periodic-gc" daemon [_thread_blocked, id=18554, stack(0x00007f8f7e2ad000,0x00007f8f7e3ae000)]
  0x00007f8f90bac000 JavaThread "Spark Context Cleaner" daemon [_thread_blocked, id=18553, stack(0x00007f8f7e3ae000,0x00007f8f7e4af000)]
  0x00007f8f908c3000 JavaThread "shuffle-server-5-1" daemon [_thread_blocked, id=18552, stack(0x00007f8f7e6af000,0x00007f8f7e7b0000)]
  0x00007f8f908bf000 JavaThread "driver-heartbeater" daemon [_thread_blocked, id=18551, stack(0x00007f8f7e7b0000,0x00007f8f7e8b1000)]
  0x00007f8f908fc800 JavaThread "dag-scheduler-event-loop" daemon [_thread_blocked, id=18550, stack(0x00007f8f7e8b1000,0x00007f8f7e9b2000)]
  0x0000000001c1f800 JavaThread "netty-rpc-env-timeout" daemon [_thread_blocked, id=18549, stack(0x00007f8f7e9b2000,0x00007f8f7eab3000)]
  0x00007f8f90a2c000 JavaThread "Timer-0" daemon [_thread_blocked, id=18548, stack(0x00007f8f7eab3000,0x00007f8f7ebb4000)]
  0x00007f8f9c075800 JavaThread "heartbeat-receiver-event-loop-thread" daemon [_thread_blocked, id=18547, stack(0x00007f8f7ebb4000,0x00007f8f7ecb5000)]
  0x00007f8f90913000 JavaThread "SparkUI-37" daemon [_thread_blocked, id=18546, stack(0x00007f8f7ecb5000,0x00007f8f7edb6000)]
  0x00007f8f90911000 JavaThread "SparkUI-36" daemon [_thread_blocked, id=18545, stack(0x00007f8f7edb6000,0x00007f8f7eeb7000)]
  0x00007f8f9090f800 JavaThread "SparkUI-35" daemon [_thread_blocked, id=18544, stack(0x00007f8f7eeb7000,0x00007f8f7efb8000)]
  0x00007f8f9090e000 JavaThread "SparkUI-34" daemon [_thread_blocked, id=18543, stack(0x00007f8f7efb8000,0x00007f8f7f0b9000)]
  0x00007f8f9090c800 JavaThread "SparkUI-33" daemon [_thread_blocked, id=18542, stack(0x00007f8f7f0b9000,0x00007f8f7f1ba000)]
  0x00007f8f907ce000 JavaThread "SparkUI-32" daemon [_thread_blocked, id=18541, stack(0x00007f8f7f1ba000,0x00007f8f7f2bb000)]
  0x00007f8f907cc800 JavaThread "SparkUI-31-acceptor-0@619024fa-Spark@6f57d6b8{HTTP/1.1}{0.0.0.0:4040}" daemon [_thread_in_native, id=18540, stack(0x00007f8f7f2bb000,0x00007f8f7f3bc000)]
  0x00007f8f907cb800 JavaThread "SparkUI-30-selector-ServerConnectorManager@3ad05238/0" daemon [_thread_in_native, id=18539, stack(0x00007f8f7f3bc000,0x00007f8f7f4bd000)]
  0x00007f8f907d5000 JavaThread "refresh progress" daemon [_thread_blocked, id=18537, stack(0x00007f8f7f6bd000,0x00007f8f7f7be000)]
  0x00007f8f90847800 JavaThread "map-output-dispatcher-7" daemon [_thread_blocked, id=18536, stack(0x00007f8f7f9be000,0x00007f8f7fabf000)]
  0x00007f8f90845800 JavaThread "map-output-dispatcher-6" daemon [_thread_blocked, id=18535, stack(0x00007f8f7fabf000,0x00007f8f7fbc0000)]
  0x00007f8f90844000 JavaThread "map-output-dispatcher-5" daemon [_thread_blocked, id=18534, stack(0x00007f8f7fbc0000,0x00007f8f7fcc1000)]
  0x00007f8f9080c800 JavaThread "map-output-dispatcher-4" daemon [_thread_blocked, id=18533, stack(0x00007f8f7fcc1000,0x00007f8f7fdc2000)]
  0x00007f8f9080b800 JavaThread "map-output-dispatcher-3" daemon [_thread_blocked, id=18532, stack(0x00007f8f7fdc2000,0x00007f8f7fec3000)]
  0x00007f8f90826800 JavaThread "map-output-dispatcher-2" daemon [_thread_blocked, id=18531, stack(0x00007f8f7fec3000,0x00007f8f7ffc4000)]
  0x00007f8f90825000 JavaThread "map-output-dispatcher-1" daemon [_thread_blocked, id=18530, stack(0x00007f8f7ffc4000,0x00007f8f800c5000)]
  0x00007f8f9064d800 JavaThread "map-output-dispatcher-0" daemon [_thread_blocked, id=18529, stack(0x00007f8f800c5000,0x00007f8f801c6000)]
  0x00007f8f90790000 JavaThread "rpc-server-3-1" daemon [_thread_blocked, id=18528, stack(0x00007f8f801c6000,0x00007f8f802c7000)]
  0x00007f8f90649800 JavaThread "dispatcher-event-loop-1" daemon [_thread_blocked, id=18527, stack(0x00007f8f806da000,0x00007f8f807db000)]
  0x00007f8f90647800 JavaThread "dispatcher-event-loop-0" daemon [_thread_blocked, id=18526, stack(0x00007f8fa001c000,0x00007f8fa011d000)]
  0x00007f8f84372800 JavaThread "Thread-2" [_thread_blocked, id=18522, stack(0x00007f8fa0760000,0x00007f8fa0861000)]
  0x00007f8fb0d75800 JavaThread "Thread-1" [_thread_in_native, id=18521, stack(0x00007f8fa0861000,0x00007f8fa0962000)]
  0x00007f8fb0d66000 JavaThread "pool-1-thread-1" [_thread_blocked, id=18520, stack(0x00007f8fa0962000,0x00007f8fa0a63000)]
  0x00007f8fb00bb000 JavaThread "Service Thread" daemon [_thread_blocked, id=18518, stack(0x00007f8fb4d59000,0x00007f8fb4e5a000)]
  0x00007f8fb00b7800 JavaThread "C1 CompilerThread1" daemon [_thread_blocked, id=18517, stack(0x00007f8fb4e5a000,0x00007f8fb4f5b000)]
  0x00007f8fb00b5800 JavaThread "C2 CompilerThread0" daemon [_thread_blocked, id=18516, stack(0x00007f8fb4f5b000,0x00007f8fb505c000)]
  0x00007f8fb00b4000 JavaThread "Signal Dispatcher" daemon [_thread_blocked, id=18515, stack(0x00007f8fb505c000,0x00007f8fb515d000)]
  0x00007f8fb0082000 JavaThread "Finalizer" daemon [_thread_blocked, id=18514, stack(0x00007f8fb52f5000,0x00007f8fb53f6000)]
  0x00007f8fb007d000 JavaThread "Reference Handler" daemon [_thread_blocked, id=18513, stack(0x00007f8fb53f6000,0x00007f8fb54f7000)]
  0x00007f8fb0011800 JavaThread "main" [_thread_in_native, id=18511, stack(0x00007f8fb9cfb000,0x00007f8fb9dfc000)]

Other Threads:
=>0x00007f8fb0075800 VMThread [stack: 0x00007f8fb54f7000,0x00007f8fb55f8000] [id=18512]
  0x00007f8fb00bd800 WatcherThread [stack: 0x00007f8fb4c58000,0x00007f8fb4d59000] [id=18519]

VM state:at safepoint (normal execution)

VM Mutex/Monitor currently owned by a thread:  ([mutex/lock_event])
[0x00007f8fb000dc80] Threads_lock - owner thread: 0x00007f8fb0075800
[0x00007f8fb000e180] Heap_lock - owner thread: 0x00007f8f84372800

Heap:
 def new generation   total 137088K, used 0K [0x00000000c0000000, 0x00000000c94b0000, 0x00000000d5550000)
  eden space 121920K,   0% used [0x00000000c0000000, 0x00000000c0000000, 0x00000000c7710000)
  from space 15168K,   0% used [0x00000000c7710000, 0x00000000c7710000, 0x00000000c85e0000)
  to   space 15168K,   0% used [0x00000000c85e0000, 0x00000000c85e0000, 0x00000000c94b0000)
 tenured generation   total 320804K, used 255874K [0x00000000d5550000, 0x00000000e8e99000, 0x0000000100000000)
   the space 320804K,  79% used [0x00000000d5550000, 0x00000000e4f30858, 0x00000000e4f30a00, 0x00000000e8e99000)
 Metaspace       used 78326K, capacity 79898K, committed 80344K, reserved 1118208K
  class space    used 10642K, capacity 10897K, committed 10968K, reserved 1048576K

Card table byte_map: [0x00007f8fb6193000,0x00007f8fb6394000] byte_map_base: 0x00007f8fb5b93000

Polling page: 0x00007f8fb9e07000

CodeCache: size=245760Kb used=49414Kb max_used=49435Kb free=196345Kb
 bounds [0x00007f8fa1000000, 0x00007f8fa40a0000, 0x00007f8fb0000000]
 total_blobs=15040 nmethods=14429 adapters=523
 compilation: enabled

Compilation events (10 events):
Event: 1529.766 Thread 0x00007f8fb00b7800 20967       2       org.apache.spark.sql.execution.SortExec$$anon$1::computePrefix (58 bytes)
Event: 1529.766 Thread 0x00007f8fb00b7800 nmethod 20967 0x00007f8fa406f290 code [0x00007f8fa406f420, 0x00007f8fa406f6b0]
Event: 1529.875 Thread 0x00007f8fb00b5800 nmethod 20962 0x00007f8fa4095150 code [0x00007f8fa4095780, 0x00007f8fa4098828]
Event: 1529.875 Thread 0x00007f8fb00b5800 20963       4       org.apache.spark.util.collection.unsafe.sort.UnsafeExternalSorter$1::<init> (10 bytes)
Event: 1529.884 Thread 0x00007f8fb00b5800 nmethod 20963 0x00007f8fa3618d50 code [0x00007f8fa3618ea0, 0x00007f8fa3618f18]
Event: 1529.894 Thread 0x00007f8fb00b7800 20970       3       org.apache.spark.unsafe.bitset.BitSetMethods::anySet (43 bytes)
Event: 1529.894 Thread 0x00007f8fb00b5800 20968       4       org.apache.spark.util.Utils$$anonfun$getSystemProperties$1::apply (9 bytes)
Event: 1529.898 Thread 0x00007f8fb00b7800 nmethod 20970 0x00007f8fa406ed50 code [0x00007f8fa406eec0, 0x00007f8fa406f170]
Event: 1529.898 Thread 0x00007f8fb00b7800 20969       3       org.apache.spark.sql.catalyst.expressions.UnsafeRow::anyNull (20 bytes)
Event: 1529.898 Thread 0x00007f8fb00b7800 nmethod 20969 0x00007f8fa4046e50 code [0x00007f8fa4046fc0, 0x00007f8fa4047180]

GC Heap History (10 events):
Event: 1528.218 GC heap after
Heap after GC invocations=1869 (full 16):
 def new generation   total 137088K, used 3288K [0x00000000c0000000, 0x00000000c94b0000, 0x00000000d5550000)
  eden space 121920K,   0% used [0x00000000c0000000, 0x00000000c0000000, 0x00000000c7710000)
  from space 15168K,  21% used [0x00000000c85e0000, 0x00000000c89163a8, 0x00000000c94b0000)
  to   space 15168K,   0% used [0x00000000c7710000, 0x00000000c7710000, 0x00000000c85e0000)
 tenured generation   total 304416K, used 283362K [0x00000000d5550000, 0x00000000e7e98000, 0x0000000100000000)
   the space 304416K,  93% used [0x00000000d5550000, 0x00000000e6a08a18, 0x00000000e6a08c00, 0x00000000e7e98000)
 Metaspace       used 78321K, capacity 79898K, committed 80344K, reserved 1118208K
  class space    used 10642K, capacity 10897K, committed 10968K, reserved 1048576K
}
Event: 1528.477 GC heap before
{Heap before GC invocations=1869 (full 16):
 def new generation   total 137088K, used 125208K [0x00000000c0000000, 0x00000000c94b0000, 0x00000000d5550000)
  eden space 121920K, 100% used [0x00000000c0000000, 0x00000000c7710000, 0x00000000c7710000)
  from space 15168K,  21% used [0x00000000c85e0000, 0x00000000c89163a8, 0x00000000c94b0000)
  to   space 15168K,   0% used [0x00000000c7710000, 0x00000000c7710000, 0x00000000c85e0000)
 tenured generation   total 304416K, used 283362K [0x00000000d5550000, 0x00000000e7e98000, 0x0000000100000000)
   the space 304416K,  93% used [0x00000000d5550000, 0x00000000e6a08a18, 0x00000000e6a08c00, 0x00000000e7e98000)
 Metaspace       used 78321K, capacity 79898K, committed 80344K, reserved 1118208K
  class space    used 10642K, capacity 10897K, committed 10968K, reserved 1048576K
Event: 1528.569 GC heap after
Heap after GC invocations=1870 (full 16):
 def new generation   total 137088K, used 3905K [0x00000000c0000000, 0x00000000c94b0000, 0x00000000d5550000)
  eden space 121920K,   0% used [0x00000000c0000000, 0x00000000c0000000, 0x00000000c7710000)
  from space 15168K,  25% used [0x00000000c7710000, 0x00000000c7ae0460, 0x00000000c85e0000)
  to   space 15168K,   0% used [0x00000000c85e0000, 0x00000000c85e0000, 0x00000000c94b0000)
 tenured generation   total 304416K, used 299877K [0x00000000d5550000, 0x00000000e7e98000, 0x0000000100000000)
   the space 304416K,  98% used [0x00000000d5550000, 0x00000000e7a296e8, 0x00000000e7a29800, 0x00000000e7e98000)
 Metaspace       used 78321K, capacity 79898K, committed 80344K, reserved 1118208K
  class space    used 10642K, capacity 10897K, committed 10968K, reserved 1048576K
}
Event: 1528.947 GC heap before
{Heap before GC invocations=1870 (full 16):
 def new generation   total 137088K, used 125825K [0x00000000c0000000, 0x00000000c94b0000, 0x00000000d5550000)
  eden space 121920K, 100% used [0x00000000c0000000, 0x00000000c7710000, 0x00000000c7710000)
  from space 15168K,  25% used [0x00000000c7710000, 0x00000000c7ae0460, 0x00000000c85e0000)
  to   space 15168K,   0% used [0x00000000c85e0000, 0x00000000c85e0000, 0x00000000c94b0000)
 tenured generation   total 304416K, used 299877K [0x00000000d5550000, 0x00000000e7e98000, 0x0000000100000000)
   the space 304416K,  98% used [0x00000000d5550000, 0x00000000e7a296e8, 0x00000000e7a29800, 0x00000000e7e98000)
 Metaspace       used 78322K, capacity 79898K, committed 80344K, reserved 1118208K
  class space    used 10642K, capacity 10897K, committed 10968K, reserved 1048576K
Event: 1528.963 GC heap after
Heap after GC invocations=1871 (full 16):
 def new generation   total 137088K, used 3156K [0x00000000c0000000, 0x00000000c94b0000, 0x00000000d5550000)
  eden space 121920K,   0% used [0x00000000c0000000, 0x00000000c0000000, 0x00000000c7710000)
  from space 15168K,  20% used [0x00000000c85e0000, 0x00000000c88f5148, 0x00000000c94b0000)
  to   space 15168K,   0% used [0x00000000c7710000, 0x00000000c7710000, 0x00000000c85e0000)
 tenured generation   total 304416K, used 300001K [0x00000000d5550000, 0x00000000e7e98000, 0x0000000100000000)
   the space 304416K,  98% used [0x00000000d5550000, 0x00000000e7a485b8, 0x00000000e7a48600, 0x00000000e7e98000)
 Metaspace       used 78322K, capacity 79898K, committed 80344K, reserved 1118208K
  class space    used 10642K, capacity 10897K, committed 10968K, reserved 1048576K
}
Event: 1529.281 GC heap before
{Heap before GC invocations=1871 (full 16):
 def new generation   total 137088K, used 125076K [0x00000000c0000000, 0x00000000c94b0000, 0x00000000d5550000)
  eden space 121920K, 100% used [0x00000000c0000000, 0x00000000c7710000, 0x00000000c7710000)
  from space 15168K,  20% used [0x00000000c85e0000, 0x00000000c88f5148, 0x00000000c94b0000)
  to   space 15168K,   0% used [0x00000000c7710000, 0x00000000c7710000, 0x00000000c85e0000)
 tenured generation   total 304416K, used 300001K [0x00000000d5550000, 0x00000000e7e98000, 0x0000000100000000)
   the space 304416K,  98% used [0x00000000d5550000, 0x00000000e7a485b8, 0x00000000e7a48600, 0x00000000e7e98000)
 Metaspace       used 78322K, capacity 79898K, committed 80344K, reserved 1118208K
  class space    used 10642K, capacity 10897K, committed 10968K, reserved 1048576K
Event: 1529.293 GC heap after
Heap after GC invocations=1872 (full 16):
 def new generation   total 137088K, used 2976K [0x00000000c0000000, 0x00000000c94b0000, 0x00000000d5550000)
  eden space 121920K,   0% used [0x00000000c0000000, 0x00000000c0000000, 0x00000000c7710000)
  from space 15168K,  19% used [0x00000000c7710000, 0x00000000c79f80c8, 0x00000000c85e0000)
  to   space 15168K,   0% used [0x00000000c85e0000, 0x00000000c85e0000, 0x00000000c94b0000)
 tenured generation   total 304416K, used 300417K [0x00000000d5550000, 0x00000000e7e98000, 0x0000000100000000)
   the space 304416K,  98% used [0x00000000d5550000, 0x00000000e7ab0610, 0x00000000e7ab0800, 0x00000000e7e98000)
 Metaspace       used 78322K, capacity 79898K, committed 80344K, reserved 1118208K
  class space    used 10642K, capacity 10897K, committed 10968K, reserved 1048576K
}
Event: 1529.547 GC heap before
{Heap before GC invocations=1872 (full 16):
 def new generation   total 137088K, used 124687K [0x00000000c0000000, 0x00000000c94b0000, 0x00000000d5550000)
  eden space 121920K,  99% used [0x00000000c0000000, 0x00000000c76dbb98, 0x00000000c7710000)
  from space 15168K,  19% used [0x00000000c7710000, 0x00000000c79f80c8, 0x00000000c85e0000)
  to   space 15168K,   0% used [0x00000000c85e0000, 0x00000000c85e0000, 0x00000000c94b0000)
 tenured generation   total 304416K, used 300417K [0x00000000d5550000, 0x00000000e7e98000, 0x0000000100000000)
   the space 304416K,  98% used [0x00000000d5550000, 0x00000000e7ab0610, 0x00000000e7ab0800, 0x00000000e7e98000)
 Metaspace       used 78322K, capacity 79898K, committed 80344K, reserved 1118208K
  class space    used 10642K, capacity 10897K, committed 10968K, reserved 1048576K
Event: 1529.564 GC heap after
Heap after GC invocations=1873 (full 16):
 def new generation   total 137088K, used 3307K [0x00000000c0000000, 0x00000000c94b0000, 0x00000000d5550000)
  eden space 121920K,   0% used [0x00000000c0000000, 0x00000000c0000000, 0x00000000c7710000)
  from space 15168K,  21% used [0x00000000c85e0000, 0x00000000c891ad58, 0x00000000c94b0000)
  to   space 15168K,   0% used [0x00000000c7710000, 0x00000000c7710000, 0x00000000c85e0000)
 tenured generation   total 304416K, used 300475K [0x00000000d5550000, 0x00000000e7e98000, 0x0000000100000000)
   the space 304416K,  98% used [0x00000000d5550000, 0x00000000e7abef08, 0x00000000e7abf000, 0x00000000e7e98000)
 Metaspace       used 78322K, capacity 79898K, committed 80344K, reserved 1118208K
  class space    used 10642K, capacity 10897K, committed 10968K, reserved 1048576K
}
Event: 1529.901 GC heap before
{Heap before GC invocations=1873 (full 16):
 def new generation   total 137088K, used 125227K [0x00000000c0000000, 0x00000000c94b0000, 0x00000000d5550000)
  eden space 121920K, 100% used [0x00000000c0000000, 0x00000000c7710000, 0x00000000c7710000)
  from space 15168K,  21% used [0x00000000c85e0000, 0x00000000c891ad58, 0x00000000c94b0000)
  to   space 15168K,   0% used [0x00000000c7710000, 0x00000000c7710000, 0x00000000c85e0000)
 tenured generation   total 304416K, used 300475K [0x00000000d5550000, 0x00000000e7e98000, 0x0000000100000000)
   the space 304416K,  98% used [0x00000000d5550000, 0x00000000e7abef08, 0x00000000e7abf000, 0x00000000e7e98000)
 Metaspace       used 78326K, capacity 79898K, committed 80344K, reserved 1118208K
  class space    used 10642K, capacity 10897K, committed 10968K, reserved 1048576K

Deoptimization events (10 events):
Event: 1526.171 Thread 0x00007f8f9c103800 Uncommon trap: reason=unstable_if action=reinterpret pc=0x00007f8fa34134f8 method=org.apache.spark.util.collection.unsafe.sort.UnsafeInMemorySorter.getSortedIterator()Lorg/apache/spark/util/collection/unsafe/sort/UnsafeSorterIterator; @ 17
Event: 1526.181 Thread 0x00007f8f9c103800 Uncommon trap: reason=class_check action=maybe_recompile pc=0x00007f8fa3b57644 method=org.apache.spark.sql.catalyst.expressions.SortPrefix.doGenCode(Lorg/apache/spark/sql/catalyst/expressions/codegen/CodegenContext;Lorg/apache/spark/sql/catalyst/expressio
Event: 1526.182 Thread 0x00007f8f9c103800 Uncommon trap: reason=class_check action=maybe_recompile pc=0x00007f8fa25b09fc method=org.apache.spark.sql.execution.SortExec$$anon$1.computePrefix(Lorg/apache/spark/sql/catalyst/InternalRow;)Lorg/apache/spark/sql/execution/UnsafeExternalRowSorter$PrefixC
Event: 1526.184 Thread 0x00007f8f94047000 Uncommon trap: reason=class_check action=maybe_recompile pc=0x00007f8fa3b57644 method=org.apache.spark.sql.catalyst.expressions.SortPrefix.doGenCode(Lorg/apache/spark/sql/catalyst/expressions/codegen/CodegenContext;Lorg/apache/spark/sql/catalyst/expressio
Event: 1526.184 Thread 0x00007f8f94047000 Uncommon trap: reason=class_check action=maybe_recompile pc=0x00007f8fa25b09fc method=org.apache.spark.sql.execution.SortExec$$anon$1.computePrefix(Lorg/apache/spark/sql/catalyst/InternalRow;)Lorg/apache/spark/sql/execution/UnsafeExternalRowSorter$PrefixC
Event: 1526.186 Thread 0x00007f8f94047000 Uncommon trap: reason=class_check action=maybe_recompile pc=0x00007f8fa3b57644 method=org.apache.spark.sql.catalyst.expressions.SortPrefix.doGenCode(Lorg/apache/spark/sql/catalyst/expressions/codegen/CodegenContext;Lorg/apache/spark/sql/catalyst/expressio
Event: 1526.187 Thread 0x00007f8f94047000 Uncommon trap: reason=class_check action=maybe_recompile pc=0x00007f8fa25b09fc method=org.apache.spark.sql.execution.SortExec$$anon$1.computePrefix(Lorg/apache/spark/sql/catalyst/InternalRow;)Lorg/apache/spark/sql/execution/UnsafeExternalRowSorter$PrefixC
Event: 1526.191 Thread 0x00007f8f9c103800 Uncommon trap: reason=class_check action=maybe_recompile pc=0x00007f8fa25b09fc method=org.apache.spark.sql.execution.SortExec$$anon$1.computePrefix(Lorg/apache/spark/sql/catalyst/InternalRow;)Lorg/apache/spark/sql/execution/UnsafeExternalRowSorter$PrefixC
Event: 1526.194 Thread 0x00007f8f94047000 Uncommon trap: reason=class_check action=maybe_recompile pc=0x00007f8fa286b164 method=org.apache.spark.sql.execution.SortExec$$anon$1.computePrefix(Lorg/apache/spark/sql/catalyst/InternalRow;)Lorg/apache/spark/sql/execution/UnsafeExternalRowSorter$PrefixC
Event: 1526.219 Thread 0x00007f8f908fc800 Uncommon trap: reason=unstable_if action=reinterpret pc=0x00007f8fa1f8cabc method=sun.misc.FormattedFloatingDecimal.fillDecimal(I[CIIZ)V @ 188

Classes redefined (0 events):
No events

Internal exceptions (10 events):
Event: 1044.299 Thread 0x00007f8f84372800 Implicit null exception at 0x00007f8fa1b85068 to 0x00007f8fa1b85829
Event: 1197.731 Thread 0x00007f8f9c263000 Implicit null exception at 0x00007f8fa3572cd2 to 0x00007f8fa3573b99
Event: 1197.741 Thread 0x00007f8f9c263000 Implicit null exception at 0x00007f8fa2779a8f to 0x00007f8fa277a92b
Event: 1333.929 Thread 0x00007f8f91a8c800 Implicit null exception at 0x00007f8fa15a9e2b to 0x00007f8fa15b06a5
Event: 1523.802 Thread 0x00007f8f91ee0800 Implicit null exception at 0x00007f8fa33c074d to 0x00007f8fa33c2569
Event: 1523.804 Thread 0x00007f8f91ee0800 Implicit null exception at 0x00007f8fa217f19b to 0x00007f8fa217f5ad
Event: 1523.833 Thread 0x00007f8f91ee0800 Exception <a 'java/lang/NoSuchMethodError': <clinit>> (0x00000000c3a79770) thrown at [/build/openjdk-8-pREaNj/openjdk-8-8u181-b13/src/hotspot/src/share/vm/prims/jni.cpp, line 1613]
Event: 1523.833 Thread 0x00007f8f91ee0800 Implicit null exception at 0x00007f8fa29bf5b8 to 0x00007f8fa29c00dd
Event: 1524.661 Thread 0x00007f8f84372800 Implicit null exception at 0x00007f8fa309f679 to 0x00007f8fa309fc25
Event: 1526.171 Thread 0x00007f8f9c103800 Implicit null exception at 0x00007f8fa34130b6 to 0x00007f8fa34134e1

Events (10 events):
Event: 1528.219 Executing VM operation: GenCollectForAllocation done
Event: 1528.477 Executing VM operation: GenCollectForAllocation
Event: 1528.574 Executing VM operation: GenCollectForAllocation done
Event: 1528.946 Executing VM operation: GenCollectForAllocation
Event: 1528.963 Executing VM operation: GenCollectForAllocation done
Event: 1529.281 Executing VM operation: GenCollectForAllocation
Event: 1529.293 Executing VM operation: GenCollectForAllocation done
Event: 1529.544 Executing VM operation: GenCollectForAllocation
Event: 1529.564 Executing VM operation: GenCollectForAllocation done
Event: 1529.901 Executing VM operation: GenCollectForAllocation


Dynamic libraries:
00400000-00401000 r-xp 00000000 ca:01 256949                             /usr/lib/jvm/java-8-openjdk-amd64/jre/bin/java
00600000-00601000 r--p 00000000 ca:01 256949                             /usr/lib/jvm/java-8-openjdk-amd64/jre/bin/java
00601000-00602000 rw-p 00001000 ca:01 256949                             /usr/lib/jvm/java-8-openjdk-amd64/jre/bin/java
01c00000-01c92000 rw-p 00000000 00:00 0                                  [heap]
c0000000-c94b0000 rw-p 00000000 00:00 0 
c94b0000-d5550000 ---p 00000000 00:00 0 
d5550000-e8e99000 rw-p 00000000 00:00 0 
ef5c7000-100000000 ---p 00000000 00:00 0 
100000000-100ab6000 rw-p 00000000 00:00 0 
100ab6000-140000000 ---p 00000000 00:00 0 
7f8f75dd0000-7f8f75dd3000 ---p 00000000 00:00 0 
7f8f75dd3000-7f8f75ed1000 rw-p 00000000 00:00 0 
7f8f75ed1000-7f8f75ed4000 ---p 00000000 00:00 0 
7f8f75ed4000-7f8f75fd2000 rw-p 00000000 00:00 0 
7f8f75fd2000-7f8f75fd5000 ---p 00000000 00:00 0 
7f8f75fd5000-7f8f760d3000 rw-p 00000000 00:00 0 
7f8f760d3000-7f8f760d6000 ---p 00000000 00:00 0 
7f8f760d6000-7f8f761d4000 rw-p 00000000 00:00 0 
7f8f761d4000-7f8f761d7000 ---p 00000000 00:00 0 
7f8f761d7000-7f8f762d5000 rw-p 00000000 00:00 0 
7f8f762d5000-7f8f762d8000 ---p 00000000 00:00 0 
7f8f762d8000-7f8f763d6000 rw-p 00000000 00:00 0 
7f8f763d6000-7f8f763d9000 ---p 00000000 00:00 0 
7f8f763d9000-7f8f764d7000 rw-p 00000000 00:00 0 
7f8f764d7000-7f8f764da000 ---p 00000000 00:00 0 
7f8f764da000-7f8f765d8000 rw-p 00000000 00:00 0 
7f8f765d8000-7f8f765db000 ---p 00000000 00:00 0 
7f8f765db000-7f8f766d9000 rw-p 00000000 00:00 0 
7f8f766d9000-7f8f766dc000 ---p 00000000 00:00 0 
7f8f766dc000-7f8f767da000 rw-p 00000000 00:00 0 
7f8f767da000-7f8f767dd000 ---p 00000000 00:00 0 
7f8f767dd000-7f8f768db000 rw-p 00000000 00:00 0 
7f8f768db000-7f8f768de000 ---p 00000000 00:00 0 
7f8f768de000-7f8f769dc000 rw-p 00000000 00:00 0 
7f8f779ec000-7f8f779ef000 ---p 00000000 00:00 0 
7f8f779ef000-7f8f77aed000 rw-p 00000000 00:00 0 
7f8f77aed000-7f8f77af0000 ---p 00000000 00:00 0 
7f8f77af0000-7f8f77bee000 rw-p 00000000 00:00 0 
7f8f77bee000-7f8f77bf1000 ---p 00000000 00:00 0 
7f8f77bf1000-7f8f77cef000 rw-p 00000000 00:00 0 
7f8f77cef000-7f8f77cf2000 ---p 00000000 00:00 0 
7f8f77cf2000-7f8f77df0000 rw-p 00000000 00:00 0 
7f8f77df0000-7f8f77df3000 ---p 00000000 00:00 0 
7f8f77df3000-7f8f77ef1000 rw-p 00000000 00:00 0 
7f8f77ef1000-7f8f77ef4000 ---p 00000000 00:00 0 
7f8f77ef4000-7f8f77ff2000 rw-p 00000000 00:00 0 
7f8f77ff2000-7f8f77ff5000 ---p 00000000 00:00 0 
7f8f77ff5000-7f8f780f3000 rw-p 00000000 00:00 0 
7f8f780f3000-7f8f780f6000 ---p 00000000 00:00 0 
7f8f780f6000-7f8f781f4000 rw-p 00000000 00:00 0 
7f8f781f4000-7f8f781f7000 ---p 00000000 00:00 0 
7f8f781f7000-7f8f782f5000 rw-p 00000000 00:00 0 
7f8f784f7000-7f8f784fa000 ---p 00000000 00:00 0 
7f8f784fa000-7f8f785f8000 rw-p 00000000 00:00 0 
7f8f785f8000-7f8f785fb000 ---p 00000000 00:00 0 
7f8f785fb000-7f8f786f9000 rw-p 00000000 00:00 0 
7f8f786f9000-7f8f786fc000 ---p 00000000 00:00 0 
7f8f786fc000-7f8f787fa000 rw-p 00000000 00:00 0 
7f8f787fa000-7f8f787fd000 ---p 00000000 00:00 0 
7f8f787fd000-7f8f788fb000 rw-p 00000000 00:00 0 
7f8f788fb000-7f8f788fe000 ---p 00000000 00:00 0 
7f8f788fe000-7f8f789fc000 rw-p 00000000 00:00 0 
7f8f78cff000-7f8f78d02000 ---p 00000000 00:00 0 
7f8f78d02000-7f8f78e00000 rw-p 00000000 00:00 0 
7f8f78f01000-7f8f78f04000 ---p 00000000 00:00 0 
7f8f78f04000-7f8f79002000 rw-p 00000000 00:00 0 
7f8f79002000-7f8f79005000 ---p 00000000 00:00 0 
7f8f79005000-7f8f792c3000 rw-p 00000000 00:00 0 
7f8f792c3000-7f8f79306000 ---p 00000000 00:00 0 
7f8f79306000-7f8f79404000 rw-p 00000000 00:00 0 
7f8f7a010000-7f8f7a013000 ---p 00000000 00:00 0 
7f8f7a013000-7f8f7a111000 rw-p 00000000 00:00 0 
7f8f7a212000-7f8f7a215000 ---p 00000000 00:00 0 
7f8f7a215000-7f8f7a313000 rw-p 00000000 00:00 0 
7f8f7a313000-7f8f7a316000 ---p 00000000 00:00 0 
7f8f7a316000-7f8f7a614000 rw-p 00000000 00:00 0 
7f8f7a715000-7f8f7a718000 ---p 00000000 00:00 0 
7f8f7a718000-7f8f7a816000 rw-p 00000000 00:00 0 
7f8f7a816000-7f8f7a819000 ---p 00000000 00:00 0 
7f8f7a819000-7f8f7a917000 rw-p 00000000 00:00 0 
7f8f7a917000-7f8f7a91a000 ---p 00000000 00:00 0 
7f8f7a91a000-7f8f7ac18000 rw-p 00000000 00:00 0 
7f8f7ad19000-7f8f7ad1c000 ---p 00000000 00:00 0 
7f8f7ad1c000-7f8f7b01a000 rw-p 00000000 00:00 0 
7f8f7b01a000-7f8f7b21a000 rw-p 00000000 00:00 0 
7f8f7b31b000-7f8f7b51b000 rw-p 00000000 00:00 0 
7f8f7b51b000-7f8f7b51e000 ---p 00000000 00:00 0 
7f8f7b51e000-7f8f7b81c000 rw-p 00000000 00:00 0 
7f8f7b81c000-7f8f7ba1c000 rw-p 00000000 00:00 0 
7f8f7ba1c000-7f8f7bc1c000 rw-p 00000000 00:00 0 
7f8f7bc1c000-7f8f7be1c000 rw-p 00000000 00:00 0 
7f8f7be1c000-7f8f7c01c000 rw-p 00000000 00:00 0 
7f8f7c01c000-7f8f7c21c000 rw-p 00000000 00:00 0 
7f8f7c21c000-7f8f7c41c000 rw-p 00000000 00:00 0 
7f8f7c41c000-7f8f7c61c000 rw-p 00000000 00:00 0 
7f8f7c61c000-7f8f7c81c000 rw-p 00000000 00:00 0 
7f8f7c81c000-7f8f7ca1c000 rw-p 00000000 00:00 0 
7f8f7ca1c000-7f8f7ca1f000 ---p 00000000 00:00 0 
7f8f7ca1f000-7f8f7cb1d000 rw-p 00000000 00:00 0 
7f8f7ce20000-7f8f7ce23000 ---p 00000000 00:00 0 
7f8f7ce23000-7f8f7cf21000 rw-p 00000000 00:00 0 
7f8f7cf21000-7f8f7cf24000 ---p 00000000 00:00 0 
7f8f7cf24000-7f8f7d222000 rw-p 00000000 00:00 0 
7f8f7d222000-7f8f7d225000 ---p 00000000 00:00 0 
7f8f7d225000-7f8f7d323000 rw-p 00000000 00:00 0 
7f8f7d323000-7f8f7d326000 ---p 00000000 00:00 0 
7f8f7d326000-7f8f7d624000 rw-p 00000000 00:00 0 
7f8f7d624000-7f8f7d631000 r-xp 00000000 ca:01 18025                      /tmp/liblz4-java1128251221045487353.so
7f8f7d631000-7f8f7d830000 ---p 0000d000 ca:01 18025                      /tmp/liblz4-java1128251221045487353.so
7f8f7d830000-7f8f7d831000 rw-p 0000c000 ca:01 18025                      /tmp/liblz4-java1128251221045487353.so
7f8f7d831000-7f8f7da31000 rw-p 00000000 00:00 0 
7f8f7daab000-7f8f7dcab000 rw-p 00000000 00:00 0 
7f8f7dcab000-7f8f7dcae000 ---p 00000000 00:00 0 
7f8f7dcae000-7f8f7dfac000 rw-p 00000000 00:00 0 
7f8f7dfac000-7f8f7e1ac000 rw-p 00000000 00:00 0 
7f8f7e1ac000-7f8f7e1af000 ---p 00000000 00:00 0 
7f8f7e1af000-7f8f7e2ad000 rw-p 00000000 00:00 0 
7f8f7e2ad000-7f8f7e2b0000 ---p 00000000 00:00 0 
7f8f7e2b0000-7f8f7e3ae000 rw-p 00000000 00:00 0 
7f8f7e3ae000-7f8f7e3b1000 ---p 00000000 00:00 0 
7f8f7e3b1000-7f8f7e6af000 rw-p 00000000 00:00 0 
7f8f7e6af000-7f8f7e6b2000 ---p 00000000 00:00 0 
7f8f7e6b2000-7f8f7e7b0000 rw-p 00000000 00:00 0 
7f8f7e7b0000-7f8f7e7b3000 ---p 00000000 00:00 0 
7f8f7e7b3000-7f8f7e8b1000 rw-p 00000000 00:00 0 
7f8f7e8b1000-7f8f7e8b4000 ---p 00000000 00:00 0 
7f8f7e8b4000-7f8f7e9b2000 rw-p 00000000 00:00 0 
7f8f7e9b2000-7f8f7e9b5000 ---p 00000000 00:00 0 
7f8f7e9b5000-7f8f7eab3000 rw-p 00000000 00:00 0 
7f8f7eab3000-7f8f7eab6000 ---p 00000000 00:00 0 
7f8f7eab6000-7f8f7ebb4000 rw-p 00000000 00:00 0 
7f8f7ebb4000-7f8f7ebb7000 ---p 00000000 00:00 0 
7f8f7ebb7000-7f8f7ecb5000 rw-p 00000000 00:00 0 
7f8f7ecb5000-7f8f7ecb8000 ---p 00000000 00:00 0 
7f8f7ecb8000-7f8f7edb6000 rw-p 00000000 00:00 0 
7f8f7edb6000-7f8f7edb9000 ---p 00000000 00:00 0 
7f8f7edb9000-7f8f7eeb7000 rw-p 00000000 00:00 0 
7f8f7eeb7000-7f8f7eeba000 ---p 00000000 00:00 0 
7f8f7eeba000-7f8f7efb8000 rw-p 00000000 00:00 0 
7f8f7efb8000-7f8f7efbb000 ---p 00000000 00:00 0 
7f8f7efbb000-7f8f7f0b9000 rw-p 00000000 00:00 0 
7f8f7f0b9000-7f8f7f0bc000 ---p 00000000 00:00 0 
7f8f7f0bc000-7f8f7f1ba000 rw-p 00000000 00:00 0 
7f8f7f1ba000-7f8f7f1bd000 ---p 00000000 00:00 0 
7f8f7f1bd000-7f8f7f2bb000 rw-p 00000000 00:00 0 
7f8f7f2bb000-7f8f7f2be000 ---p 00000000 00:00 0 
7f8f7f2be000-7f8f7f3bc000 rw-p 00000000 00:00 0 
7f8f7f3bc000-7f8f7f3bf000 ---p 00000000 00:00 0 
7f8f7f3bf000-7f8f7f6bd000 rw-p 00000000 00:00 0 
7f8f7f6bd000-7f8f7f6c0000 ---p 00000000 00:00 0 
7f8f7f6c0000-7f8f7f9be000 rw-p 00000000 00:00 0 
7f8f7f9be000-7f8f7f9c1000 ---p 00000000 00:00 0 
7f8f7f9c1000-7f8f7fabf000 rw-p 00000000 00:00 0 
7f8f7fabf000-7f8f7fac2000 ---p 00000000 00:00 0 
7f8f7fac2000-7f8f7fbc0000 rw-p 00000000 00:00 0 
7f8f7fbc0000-7f8f7fbc3000 ---p 00000000 00:00 0 
7f8f7fbc3000-7f8f7fcc1000 rw-p 00000000 00:00 0 
7f8f7fcc1000-7f8f7fcc4000 ---p 00000000 00:00 0 
7f8f7fcc4000-7f8f7fdc2000 rw-p 00000000 00:00 0 
7f8f7fdc2000-7f8f7fdc5000 ---p 00000000 00:00 0 
7f8f7fdc5000-7f8f7fec3000 rw-p 00000000 00:00 0 
7f8f7fec3000-7f8f7fec6000 ---p 00000000 00:00 0 
7f8f7fec6000-7f8f7ffc4000 rw-p 00000000 00:00 0 
7f8f7ffc4000-7f8f7ffc7000 ---p 00000000 00:00 0 
7f8f7ffc7000-7f8f800c5000 rw-p 00000000 00:00 0 
7f8f800c5000-7f8f800c8000 ---p 00000000 00:00 0 
7f8f800c8000-7f8f801c6000 rw-p 00000000 00:00 0 
7f8f801c6000-7f8f801c9000 ---p 00000000 00:00 0 
7f8f801c9000-7f8f802c7000 rw-p 00000000 00:00 0 
7f8f802c7000-7f8f802d8000 r-xp 00000000 ca:01 256909                     /usr/lib/jvm/java-8-openjdk-amd64/jre/lib/amd64/libnio.so
7f8f802d8000-7f8f804d8000 ---p 00011000 ca:01 256909                     /usr/lib/jvm/java-8-openjdk-amd64/jre/lib/amd64/libnio.so
7f8f804d8000-7f8f804d9000 r--p 00011000 ca:01 256909                     /usr/lib/jvm/java-8-openjdk-amd64/jre/lib/amd64/libnio.so
7f8f804d9000-7f8f804da000 rw-p 00012000 ca:01 256909                     /usr/lib/jvm/java-8-openjdk-amd64/jre/lib/amd64/libnio.so
7f8f804da000-7f8f806da000 rw-p 00000000 00:00 0 
7f8f806da000-7f8f806dd000 ---p 00000000 00:00 0 
7f8f806dd000-7f8f809db000 rw-p 00000000 00:00 0 
7f8f809db000-7f8f809f2000 r-xp 00000000 ca:01 1984                       /lib/x86_64-linux-gnu/libresolv-2.23.so
7f8f809f2000-7f8f80bf2000 ---p 00017000 ca:01 1984                       /lib/x86_64-linux-gnu/libresolv-2.23.so
7f8f80bf2000-7f8f80bf3000 r--p 00017000 ca:01 1984                       /lib/x86_64-linux-gnu/libresolv-2.23.so
7f8f80bf3000-7f8f80bf4000 rw-p 00018000 ca:01 1984                       /lib/x86_64-linux-gnu/libresolv-2.23.so
7f8f80bf4000-7f8f80bf6000 rw-p 00000000 00:00 0 
7f8f80bf6000-7f8f80bfb000 r-xp 00000000 ca:01 1990                       /lib/x86_64-linux-gnu/libnss_dns-2.23.so
7f8f80bfb000-7f8f80dfb000 ---p 00005000 ca:01 1990                       /lib/x86_64-linux-gnu/libnss_dns-2.23.so
7f8f80dfb000-7f8f80dfc000 r--p 00005000 ca:01 1990                       /lib/x86_64-linux-gnu/libnss_dns-2.23.so
7f8f80dfc000-7f8f80dfd000 rw-p 00006000 ca:01 1990                       /lib/x86_64-linux-gnu/libnss_dns-2.23.so
7f8f80dfd000-7f8f80dfe000 r-xp 00000000 ca:01 256908                     /usr/lib/jvm/java-8-openjdk-amd64/jre/lib/amd64/libjaas_unix.so
7f8f80dfe000-7f8f80ffd000 ---p 00001000 ca:01 256908                     /usr/lib/jvm/java-8-openjdk-amd64/jre/lib/amd64/libjaas_unix.so
7f8f80ffd000-7f8f80ffe000 r--p 00000000 ca:01 256908                     /usr/lib/jvm/java-8-openjdk-amd64/jre/lib/amd64/libjaas_unix.so
7f8f80ffe000-7f8f80fff000 rw-p 00001000 ca:01 256908                     /usr/lib/jvm/java-8-openjdk-amd64/jre/lib/amd64/libjaas_unix.so
7f8f80fff000-7f8f84000000 rw-p 00000000 00:00 0 
7f8f84000000-7f8f85641000 rw-p 00000000 00:00 0 
7f8f85641000-7f8f88000000 ---p 00000000 00:00 0 
7f8f88000000-7f8f881ef000 rw-p 00000000 00:00 0 
7f8f881ef000-7f8f8c000000 ---p 00000000 00:00 0 
7f8f8c000000-7f8f8c06c000 rw-p 00000000 00:00 0 
7f8f8c06c000-7f8f90000000 ---p 00000000 00:00 0 
7f8f90000000-7f8f9335b000 rw-p 00000000 00:00 0 
7f8f9335b000-7f8f94000000 ---p 00000000 00:00 0 
7f8f94000000-7f8f940a4000 rw-p 00000000 00:00 0 
7f8f940a4000-7f8f98000000 ---p 00000000 00:00 0 
7f8f98000000-7f8f9805a000 rw-p 00000000 00:00 0 
7f8f9805a000-7f8f9c000000 ---p 00000000 00:00 0 
7f8f9c000000-7f8f9c3ff000 rw-p 00000000 00:00 0 
7f8f9c3ff000-7f8fa0000000 ---p 00000000 00:00 0 
7f8fa0002000-7f8fa0004000 r--s 00016000 ca:01 256882                     /usr/lib/jvm/java-8-openjdk-amd64/jre/lib/jce.jar
7f8fa0004000-7f8fa0009000 r--s 0009d000 ca:01 256862                     /usr/lib/jvm/java-8-openjdk-amd64/jre/lib/jsse.jar
7f8fa0009000-7f8fa001c000 r--s 00346000 ca:01 256864                     /usr/lib/jvm/java-8-openjdk-amd64/jre/lib/resources.jar
7f8fa001c000-7f8fa001f000 ---p 00000000 00:00 0 
7f8fa001f000-7f8fa011d000 rw-p 00000000 00:00 0 
7f8fa0156000-7f8fa0356000 rw-p 00000000 00:00 0 
7f8fa0356000-7f8fa0556000 rw-p 00000000 00:00 0 
7f8fa0556000-7f8fa055f000 r-xp 00000000 ca:01 256894                     /usr/lib/jvm/java-8-openjdk-amd64/jre/lib/amd64/libmanagement.so
7f8fa055f000-7f8fa075e000 ---p 00009000 ca:01 256894                     /usr/lib/jvm/java-8-openjdk-amd64/jre/lib/amd64/libmanagement.so
7f8fa075e000-7f8fa075f000 r--p 00008000 ca:01 256894                     /usr/lib/jvm/java-8-openjdk-amd64/jre/lib/amd64/libmanagement.so
7f8fa075f000-7f8fa0760000 rw-p 00009000 ca:01 256894                     /usr/lib/jvm/java-8-openjdk-amd64/jre/lib/amd64/libmanagement.so
7f8fa0760000-7f8fa0763000 ---p 00000000 00:00 0 
7f8fa0763000-7f8fa0861000 rw-p 00000000 00:00 0 
7f8fa0861000-7f8fa0864000 ---p 00000000 00:00 0 
7f8fa0864000-7f8fa0962000 rw-p 00000000 00:00 0 
7f8fa0962000-7f8fa0965000 ---p 00000000 00:00 0 
7f8fa0965000-7f8fa0c63000 rw-p 00000000 00:00 0 
7f8fa0c63000-7f8fa0c7a000 r-xp 00000000 ca:01 256888                     /usr/lib/jvm/java-8-openjdk-amd64/jre/lib/amd64/libnet.so
7f8fa0c7a000-7f8fa0e79000 ---p 00017000 ca:01 256888                     /usr/lib/jvm/java-8-openjdk-amd64/jre/lib/amd64/libnet.so
7f8fa0e79000-7f8fa0e7a000 r--p 00016000 ca:01 256888                     /usr/lib/jvm/java-8-openjdk-amd64/jre/lib/amd64/libnet.so
7f8fa0e7a000-7f8fa0e7b000 rw-p 00017000 ca:01 256888                     /usr/lib/jvm/java-8-openjdk-amd64/jre/lib/amd64/libnet.so
7f8fa0e7b000-7f8fa0e7e000 r--s 00015000 ca:01 261533                     /home/ubuntu/spark-2.1.1-bin-hadoop2.7/jars/javax.servlet-api-3.1.0.jar
7f8fa0e7e000-7f8fa0eaa000 r--s 001c9000 ca:01 261798                     /home/ubuntu/spark-2.1.1-bin-hadoop2.7/jars/shapeless_2.11-2.0.0.jar
7f8fa0eaa000-7f8fa0eb5000 r--s 000b0000 ca:01 261731                     /home/ubuntu/spark-2.1.1-bin-hadoop2.7/jars/jtransforms-2.4.0.jar
7f8fa0eb5000-7f8fa0ebb000 r--s 00043000 ca:01 261858                     /home/ubuntu/spark-2.1.1-bin-hadoop2.7/jars/commons-configuration-1.6.jar
7f8fa0ebb000-7f8fa0ebf000 r--s 00019000 ca:01 261784                     /home/ubuntu/spark-2.1.1-bin-hadoop2.7/jars/javax.ws.rs-api-2.0.1.jar
7f8fa0ebf000-7f8fa0ec1000 r--s 00009000 ca:01 261839                     /home/ubuntu/spark-2.1.1-bin-hadoop2.7/jars/commons-cli-1.2.jar
7f8fa0ec1000-7f8fa0ecb000 r--s 00095000 ca:01 261728                     /home/ubuntu/spark-2.1.1-bin-hadoop2.7/jars/scala-xml_2.11-1.0.2.jar
7f8fa0ecb000-7f8fa0ed0000 r--s 00031000 ca:01 261744                     /home/ubuntu/spark-2.1.1-bin-hadoop2.7/jars/parquet-hadoop-1.8.1.jar
7f8fa0ed0000-7f8fa0ed4000 r--s 00020000 ca:01 261720                     /home/ubuntu/spark-2.1.1-bin-hadoop2.7/jars/commons-digester-1.8.jar
7f8fa0ed4000-7f8fa0ed6000 r--s 00027000 ca:01 261790                     /home/ubuntu/spark-2.1.1-bin-hadoop2.7/jars/core-1.1.2.jar
7f8fa0ed6000-7f8fa0eed000 r--s 00183000 ca:01 261753                     /home/ubuntu/spark-2.1.1-bin-hadoop2.7/jars/hadoop-yarn-common-2.7.3.jar
7f8fa0eed000-7f8fa0eee000 r--s 00004000 ca:01 261711                     /home/ubuntu/spark-2.1.1-bin-hadoop2.7/jars/eigenbase-properties-1.1.5.jar
7f8fa0eee000-7f8fa0ef4000 r--s 00044000 ca:01 261763                     /home/ubuntu/spark-2.1.1-bin-hadoop2.7/jars/antlr4-runtime-4.5.3.jar
7f8fa0ef4000-7f8fa0ef6000 r--s 0000b000 ca:01 261840                     /home/ubuntu/spark-2.1.1-bin-hadoop2.7/jars/chill-java-0.8.0.jar
7f8fa0ef6000-7f8fa0f00000 r--s 00086000 ca:01 261718                     /home/ubuntu/spark-2.1.1-bin-hadoop2.7/jars/json4s-core_2.11-3.2.11.jar
7f8fa0f00000-7f8fa0f02000 r--s 0000f000 ca:01 261566                     /home/ubuntu/spark-2.1.1-bin-hadoop2.7/jars/activation-1.1.1.jar
7f8fa0f02000-7f8fa0f06000 r--s 00031000 ca:01 261583                     /home/ubuntu/spark-2.1.1-bin-hadoop2.7/jars/jline-2.12.1.jar
7f8fa0f06000-7f8fa0f0c000 r--s 00028000 ca:01 261745                     /home/ubuntu/spark-2.1.1-bin-hadoop2.7/jars/curator-framework-2.6.0.jar
7f8fa0f0c000-7f8fa0f19000 r--s 000b1000 ca:01 261545                     /home/ubuntu/spark-2.1.1-bin-hadoop2.7/jars/hadoop-mapreduce-client-common-2.7.3.jar
7f8fa0f19000-7f8fa0f21000 r--s 00066000 ca:01 261732                     /home/ubuntu/spark-2.1.1-bin-hadoop2.7/jars/apache-log4j-extras-1.2.17.jar
7f8fa0f21000-7f8fa0f2f000 r--s 00078000 ca:01 261756                     /home/ubuntu/spark-2.1.1-bin-hadoop2.7/jars/spark-mesos_2.11-2.1.1.jar
7f8fa0f2f000-7f8fa0f5d000 r--s 00212000 ca:01 261712                     /home/ubuntu/spark-2.1.1-bin-hadoop2.7/jars/spark-network-common_2.11-2.1.1.jar
7f8fa0f5d000-7f8fa0f65000 r--s 0006e000 ca:01 261765                     /home/ubuntu/spark-2.1.1-bin-hadoop2.7/jars/commons-lang3-3.5.jar
7f8fa0f65000-7f8fa0f7b000 r--s 001a4000 ca:01 261613                     /home/ubuntu/spark-2.1.1-bin-hadoop2.7/jars/datanucleus-rdbms-3.2.9.jar
7f8fa0f7b000-7f8fa0f8c000 r--s 0010d000 ca:01 261714                     /home/ubuntu/spark-2.1.1-bin-hadoop2.7/jars/jackson-databind-2.6.5.jar
7f8fa0f8c000-7f8fa1000000 r--s 00574000 ca:01 261739                     /home/ubuntu/spark-2.1.1-bin-hadoop2.7/jars/spark-mllib_2.11-2.1.1.jar
7f8fa1000000-7f8fa40a0000 rwxp 00000000 00:00 0 
7f8fa40a0000-7f8fb0000000 ---p 00000000 00:00 0 
7f8fb0000000-7f8fb0dca000 rw-p 00000000 00:00 0 
7f8fb0dca000-7f8fb4000000 ---p 00000000 00:00 0 
7f8fb4000000-7f8fb4002000 r--s 00009000 ca:01 261758                     /home/ubuntu/spark-2.1.1-bin-hadoop2.7/jars/jackson-module-paranamer-2.6.5.jar
7f8fb4002000-7f8fb4026000 r--s 001cd000 ca:01 261855                     /home/ubuntu/spark-2.1.1-bin-hadoop2.7/jars/commons-math3-3.4.1.jar
7f8fb4026000-7f8fb40b1000 r--s 0069e000 ca:01 261713                     /home/ubuntu/spark-2.1.1-bin-hadoop2.7/jars/spark-catalyst_2.11-2.1.1.jar
7f8fb40b1000-7f8fb40b6000 r--s 00041000 ca:01 261740                     /home/ubuntu/spark-2.1.1-bin-hadoop2.7/jars/commons-lang-2.6.jar
7f8fb40b6000-7f8fb40b8000 r--s 00020000 ca:01 261749                     /home/ubuntu/spark-2.1.1-bin-hadoop2.7/jars/hive-beeline-1.2.1.spark2.jar
7f8fb40b8000-7f8fb40bf000 r--s 00049000 ca:01 261736                     /home/ubuntu/spark-2.1.1-bin-hadoop2.7/jars/httpcore-4.4.4.jar
7f8fb40bf000-7f8fb40c1000 r--s 00014000 ca:01 261717                     /home/ubuntu/spark-2.1.1-bin-hadoop2.7/jars/spire-macros_2.11-0.7.4.jar
7f8fb40c1000-7f8fb40c2000 r--s 00001000 ca:01 261621                     /home/ubuntu/spark-2.1.1-bin-hadoop2.7/jars/pmml-schema-1.2.15.jar
7f8fb40c2000-7f8fb40c6000 r--s 00028000 ca:01 261573                     /home/ubuntu/spark-2.1.1-bin-hadoop2.7/jars/jetty-util-6.1.26.jar
7f8fb40c6000-7f8fb40c7000 r--s 00009000 ca:01 261845                     /home/ubuntu/spark-2.1.1-bin-hadoop2.7/jars/slf4j-api-1.7.16.jar
7f8fb40c7000-7f8fb40c8000 r--s 00004000 ca:01 261710                     /home/ubuntu/spark-2.1.1-bin-hadoop2.7/jars/jackson-jaxrs-1.9.13.jar
7f8fb40c8000-7f8fb40ca000 r--s 00012000 ca:01 261803                     /home/ubuntu/spark-2.1.1-bin-hadoop2.7/jars/api-util-1.0.0-M20.jar
7f8fb40ca000-7f8fb40cc000 r--s 00004000 ca:01 261587                     /home/ubuntu/spark-2.1.1-bin-hadoop2.7/jars/stax-api-1.0-2.jar
7f8fb40cc000-7f8fb40cd000 r--s 00009000 ca:01 261830                     /home/ubuntu/spark-2.1.1-bin-hadoop2.7/jars/hive-cli-1.2.1.spark2.jar
7f8fb40cd000-7f8fb40cf000 r--s 0000a000 ca:01 261612                     /home/ubuntu/spark-2.1.1-bin-hadoop2.7/jars/spark-unsafe_2.11-2.1.1.jar
7f8fb40cf000-7f8fb40d3000 r--s 0002a000 ca:01 261747                     /home/ubuntu/spark-2.1.1-bin-hadoop2.7/jars/commons-io-2.4.jar
7f8fb40d3000-7f8fb40db000 r--s 00059000 ca:01 261611                     /home/ubuntu/spark-2.1.1-bin-hadoop2.7/jars/javolution-5.5.1.jar
7f8fb40db000-7f8fb40dc000 r--s 00003000 ca:01 261568                     /home/ubuntu/spark-2.1.1-bin-hadoop2.7/jars/jta-1.1.jar
7f8fb40dc000-7f8fb40df000 r--s 00009000 ca:01 261751                     /home/ubuntu/spark-2.1.1-bin-hadoop2.7/jars/jackson-annotations-2.6.5.jar
7f8fb40df000-7f8fb40fa000 r--s 001d8000 ca:01 261572                     /home/ubuntu/spark-2.1.1-bin-hadoop2.7/jars/jets3t-0.9.3.jar
7f8fb40fa000-7f8fb40ff000 r--s 0002a000 ca:01 261576                     /home/ubuntu/spark-2.1.1-bin-hadoop2.7/jars/commons-beanutils-1.7.0.jar
7f8fb40ff000-7f8fb4101000 r--s 00006000 ca:01 261588                     /home/ubuntu/spark-2.1.1-bin-hadoop2.7/jars/paranamer-2.3.jar
7f8fb4101000-7f8fb4105000 r--s 0002c000 ca:01 261748                     /home/ubuntu/spark-2.1.1-bin-hadoop2.7/jars/avro-ipc-1.7.7.jar
7f8fb4105000-7f8fb4106000 r--s 00003000 ca:01 261594                     /home/ubuntu/spark-2.1.1-bin-hadoop2.7/jars/xmlenc-0.52.jar
7f8fb4106000-7f8fb4123000 r--s 001d5000 ca:01 261860                     /home/ubuntu/spark-2.1.1-bin-hadoop2.7/jars/hadoop-yarn-api-2.7.3.jar
7f8fb4123000-7f8fb4124000 r--s 00004000 ca:01 261716                     /home/ubuntu/spark-2.1.1-bin-hadoop2.7/jars/opencsv-2.3.jar
7f8fb4124000-7f8fb4128000 r--s 00014000 ca:01 261856                     /home/ubuntu/spark-2.1.1-bin-hadoop2.7/jars/xz-1.0.jar
7f8fb4128000-7f8fb412b000 r--s 000fd000 ca:01 261604                     /home/ubuntu/spark-2.1.1-bin-hadoop2.7/jars/leveldbjni-all-1.8.jar
7f8fb412b000-7f8fb4131000 r--s 00063000 ca:01 261849                     /home/ubuntu/spark-2.1.1-bin-hadoop2.7/jars/jodd-core-3.5.2.jar
7f8fb4131000-7f8fb4135000 r--s 00030000 ca:01 261532                     /home/ubuntu/spark-2.1.1-bin-hadoop2.7/jars/commons-net-2.2.jar
7f8fb4135000-7f8fb4139000 r--s 00028000 ca:01 261608                     /home/ubuntu/spark-2.1.1-bin-hadoop2.7/jars/spark-mllib-local_2.11-2.1.1.jar
7f8fb4139000-7f8fb4140000 r--s 0007d000 ca:01 261722                     /home/ubuntu/spark-2.1.1-bin-hadoop2.7/jars/jetty-6.1.26.jar
7f8fb4140000-7f8fb4143000 r--s 0002f000 ca:01 261546                     /home/ubuntu/spark-2.1.1-bin-hadoop2.7/jars/RoaringBitmap-0.5.11.jar
7f8fb4143000-7f8fb4144000 r--s 00004000 ca:01 261866                     /home/ubuntu/spark-2.1.1-bin-hadoop2.7/jars/osgi-resource-locator-1.0.1.jar
7f8fb4144000-7f8fb4165000 r--s 0019b000 ca:01 261796                     /home/ubuntu/spark-2.1.1-bin-hadoop2.7/jars/spark-hive-thriftserver_2.11-2.1.1.jar
7f8fb4165000-7f8fb4168000 r--s 00006000 ca:01 261721                     /home/ubuntu/spark-2.1.1-bin-hadoop2.7/jars/jsr305-1.3.9.jar
7f8fb4168000-7f8fb416f000 r--s 0005d000 ca:01 261793                     /home/ubuntu/spark-2.1.1-bin-hadoop2.7/jars/mx4j-3.0.2.jar
7f8fb416f000-7f8fb4171000 r--s 0000e000 ca:01 261821                     /home/ubuntu/spark-2.1.1-bin-hadoop2.7/jars/guice-servlet-3.0.jar
7f8fb4171000-7f8fb4179000 r--s 0007b000 ca:01 261737                     /home/ubuntu/spark-2.1.1-bin-hadoop2.7/jars/protobuf-java-2.5.0.jar
7f8fb4179000-7f8fb4182000 r--s 00062000 ca:01 261580                     /home/ubuntu/spark-2.1.1-bin-hadoop2.7/jars/avro-1.7.7.jar
7f8fb4182000-7f8fb4184000 r--s 00003000 ca:01 261733                     /home/ubuntu/spark-2.1.1-bin-hadoop2.7/jars/jcl-over-slf4j-1.7.16.jar
7f8fb4184000-7f8fb4254000 r--s 00cf0000 ca:01 261540                     /home/ubuntu/spark-2.1.1-bin-hadoop2.7/jars/breeze_2.11-0.12.jar
7f8fb4254000-7f8fb4255000 r--s 00002000 ca:01 261619                     /home/ubuntu/spark-2.1.1-bin-hadoop2.7/jars/slf4j-log4j12-1.7.16.jar
7f8fb4255000-7f8fb4257000 r--s 00006000 ca:01 261578                     /home/ubuntu/spark-2.1.1-bin-hadoop2.7/jars/spark-sketch_2.11-2.1.1.jar
7f8fb4257000-7f8fb425c000 r--s 00068000 ca:01 261791                     /home/ubuntu/spark-2.1.1-bin-hadoop2.7/jars/antlr-2.7.7.jar
7f8fb425c000-7f8fb425e000 r--s 00000000 ca:01 261759                     /home/ubuntu/spark-2.1.1-bin-hadoop2.7/jars/aopalliance-1.0.jar
7f8fb425e000-7f8fb4260000 r--s 00012000 ca:01 261730                     /home/ubuntu/spark-2.1.1-bin-hadoop2.7/jars/compress-lzf-1.0.3.jar
7f8fb4260000-7f8fb426d000 r--s 0009e000 ca:01 261822                     /home/ubuntu/spark-2.1.1-bin-hadoop2.7/jars/spark-graphx_2.11-2.1.1.jar
7f8fb426d000-7f8fb4272000 r--s 00028000 ca:01 261841                     /home/ubuntu/spark-2.1.1-bin-hadoop2.7/jars/avro-mapred-1.7.7-hadoop2.jar
7f8fb4272000-7f8fb4288000 r--s 00124000 ca:01 261833                     /home/ubuntu/spark-2.1.1-bin-hadoop2.7/jars/ivy-2.4.0.jar
7f8fb4288000-7f8fb4290000 r--s 00078000 ca:01 261805                     /home/ubuntu/spark-2.1.1-bin-hadoop2.7/jars/mail-1.4.7.jar
7f8fb4290000-7f8fb4295000 r--s 0004e000 ca:01 261582                     /home/ubuntu/spark-2.1.1-bin-hadoop2.7/jars/datanucleus-api-jdo-3.2.6.jar
7f8fb4295000-7f8fb436d000 r--s 00a88000 ca:01 261543                     /home/ubuntu/spark-2.1.1-bin-hadoop2.7/jars/spark-core_2.11-2.1.1.jar
7f8fb436d000-7f8fb4385000 r--s 001b6000 ca:01 261569                     /home/ubuntu/spark-2.1.1-bin-hadoop2.7/jars/datanucleus-core-3.2.10.jar
7f8fb4385000-7f8fb4399000 r--s 000ec000 ca:01 261539                     /home/ubuntu/spark-2.1.1-bin-hadoop2.7/jars/parquet-jackson-1.8.1.jar
7f8fb4399000-7f8fb439b000 r--s 0000e000 ca:01 261785                     /home/ubuntu/spark-2.1.1-bin-hadoop2.7/jars/hadoop-mapreduce-client-jobclient-2.7.3.jar
7f8fb439b000-7f8fb439d000 r--s 0000e000 ca:01 261536                     /home/ubuntu/spark-2.1.1-bin-hadoop2.7/jars/oro-2.0.8.jar
7f8fb439d000-7f8fb439f000 r--s 00003000 ca:01 261826                     /home/ubuntu/spark-2.1.1-bin-hadoop2.7/jars/JavaEWAH-0.3.2.jar
7f8fb439f000-7f8fb43a1000 r--s 0000f000 ca:01 261757                     /home/ubuntu/spark-2.1.1-bin-hadoop2.7/jars/spark-launcher_2.11-2.1.1.jar
7f8fb43a1000-7f8fb43c3000 r--s 00335000 ca:01 261750                     /home/ubuntu/spark-2.1.1-bin-hadoop2.7/jars/mesos-1.0.0-shaded-protobuf.jar
7f8fb43c3000-7f8fb43c4000 r--s 00001000 ca:01 261610                     /home/ubuntu/spark-2.1.1-bin-hadoop2.7/jars/minlog-1.3.0.jar
7f8fb43c4000-7f8fb43c7000 r--s 0001a000 ca:01 261834                     /home/ubuntu/spark-2.1.1-bin-hadoop2.7/jars/py4j-0.10.4.jar
7f8fb43c7000-7f8fb43c8000 r--s 00009000 ca:01 261601                     /home/ubuntu/spark-2.1.1-bin-hadoop2.7/jars/json4s-jackson_2.11-3.2.11.jar
7f8fb43c8000-7f8fb43ca000 r--s 0000d000 ca:01 261725                     /home/ubuntu/spark-2.1.1-bin-hadoop2.7/jars/hadoop-yarn-server-web-proxy-2.7.3.jar
7f8fb43ca000-7f8fb442d000 r--s 004de000 ca:01 261719                     /home/ubuntu/spark-2.1.1-bin-hadoop2.7/jars/hive-metastore-1.2.1.spark2.jar
7f8fb442d000-7f8fb4434000 r--s 00039000 ca:01 261727                     /home/ubuntu/spark-2.1.1-bin-hadoop2.7/jars/calcite-avatica-1.2.0-incubating.jar
7f8fb4434000-7f8fb443b000 r--s 0003f000 ca:01 261603                     /home/ubuntu/spark-2.1.1-bin-hadoop2.7/jars/commons-codec-1.10.jar
7f8fb443b000-7f8fb443d000 r--s 00100000 ca:01 261842                     /home/ubuntu/spark-2.1.1-bin-hadoop2.7/jars/snappy-java-1.1.2.6.jar
7f8fb443d000-7f8fb4441000 r--s 00029000 ca:01 261591                     /home/ubuntu/spark-2.1.1-bin-hadoop2.7/jars/hk2-locator-2.4.0-b34.jar
7f8fb4441000-7f8fb4444000 r--s 0000d000 ca:01 261742                     /home/ubuntu/spark-2.1.1-bin-hadoop2.7/jars/spark-network-shuffle_2.11-2.1.1.jar
7f8fb4444000-7f8fb4445000 r--s 00006000 ca:01 261788                     /home/ubuntu/spark-2.1.1-bin-hadoop2.7/jars/jackson-xc-1.9.13.jar
7f8fb4445000-7f8fb445b000 r--s 000d1000 ca:01 261585                     /home/ubuntu/spark-2.1.1-bin-hadoop2.7/jars/parquet-column-1.8.1.jar
7f8fb445b000-7f8fb4480000 rw-p 00000000 00:00 0 
7f8fb4480000-7f8fb458c000 r--s 00dba000 ca:01 261859                     /home/ubuntu/spark-2.1.1-bin-hadoop2.7/jars/scala-compiler-2.11.8.jar
7f8fb458c000-7f8fb458d000 r--s 00002000 ca:01 261764                     /home/ubuntu/spark-2.1.1-bin-hadoop2.7/jars/jpam-1.1.jar
7f8fb458d000-7f8fb459c000 r--s 0009f000 ca:01 261734                     /home/ubuntu/spark-2.1.1-bin-hadoop2.7/jars/guice-3.0.jar
7f8fb459c000-7f8fb45b5000 r--s 00150000 ca:01 261626                     /home/ubuntu/spark-2.1.1-bin-hadoop2.7/jars/htrace-core-3.1.0-incubating.jar
7f8fb45b5000-7f8fb45cb000 r--s 000d3000 ca:01 261625                     /home/ubuntu/spark-2.1.1-bin-hadoop2.7/jars/jersey-server-2.22.2.jar
7f8fb45cb000-7f8fb45cd000 r--s 00008000 ca:01 261581                     /home/ubuntu/spark-2.1.1-bin-hadoop2.7/jars/parquet-common-1.8.1.jar
7f8fb45cd000-7f8fb45cf000 r--s 00002000 ca:01 261606                     /home/ubuntu/spark-2.1.1-bin-hadoop2.7/jars/aopalliance-repackaged-2.4.0-b34.jar
7f8fb45cf000-7f8fb45d3000 r--s 0003c000 ca:01 261854                     /home/ubuntu/spark-2.1.1-bin-hadoop2.7/jars/jackson-core-2.6.5.jar
7f8fb45d3000-7f8fb45de000 r--s 00062000 ca:01 261729                     /home/ubuntu/spark-2.1.1-bin-hadoop2.7/jars/calcite-linq4j-1.2.0-incubating.jar
7f8fb45de000-7f8fb4614000 r--s 0031c000 ca:01 261565                     /home/ubuntu/spark-2.1.1-bin-hadoop2.7/jars/hadoop-common-2.7.3.jar
7f8fb4614000-7f8fb4618000 r--s 0001a000 ca:01 261579                     /home/ubuntu/spark-2.1.1-bin-hadoop2.7/jars/hk2-utils-2.4.0-b34.jar
7f8fb4618000-7f8fb4624000 r--s 000b6000 ca:01 261831                     /home/ubuntu/spark-2.1.1-bin-hadoop2.7/jars/zookeeper-3.4.6.jar
7f8fb4624000-7f8fb462a000 r--s 00040000 ca:01 261709                     /home/ubuntu/spark-2.1.1-bin-hadoop2.7/jars/parquet-encoding-1.8.1.jar
7f8fb462a000-7f8fb462f000 r--s 00036000 ca:01 261574                     /home/ubuntu/spark-2.1.1-bin-hadoop2.7/jars/commons-compress-1.4.1.jar
7f8fb462f000-7f8fb465c000 r--s 001d4000 ca:01 261863                     /home/ubuntu/spark-2.1.1-bin-hadoop2.7/jars/spark-streaming_2.11-2.1.1.jar
7f8fb465c000-7f8fb465f000 r--s 00022000 ca:01 261806                     /home/ubuntu/spark-2.1.1-bin-hadoop2.7/jars/stringtemplate-3.2.1.jar
7f8fb465f000-7f8fb4666000 r--s 00036000 ca:01 261624                     /home/ubuntu/spark-2.1.1-bin-hadoop2.7/jars/curator-recipes-2.6.0.jar
7f8fb4666000-7f8fb466a000 r--s 00029000 ca:01 261548                     /home/ubuntu/spark-2.1.1-bin-hadoop2.7/jars/breeze-macros_2.11-0.12.jar
7f8fb466a000-7f8fb466e000 r--s 00036000 ca:01 261851                     /home/ubuntu/spark-2.1.1-bin-hadoop2.7/jars/ST4-4.0.4.jar
7f8fb466e000-7f8fb4672000 r--s 00018000 ca:01 261584                     /home/ubuntu/spark-2.1.1-bin-hadoop2.7/jars/metrics-core-3.1.2.jar
7f8fb4672000-7f8fb4680000 r--s 000b1000 ca:01 261754                     /home/ubuntu/spark-2.1.1-bin-hadoop2.7/jars/jackson-mapper-asl-1.9.13.jar
7f8fb4680000-7f8fb4690000 r--s 000a0000 ca:01 261599                     /home/ubuntu/spark-2.1.1-bin-hadoop2.7/jars/spark-yarn_2.11-2.1.1.jar
7f8fb4690000-7f8fb4691000 r--s 00003000 ca:01 261590                     /home/ubuntu/spark-2.1.1-bin-hadoop2.7/jars/spark-tags_2.11-2.1.1.jar
7f8fb4691000-7f8fb46a3000 r--s 00097000 ca:01 261804                     /home/ubuntu/spark-2.1.1-bin-hadoop2.7/jars/apacheds-kerberos-codec-2.0.0-M15.jar
7f8fb46a3000-7f8fb46a6000 r--s 00017000 ca:01 261800                     /home/ubuntu/spark-2.1.1-bin-hadoop2.7/jars/jaxb-api-2.2.2.jar
7f8fb46a6000-7f8fb46a8000 r--s 00009000 ca:01 261848                     /home/ubuntu/spark-2.1.1-bin-hadoop2.7/jars/objenesis-2.1.jar
7f8fb46a8000-7f8fb4713000 r--s 00784000 ca:01 261535                     /home/ubuntu/spark-2.1.1-bin-hadoop2.7/jars/hadoop-hdfs-2.7.3.jar
7f8fb4713000-7f8fb4715000 r--s 00010000 ca:01 261752                     /home/ubuntu/spark-2.1.1-bin-hadoop2.7/jars/jersey-media-jaxb-2.22.2.jar
7f8fb4715000-7f8fb4722000 r--s 00083000 ca:01 261598                     /home/ubuntu/spark-2.1.1-bin-hadoop2.7/jars/commons-collections-3.2.2.jar
7f8fb4722000-7f8fb4729000 r--s 00051000 ca:01 261542                     /home/ubuntu/spark-2.1.1-bin-hadoop2.7/jars/kryo-shaded-3.0.3.jar
7f8fb4729000-7f8fb4760000 r--s 00325000 ca:01 261802                     /home/ubuntu/spark-2.1.1-bin-hadoop2.7/jars/calcite-core-1.2.0-incubating.jar
7f8fb4760000-7f8fb4763000 r--s 00012000 ca:01 261602                     /home/ubuntu/spark-2.1.1-bin-hadoop2.7/jars/json4s-ast_2.11-3.2.11.jar
7f8fb4763000-7f8fb4765000 r--s 0000e000 ca:01 261794                     /home/ubuntu/spark-2.1.1-bin-hadoop2.7/jars/commons-logging-1.1.3.jar
7f8fb4765000-7f8fb480e000 r--s 00a4f000 ca:01 261801                     /home/ubuntu/spark-2.1.1-bin-hadoop2.7/jars/hive-exec-1.2.1.spark2.jar
7f8fb480e000-7f8fb480f000 r--s 0000b000 ca:01 261631                     /home/ubuntu/spark-2.1.1-bin-hadoop2.7/jars/snappy-0.2.jar
7f8fb480f000-7f8fb4812000 r--s 00028000 ca:01 261541                     /home/ubuntu/spark-2.1.1-bin-hadoop2.7/jars/stream-2.7.0.jar
7f8fb4812000-7f8fb4846000 r--s 00277000 ca:01 261592                     /home/ubuntu/spark-2.1.1-bin-hadoop2.7/jars/parquet-hadoop-bundle-1.6.0.jar
7f8fb4846000-7f8fb484a000 r--s 0000c000 ca:01 261617                     /home/ubuntu/spark-2.1.1-bin-hadoop2.7/jars/validation-api-1.1.0.Final.jar
7f8fb484a000-7f8fb4873000 r--s 001ee000 ca:01 261862                     /home/ubuntu/spark-2.1.1-bin-hadoop2.7/jars/guava-14.0.1.jar
7f8fb4873000-7f8fb4880000 r--s 00071000 ca:01 261832                     /home/ubuntu/spark-2.1.1-bin-hadoop2.7/jars/jackson-module-scala_2.11-2.6.5.jar
7f8fb4880000-7f8fb4899000 r--s 00114000 ca:01 261577                     /home/ubuntu/spark-2.1.1-bin-hadoop2.7/jars/spark-hive_2.11-2.1.1.jar
7f8fb4899000-7f8fb48b1000 r--s 00115000 ca:01 261824                     /home/ubuntu/spark-2.1.1-bin-hadoop2.7/jars/netty-3.8.0.Final.jar
7f8fb48b1000-7f8fb490a000 r--s 00522000 ca:01 261865                     /home/ubuntu/spark-2.1.1-bin-hadoop2.7/jars/scala-library-2.11.8.jar
7f8fb490a000-7f8fb4911000 r--s 00049000 ca:01 261852                     /home/ubuntu/spark-2.1.1-bin-hadoop2.7/jars/univocity-parsers-2.2.1.jar
7f8fb4911000-7f8fb495d000 r--s 00411000 ca:01 261857                     /home/ubuntu/spark-2.1.1-bin-hadoop2.7/jars/scala-reflect-2.11.8.jar
7f8fb495d000-7f8fb496b000 r--s 0009d000 ca:01 261614                     /home/ubuntu/spark-2.1.1-bin-hadoop2.7/jars/jersey-common-2.22.2.jar
7f8fb496b000-7f8fb4975000 r--s 000aa000 ca:01 261762                     /home/ubuntu/spark-2.1.1-bin-hadoop2.7/jars/janino-3.0.0.jar
7f8fb4975000-7f8fb4976000 r--s 00008000 ca:01 261844                     /home/ubuntu/spark-2.1.1-bin-hadoop2.7/jars/commons-compiler-3.0.0.jar
7f8fb4976000-7f8fb497f000 r--s 00097000 ca:01 261837                     /home/ubuntu/spark-2.1.1-bin-hadoop2.7/jars/pmml-model-1.2.15.jar
7f8fb497f000-7f8fb4981000 r--s 00005000 ca:01 261741                     /home/ubuntu/spark-2.1.1-bin-hadoop2.7/jars/stax-api-1.0.1.jar
7f8fb4981000-7f8fb4985000 r--s 00035000 ca:01 261597                     /home/ubuntu/spark-2.1.1-bin-hadoop2.7/jars/jackson-core-asl-1.9.13.jar
7f8fb4985000-7f8fb4988000 r--s 00019000 ca:01 261530                     /home/ubuntu/spark-2.1.1-bin-hadoop2.7/jars/bonecp-0.8.0.RELEASE.jar
7f8fb4988000-7f8fb498a000 r--s 00038000 ca:01 261789                     /home/ubuntu/spark-2.1.1-bin-hadoop2.7/jars/lz4-1.3.0.jar
7f8fb498a000-7f8fb49a3000 r--s 00164000 ca:01 261738                     /home/ubuntu/spark-2.1.1-bin-hadoop2.7/jars/hadoop-mapreduce-client-core-2.7.3.jar
7f8fb49a3000-7f8fb49a6000 r--s 00026000 ca:01 261792                     /home/ubuntu/spark-2.1.1-bin-hadoop2.7/jars/hadoop-yarn-client-2.7.3.jar
7f8fb49a6000-7f8fb49a8000 r--s 00017000 ca:01 261607                     /home/ubuntu/spark-2.1.1-bin-hadoop2.7/jars/hive-jdbc-1.2.1.spark2.jar
7f8fb49a8000-7f8fb4a29000 r--s 005d9000 ca:01 261746                     /home/ubuntu/spark-2.1.1-bin-hadoop2.7/jars/spark-sql_2.11-2.1.1.jar
7f8fb4a29000-7f8fb4a2a000 r--s 00006000 ca:01 261755                     /home/ubuntu/spark-2.1.1-bin-hadoop2.7/jars/hadoop-client-2.7.3.jar
7f8fb4a2a000-7f8fb4a31000 r--s 00058000 ca:01 261609                     /home/ubuntu/spark-2.1.1-bin-hadoop2.7/jars/hadoop-yarn-server-common-2.7.3.jar
7f8fb4a31000-7f8fb4a32000 r--s 0000a000 ca:01 261616                     /home/ubuntu/spark-2.1.1-bin-hadoop2.7/jars/apacheds-i18n-2.0.0-M15.jar
7f8fb4a32000-7f8fb4a33000 r--s 00000000 ca:01 261600                     /home/ubuntu/spark-2.1.1-bin-hadoop2.7/jars/javax.inject-1.jar
7f8fb4a33000-7f8fb4a39000 r--s 00045000 ca:01 261605                     /home/ubuntu/spark-2.1.1-bin-hadoop2.7/jars/commons-httpclient-3.1.jar
7f8fb4a39000-7f8fb4a46000 r--s 000a7000 ca:01 261627                     /home/ubuntu/spark-2.1.1-bin-hadoop2.7/jars/httpclient-4.5.2.jar
7f8fb4a46000-7f8fb4a48000 r--s 0001f000 ca:01 261825                     /home/ubuntu/spark-2.1.1-bin-hadoop2.7/jars/commons-crypto-1.0.0.jar
7f8fb4a48000-7f8fb4a4d000 r--s 0002a000 ca:01 261735                     /home/ubuntu/spark-2.1.1-bin-hadoop2.7/jars/gson-2.2.4.jar
7f8fb4a4d000-7f8fb4a8d000 r--s 00277000 ca:01 261767                     /home/ubuntu/spark-2.1.1-bin-hadoop2.7/jars/bcprov-jdk15on-1.51.jar
7f8fb4a8d000-7f8fb4a90000 r--s 00016000 ca:01 261593                     /home/ubuntu/spark-2.1.1-bin-hadoop2.7/jars/jsp-api-2.1.jar
7f8fb4a90000-7f8fb4a91000 r--s 00001000 ca:01 261838                     /home/ubuntu/spark-2.1.1-bin-hadoop2.7/jars/javax.inject-2.4.0-b34.jar
7f8fb4a91000-7f8fb4a92000 r--s 00002000 ca:01 261586                     /home/ubuntu/spark-2.1.1-bin-hadoop2.7/jars/java-xmlbuilder-1.0.jar
7f8fb4a92000-7f8fb4a94000 r--s 00015000 ca:01 261547                     /home/ubuntu/spark-2.1.1-bin-hadoop2.7/jars/hadoop-auth-2.7.3.jar
7f8fb4a94000-7f8fb4a98000 r--s 0002f000 ca:01 261795                     /home/ubuntu/spark-2.1.1-bin-hadoop2.7/jars/commons-beanutils-core-1.8.0.jar
7f8fb4a98000-7f8fb4ac7000 r--s 002e5000 ca:01 261846                     /home/ubuntu/spark-2.1.1-bin-hadoop2.7/jars/derby-10.12.1.1.jar
7f8fb4ac7000-7f8fb4ac9000 r--s 00008000 ca:01 261544                     /home/ubuntu/spark-2.1.1-bin-hadoop2.7/jars/metrics-jvm-3.1.2.jar
7f8fb4ac9000-7f8fb4acc000 r--s 00015000 ca:01 261723                     /home/ubuntu/spark-2.1.1-bin-hadoop2.7/jars/pyrolite-4.13.jar
7f8fb4acc000-7f8fb4ace000 r--s 0000e000 ca:01 261760                     /home/ubuntu/spark-2.1.1-bin-hadoop2.7/jars/spark-repl_2.11-2.1.1.jar
7f8fb4ace000-7f8fb4ad7000 r--s 0006f000 ca:01 261724                     /home/ubuntu/spark-2.1.1-bin-hadoop2.7/jars/log4j-1.2.17.jar
7f8fb4ad7000-7f8fb4adb000 r--s 00025000 ca:01 261850                     /home/ubuntu/spark-2.1.1-bin-hadoop2.7/jars/jersey-client-2.22.2.jar
7f8fb4adb000-7f8fb4ae2000 r--s 00058000 ca:01 261589                     /home/ubuntu/spark-2.1.1-bin-hadoop2.7/jars/parquet-format-2.3.0-incubating.jar
7f8fb4ae2000-7f8fb4ae4000 r--s 00003000 ca:01 261615                     /home/ubuntu/spark-2.1.1-bin-hadoop2.7/jars/api-asn1-api-1.0.0-M20.jar
7f8fb4ae4000-7f8fb4aee000 r--s 0007b000 ca:01 261847                     /home/ubuntu/spark-2.1.1-bin-hadoop2.7/jars/hadoop-mapreduce-client-app-2.7.3.jar
7f8fb4aee000-7f8fb4af1000 r--s 0000e000 ca:01 261575                     /home/ubuntu/spark-2.1.1-bin-hadoop2.7/jars/jersey-container-servlet-core-2.22.2.jar
7f8fb4af1000-7f8fb4af5000 r--s 00025000 ca:01 261538                     /home/ubuntu/spark-2.1.1-bin-hadoop2.7/jars/antlr-runtime-3.4.jar
7f8fb4af5000-7f8fb4b06000 r--s 00089000 ca:01 261623                     /home/ubuntu/spark-2.1.1-bin-hadoop2.7/jars/joda-time-2.9.3.jar
7f8fb4b06000-7f8fb4b08000 r--s 00005000 ca:01 261743                     /home/ubuntu/spark-2.1.1-bin-hadoop2.7/jars/javax.annotation-api-1.2.jar
7f8fb4b08000-7f8fb4b0d000 r--s 00032000 ca:01 261864                     /home/ubuntu/spark-2.1.1-bin-hadoop2.7/jars/chill_2.11-0.8.0.jar
7f8fb4b0d000-7f8fb4b18000 r--s 0005d000 ca:01 261853                     /home/ubuntu/spark-2.1.1-bin-hadoop2.7/jars/scala-parser-combinators_2.11-1.0.4.jar
7f8fb4b18000-7f8fb4b2a000 r--s 00112000 ca:01 261835                     /home/ubuntu/spark-2.1.1-bin-hadoop2.7/jars/arpack_combined_all-0.1.jar
7f8fb4b2a000-7f8fb4b42000 r--s 000d6000 ca:01 261571                     /home/ubuntu/spark-2.1.1-bin-hadoop2.7/jars/jersey-guava-2.22.2.jar
7f8fb4b42000-7f8fb4b48000 r--s 0002c000 ca:01 261828                     /home/ubuntu/spark-2.1.1-bin-hadoop2.7/jars/jdo-api-3.0.1.jar
7f8fb4b48000-7f8fb4b4f000 r--s 00046000 ca:01 261797                     /home/ubuntu/spark-2.1.1-bin-hadoop2.7/jars/libfb303-0.9.3.jar
7f8fb4b4f000-7f8fb4b51000 r--s 00010000 ca:01 261622                     /home/ubuntu/spark-2.1.1-bin-hadoop2.7/jars/hadoop-mapreduce-client-shuffle-2.7.3.jar
7f8fb4b51000-7f8fb4b53000 r--s 00000000 ca:01 261836                     /home/ubuntu/spark-2.1.1-bin-hadoop2.7/jars/jul-to-slf4j-1.7.16.jar
7f8fb4b53000-7f8fb4b56000 r--s 00014000 ca:01 261761                     /home/ubuntu/spark-2.1.1-bin-hadoop2.7/jars/super-csv-2.2.0.jar
7f8fb4b56000-7f8fb4b68000 r--s 000b3000 ca:01 261829                     /home/ubuntu/spark-2.1.1-bin-hadoop2.7/jars/scalap-2.11.8.jar
7f8fb4b68000-7f8fb4b6a000 r--s 00003000 ca:01 261843                     /home/ubuntu/spark-2.1.1-bin-hadoop2.7/jars/base64-2.3.8.jar
7f8fb4b6a000-7f8fb4b6c000 r--s 00003000 ca:01 261570                     /home/ubuntu/spark-2.1.1-bin-hadoop2.7/jars/jersey-container-servlet-2.22.2.jar
7f8fb4b6c000-7f8fb4b76000 r--s 000a5000 ca:01 261766                     /home/ubuntu/spark-2.1.1-bin-hadoop2.7/jars/javassist-3.18.1-GA.jar
7f8fb4b76000-7f8fb4b77000 r--s 00009000 ca:01 261534                     /home/ubuntu/spark-2.1.1-bin-hadoop2.7/jars/hadoop-annotations-2.7.3.jar
7f8fb4b77000-7f8fb4b8f000 r--s 00115000 ca:01 261537                     /home/ubuntu/spark-2.1.1-bin-hadoop2.7/jars/xercesImpl-2.9.1.jar
7f8fb4b8f000-7f8fb4b92000 r--s 00021000 ca:01 261596                     /home/ubuntu/spark-2.1.1-bin-hadoop2.7/jars/xbean-asm5-shaded-4.4.jar
7f8fb4b92000-7f8fb4b95000 r--s 00025000 ca:01 261618                     /home/ubuntu/spark-2.1.1-bin-hadoop2.7/jars/commons-dbcp-1.4.jar
7f8fb4b95000-7f8fb4bbc000 r--s 0020f000 ca:01 261726                     /home/ubuntu/spark-2.1.1-bin-hadoop2.7/jars/netty-all-4.0.42.Final.jar
7f8fb4bbc000-7f8fb4bbf000 r--s 00015000 ca:01 261620                     /home/ubuntu/spark-2.1.1-bin-hadoop2.7/jars/commons-pool-1.5.4.jar
7f8fb4bbf000-7f8fb4c14000 r--s 0069c000 ca:01 261595                     /home/ubuntu/spark-2.1.1-bin-hadoop2.7/jars/spire_2.11-0.7.4.jar
7f8fb4c14000-7f8fb4c16000 r--s 00004000 ca:01 261787                     /home/ubuntu/spark-2.1.1-bin-hadoop2.7/jars/metrics-graphite-3.1.2.jar
7f8fb4c16000-7f8fb4c17000 r--s 00003000 ca:01 261827                     /home/ubuntu/spark-2.1.1-bin-hadoop2.7/jars/metrics-json-3.1.2.jar
7f8fb4c17000-7f8fb4c1c000 r--s 00027000 ca:01 261861                     /home/ubuntu/spark-2.1.1-bin-hadoop2.7/jars/hk2-api-2.4.0-b34.jar
7f8fb4c1c000-7f8fb4c22000 r--s 00034000 ca:01 261799                     /home/ubuntu/spark-2.1.1-bin-hadoop2.7/jars/libthrift-0.9.3.jar
7f8fb4c22000-7f8fb4c3d000 r--s 001d6000 ca:01 256870                     /usr/lib/jvm/java-8-openjdk-amd64/jre/lib/ext/nashorn.jar
7f8fb4c3d000-7f8fb4c58000 r--s 00394000 ca:01 256871                     /usr/lib/jvm/java-8-openjdk-amd64/jre/lib/ext/cldrdata.jar
7f8fb4c58000-7f8fb4c59000 ---p 00000000 00:00 0 
7f8fb4c59000-7f8fb4d59000 rw-p 00000000 00:00 0 
7f8fb4d59000-7f8fb4d5c000 ---p 00000000 00:00 0 
7f8fb4d5c000-7f8fb4e5a000 rw-p 00000000 00:00 0 
7f8fb4e5a000-7f8fb4e5d000 ---p 00000000 00:00 0 
7f8fb4e5d000-7f8fb4f5b000 rw-p 00000000 00:00 0 
7f8fb4f5b000-7f8fb4f5e000 ---p 00000000 00:00 0 
7f8fb4f5e000-7f8fb505c000 rw-p 00000000 00:00 0 
7f8fb505c000-7f8fb505f000 ---p 00000000 00:00 0 
7f8fb505f000-7f8fb515d000 rw-p 00000000 00:00 0 
7f8fb515d000-7f8fb52f5000 r--p 00000000 ca:01 29052                      /usr/lib/locale/locale-archive
7f8fb52f5000-7f8fb52f8000 ---p 00000000 00:00 0 
7f8fb52f8000-7f8fb53f6000 rw-p 00000000 00:00 0 
7f8fb53f6000-7f8fb53f9000 ---p 00000000 00:00 0 
7f8fb53f9000-7f8fb54f7000 rw-p 00000000 00:00 0 
7f8fb54f7000-7f8fb54f8000 ---p 00000000 00:00 0 
7f8fb54f8000-7f8fb55f8000 rw-p 00000000 00:00 0 
7f8fb55f8000-7f8fb57c7000 r--s 03c32000 ca:01 256863                     /usr/lib/jvm/java-8-openjdk-amd64/jre/lib/rt.jar
7f8fb57c7000-7f8fb603d000 rw-p 00000000 00:00 0 
7f8fb603d000-7f8fb60da000 rw-p 00000000 00:00 0 
7f8fb60da000-7f8fb6193000 ---p 00000000 00:00 0 
7f8fb6193000-7f8fb61de000 rw-p 00000000 00:00 0 
7f8fb61de000-7f8fb623d000 ---p 00000000 00:00 0 
7f8fb623d000-7f8fb62db000 rw-p 00000000 00:00 0 
7f8fb62db000-7f8fb6393000 ---p 00000000 00:00 0 
7f8fb6393000-7f8fb6457000 rw-p 00000000 00:00 0 
7f8fb6457000-7f8fb6754000 ---p 00000000 00:00 0 
7f8fb6754000-7f8fb675c000 r-xp 00000000 ca:01 256902                     /usr/lib/jvm/java-8-openjdk-amd64/jre/lib/amd64/libzip.so
7f8fb675c000-7f8fb695b000 ---p 00008000 ca:01 256902                     /usr/lib/jvm/java-8-openjdk-amd64/jre/lib/amd64/libzip.so
7f8fb695b000-7f8fb695c000 r--p 00007000 ca:01 256902                     /usr/lib/jvm/java-8-openjdk-amd64/jre/lib/amd64/libzip.so
7f8fb695c000-7f8fb695d000 rw-p 00008000 ca:01 256902                     /usr/lib/jvm/java-8-openjdk-amd64/jre/lib/amd64/libzip.so
7f8fb695d000-7f8fb6968000 r-xp 00000000 ca:01 1993                       /lib/x86_64-linux-gnu/libnss_files-2.23.so
7f8fb6968000-7f8fb6b67000 ---p 0000b000 ca:01 1993                       /lib/x86_64-linux-gnu/libnss_files-2.23.so
7f8fb6b67000-7f8fb6b68000 r--p 0000a000 ca:01 1993                       /lib/x86_64-linux-gnu/libnss_files-2.23.so
7f8fb6b68000-7f8fb6b69000 rw-p 0000b000 ca:01 1993                       /lib/x86_64-linux-gnu/libnss_files-2.23.so
7f8fb6b69000-7f8fb6b6f000 rw-p 00000000 00:00 0 
7f8fb6b6f000-7f8fb6b7a000 r-xp 00000000 ca:01 1997                       /lib/x86_64-linux-gnu/libnss_nis-2.23.so
7f8fb6b7a000-7f8fb6d79000 ---p 0000b000 ca:01 1997                       /lib/x86_64-linux-gnu/libnss_nis-2.23.so
7f8fb6d79000-7f8fb6d7a000 r--p 0000a000 ca:01 1997                       /lib/x86_64-linux-gnu/libnss_nis-2.23.so
7f8fb6d7a000-7f8fb6d7b000 rw-p 0000b000 ca:01 1997                       /lib/x86_64-linux-gnu/libnss_nis-2.23.so
7f8fb6d7b000-7f8fb6d91000 r-xp 00000000 ca:01 1977                       /lib/x86_64-linux-gnu/libnsl-2.23.so
7f8fb6d91000-7f8fb6f90000 ---p 00016000 ca:01 1977                       /lib/x86_64-linux-gnu/libnsl-2.23.so
7f8fb6f90000-7f8fb6f91000 r--p 00015000 ca:01 1977                       /lib/x86_64-linux-gnu/libnsl-2.23.so
7f8fb6f91000-7f8fb6f92000 rw-p 00016000 ca:01 1977                       /lib/x86_64-linux-gnu/libnsl-2.23.so
7f8fb6f92000-7f8fb6f94000 rw-p 00000000 00:00 0 
7f8fb6f94000-7f8fb6f9c000 r-xp 00000000 ca:01 1988                       /lib/x86_64-linux-gnu/libnss_compat-2.23.so
7f8fb6f9c000-7f8fb719b000 ---p 00008000 ca:01 1988                       /lib/x86_64-linux-gnu/libnss_compat-2.23.so
7f8fb719b000-7f8fb719c000 r--p 00007000 ca:01 1988                       /lib/x86_64-linux-gnu/libnss_compat-2.23.so
7f8fb719c000-7f8fb719d000 rw-p 00008000 ca:01 1988                       /lib/x86_64-linux-gnu/libnss_compat-2.23.so
7f8fb719d000-7f8fb71ca000 r-xp 00000000 ca:01 256919                     /usr/lib/jvm/java-8-openjdk-amd64/jre/lib/amd64/libjava.so
7f8fb71ca000-7f8fb73c9000 ---p 0002d000 ca:01 256919                     /usr/lib/jvm/java-8-openjdk-amd64/jre/lib/amd64/libjava.so
7f8fb73c9000-7f8fb73ca000 r--p 0002c000 ca:01 256919                     /usr/lib/jvm/java-8-openjdk-amd64/jre/lib/amd64/libjava.so
7f8fb73ca000-7f8fb73cc000 rw-p 0002d000 ca:01 256919                     /usr/lib/jvm/java-8-openjdk-amd64/jre/lib/amd64/libjava.so
7f8fb73cc000-7f8fb73db000 r-xp 00000000 ca:01 256907                     /usr/lib/jvm/java-8-openjdk-amd64/jre/lib/amd64/libverify.so
7f8fb73db000-7f8fb75da000 ---p 0000f000 ca:01 256907                     /usr/lib/jvm/java-8-openjdk-amd64/jre/lib/amd64/libverify.so
7f8fb75da000-7f8fb75dc000 r--p 0000e000 ca:01 256907                     /usr/lib/jvm/java-8-openjdk-amd64/jre/lib/amd64/libverify.so
7f8fb75dc000-7f8fb75dd000 rw-p 00010000 ca:01 256907                     /usr/lib/jvm/java-8-openjdk-amd64/jre/lib/amd64/libverify.so
7f8fb75dd000-7f8fb75e4000 r-xp 00000000 ca:01 1998                       /lib/x86_64-linux-gnu/librt-2.23.so
7f8fb75e4000-7f8fb77e3000 ---p 00007000 ca:01 1998                       /lib/x86_64-linux-gnu/librt-2.23.so
7f8fb77e3000-7f8fb77e4000 r--p 00006000 ca:01 1998                       /lib/x86_64-linux-gnu/librt-2.23.so
7f8fb77e4000-7f8fb77e5000 rw-p 00007000 ca:01 1998                       /lib/x86_64-linux-gnu/librt-2.23.so
7f8fb77e5000-7f8fb77fb000 r-xp 00000000 ca:01 1975                       /lib/x86_64-linux-gnu/libgcc_s.so.1
7f8fb77fb000-7f8fb79fa000 ---p 00016000 ca:01 1975                       /lib/x86_64-linux-gnu/libgcc_s.so.1
7f8fb79fa000-7f8fb79fb000 rw-p 00015000 ca:01 1975                       /lib/x86_64-linux-gnu/libgcc_s.so.1
7f8fb79fb000-7f8fb7b03000 r-xp 00000000 ca:01 1976                       /lib/x86_64-linux-gnu/libm-2.23.so
7f8fb7b03000-7f8fb7d02000 ---p 00108000 ca:01 1976                       /lib/x86_64-linux-gnu/libm-2.23.so
7f8fb7d02000-7f8fb7d03000 r--p 00107000 ca:01 1976                       /lib/x86_64-linux-gnu/libm-2.23.so
7f8fb7d03000-7f8fb7d04000 rw-p 00108000 ca:01 1976                       /lib/x86_64-linux-gnu/libm-2.23.so
7f8fb7d04000-7f8fb7e76000 r-xp 00000000 ca:01 7979                       /usr/lib/x86_64-linux-gnu/libstdc++.so.6.0.21
7f8fb7e76000-7f8fb8076000 ---p 00172000 ca:01 7979                       /usr/lib/x86_64-linux-gnu/libstdc++.so.6.0.21
7f8fb8076000-7f8fb8080000 r--p 00172000 ca:01 7979                       /usr/lib/x86_64-linux-gnu/libstdc++.so.6.0.21
7f8fb8080000-7f8fb8082000 rw-p 0017c000 ca:01 7979                       /usr/lib/x86_64-linux-gnu/libstdc++.so.6.0.21
7f8fb8082000-7f8fb8086000 rw-p 00000000 00:00 0 
7f8fb8086000-7f8fb8ce3000 r-xp 00000000 ca:01 256884                     /usr/lib/jvm/java-8-openjdk-amd64/jre/lib/amd64/server/libjvm.so
7f8fb8ce3000-7f8fb8ee3000 ---p 00c5d000 ca:01 256884                     /usr/lib/jvm/java-8-openjdk-amd64/jre/lib/amd64/server/libjvm.so
7f8fb8ee3000-7f8fb8f77000 r--p 00c5d000 ca:01 256884                     /usr/lib/jvm/java-8-openjdk-amd64/jre/lib/amd64/server/libjvm.so
7f8fb8f77000-7f8fb8fa0000 rw-p 00cf1000 ca:01 256884                     /usr/lib/jvm/java-8-openjdk-amd64/jre/lib/amd64/server/libjvm.so
7f8fb8fa0000-7f8fb8fd0000 rw-p 00000000 00:00 0 
7f8fb8fd0000-7f8fb8fe8000 r-xp 00000000 ca:01 1979                       /lib/x86_64-linux-gnu/libpthread-2.23.so
7f8fb8fe8000-7f8fb91e7000 ---p 00018000 ca:01 1979                       /lib/x86_64-linux-gnu/libpthread-2.23.so
7f8fb91e7000-7f8fb91e8000 r--p 00017000 ca:01 1979                       /lib/x86_64-linux-gnu/libpthread-2.23.so
7f8fb91e8000-7f8fb91e9000 rw-p 00018000 ca:01 1979                       /lib/x86_64-linux-gnu/libpthread-2.23.so
7f8fb91e9000-7f8fb91ed000 rw-p 00000000 00:00 0 
7f8fb91ed000-7f8fb91f0000 r-xp 00000000 ca:01 1982                       /lib/x86_64-linux-gnu/libdl-2.23.so
7f8fb91f0000-7f8fb93ef000 ---p 00003000 ca:01 1982                       /lib/x86_64-linux-gnu/libdl-2.23.so
7f8fb93ef000-7f8fb93f0000 r--p 00002000 ca:01 1982                       /lib/x86_64-linux-gnu/libdl-2.23.so
7f8fb93f0000-7f8fb93f1000 rw-p 00003000 ca:01 1982                       /lib/x86_64-linux-gnu/libdl-2.23.so
7f8fb93f1000-7f8fb940a000 r-xp 00000000 ca:01 2129                       /lib/x86_64-linux-gnu/libz.so.1.2.8
7f8fb940a000-7f8fb9609000 ---p 00019000 ca:01 2129                       /lib/x86_64-linux-gnu/libz.so.1.2.8
7f8fb9609000-7f8fb960a000 r--p 00018000 ca:01 2129                       /lib/x86_64-linux-gnu/libz.so.1.2.8
7f8fb960a000-7f8fb960b000 rw-p 00019000 ca:01 2129                       /lib/x86_64-linux-gnu/libz.so.1.2.8
7f8fb960b000-7f8fb97cb000 r-xp 00000000 ca:01 1980                       /lib/x86_64-linux-gnu/libc-2.23.so
7f8fb97cb000-7f8fb99cb000 ---p 001c0000 ca:01 1980                       /lib/x86_64-linux-gnu/libc-2.23.so
7f8fb99cb000-7f8fb99cf000 r--p 001c0000 ca:01 1980                       /lib/x86_64-linux-gnu/libc-2.23.so
7f8fb99cf000-7f8fb99d1000 rw-p 001c4000 ca:01 1980                       /lib/x86_64-linux-gnu/libc-2.23.so
7f8fb99d1000-7f8fb99d5000 rw-p 00000000 00:00 0 
7f8fb99d5000-7f8fb99e2000 r-xp 00000000 ca:01 256904                     /usr/lib/jvm/java-8-openjdk-amd64/jre/lib/amd64/jli/libjli.so
7f8fb99e2000-7f8fb9be2000 ---p 0000d000 ca:01 256904                     /usr/lib/jvm/java-8-openjdk-amd64/jre/lib/amd64/jli/libjli.so
7f8fb9be2000-7f8fb9be3000 r--p 0000d000 ca:01 256904                     /usr/lib/jvm/java-8-openjdk-amd64/jre/lib/amd64/jli/libjli.so
7f8fb9be3000-7f8fb9be4000 rw-p 0000e000 ca:01 256904                     /usr/lib/jvm/java-8-openjdk-amd64/jre/lib/amd64/jli/libjli.so
7f8fb9be4000-7f8fb9c0a000 r-xp 00000000 ca:01 1978                       /lib/x86_64-linux-gnu/ld-2.23.so
7f8fb9c0a000-7f8fb9c0c000 r--s 0000f000 ca:01 261715                     /home/ubuntu/spark-2.1.1-bin-hadoop2.7/jars/curator-client-2.6.0.jar
7f8fb9c0c000-7f8fb9c0f000 r--s 0000f000 ca:01 256869                     /usr/lib/jvm/java-8-openjdk-amd64/jre/lib/ext/icedtea-sound.jar
7f8fb9c0f000-7f8fb9c12000 r--s 00038000 ca:01 256872                     /usr/lib/jvm/java-8-openjdk-amd64/jre/lib/ext/sunpkcs11.jar
7f8fb9c12000-7f8fb9c18000 r--s 0003b000 ca:01 256877                     /usr/lib/jvm/java-8-openjdk-amd64/jre/lib/ext/sunjce_provider.jar
7f8fb9c18000-7f8fb9c22000 r--s 00116000 ca:01 256876                     /usr/lib/jvm/java-8-openjdk-amd64/jre/lib/ext/localedata.jar
7f8fb9c22000-7f8fb9cf3000 rw-p 00000000 00:00 0 
7f8fb9cf3000-7f8fb9cfb000 rw-s 00000000 ca:01 256220                     /tmp/hsperfdata_ubuntu/18498
7f8fb9cfb000-7f8fb9cfe000 ---p 00000000 00:00 0 
7f8fb9cfe000-7f8fb9e00000 rw-p 00000000 00:00 0 
7f8fb9e00000-7f8fb9e01000 r--s 00010000 ca:01 256874                     /usr/lib/jvm/java-8-openjdk-amd64/jre/lib/ext/zipfs.jar
7f8fb9e01000-7f8fb9e02000 r--s 0000a000 ca:01 256879                     /usr/lib/jvm/java-8-openjdk-amd64/jre/lib/ext/jaccess.jar
7f8fb9e02000-7f8fb9e04000 r--s 00001000 ca:01 256873                     /usr/lib/jvm/java-8-openjdk-amd64/jre/lib/ext/dnsns.jar
7f8fb9e04000-7f8fb9e06000 r--s 00008000 ca:01 256878                     /usr/lib/jvm/java-8-openjdk-amd64/jre/lib/ext/sunec.jar
7f8fb9e06000-7f8fb9e07000 rw-p 00000000 00:00 0 
7f8fb9e07000-7f8fb9e08000 ---p 00000000 00:00 0 
7f8fb9e08000-7f8fb9e09000 rw-p 00000000 00:00 0 
7f8fb9e09000-7f8fb9e0a000 r--p 00025000 ca:01 1978                       /lib/x86_64-linux-gnu/ld-2.23.so
7f8fb9e0a000-7f8fb9e0b000 rw-p 00026000 ca:01 1978                       /lib/x86_64-linux-gnu/ld-2.23.so
7f8fb9e0b000-7f8fb9e0c000 rw-p 00000000 00:00 0 
7ffccefc4000-7ffccefe5000 rw-p 00000000 00:00 0                          [stack]
7ffccefe8000-7ffccefeb000 r--p 00000000 00:00 0                          [vvar]
7ffccefeb000-7ffccefed000 r-xp 00000000 00:00 0                          [vdso]
ffffffffff600000-ffffffffff601000 r-xp 00000000 00:00 0                  [vsyscall]

VM Arguments:
jvm_args: -Xmx1g 
java_command: org.apache.spark.deploy.SparkSubmit --conf spark.app.name=Bank Telephone Marketing Analysis pyspark-shell
java_class_path (initial): /home/ubuntu/spark-2.1.1-bin-hadoop2.7/conf/:/home/ubuntu/spark-2.1.1-bin-hadoop2.7/jars/libthrift-0.9.3.jar:/home/ubuntu/spark-2.1.1-bin-hadoop2.7/jars/curator-client-2.6.0.jar:/home/ubuntu/spark-2.1.1-bin-hadoop2.7/jars/hk2-api-2.4.0-b34.jar:/home/ubuntu/spark-2.1.1-bin-hadoop2.7/jars/metrics-json-3.1.2.jar:/home/ubuntu/spark-2.1.1-bin-hadoop2.7/jars/metrics-graphite-3.1.2.jar:/home/ubuntu/spark-2.1.1-bin-hadoop2.7/jars/spire_2.11-0.7.4.jar:/home/ubuntu/spark-2.1.1-bin-hadoop2.7/jars/commons-pool-1.5.4.jar:/home/ubuntu/spark-2.1.1-bin-hadoop2.7/jars/netty-all-4.0.42.Final.jar:/home/ubuntu/spark-2.1.1-bin-hadoop2.7/jars/commons-dbcp-1.4.jar:/home/ubuntu/spark-2.1.1-bin-hadoop2.7/jars/xbean-asm5-shaded-4.4.jar:/home/ubuntu/spark-2.1.1-bin-hadoop2.7/jars/xercesImpl-2.9.1.jar:/home/ubuntu/spark-2.1.1-bin-hadoop2.7/jars/hadoop-annotations-2.7.3.jar:/home/ubuntu/spark-2.1.1-bin-hadoop2.7/jars/javassist-3.18.1-GA.jar:/home/ubuntu/spark-2.1.1-bin-hadoop2.7/jars/jersey-container-servlet-2.22.2.jar:/home/ubuntu/spark-2.1.1-bin-hadoop2.7/jars/base64-2.3.8.jar:/home/ubuntu/spark-2.1.1-bin-hadoop2.7/jars/scalap-2.11.8.jar:/home/ubuntu/spark-2.1.1-bin-hadoop2.7/jars/super-csv-2.2.0.jar:/home/ubuntu/spark-2.1.1-bin-hadoop2.7/jars/jul-to-slf4j-1.7.16.jar:/home/ubuntu/spark-2.1.1-bin-hadoop2.7/jars/hadoop-mapreduce-client-shuffle-2.7.3.jar:/home/ubuntu/spark-2.1.1-bin-hadoop2.7/jars/libfb303-0.9.3.jar:/home/ubuntu/spark-2.1.1-bin-hadoop2.7/jars/jdo-api-3.0.1.jar:/home/ubuntu/spark-2.1.1-bin-hadoop2.7/jars/jersey-guava-2.22.2.jar:/home/ubuntu/spark-2.1.1-bin-hadoop2.7/jars/arpack_combined_all-0.1.jar:/home/ubuntu/spark-2.1.1-bin-hadoop2.7/jars/scala-parser-combinators_2.11-1.0.4.jar:/home/ubuntu/spark-2.1.1-bin-hadoop2.7/jars/chill_2.11-0.8.0.jar:/home/ubuntu/spark-2.1.1-bin-hadoop2.7/jars/javax.annotation-api-1.2.jar:/home/ubuntu/spark-2.1.1-bin-hadoop2.7/jars/joda-time-2.9.3.jar:/home/ubuntu/spark-2.1.1-bin-hadoop2.7/jars/antlr-runtime-3.4.jar:/home/u
Launcher Type: SUN_STANDARD

Environment Variables:
PATH=/home/ubuntu/.local/bin:/home/ubuntu/bin:/home/ubuntu/.local/bin:/usr/local/sbin:/usr/local/bin:/usr/sbin:/usr/bin:/sbin:/bin:/usr/games:/usr/local/games:/snap/bin
SHELL=/bin/bash

Signal Handlers:
SIGSEGV: [libjvm.so+0xa71a30], sa_mask[0]=11111111011111111101111111111110, sa_flags=SA_RESTART|SA_SIGINFO
SIGBUS: [libjvm.so+0xa71a30], sa_mask[0]=11111111011111111101111111111110, sa_flags=SA_RESTART|SA_SIGINFO
SIGFPE: [libjvm.so+0x8b8f40], sa_mask[0]=11111111011111111101111111111110, sa_flags=SA_RESTART|SA_SIGINFO
SIGPIPE: [libjvm.so+0x8b8f40], sa_mask[0]=11111111011111111101111111111110, sa_flags=SA_RESTART|SA_SIGINFO
SIGXFSZ: [libjvm.so+0x8b8f40], sa_mask[0]=11111111011111111101111111111110, sa_flags=SA_RESTART|SA_SIGINFO
SIGILL: [libjvm.so+0x8b8f40], sa_mask[0]=11111111011111111101111111111110, sa_flags=SA_RESTART|SA_SIGINFO
SIGUSR1: SIG_DFL, sa_mask[0]=00000000000000000000000000000000, sa_flags=none
SIGUSR2: [libjvm.so+0x8b8df0], sa_mask[0]=00000000000000000000000000000000, sa_flags=SA_RESTART|SA_SIGINFO
SIGHUP: [libjvm.so+0x8b92c0], sa_mask[0]=11111111011111111101111111111110, sa_flags=SA_RESTART|SA_SIGINFO
SIGINT: SIG_IGN, sa_mask[0]=00000000000000000000000000000000, sa_flags=none
SIGTERM: [libjvm.so+0x8b92c0], sa_mask[0]=11111111011111111101111111111110, sa_flags=SA_RESTART|SA_SIGINFO
SIGQUIT: [libjvm.so+0x8b92c0], sa_mask[0]=11111111011111111101111111111110, sa_flags=SA_RESTART|SA_SIGINFO


---------------  S Y S T E M  ---------------

OS:DISTRIB_ID=Ubuntu
DISTRIB_RELEASE=16.04
DISTRIB_CODENAME=xenial
DISTRIB_DESCRIPTION="Ubuntu 16.04.4 LTS"

uname:Linux 4.4.0-1065-aws #75-Ubuntu SMP Fri Aug 10 11:14:32 UTC 2018 x86_64
libc:glibc 2.23 NPTL 2.23 
rlimit: STACK 8192k, CORE 0k, NPROC 3900, NOFILE 1048576, AS infinity
load average:0.81 0.72 1.28

/proc/meminfo:
MemTotal:        1014500 kB
MemFree:           62888 kB
MemAvailable:       5212 kB
Buffers:            1248 kB
Cached:            19564 kB
SwapCached:            0 kB
Active:           871696 kB
Inactive:          16720 kB
Active(anon):     870412 kB
Inactive(anon):    10328 kB
Active(file):       1284 kB
Inactive(file):     6392 kB
Unevictable:        3652 kB
Mlocked:            3652 kB
SwapTotal:             0 kB
SwapFree:              0 kB
Dirty:               112 kB
Writeback:             0 kB
AnonPages:        871276 kB
Mapped:             7548 kB
Shmem:             10692 kB
Slab:              37068 kB
SReclaimable:      19788 kB
SUnreclaim:        17280 kB
KernelStack:        3600 kB
PageTables:         5480 kB
NFS_Unstable:          0 kB
Bounce:                0 kB
WritebackTmp:          0 kB
CommitLimit:      507248 kB
Committed_AS:    1315112 kB
VmallocTotal:   34359738367 kB
VmallocUsed:           0 kB
VmallocChunk:          0 kB
HardwareCorrupted:     0 kB
AnonHugePages:    288768 kB
CmaTotal:              0 kB
CmaFree:               0 kB
HugePages_Total:       0
HugePages_Free:        0
HugePages_Rsvd:        0
HugePages_Surp:        0
Hugepagesize:       2048 kB
DirectMap4k:       47104 kB
DirectMap2M:     1001472 kB


CPU:total 1 (initial active 1) (1 cores per cpu, 1 threads per core) family 6 model 63 stepping 2, cmov, cx8, fxsr, mmx, sse, sse2, sse3, ssse3, sse4.1, sse4.2, popcnt, avx, avx2, aes, clmul, erms, lzcnt, tsc, bmi1, bmi2

/proc/cpuinfo:
processor	: 0
vendor_id	: GenuineIntel
cpu family	: 6
model		: 63
model name	: Intel(R) Xeon(R) CPU E5-2676 v3 @ 2.40GHz
stepping	: 2
microcode	: 0x3c
cpu MHz		: 2400.050
cache size	: 30720 KB
physical id	: 0
siblings	: 1
core id		: 0
cpu cores	: 1
apicid		: 0
initial apicid	: 0
fpu		: yes
fpu_exception	: yes
cpuid level	: 13
wp		: yes
flags		: fpu vme de pse tsc msr pae mce cx8 apic sep mtrr pge mca cmov pat pse36 clflush mmx fxsr sse sse2 ht syscall nx rdtscp lm constant_tsc rep_good nopl xtopology eagerfpu pni pclmulqdq ssse3 fma cx16 pcid sse4_1 sse4_2 x2apic movbe popcnt tsc_deadline_timer aes xsave avx f16c rdrand hypervisor lahf_lm abm invpcid_single kaiser fsgsbase bmi1 avx2 smep bmi2 erms invpcid xsaveopt
bugs		: cpu_meltdown spectre_v1 spectre_v2 spec_store_bypass l1tf
bogomips	: 4800.10
clflush size	: 64
cache_alignment	: 64
address sizes	: 46 bits physical, 48 bits virtual
power management:



Memory: 4k page, physical 1014500k(62888k free), swap 0k(0k free)

vm_info: OpenJDK 64-Bit Server VM (25.181-b13) for linux-amd64 JRE (1.8.0_181-8u181-b13-0ubuntu0.16.04.1-b13), built on Jul 30 2018 21:06:27 by "buildd" with gcc 5.4.0 20160609

time: Wed Oct 10 04:48:26 2018
elapsed time: 1530 seconds (0d 0h 25m 30s)

