#
# There is insufficient memory for the Java Runtime Environment to continue.
# Native memory allocation (mmap) failed to map 104968192 bytes for committing reserved memory.
# Possible reasons:
#   The system is out of physical RAM or swap space
#   In 32 bit mode, the process size limit was hit
# Possible solutions:
#   Reduce memory load on the system
#   Increase physical memory or swap space
#   Check if swap backing store is full
#   Use 64 bit Java on a 64 bit OS
#   Decrease Java heap size (-Xmx/-Xms)
#   Decrease number of Java threads
#   Decrease Java thread stack sizes (-Xss)
#   Set larger code cache with -XX:ReservedCodeCacheSize=
# This output file may be truncated or incomplete.
#
#  Out of Memory Error (os_linux.cpp:2643), pid=19639, tid=0x00007f8f44165700
#
# JRE version: OpenJDK Runtime Environment (8.0_181-b13) (build 1.8.0_181-8u181-b13-0ubuntu0.16.04.1-b13)
# Java VM: OpenJDK 64-Bit Server VM (25.181-b13 mixed mode linux-amd64 compressed oops)
# Failed to write core dump. Core dumps have been disabled. To enable core dumping, try "ulimit -c unlimited" before starting Java again
#

---------------  T H R E A D  ---------------

Current thread (0x00007f8f40075800):  VMThread [stack: 0x00007f8f44065000,0x00007f8f44166000] [id=19653]

Stack: [0x00007f8f44065000,0x00007f8f44166000],  sp=0x00007f8f44164520,  free space=1021k
Native frames: (J=compiled Java code, j=interpreted, Vv=VM code, C=native code)
V  [libjvm.so+0xa70edb]
V  [libjvm.so+0x4c893c]
V  [libjvm.so+0x8bda08]
V  [libjvm.so+0x8b7d9e]
V  [libjvm.so+0xa6d7c4]
V  [libjvm.so+0x5cdd5d]
V  [libjvm.so+0x5ce8fd]
V  [libjvm.so+0x5bb2c8]
V  [libjvm.so+0x45029f]
V  [libjvm.so+0xa71fe1]
V  [libjvm.so+0xa77d27]
V  [libjvm.so+0xa75427]
V  [libjvm.so+0xa768af]
V  [libjvm.so+0xa76da1]
V  [libjvm.so+0x8bae12]

VM_Operation (0x00007f8f0f18bc30): GenCollectForAllocation, mode: safepoint, requested by thread 0x00007f8f20380000


---------------  P R O C E S S  ---------------

Java Threads: ( => current thread )
  0x00007f8f2409a800 JavaThread "broadcast-exchange-25" daemon [_thread_blocked, id=19764, stack(0x00007f8f06e03000,0x00007f8f06f04000)]
  0x00007f8f24099000 JavaThread "broadcast-exchange-24" daemon [_thread_blocked, id=19763, stack(0x00007f8f06f04000,0x00007f8f07005000)]
  0x00007f8f24097800 JavaThread "broadcast-exchange-23" daemon [_thread_blocked, id=19761, stack(0x00007f8f07005000,0x00007f8f07106000)]
  0x00007f8f24097000 JavaThread "broadcast-exchange-22" daemon [_thread_blocked, id=19760, stack(0x00007f8f07106000,0x00007f8f07207000)]
  0x00007f8f24094800 JavaThread "broadcast-exchange-21" daemon [_thread_blocked, id=19758, stack(0x00007f8f0891e000,0x00007f8f08a1f000)]
  0x00007f8f2409e800 JavaThread "broadcast-exchange-20" daemon [_thread_blocked, id=19757, stack(0x00007f8f08a1f000,0x00007f8f08b20000)]
  0x00007f8f2409d000 JavaThread "broadcast-exchange-19" daemon [_thread_blocked, id=19755, stack(0x00007f8f08f22000,0x00007f8f09023000)]
  0x00007f8f2409c800 JavaThread "broadcast-exchange-18" daemon [_thread_blocked, id=19754, stack(0x00007f8f08e21000,0x00007f8f08f22000)]
  0x00007f8f24079800 JavaThread "broadcast-exchange-17" daemon [_thread_blocked, id=19752, stack(0x00007f8f07207000,0x00007f8f07308000)]
  0x00007f8f24078800 JavaThread "broadcast-exchange-16" daemon [_thread_blocked, id=19751, stack(0x00007f8f07308000,0x00007f8f07409000)]
  0x00007f8f2406f800 JavaThread "block-manager-ask-thread-pool-4" daemon [_thread_blocked, id=19749, stack(0x00007f8f07409000,0x00007f8f0750a000)]
  0x00007f8f28018800 JavaThread "block-manager-ask-thread-pool-3" daemon [_thread_blocked, id=19748, stack(0x00007f8f0750a000,0x00007f8f0760b000)]
  0x00007f8f146e1800 JavaThread "block-manager-ask-thread-pool-2" daemon [_thread_blocked, id=19747, stack(0x00007f8f0760b000,0x00007f8f0770c000)]
  0x00007f8f2801f000 JavaThread "block-manager-ask-thread-pool-1" daemon [_thread_blocked, id=19746, stack(0x00007f8f09627000,0x00007f8f09728000)]
  0x00007f8f2406e000 JavaThread "broadcast-exchange-15" daemon [_thread_blocked, id=19745, stack(0x00007f8f0770c000,0x00007f8f0780d000)]
  0x00007f8f2406d000 JavaThread "broadcast-exchange-14" daemon [_thread_blocked, id=19744, stack(0x00007f8f09b28000,0x00007f8f09c29000)]
  0x00007f8f24067000 JavaThread "broadcast-exchange-13" daemon [_thread_blocked, id=19742, stack(0x00007f8f0780d000,0x00007f8f0790e000)]
  0x00007f8f24066800 JavaThread "broadcast-exchange-12" daemon [_thread_blocked, id=19741, stack(0x00007f8f0790e000,0x00007f8f07a0f000)]
  0x00007f8f24060800 JavaThread "broadcast-exchange-11" daemon [_thread_blocked, id=19739, stack(0x00007f8f07a0f000,0x00007f8f07b10000)]
  0x00007f8f24060000 JavaThread "broadcast-exchange-10" daemon [_thread_blocked, id=19738, stack(0x00007f8f07b10000,0x00007f8f07c11000)]
  0x00007f8f2405b000 JavaThread "broadcast-exchange-9" daemon [_thread_blocked, id=19736, stack(0x00007f8f07c11000,0x00007f8f07d12000)]
  0x00007f8f24052800 JavaThread "broadcast-exchange-8" daemon [_thread_blocked, id=19735, stack(0x00007f8f07d12000,0x00007f8f07e13000)]
  0x00007f8f2c13c800 JavaThread "Executor task launch worker for task 16675" daemon [_thread_blocked, id=19733, stack(0x00007f8f07e13000,0x00007f8f07f14000)]
  0x00007f8f24071000 JavaThread "broadcast-exchange-7" daemon [_thread_blocked, id=19732, stack(0x00007f8f07f14000,0x00007f8f08015000)]
  0x00007f8f24055800 JavaThread "broadcast-exchange-6" daemon [_thread_blocked, id=19731, stack(0x00007f8f08015000,0x00007f8f08116000)]
  0x00007f8f24050000 JavaThread "block-manager-slave-async-thread-pool-9" daemon [_thread_blocked, id=19729, stack(0x00007f8f08116000,0x00007f8f08217000)]
  0x00007f8f2c31c000 JavaThread "block-manager-slave-async-thread-pool-8" daemon [_thread_blocked, id=19728, stack(0x00007f8f08217000,0x00007f8f08318000)]
  0x00007f8f2c31a800 JavaThread "block-manager-slave-async-thread-pool-7" daemon [_thread_blocked, id=19727, stack(0x00007f8f08318000,0x00007f8f08419000)]
  0x00007f8f1c014800 JavaThread "block-manager-slave-async-thread-pool-6" daemon [_thread_blocked, id=19726, stack(0x00007f8f08419000,0x00007f8f0851a000)]
  0x00007f8f2c319000 JavaThread "block-manager-slave-async-thread-pool-5" daemon [_thread_blocked, id=19725, stack(0x00007f8f0851a000,0x00007f8f0861b000)]
  0x00007f8f2404f800 JavaThread "block-manager-slave-async-thread-pool-4" daemon [_thread_blocked, id=19724, stack(0x00007f8f0861b000,0x00007f8f0871c000)]
  0x00007f8f1c010800 JavaThread "block-manager-slave-async-thread-pool-3" daemon [_thread_blocked, id=19723, stack(0x00007f8f0871c000,0x00007f8f0881d000)]
  0x00007f8f14a72800 JavaThread "Thread-18" [_thread_blocked, id=19722, stack(0x00007f8f0881d000,0x00007f8f0891e000)]
  0x00007f8f2c33a000 JavaThread "Executor task launch worker for task 16845" daemon [_thread_blocked, id=19718, stack(0x00007f8f08d20000,0x00007f8f08e21000)]
  0x00007f8f24057800 JavaThread "Executor task launch worker for task 5656" daemon [_thread_blocked, id=19714, stack(0x00007f8f09023000,0x00007f8f09124000)]
  0x00007f8f2404a000 JavaThread "Executor task launch worker for task 16677" daemon [_thread_blocked, id=19713, stack(0x00007f8f09324000,0x00007f8f09425000)]
  0x00007f8f24048800 JavaThread "Executor task launch worker for task 16304" daemon [_thread_blocked, id=19712, stack(0x00007f8f09425000,0x00007f8f09526000)]
  0x00007f8f24046000 JavaThread "Executor task launch worker for task 5655" daemon [_thread_blocked, id=19711, stack(0x00007f8f09526000,0x00007f8f09627000)]
  0x00007f8f2c11e000 JavaThread "task-result-getter-3" daemon [_thread_blocked, id=19707, stack(0x00007f8f09e29000,0x00007f8f09f2a000)]
  0x00007f8f2c0e2800 JavaThread "task-result-getter-2" daemon [_thread_blocked, id=19706, stack(0x00007f8f0b32a000,0x00007f8f0b42b000)]
  0x00007f8f1c006000 JavaThread "block-manager-slave-async-thread-pool-2" daemon [_thread_blocked, id=19705, stack(0x00007f8f0b42b000,0x00007f8f0b52c000)]
  0x00007f8f1c004800 JavaThread "block-manager-slave-async-thread-pool-1" daemon [_thread_blocked, id=19704, stack(0x00007f8f0b52c000,0x00007f8f0b62d000)]
  0x00007f8f24042000 JavaThread "block-manager-ask-thread-pool-0" daemon [_thread_blocked, id=19703, stack(0x00007f8f0b62d000,0x00007f8f0b72e000)]
  0x00007f8f2c0d3000 JavaThread "block-manager-slave-async-thread-pool-0" daemon [_thread_blocked, id=19702, stack(0x00007f8f0b72e000,0x00007f8f0b82f000)]
  0x00007f8f2c0bb800 JavaThread "task-result-getter-1" daemon [_thread_blocked, id=19701, stack(0x00007f8f0b82f000,0x00007f8f0b930000)]
  0x00007f8f2403b000 JavaThread "task-result-getter-0" daemon [_thread_blocked, id=19700, stack(0x00007f8f0bb30000,0x00007f8f0bc31000)]
  0x00007f8f24038800 JavaThread "Executor task launch worker for task 16846" daemon [_thread_blocked, id=19699, stack(0x00007f8f0c3a0000,0x00007f8f0c4a1000)]
  0x00007f8f207ef000 JavaThread "org.apache.hadoop.fs.FileSystem$Statistics$StatisticsDataReferenceCleaner" daemon [_thread_blocked, id=19698, stack(0x00007f8f0c23e000,0x00007f8f0c33f000)]
  0x00007f8f20980800 JavaThread "SparkListenerBus" daemon [_thread_blocked, id=19696, stack(0x00007f8f0caa1000,0x00007f8f0cba2000)]
  0x00007f8f20b6c800 JavaThread "context-cleaner-periodic-gc" daemon [_thread_blocked, id=19695, stack(0x00007f8f0cba2000,0x00007f8f0cca3000)]
  0x00007f8f20b6b000 JavaThread "Spark Context Cleaner" daemon [_thread_blocked, id=19694, stack(0x00007f8f0cca3000,0x00007f8f0cda4000)]
  0x00007f8f206f3000 JavaThread "shuffle-server-5-1" daemon [_thread_in_native, id=19693, stack(0x00007f8f0cfa4000,0x00007f8f0d0a5000)]
  0x00007f8f2063c000 JavaThread "driver-heartbeater" daemon [_thread_blocked, id=19692, stack(0x00007f8f0d0a5000,0x00007f8f0d1a6000)]
  0x00007f8f20619800 JavaThread "dag-scheduler-event-loop" daemon [_thread_blocked, id=19691, stack(0x00007f8f0d1a6000,0x00007f8f0d2a7000)]
  0x0000000001634800 JavaThread "netty-rpc-env-timeout" daemon [_thread_blocked, id=19690, stack(0x00007f8f0d2a7000,0x00007f8f0d3a8000)]
  0x00007f8f2073a800 JavaThread "Timer-0" daemon [_thread_blocked, id=19689, stack(0x00007f8f0d3a8000,0x00007f8f0d4a9000)]
  0x00007f8f2c06f800 JavaThread "heartbeat-receiver-event-loop-thread" daemon [_thread_blocked, id=19688, stack(0x00007f8f0d4a9000,0x00007f8f0d5aa000)]
  0x00007f8f20754000 JavaThread "SparkUI-37" daemon [_thread_blocked, id=19687, stack(0x00007f8f0d5aa000,0x00007f8f0d6ab000)]
  0x00007f8f20752000 JavaThread "SparkUI-36" daemon [_thread_blocked, id=19686, stack(0x00007f8f0d6ab000,0x00007f8f0d7ac000)]
  0x00007f8f20750800 JavaThread "SparkUI-35" daemon [_thread_blocked, id=19685, stack(0x00007f8f0d7ac000,0x00007f8f0d8ad000)]
  0x00007f8f2074f000 JavaThread "SparkUI-34" daemon [_thread_blocked, id=19684, stack(0x00007f8f0d8ad000,0x00007f8f0d9ae000)]
  0x00007f8f2074c800 JavaThread "SparkUI-33" daemon [_thread_blocked, id=19683, stack(0x00007f8f0d9ae000,0x00007f8f0daaf000)]
  0x00007f8f2074a800 JavaThread "SparkUI-32" daemon [_thread_blocked, id=19682, stack(0x00007f8f0daaf000,0x00007f8f0dbb0000)]
  0x00007f8f205ba000 JavaThread "SparkUI-31-acceptor-0@30283948-Spark@3eefc13d{HTTP/1.1}{0.0.0.0:4040}" daemon [_thread_in_native, id=19681, stack(0x00007f8f0dbb0000,0x00007f8f0dcb1000)]
  0x00007f8f205b9800 JavaThread "SparkUI-30-selector-ServerConnectorManager@26765a49/0" daemon [_thread_in_native, id=19680, stack(0x00007f8f0dcb1000,0x00007f8f0ddb2000)]
  0x00007f8f20517000 JavaThread "refresh progress" daemon [_thread_blocked, id=19678, stack(0x00007f8f0e05d000,0x00007f8f0e15e000)]
  0x00007f8f20538000 JavaThread "map-output-dispatcher-7" daemon [_thread_blocked, id=19677, stack(0x00007f8f0e35e000,0x00007f8f0e45f000)]
  0x00007f8f2052c000 JavaThread "map-output-dispatcher-6" daemon [_thread_blocked, id=19676, stack(0x00007f8f0e45f000,0x00007f8f0e560000)]
  0x00007f8f2052a800 JavaThread "map-output-dispatcher-5" daemon [_thread_blocked, id=19675, stack(0x00007f8f0e560000,0x00007f8f0e661000)]
  0x00007f8f20528800 JavaThread "map-output-dispatcher-4" daemon [_thread_blocked, id=19674, stack(0x00007f8f0e661000,0x00007f8f0e762000)]
  0x00007f8f20536000 JavaThread "map-output-dispatcher-3" daemon [_thread_blocked, id=19673, stack(0x00007f8f0e762000,0x00007f8f0e863000)]
  0x00007f8f205a0800 JavaThread "map-output-dispatcher-2" daemon [_thread_blocked, id=19672, stack(0x00007f8f0e863000,0x00007f8f0e964000)]
  0x00007f8f2059f000 JavaThread "map-output-dispatcher-1" daemon [_thread_blocked, id=19671, stack(0x00007f8f0e964000,0x00007f8f0ea65000)]
  0x00007f8f2059d000 JavaThread "map-output-dispatcher-0" daemon [_thread_blocked, id=19670, stack(0x00007f8f0ea65000,0x00007f8f0eb66000)]
  0x00007f8f204ec000 JavaThread "rpc-server-3-1" daemon [_thread_blocked, id=19669, stack(0x00007f8f0eb66000,0x00007f8f0ec67000)]
  0x00007f8f20380000 JavaThread "dispatcher-event-loop-1" daemon [_thread_blocked, id=19668, stack(0x00007f8f0f08d000,0x00007f8f0f18e000)]
  0x00007f8f2037f800 JavaThread "dispatcher-event-loop-0" daemon [_thread_blocked, id=19667, stack(0x00007f8f0f9ba000,0x00007f8f0fabb000)]
  0x00007f8f1433b800 JavaThread "Thread-2" [_thread_in_native, id=19663, stack(0x00007f8f100fe000,0x00007f8f101ff000)]
  0x00007f8f40dbd800 JavaThread "Thread-1" [_thread_in_native, id=19662, stack(0x00007f8f101ff000,0x00007f8f10300000)]
  0x00007f8f40dae000 JavaThread "pool-1-thread-1" [_thread_blocked, id=19661, stack(0x00007f8f10300000,0x00007f8f10401000)]
  0x00007f8f400bb000 JavaThread "Service Thread" daemon [_thread_blocked, id=19659, stack(0x00007f8f30693000,0x00007f8f30794000)]
  0x00007f8f400b7800 JavaThread "C1 CompilerThread1" daemon [_thread_blocked, id=19658, stack(0x00007f8f30794000,0x00007f8f30895000)]
  0x00007f8f400b5800 JavaThread "C2 CompilerThread0" daemon [_thread_blocked, id=19657, stack(0x00007f8f30895000,0x00007f8f30996000)]
  0x00007f8f400b4000 JavaThread "Signal Dispatcher" daemon [_thread_blocked, id=19656, stack(0x00007f8f30996000,0x00007f8f30a97000)]
  0x00007f8f40082000 JavaThread "Finalizer" daemon [_thread_blocked, id=19655, stack(0x00007f8f30c2f000,0x00007f8f30d30000)]
  0x00007f8f4007d000 JavaThread "Reference Handler" daemon [_thread_blocked, id=19654, stack(0x00007f8f30d30000,0x00007f8f30e31000)]
  0x00007f8f40011800 JavaThread "main" [_thread_in_native, id=19652, stack(0x00007f8f4869a000,0x00007f8f4879b000)]

Other Threads:
=>0x00007f8f40075800 VMThread [stack: 0x00007f8f44065000,0x00007f8f44166000] [id=19653]
  0x00007f8f400bd800 WatcherThread [stack: 0x00007f8f30592000,0x00007f8f30693000] [id=19660]

VM state:at safepoint (normal execution)

VM Mutex/Monitor currently owned by a thread:  ([mutex/lock_event])
[0x00007f8f4000dc80] Threads_lock - owner thread: 0x00007f8f40075800
[0x00007f8f4000e180] Heap_lock - owner thread: 0x00007f8f20380000

Heap:
 def new generation   total 128832K, used 0K [0x00000000c0000000, 0x00000000c8bc0000, 0x00000000d5550000)
  eden space 114560K,   0% used [0x00000000c0000000, 0x00000000c0000000, 0x00000000c6fe0000)
  from space 14272K,   0% used [0x00000000c7dd0000, 0x00000000c7dd0000, 0x00000000c8bc0000)
  to   space 14272K,   0% used [0x00000000c6fe0000, 0x00000000c6fe0000, 0x00000000c7dd0000)
 tenured generation   total 302480K, used 242992K [0x00000000d5550000, 0x00000000e7cb4000, 0x0000000100000000)
   the space 302480K,  80% used [0x00000000d5550000, 0x00000000e429c040, 0x00000000e429c200, 0x00000000e7cb4000)
 Metaspace       used 76703K, capacity 78372K, committed 78552K, reserved 1116160K
  class space    used 10607K, capacity 10871K, committed 10968K, reserved 1048576K

Card table byte_map: [0x00007f8f44b32000,0x00007f8f44d33000] byte_map_base: 0x00007f8f44532000

Polling page: 0x00007f8f487a6000

CodeCache: size=245760Kb used=37889Kb max_used=38036Kb free=207870Kb
 bounds [0x00007f8f31000000, 0x00007f8f33580000, 0x00007f8f40000000]
 total_blobs=13050 nmethods=12439 adapters=523
 compilation: enabled

Compilation events (10 events):
Event: 115.871 Thread 0x00007f8f400b5800 nmethod 17094 0x00007f8f322d7cd0 code [0x00007f8f322d7e20, 0x00007f8f322d7e98]
Event: 115.927 Thread 0x00007f8f400b5800 17095       4       org.apache.spark.sql.catalyst.expressions.codegen.CodegenContext::genComp (1179 bytes)
Event: 115.974 Thread 0x00007f8f400b5800 nmethod 17095 0x00007f8f31e8f650 code [0x00007f8f31e8f940, 0x00007f8f31e90ce8]
Event: 115.989 Thread 0x00007f8f400b5800 17097   !   4       org.apache.spark.scheduler.TaskSetManager$$anonfun$resourceOffer$1::apply (687 bytes)
Event: 116.226 Thread 0x00007f8f400b7800 17099       1       java.util.Hashtable::access$400 (5 bytes)
Event: 116.227 Thread 0x00007f8f400b7800 nmethod 17099 0x00007f8f31d78590 code [0x00007f8f31d786e0, 0x00007f8f31d787d0]
Event: 116.228 Thread 0x00007f8f400b7800 17101       3       org.apache.spark.sql.execution.CodegenSupport$$anonfun$3::apply (9 bytes)
Event: 116.228 Thread 0x00007f8f400b7800 nmethod 17101 0x00007f8f32c2bcd0 code [0x00007f8f32c2be80, 0x00007f8f32c2c550]
Event: 116.228 Thread 0x00007f8f400b7800 17102       3       org.apache.spark.sql.execution.CodegenSupport$$anonfun$3::apply (17 bytes)
Event: 116.229 Thread 0x00007f8f400b7800 nmethod 17102 0x00007f8f32c2b350 code [0x00007f8f32c2b500, 0x00007f8f32c2ba10]

GC Heap History (10 events):
Event: 115.015 GC heap after
Heap after GC invocations=890 (full 14):
 def new generation   total 128832K, used 3078K [0x00000000c0000000, 0x00000000c8bc0000, 0x00000000d5550000)
  eden space 114560K,   0% used [0x00000000c0000000, 0x00000000c0000000, 0x00000000c6fe0000)
  from space 14272K,  21% used [0x00000000c6fe0000, 0x00000000c72e18a0, 0x00000000c7dd0000)
  to   space 14272K,   0% used [0x00000000c7dd0000, 0x00000000c7dd0000, 0x00000000c8bc0000)
 tenured generation   total 286092K, used 272961K [0x00000000d5550000, 0x00000000e6cb3000, 0x0000000100000000)
   the space 286092K,  95% used [0x00000000d5550000, 0x00000000e5fe05a8, 0x00000000e5fe0600, 0x00000000e6cb3000)
 Metaspace       used 76688K, capacity 78296K, committed 78552K, reserved 1116160K
  class space    used 10606K, capacity 10869K, committed 10968K, reserved 1048576K
}
Event: 115.264 GC heap before
{Heap before GC invocations=890 (full 14):
 def new generation   total 128832K, used 117638K [0x00000000c0000000, 0x00000000c8bc0000, 0x00000000d5550000)
  eden space 114560K, 100% used [0x00000000c0000000, 0x00000000c6fe0000, 0x00000000c6fe0000)
  from space 14272K,  21% used [0x00000000c6fe0000, 0x00000000c72e18a0, 0x00000000c7dd0000)
  to   space 14272K,   0% used [0x00000000c7dd0000, 0x00000000c7dd0000, 0x00000000c8bc0000)
 tenured generation   total 286092K, used 272961K [0x00000000d5550000, 0x00000000e6cb3000, 0x0000000100000000)
   the space 286092K,  95% used [0x00000000d5550000, 0x00000000e5fe05a8, 0x00000000e5fe0600, 0x00000000e6cb3000)
 Metaspace       used 76692K, capacity 78302K, committed 78552K, reserved 1116160K
  class space    used 10607K, capacity 10870K, committed 10968K, reserved 1048576K
Event: 115.272 GC heap after
Heap after GC invocations=891 (full 14):
 def new generation   total 128832K, used 3017K [0x00000000c0000000, 0x00000000c8bc0000, 0x00000000d5550000)
  eden space 114560K,   0% used [0x00000000c0000000, 0x00000000c0000000, 0x00000000c6fe0000)
  from space 14272K,  21% used [0x00000000c7dd0000, 0x00000000c80c25b0, 0x00000000c8bc0000)
  to   space 14272K,   0% used [0x00000000c6fe0000, 0x00000000c6fe0000, 0x00000000c7dd0000)
 tenured generation   total 286092K, used 273108K [0x00000000d5550000, 0x00000000e6cb3000, 0x0000000100000000)
   the space 286092K,  95% used [0x00000000d5550000, 0x00000000e6005378, 0x00000000e6005400, 0x00000000e6cb3000)
 Metaspace       used 76692K, capacity 78302K, committed 78552K, reserved 1116160K
  class space    used 10607K, capacity 10870K, committed 10968K, reserved 1048576K
}
Event: 115.521 GC heap before
{Heap before GC invocations=891 (full 14):
 def new generation   total 128832K, used 117577K [0x00000000c0000000, 0x00000000c8bc0000, 0x00000000d5550000)
  eden space 114560K, 100% used [0x00000000c0000000, 0x00000000c6fe0000, 0x00000000c6fe0000)
  from space 14272K,  21% used [0x00000000c7dd0000, 0x00000000c80c25b0, 0x00000000c8bc0000)
  to   space 14272K,   0% used [0x00000000c6fe0000, 0x00000000c6fe0000, 0x00000000c7dd0000)
 tenured generation   total 286092K, used 273108K [0x00000000d5550000, 0x00000000e6cb3000, 0x0000000100000000)
   the space 286092K,  95% used [0x00000000d5550000, 0x00000000e6005378, 0x00000000e6005400, 0x00000000e6cb3000)
 Metaspace       used 76692K, capacity 78302K, committed 78552K, reserved 1116160K
  class space    used 10607K, capacity 10870K, committed 10968K, reserved 1048576K
Event: 115.528 GC heap after
Heap after GC invocations=892 (full 14):
 def new generation   total 128832K, used 3068K [0x00000000c0000000, 0x00000000c8bc0000, 0x00000000d5550000)
  eden space 114560K,   0% used [0x00000000c0000000, 0x00000000c0000000, 0x00000000c6fe0000)
  from space 14272K,  21% used [0x00000000c6fe0000, 0x00000000c72df270, 0x00000000c7dd0000)
  to   space 14272K,   0% used [0x00000000c7dd0000, 0x00000000c7dd0000, 0x00000000c8bc0000)
 tenured generation   total 286092K, used 273265K [0x00000000d5550000, 0x00000000e6cb3000, 0x0000000100000000)
   the space 286092K,  95% used [0x00000000d5550000, 0x00000000e602c500, 0x00000000e602c600, 0x00000000e6cb3000)
 Metaspace       used 76692K, capacity 78302K, committed 78552K, reserved 1116160K
  class space    used 10607K, capacity 10870K, committed 10968K, reserved 1048576K
}
Event: 115.735 GC heap before
{Heap before GC invocations=892 (full 14):
 def new generation   total 128832K, used 117628K [0x00000000c0000000, 0x00000000c8bc0000, 0x00000000d5550000)
  eden space 114560K, 100% used [0x00000000c0000000, 0x00000000c6fe0000, 0x00000000c6fe0000)
  from space 14272K,  21% used [0x00000000c6fe0000, 0x00000000c72df270, 0x00000000c7dd0000)
  to   space 14272K,   0% used [0x00000000c7dd0000, 0x00000000c7dd0000, 0x00000000c8bc0000)
 tenured generation   total 286092K, used 273265K [0x00000000d5550000, 0x00000000e6cb3000, 0x0000000100000000)
   the space 286092K,  95% used [0x00000000d5550000, 0x00000000e602c500, 0x00000000e602c600, 0x00000000e6cb3000)
 Metaspace       used 76701K, capacity 78372K, committed 78552K, reserved 1116160K
  class space    used 10607K, capacity 10871K, committed 10968K, reserved 1048576K
Event: 115.742 GC heap after
Heap after GC invocations=893 (full 14):
 def new generation   total 128832K, used 3002K [0x00000000c0000000, 0x00000000c8bc0000, 0x00000000d5550000)
  eden space 114560K,   0% used [0x00000000c0000000, 0x00000000c0000000, 0x00000000c6fe0000)
  from space 14272K,  21% used [0x00000000c7dd0000, 0x00000000c80be830, 0x00000000c8bc0000)
  to   space 14272K,   0% used [0x00000000c6fe0000, 0x00000000c6fe0000, 0x00000000c7dd0000)
 tenured generation   total 286092K, used 273408K [0x00000000d5550000, 0x00000000e6cb3000, 0x0000000100000000)
   the space 286092K,  95% used [0x00000000d5550000, 0x00000000e6050018, 0x00000000e6050200, 0x00000000e6cb3000)
 Metaspace       used 76701K, capacity 78372K, committed 78552K, reserved 1116160K
  class space    used 10607K, capacity 10871K, committed 10968K, reserved 1048576K
}
Event: 115.963 GC heap before
{Heap before GC invocations=893 (full 14):
 def new generation   total 128832K, used 117562K [0x00000000c0000000, 0x00000000c8bc0000, 0x00000000d5550000)
  eden space 114560K, 100% used [0x00000000c0000000, 0x00000000c6fe0000, 0x00000000c6fe0000)
  from space 14272K,  21% used [0x00000000c7dd0000, 0x00000000c80be830, 0x00000000c8bc0000)
  to   space 14272K,   0% used [0x00000000c6fe0000, 0x00000000c6fe0000, 0x00000000c7dd0000)
 tenured generation   total 286092K, used 273408K [0x00000000d5550000, 0x00000000e6cb3000, 0x0000000100000000)
   the space 286092K,  95% used [0x00000000d5550000, 0x00000000e6050018, 0x00000000e6050200, 0x00000000e6cb3000)
 Metaspace       used 76701K, capacity 78372K, committed 78552K, reserved 1116160K
  class space    used 10607K, capacity 10871K, committed 10968K, reserved 1048576K
Event: 115.969 GC heap after
Heap after GC invocations=894 (full 14):
 def new generation   total 128832K, used 3046K [0x00000000c0000000, 0x00000000c8bc0000, 0x00000000d5550000)
  eden space 114560K,   0% used [0x00000000c0000000, 0x00000000c0000000, 0x00000000c6fe0000)
  from space 14272K,  21% used [0x00000000c6fe0000, 0x00000000c72d9bc8, 0x00000000c7dd0000)
  to   space 14272K,   0% used [0x00000000c7dd0000, 0x00000000c7dd0000, 0x00000000c8bc0000)
 tenured generation   total 286092K, used 273578K [0x00000000d5550000, 0x00000000e6cb3000, 0x0000000100000000)
   the space 286092K,  95% used [0x00000000d5550000, 0x00000000e607a9c8, 0x00000000e607aa00, 0x00000000e6cb3000)
 Metaspace       used 76701K, capacity 78372K, committed 78552K, reserved 1116160K
  class space    used 10607K, capacity 10871K, committed 10968K, reserved 1048576K
}
Event: 116.259 GC heap before
{Heap before GC invocations=894 (full 14):
 def new generation   total 128832K, used 117606K [0x00000000c0000000, 0x00000000c8bc0000, 0x00000000d5550000)
  eden space 114560K, 100% used [0x00000000c0000000, 0x00000000c6fe0000, 0x00000000c6fe0000)
  from space 14272K,  21% used [0x00000000c6fe0000, 0x00000000c72d9bc8, 0x00000000c7dd0000)
  to   space 14272K,   0% used [0x00000000c7dd0000, 0x00000000c7dd0000, 0x00000000c8bc0000)
 tenured generation   total 286092K, used 273578K [0x00000000d5550000, 0x00000000e6cb3000, 0x0000000100000000)
   the space 286092K,  95% used [0x00000000d5550000, 0x00000000e607a9c8, 0x00000000e607aa00, 0x00000000e6cb3000)
 Metaspace       used 76703K, capacity 78372K, committed 78552K, reserved 1116160K
  class space    used 10607K, capacity 10871K, committed 10968K, reserved 1048576K

Deoptimization events (10 events):
Event: 105.732 Thread 0x00007f8f1c004800 Uncommon trap: reason=unstable_if action=reinterpret pc=0x00007f8f32b42780 method=scala.collection.mutable.FlatHashTable$class.removeElem(Lscala/collection/mutable/FlatHashTable;Ljava/lang/Object;)Z @ 73
Event: 106.692 Thread 0x00007f8f20380000 Uncommon trap: reason=class_check action=maybe_recompile pc=0x00007f8f32615fb0 method=org.apache.spark.rpc.netty.Inbox.process(Lorg/apache/spark/rpc/netty/Dispatcher;)V @ 140
Event: 109.188 Thread 0x00007f8f2037f800 Uncommon trap: reason=class_check action=maybe_recompile pc=0x00007f8f31e8f9d0 method=java.io.ObjectOutputStream$BlockDataOutputStream.flush()V @ 8
Event: 109.190 Thread 0x00007f8f2037f800 Uncommon trap: reason=class_check action=maybe_recompile pc=0x00007f8f31e8f9d0 method=java.io.ObjectOutputStream$BlockDataOutputStream.flush()V @ 8
Event: 109.192 Thread 0x00007f8f2037f800 Uncommon trap: reason=class_check action=maybe_recompile pc=0x00007f8f31e8f9d0 method=java.io.ObjectOutputStream$BlockDataOutputStream.flush()V @ 8
Event: 109.193 Thread 0x00007f8f2037f800 Uncommon trap: reason=class_check action=maybe_recompile pc=0x00007f8f31e8f9d0 method=java.io.ObjectOutputStream$BlockDataOutputStream.flush()V @ 8
Event: 109.463 Thread 0x00007f8f20619800 Uncommon trap: reason=unstable_if action=reinterpret pc=0x00007f8f322dc09c method=sun.misc.FloatingDecimal$BinaryToASCIIBuffer.dtoa(IJIZ)V @ 272
Event: 110.801 Thread 0x00007f8f2063c000 Uncommon trap: reason=class_check action=maybe_recompile pc=0x00007f8f3121ea88 method=java.util.concurrent.ThreadPoolExecutor.getTask()Ljava/lang/Runnable; @ 154
Event: 110.802 Thread 0x00007f8f2c06f800 Uncommon trap: reason=class_check action=maybe_recompile pc=0x00007f8f3121ea88 method=java.util.concurrent.ThreadPoolExecutor.getTask()Ljava/lang/Runnable; @ 154
Event: 115.129 Thread 0x00007f8f20619800 Uncommon trap: reason=unstable_if action=reinterpret pc=0x00007f8f3348e120 method=scala.collection.immutable.HashMap$HashTrieMap.get0(Ljava/lang/Object;II)Lscala/Option; @ 19

Classes redefined (0 events):
No events

Internal exceptions (10 events):
Event: 32.320 Thread 0x00007f8f1433b800 Exception <a 'java/lang/NoSuchMethodError': <clinit>> (0x00000000c0a2def8) thrown at [/build/openjdk-8-pREaNj/openjdk-8-8u181-b13/src/hotspot/src/share/vm/prims/jni.cpp, line 1613]
Event: 38.180 Thread 0x00007f8f2c33a000 Implicit null exception at 0x00007f8f315ea9b7 to 0x00007f8f315eac79
Event: 50.442 Thread 0x00007f8f207a4000 Exception <a 'java/net/SocketTimeoutException': Accept timed out> (0x00000000c03221c0) thrown at [/build/openjdk-8-pREaNj/openjdk-8-8u181-b13/src/hotspot/src/share/vm/prims/jni.cpp, line 735]
Event: 68.920 Thread 0x00007f8f2404a000 Implicit null exception at 0x00007f8f329e5934 to 0x00007f8f329e60bd
Event: 81.943 Thread 0x00007f8f20380000 Implicit null exception at 0x00007f8f32b7dd67 to 0x00007f8f32b7e5c1
Event: 87.934 Thread 0x00007f8f14a72800 Implicit null exception at 0x00007f8f32edc963 to 0x00007f8f32edd209
Event: 93.513 Thread 0x00007f8f2406e000 Exception <a 'java/lang/NoSuchMethodError': <clinit>> (0x00000000c16f6fe0) thrown at [/build/openjdk-8-pREaNj/openjdk-8-8u181-b13/src/hotspot/src/share/vm/prims/jni.cpp, line 1613]
Event: 95.202 Thread 0x00007f8f2404a000 Implicit null exception at 0x00007f8f32a1d9fd to 0x00007f8f32a1ea25
Event: 98.952 Thread 0x00007f8f14a72800 Implicit null exception at 0x00007f8f330f9a9f to 0x00007f8f330fb061
Event: 104.006 Thread 0x00007f8f24048800 Implicit null exception at 0x00007f8f3141625f to 0x00007f8f314171b0

Events (10 events):
Event: 115.534 Executing VM operation: GenCollectForAllocation done
Event: 115.630 Executing VM operation: RevokeBias
Event: 115.632 Executing VM operation: RevokeBias done
Event: 115.649 Executing VM operation: RevokeBias
Event: 115.651 Executing VM operation: RevokeBias done
Event: 115.735 Executing VM operation: GenCollectForAllocation
Event: 115.742 Executing VM operation: GenCollectForAllocation done
Event: 115.962 Executing VM operation: GenCollectForAllocation
Event: 115.974 Executing VM operation: GenCollectForAllocation done
Event: 116.259 Executing VM operation: GenCollectForAllocation


Dynamic libraries:
00400000-00401000 r-xp 00000000 ca:01 256949                             /usr/lib/jvm/java-8-openjdk-amd64/jre/bin/java
00600000-00601000 r--p 00000000 ca:01 256949                             /usr/lib/jvm/java-8-openjdk-amd64/jre/bin/java
00601000-00602000 rw-p 00001000 ca:01 256949                             /usr/lib/jvm/java-8-openjdk-amd64/jre/bin/java
01615000-016ab000 rw-p 00000000 00:00 0                                  [heap]
c0000000-c8bc0000 rw-p 00000000 00:00 0 
c8bc0000-d5550000 ---p 00000000 00:00 0 
d5550000-e7cb4000 rw-p 00000000 00:00 0 
ee0cf000-100000000 ---p 00000000 00:00 0 
100000000-100ab6000 rw-p 00000000 00:00 0 
100ab6000-140000000 ---p 00000000 00:00 0 
7f8f06e03000-7f8f06e06000 ---p 00000000 00:00 0 
7f8f06e06000-7f8f06f04000 rw-p 00000000 00:00 0 
7f8f06f04000-7f8f06f07000 ---p 00000000 00:00 0 
7f8f06f07000-7f8f07005000 rw-p 00000000 00:00 0 
7f8f07005000-7f8f07008000 ---p 00000000 00:00 0 
7f8f07008000-7f8f07106000 rw-p 00000000 00:00 0 
7f8f07106000-7f8f07109000 ---p 00000000 00:00 0 
7f8f07109000-7f8f07207000 rw-p 00000000 00:00 0 
7f8f07207000-7f8f0720a000 ---p 00000000 00:00 0 
7f8f0720a000-7f8f07308000 rw-p 00000000 00:00 0 
7f8f07308000-7f8f0730b000 ---p 00000000 00:00 0 
7f8f0730b000-7f8f07409000 rw-p 00000000 00:00 0 
7f8f07409000-7f8f0740c000 ---p 00000000 00:00 0 
7f8f0740c000-7f8f0750a000 rw-p 00000000 00:00 0 
7f8f0750a000-7f8f0750d000 ---p 00000000 00:00 0 
7f8f0750d000-7f8f0760b000 rw-p 00000000 00:00 0 
7f8f0760b000-7f8f0760e000 ---p 00000000 00:00 0 
7f8f0760e000-7f8f0770c000 rw-p 00000000 00:00 0 
7f8f0770c000-7f8f0770f000 ---p 00000000 00:00 0 
7f8f0770f000-7f8f0780d000 rw-p 00000000 00:00 0 
7f8f0780d000-7f8f07810000 ---p 00000000 00:00 0 
7f8f07810000-7f8f0790e000 rw-p 00000000 00:00 0 
7f8f0790e000-7f8f07911000 ---p 00000000 00:00 0 
7f8f07911000-7f8f07a0f000 rw-p 00000000 00:00 0 
7f8f07a0f000-7f8f07a12000 ---p 00000000 00:00 0 
7f8f07a12000-7f8f07b10000 rw-p 00000000 00:00 0 
7f8f07b10000-7f8f07b13000 ---p 00000000 00:00 0 
7f8f07b13000-7f8f07c11000 rw-p 00000000 00:00 0 
7f8f07c11000-7f8f07c14000 ---p 00000000 00:00 0 
7f8f07c14000-7f8f07d12000 rw-p 00000000 00:00 0 
7f8f07d12000-7f8f07d15000 ---p 00000000 00:00 0 
7f8f07d15000-7f8f07e13000 rw-p 00000000 00:00 0 
7f8f07e13000-7f8f07e16000 ---p 00000000 00:00 0 
7f8f07e16000-7f8f07f14000 rw-p 00000000 00:00 0 
7f8f07f14000-7f8f07f17000 ---p 00000000 00:00 0 
7f8f07f17000-7f8f08015000 rw-p 00000000 00:00 0 
7f8f08015000-7f8f08018000 ---p 00000000 00:00 0 
7f8f08018000-7f8f08116000 rw-p 00000000 00:00 0 
7f8f08116000-7f8f08119000 ---p 00000000 00:00 0 
7f8f08119000-7f8f08217000 rw-p 00000000 00:00 0 
7f8f08217000-7f8f0821a000 ---p 00000000 00:00 0 
7f8f0821a000-7f8f08318000 rw-p 00000000 00:00 0 
7f8f08318000-7f8f0831b000 ---p 00000000 00:00 0 
7f8f0831b000-7f8f08419000 rw-p 00000000 00:00 0 
7f8f08419000-7f8f0841c000 ---p 00000000 00:00 0 
7f8f0841c000-7f8f0851a000 rw-p 00000000 00:00 0 
7f8f0851a000-7f8f0851d000 ---p 00000000 00:00 0 
7f8f0851d000-7f8f0861b000 rw-p 00000000 00:00 0 
7f8f0861b000-7f8f0861e000 ---p 00000000 00:00 0 
7f8f0861e000-7f8f0871c000 rw-p 00000000 00:00 0 
7f8f0871c000-7f8f0871f000 ---p 00000000 00:00 0 
7f8f0871f000-7f8f0881d000 rw-p 00000000 00:00 0 
7f8f0881d000-7f8f08820000 ---p 00000000 00:00 0 
7f8f08820000-7f8f0891e000 rw-p 00000000 00:00 0 
7f8f0891e000-7f8f08921000 ---p 00000000 00:00 0 
7f8f08921000-7f8f08a1f000 rw-p 00000000 00:00 0 
7f8f08a1f000-7f8f08a22000 ---p 00000000 00:00 0 
7f8f08a22000-7f8f08d20000 rw-p 00000000 00:00 0 
7f8f08d20000-7f8f08d23000 ---p 00000000 00:00 0 
7f8f08d23000-7f8f08e21000 rw-p 00000000 00:00 0 
7f8f08e21000-7f8f08e24000 ---p 00000000 00:00 0 
7f8f08e24000-7f8f08f22000 rw-p 00000000 00:00 0 
7f8f08f22000-7f8f08f25000 ---p 00000000 00:00 0 
7f8f08f25000-7f8f09023000 rw-p 00000000 00:00 0 
7f8f09023000-7f8f09026000 ---p 00000000 00:00 0 
7f8f09026000-7f8f09324000 rw-p 00000000 00:00 0 
7f8f09324000-7f8f09327000 ---p 00000000 00:00 0 
7f8f09327000-7f8f09425000 rw-p 00000000 00:00 0 
7f8f09425000-7f8f09428000 ---p 00000000 00:00 0 
7f8f09428000-7f8f09526000 rw-p 00000000 00:00 0 
7f8f09526000-7f8f09529000 ---p 00000000 00:00 0 
7f8f09529000-7f8f09627000 rw-p 00000000 00:00 0 
7f8f09627000-7f8f0962a000 ---p 00000000 00:00 0 
7f8f0962a000-7f8f09928000 rw-p 00000000 00:00 0 
7f8f09928000-7f8f09b28000 rw-p 00000000 00:00 0 
7f8f09b28000-7f8f09b2b000 ---p 00000000 00:00 0 
7f8f09b2b000-7f8f09e29000 rw-p 00000000 00:00 0 
7f8f09e29000-7f8f09e2c000 ---p 00000000 00:00 0 
7f8f09e2c000-7f8f0a12a000 rw-p 00000000 00:00 0 
7f8f0a12a000-7f8f0a32a000 rw-p 00000000 00:00 0 
7f8f0a32a000-7f8f0a52a000 rw-p 00000000 00:00 0 
7f8f0a52a000-7f8f0a72a000 rw-p 00000000 00:00 0 
7f8f0a72a000-7f8f0a92a000 rw-p 00000000 00:00 0 
7f8f0a92a000-7f8f0ab2a000 rw-p 00000000 00:00 0 
7f8f0ab2a000-7f8f0ad2a000 rw-p 00000000 00:00 0 
7f8f0ad2a000-7f8f0af2a000 rw-p 00000000 00:00 0 
7f8f0af2a000-7f8f0b12a000 rw-p 00000000 00:00 0 
7f8f0b12a000-7f8f0b32a000 rw-p 00000000 00:00 0 
7f8f0b32a000-7f8f0b32d000 ---p 00000000 00:00 0 
7f8f0b32d000-7f8f0b42b000 rw-p 00000000 00:00 0 
7f8f0b42b000-7f8f0b42e000 ---p 00000000 00:00 0 
7f8f0b42e000-7f8f0b52c000 rw-p 00000000 00:00 0 
7f8f0b52c000-7f8f0b52f000 ---p 00000000 00:00 0 
7f8f0b52f000-7f8f0b62d000 rw-p 00000000 00:00 0 
7f8f0b62d000-7f8f0b630000 ---p 00000000 00:00 0 
7f8f0b630000-7f8f0b72e000 rw-p 00000000 00:00 0 
7f8f0b72e000-7f8f0b731000 ---p 00000000 00:00 0 
7f8f0b731000-7f8f0b82f000 rw-p 00000000 00:00 0 
7f8f0b82f000-7f8f0b832000 ---p 00000000 00:00 0 
7f8f0b832000-7f8f0bb30000 rw-p 00000000 00:00 0 
7f8f0bb30000-7f8f0bb33000 ---p 00000000 00:00 0 
7f8f0bb33000-7f8f0be31000 rw-p 00000000 00:00 0 
7f8f0be31000-7f8f0be3e000 r-xp 00000000 ca:01 1708                       /tmp/liblz4-java222220664356089931.so
7f8f0be3e000-7f8f0c03d000 ---p 0000d000 ca:01 1708                       /tmp/liblz4-java222220664356089931.so
7f8f0c03d000-7f8f0c03e000 rw-p 0000c000 ca:01 1708                       /tmp/liblz4-java222220664356089931.so
7f8f0c03e000-7f8f0c23e000 rw-p 00000000 00:00 0 
7f8f0c23e000-7f8f0c241000 ---p 00000000 00:00 0 
7f8f0c241000-7f8f0c33f000 rw-p 00000000 00:00 0 
7f8f0c3a0000-7f8f0c3a3000 ---p 00000000 00:00 0 
7f8f0c3a3000-7f8f0c6a1000 rw-p 00000000 00:00 0 
7f8f0c6a1000-7f8f0c8a1000 rw-p 00000000 00:00 0 
7f8f0c8a1000-7f8f0caa1000 rw-p 00000000 00:00 0 
7f8f0caa1000-7f8f0caa4000 ---p 00000000 00:00 0 
7f8f0caa4000-7f8f0cba2000 rw-p 00000000 00:00 0 
7f8f0cba2000-7f8f0cba5000 ---p 00000000 00:00 0 
7f8f0cba5000-7f8f0cca3000 rw-p 00000000 00:00 0 
7f8f0cca3000-7f8f0cca6000 ---p 00000000 00:00 0 
7f8f0cca6000-7f8f0cfa4000 rw-p 00000000 00:00 0 
7f8f0cfa4000-7f8f0cfa7000 ---p 00000000 00:00 0 
7f8f0cfa7000-7f8f0d0a5000 rw-p 00000000 00:00 0 
7f8f0d0a5000-7f8f0d0a8000 ---p 00000000 00:00 0 
7f8f0d0a8000-7f8f0d1a6000 rw-p 00000000 00:00 0 
7f8f0d1a6000-7f8f0d1a9000 ---p 00000000 00:00 0 
7f8f0d1a9000-7f8f0d2a7000 rw-p 00000000 00:00 0 
7f8f0d2a7000-7f8f0d2aa000 ---p 00000000 00:00 0 
7f8f0d2aa000-7f8f0d3a8000 rw-p 00000000 00:00 0 
7f8f0d3a8000-7f8f0d3ab000 ---p 00000000 00:00 0 
7f8f0d3ab000-7f8f0d4a9000 rw-p 00000000 00:00 0 
7f8f0d4a9000-7f8f0d4ac000 ---p 00000000 00:00 0 
7f8f0d4ac000-7f8f0d5aa000 rw-p 00000000 00:00 0 
7f8f0d5aa000-7f8f0d5ad000 ---p 00000000 00:00 0 
7f8f0d5ad000-7f8f0d6ab000 rw-p 00000000 00:00 0 
7f8f0d6ab000-7f8f0d6ae000 ---p 00000000 00:00 0 
7f8f0d6ae000-7f8f0d7ac000 rw-p 00000000 00:00 0 
7f8f0d7ac000-7f8f0d7af000 ---p 00000000 00:00 0 
7f8f0d7af000-7f8f0d8ad000 rw-p 00000000 00:00 0 
7f8f0d8ad000-7f8f0d8b0000 ---p 00000000 00:00 0 
7f8f0d8b0000-7f8f0d9ae000 rw-p 00000000 00:00 0 
7f8f0d9ae000-7f8f0d9b1000 ---p 00000000 00:00 0 
7f8f0d9b1000-7f8f0daaf000 rw-p 00000000 00:00 0 
7f8f0daaf000-7f8f0dab2000 ---p 00000000 00:00 0 
7f8f0dab2000-7f8f0dbb0000 rw-p 00000000 00:00 0 
7f8f0dbb0000-7f8f0dbb3000 ---p 00000000 00:00 0 
7f8f0dbb3000-7f8f0dcb1000 rw-p 00000000 00:00 0 
7f8f0dcb1000-7f8f0dcb4000 ---p 00000000 00:00 0 
7f8f0dcb4000-7f8f0dfb2000 rw-p 00000000 00:00 0 
7f8f0e05d000-7f8f0e060000 ---p 00000000 00:00 0 
7f8f0e060000-7f8f0e35e000 rw-p 00000000 00:00 0 
7f8f0e35e000-7f8f0e361000 ---p 00000000 00:00 0 
7f8f0e361000-7f8f0e45f000 rw-p 00000000 00:00 0 
7f8f0e45f000-7f8f0e462000 ---p 00000000 00:00 0 
7f8f0e462000-7f8f0e560000 rw-p 00000000 00:00 0 
7f8f0e560000-7f8f0e563000 ---p 00000000 00:00 0 
7f8f0e563000-7f8f0e661000 rw-p 00000000 00:00 0 
7f8f0e661000-7f8f0e664000 ---p 00000000 00:00 0 
7f8f0e664000-7f8f0e762000 rw-p 00000000 00:00 0 
7f8f0e762000-7f8f0e765000 ---p 00000000 00:00 0 
7f8f0e765000-7f8f0e863000 rw-p 00000000 00:00 0 
7f8f0e863000-7f8f0e866000 ---p 00000000 00:00 0 
7f8f0e866000-7f8f0e964000 rw-p 00000000 00:00 0 
7f8f0e964000-7f8f0e967000 ---p 00000000 00:00 0 
7f8f0e967000-7f8f0ea65000 rw-p 00000000 00:00 0 
7f8f0ea65000-7f8f0ea68000 ---p 00000000 00:00 0 
7f8f0ea68000-7f8f0eb66000 rw-p 00000000 00:00 0 
7f8f0eb66000-7f8f0eb69000 ---p 00000000 00:00 0 
7f8f0eb69000-7f8f0ec67000 rw-p 00000000 00:00 0 
7f8f0ec67000-7f8f0ec78000 r-xp 00000000 ca:01 256909                     /usr/lib/jvm/java-8-openjdk-amd64/jre/lib/amd64/libnio.so
7f8f0ec78000-7f8f0ee78000 ---p 00011000 ca:01 256909                     /usr/lib/jvm/java-8-openjdk-amd64/jre/lib/amd64/libnio.so
7f8f0ee78000-7f8f0ee79000 r--p 00011000 ca:01 256909                     /usr/lib/jvm/java-8-openjdk-amd64/jre/lib/amd64/libnio.so
7f8f0ee79000-7f8f0ee7a000 rw-p 00012000 ca:01 256909                     /usr/lib/jvm/java-8-openjdk-amd64/jre/lib/amd64/libnio.so
7f8f0ee7a000-7f8f0f07a000 rw-p 00000000 00:00 0 
7f8f0f07a000-7f8f0f08d000 r--s 00346000 ca:01 256864                     /usr/lib/jvm/java-8-openjdk-amd64/jre/lib/resources.jar
7f8f0f08d000-7f8f0f090000 ---p 00000000 00:00 0 
7f8f0f090000-7f8f0f38e000 rw-p 00000000 00:00 0 
7f8f0f38e000-7f8f0f3a5000 r-xp 00000000 ca:01 1984                       /lib/x86_64-linux-gnu/libresolv-2.23.so
7f8f0f3a5000-7f8f0f5a5000 ---p 00017000 ca:01 1984                       /lib/x86_64-linux-gnu/libresolv-2.23.so
7f8f0f5a5000-7f8f0f5a6000 r--p 00017000 ca:01 1984                       /lib/x86_64-linux-gnu/libresolv-2.23.so
7f8f0f5a6000-7f8f0f5a7000 rw-p 00018000 ca:01 1984                       /lib/x86_64-linux-gnu/libresolv-2.23.so
7f8f0f5a7000-7f8f0f5a9000 rw-p 00000000 00:00 0 
7f8f0f5a9000-7f8f0f5ae000 r-xp 00000000 ca:01 1990                       /lib/x86_64-linux-gnu/libnss_dns-2.23.so
7f8f0f5ae000-7f8f0f7ae000 ---p 00005000 ca:01 1990                       /lib/x86_64-linux-gnu/libnss_dns-2.23.so
7f8f0f7ae000-7f8f0f7af000 r--p 00005000 ca:01 1990                       /lib/x86_64-linux-gnu/libnss_dns-2.23.so
7f8f0f7af000-7f8f0f7b0000 rw-p 00006000 ca:01 1990                       /lib/x86_64-linux-gnu/libnss_dns-2.23.so
7f8f0f7b1000-7f8f0f7b3000 r--s 00016000 ca:01 256882                     /usr/lib/jvm/java-8-openjdk-amd64/jre/lib/jce.jar
7f8f0f7b3000-7f8f0f7b8000 r--s 0009d000 ca:01 256862                     /usr/lib/jvm/java-8-openjdk-amd64/jre/lib/jsse.jar
7f8f0f7b8000-7f8f0f7b9000 r-xp 00000000 ca:01 256908                     /usr/lib/jvm/java-8-openjdk-amd64/jre/lib/amd64/libjaas_unix.so
7f8f0f7b9000-7f8f0f9b8000 ---p 00001000 ca:01 256908                     /usr/lib/jvm/java-8-openjdk-amd64/jre/lib/amd64/libjaas_unix.so
7f8f0f9b8000-7f8f0f9b9000 r--p 00000000 ca:01 256908                     /usr/lib/jvm/java-8-openjdk-amd64/jre/lib/amd64/libjaas_unix.so
7f8f0f9b9000-7f8f0f9ba000 rw-p 00001000 ca:01 256908                     /usr/lib/jvm/java-8-openjdk-amd64/jre/lib/amd64/libjaas_unix.so
7f8f0f9ba000-7f8f0f9bd000 ---p 00000000 00:00 0 
7f8f0f9bd000-7f8f0fabb000 rw-p 00000000 00:00 0 
7f8f0fabb000-7f8f0fabe000 ---p 00000000 00:00 0 
7f8f0fabe000-7f8f0fcf4000 rw-p 00000000 00:00 0 
7f8f0fcf4000-7f8f0fef4000 rw-p 00000000 00:00 0 
7f8f0fef4000-7f8f0fefd000 r-xp 00000000 ca:01 256894                     /usr/lib/jvm/java-8-openjdk-amd64/jre/lib/amd64/libmanagement.so
7f8f0fefd000-7f8f100fc000 ---p 00009000 ca:01 256894                     /usr/lib/jvm/java-8-openjdk-amd64/jre/lib/amd64/libmanagement.so
7f8f100fc000-7f8f100fd000 r--p 00008000 ca:01 256894                     /usr/lib/jvm/java-8-openjdk-amd64/jre/lib/amd64/libmanagement.so
7f8f100fd000-7f8f100fe000 rw-p 00009000 ca:01 256894                     /usr/lib/jvm/java-8-openjdk-amd64/jre/lib/amd64/libmanagement.so
7f8f100fe000-7f8f10101000 ---p 00000000 00:00 0 
7f8f10101000-7f8f101ff000 rw-p 00000000 00:00 0 
7f8f101ff000-7f8f10202000 ---p 00000000 00:00 0 
7f8f10202000-7f8f10300000 rw-p 00000000 00:00 0 
7f8f10300000-7f8f10303000 ---p 00000000 00:00 0 
7f8f10303000-7f8f10601000 rw-p 00000000 00:00 0 
7f8f10601000-7f8f13602000 rw-p 00000000 00:00 0 
7f8f13602000-7f8f13619000 r-xp 00000000 ca:01 256888                     /usr/lib/jvm/java-8-openjdk-amd64/jre/lib/amd64/libnet.so
7f8f13619000-7f8f13818000 ---p 00017000 ca:01 256888                     /usr/lib/jvm/java-8-openjdk-amd64/jre/lib/amd64/libnet.so
7f8f13818000-7f8f13819000 r--p 00016000 ca:01 256888                     /usr/lib/jvm/java-8-openjdk-amd64/jre/lib/amd64/libnet.so
7f8f13819000-7f8f1381a000 rw-p 00017000 ca:01 256888                     /usr/lib/jvm/java-8-openjdk-amd64/jre/lib/amd64/libnet.so
7f8f1381a000-7f8f1381d000 r--s 00015000 ca:01 261533                     /home/ubuntu/spark-2.1.1-bin-hadoop2.7/jars/javax.servlet-api-3.1.0.jar
7f8f1381d000-7f8f13849000 r--s 001c9000 ca:01 261798                     /home/ubuntu/spark-2.1.1-bin-hadoop2.7/jars/shapeless_2.11-2.0.0.jar
7f8f13849000-7f8f13854000 r--s 000b0000 ca:01 261731                     /home/ubuntu/spark-2.1.1-bin-hadoop2.7/jars/jtransforms-2.4.0.jar
7f8f13854000-7f8f1385a000 r--s 00043000 ca:01 261858                     /home/ubuntu/spark-2.1.1-bin-hadoop2.7/jars/commons-configuration-1.6.jar
7f8f1385a000-7f8f1385e000 r--s 00019000 ca:01 261784                     /home/ubuntu/spark-2.1.1-bin-hadoop2.7/jars/javax.ws.rs-api-2.0.1.jar
7f8f1385e000-7f8f13860000 r--s 00009000 ca:01 261839                     /home/ubuntu/spark-2.1.1-bin-hadoop2.7/jars/commons-cli-1.2.jar
7f8f13860000-7f8f1386a000 r--s 00095000 ca:01 261728                     /home/ubuntu/spark-2.1.1-bin-hadoop2.7/jars/scala-xml_2.11-1.0.2.jar
7f8f1386a000-7f8f1386f000 r--s 00031000 ca:01 261744                     /home/ubuntu/spark-2.1.1-bin-hadoop2.7/jars/parquet-hadoop-1.8.1.jar
7f8f1386f000-7f8f13873000 r--s 00020000 ca:01 261720                     /home/ubuntu/spark-2.1.1-bin-hadoop2.7/jars/commons-digester-1.8.jar
7f8f13873000-7f8f13875000 r--s 00027000 ca:01 261790                     /home/ubuntu/spark-2.1.1-bin-hadoop2.7/jars/core-1.1.2.jar
7f8f13875000-7f8f1388c000 r--s 00183000 ca:01 261753                     /home/ubuntu/spark-2.1.1-bin-hadoop2.7/jars/hadoop-yarn-common-2.7.3.jar
7f8f1388c000-7f8f1388d000 r--s 00004000 ca:01 261711                     /home/ubuntu/spark-2.1.1-bin-hadoop2.7/jars/eigenbase-properties-1.1.5.jar
7f8f1388d000-7f8f13893000 r--s 00044000 ca:01 261763                     /home/ubuntu/spark-2.1.1-bin-hadoop2.7/jars/antlr4-runtime-4.5.3.jar
7f8f13893000-7f8f13895000 r--s 0000b000 ca:01 261840                     /home/ubuntu/spark-2.1.1-bin-hadoop2.7/jars/chill-java-0.8.0.jar
7f8f13895000-7f8f1389f000 r--s 00086000 ca:01 261718                     /home/ubuntu/spark-2.1.1-bin-hadoop2.7/jars/json4s-core_2.11-3.2.11.jar
7f8f1389f000-7f8f138a1000 r--s 0000f000 ca:01 261566                     /home/ubuntu/spark-2.1.1-bin-hadoop2.7/jars/activation-1.1.1.jar
7f8f138a1000-7f8f138a5000 r--s 00031000 ca:01 261583                     /home/ubuntu/spark-2.1.1-bin-hadoop2.7/jars/jline-2.12.1.jar
7f8f138a5000-7f8f138ab000 r--s 00028000 ca:01 261745                     /home/ubuntu/spark-2.1.1-bin-hadoop2.7/jars/curator-framework-2.6.0.jar
7f8f138ab000-7f8f138b8000 r--s 000b1000 ca:01 261545                     /home/ubuntu/spark-2.1.1-bin-hadoop2.7/jars/hadoop-mapreduce-client-common-2.7.3.jar
7f8f138b8000-7f8f138ba000 r--s 00009000 ca:01 261758                     /home/ubuntu/spark-2.1.1-bin-hadoop2.7/jars/jackson-module-paranamer-2.6.5.jar
7f8f138ba000-7f8f138bb000 r--s 00009000 ca:01 261845                     /home/ubuntu/spark-2.1.1-bin-hadoop2.7/jars/slf4j-api-1.7.16.jar
7f8f138bb000-7f8f138bc000 r--s 00004000 ca:01 261710                     /home/ubuntu/spark-2.1.1-bin-hadoop2.7/jars/jackson-jaxrs-1.9.13.jar
7f8f138bc000-7f8f138be000 r--s 00012000 ca:01 261803                     /home/ubuntu/spark-2.1.1-bin-hadoop2.7/jars/api-util-1.0.0-M20.jar
7f8f138be000-7f8f138c6000 r--s 00066000 ca:01 261732                     /home/ubuntu/spark-2.1.1-bin-hadoop2.7/jars/apache-log4j-extras-1.2.17.jar
7f8f138c6000-7f8f138c8000 r--s 00004000 ca:01 261587                     /home/ubuntu/spark-2.1.1-bin-hadoop2.7/jars/stax-api-1.0-2.jar
7f8f138c8000-7f8f138d6000 r--s 00078000 ca:01 261756                     /home/ubuntu/spark-2.1.1-bin-hadoop2.7/jars/spark-mesos_2.11-2.1.1.jar
7f8f138d6000-7f8f13904000 r--s 00212000 ca:01 261712                     /home/ubuntu/spark-2.1.1-bin-hadoop2.7/jars/spark-network-common_2.11-2.1.1.jar
7f8f13904000-7f8f1390c000 r--s 0006e000 ca:01 261765                     /home/ubuntu/spark-2.1.1-bin-hadoop2.7/jars/commons-lang3-3.5.jar
7f8f1390c000-7f8f1390d000 r--s 00009000 ca:01 261830                     /home/ubuntu/spark-2.1.1-bin-hadoop2.7/jars/hive-cli-1.2.1.spark2.jar
7f8f1390d000-7f8f13923000 r--s 001a4000 ca:01 261613                     /home/ubuntu/spark-2.1.1-bin-hadoop2.7/jars/datanucleus-rdbms-3.2.9.jar
7f8f13923000-7f8f13934000 r--s 0010d000 ca:01 261714                     /home/ubuntu/spark-2.1.1-bin-hadoop2.7/jars/jackson-databind-2.6.5.jar
7f8f13934000-7f8f13936000 r--s 0000a000 ca:01 261612                     /home/ubuntu/spark-2.1.1-bin-hadoop2.7/jars/spark-unsafe_2.11-2.1.1.jar
7f8f13936000-7f8f1395a000 r--s 001cd000 ca:01 261855                     /home/ubuntu/spark-2.1.1-bin-hadoop2.7/jars/commons-math3-3.4.1.jar
7f8f1395a000-7f8f1395e000 r--s 0002a000 ca:01 261747                     /home/ubuntu/spark-2.1.1-bin-hadoop2.7/jars/commons-io-2.4.jar
7f8f1395e000-7f8f13966000 r--s 00059000 ca:01 261611                     /home/ubuntu/spark-2.1.1-bin-hadoop2.7/jars/javolution-5.5.1.jar
7f8f13966000-7f8f13967000 r--s 00003000 ca:01 261568                     /home/ubuntu/spark-2.1.1-bin-hadoop2.7/jars/jta-1.1.jar
7f8f13967000-7f8f1396a000 r--s 00009000 ca:01 261751                     /home/ubuntu/spark-2.1.1-bin-hadoop2.7/jars/jackson-annotations-2.6.5.jar
7f8f1396a000-7f8f139de000 r--s 00574000 ca:01 261739                     /home/ubuntu/spark-2.1.1-bin-hadoop2.7/jars/spark-mllib_2.11-2.1.1.jar
7f8f139de000-7f8f139f9000 r--s 001d8000 ca:01 261572                     /home/ubuntu/spark-2.1.1-bin-hadoop2.7/jars/jets3t-0.9.3.jar
7f8f139f9000-7f8f13a84000 r--s 0069e000 ca:01 261713                     /home/ubuntu/spark-2.1.1-bin-hadoop2.7/jars/spark-catalyst_2.11-2.1.1.jar
7f8f13a84000-7f8f13a89000 r--s 0002a000 ca:01 261576                     /home/ubuntu/spark-2.1.1-bin-hadoop2.7/jars/commons-beanutils-1.7.0.jar
7f8f13a89000-7f8f13a8b000 r--s 00006000 ca:01 261588                     /home/ubuntu/spark-2.1.1-bin-hadoop2.7/jars/paranamer-2.3.jar
7f8f13a8b000-7f8f13a8f000 r--s 0002c000 ca:01 261748                     /home/ubuntu/spark-2.1.1-bin-hadoop2.7/jars/avro-ipc-1.7.7.jar
7f8f13a8f000-7f8f13a90000 r--s 00003000 ca:01 261594                     /home/ubuntu/spark-2.1.1-bin-hadoop2.7/jars/xmlenc-0.52.jar
7f8f13a90000-7f8f13aad000 r--s 001d5000 ca:01 261860                     /home/ubuntu/spark-2.1.1-bin-hadoop2.7/jars/hadoop-yarn-api-2.7.3.jar
7f8f13aad000-7f8f13aae000 r--s 00004000 ca:01 261716                     /home/ubuntu/spark-2.1.1-bin-hadoop2.7/jars/opencsv-2.3.jar
7f8f13aae000-7f8f13ab2000 r--s 00014000 ca:01 261856                     /home/ubuntu/spark-2.1.1-bin-hadoop2.7/jars/xz-1.0.jar
7f8f13ab2000-7f8f13ab5000 r--s 000fd000 ca:01 261604                     /home/ubuntu/spark-2.1.1-bin-hadoop2.7/jars/leveldbjni-all-1.8.jar
7f8f13ab5000-7f8f13abb000 r--s 00063000 ca:01 261849                     /home/ubuntu/spark-2.1.1-bin-hadoop2.7/jars/jodd-core-3.5.2.jar
7f8f13abb000-7f8f13abf000 r--s 00030000 ca:01 261532                     /home/ubuntu/spark-2.1.1-bin-hadoop2.7/jars/commons-net-2.2.jar
7f8f13abf000-7f8f13ac3000 r--s 00028000 ca:01 261608                     /home/ubuntu/spark-2.1.1-bin-hadoop2.7/jars/spark-mllib-local_2.11-2.1.1.jar
7f8f13ac3000-7f8f13aca000 r--s 0007d000 ca:01 261722                     /home/ubuntu/spark-2.1.1-bin-hadoop2.7/jars/jetty-6.1.26.jar
7f8f13aca000-7f8f13acd000 r--s 0002f000 ca:01 261546                     /home/ubuntu/spark-2.1.1-bin-hadoop2.7/jars/RoaringBitmap-0.5.11.jar
7f8f13acd000-7f8f13ace000 r--s 00004000 ca:01 261866                     /home/ubuntu/spark-2.1.1-bin-hadoop2.7/jars/osgi-resource-locator-1.0.1.jar
7f8f13ace000-7f8f13aef000 r--s 0019b000 ca:01 261796                     /home/ubuntu/spark-2.1.1-bin-hadoop2.7/jars/spark-hive-thriftserver_2.11-2.1.1.jar
7f8f13aef000-7f8f13af4000 r--s 00041000 ca:01 261740                     /home/ubuntu/spark-2.1.1-bin-hadoop2.7/jars/commons-lang-2.6.jar
7f8f13af4000-7f8f13af6000 r--s 00020000 ca:01 261749                     /home/ubuntu/spark-2.1.1-bin-hadoop2.7/jars/hive-beeline-1.2.1.spark2.jar
7f8f13af6000-7f8f13afd000 r--s 00049000 ca:01 261736                     /home/ubuntu/spark-2.1.1-bin-hadoop2.7/jars/httpcore-4.4.4.jar
7f8f13afd000-7f8f13aff000 r--s 00014000 ca:01 261717                     /home/ubuntu/spark-2.1.1-bin-hadoop2.7/jars/spire-macros_2.11-0.7.4.jar
7f8f13aff000-7f8f13b00000 r--s 00001000 ca:01 261621                     /home/ubuntu/spark-2.1.1-bin-hadoop2.7/jars/pmml-schema-1.2.15.jar
7f8f13b00000-7f8f13b04000 r--s 00028000 ca:01 261573                     /home/ubuntu/spark-2.1.1-bin-hadoop2.7/jars/jetty-util-6.1.26.jar
7f8f13b04000-7f8f13b07000 r--s 00006000 ca:01 261721                     /home/ubuntu/spark-2.1.1-bin-hadoop2.7/jars/jsr305-1.3.9.jar
7f8f13b07000-7f8f13b0e000 r--s 0005d000 ca:01 261793                     /home/ubuntu/spark-2.1.1-bin-hadoop2.7/jars/mx4j-3.0.2.jar
7f8f13b0e000-7f8f13b10000 r--s 0000e000 ca:01 261821                     /home/ubuntu/spark-2.1.1-bin-hadoop2.7/jars/guice-servlet-3.0.jar
7f8f13b10000-7f8f13b18000 r--s 0007b000 ca:01 261737                     /home/ubuntu/spark-2.1.1-bin-hadoop2.7/jars/protobuf-java-2.5.0.jar
7f8f13b18000-7f8f13b21000 r--s 00062000 ca:01 261580                     /home/ubuntu/spark-2.1.1-bin-hadoop2.7/jars/avro-1.7.7.jar
7f8f13b21000-7f8f13b23000 r--s 00003000 ca:01 261733                     /home/ubuntu/spark-2.1.1-bin-hadoop2.7/jars/jcl-over-slf4j-1.7.16.jar
7f8f13b23000-7f8f13bf3000 r--s 00cf0000 ca:01 261540                     /home/ubuntu/spark-2.1.1-bin-hadoop2.7/jars/breeze_2.11-0.12.jar
7f8f13bf3000-7f8f13bf4000 r--s 00002000 ca:01 261619                     /home/ubuntu/spark-2.1.1-bin-hadoop2.7/jars/slf4j-log4j12-1.7.16.jar
7f8f13bf4000-7f8f13bf6000 r--s 00006000 ca:01 261578                     /home/ubuntu/spark-2.1.1-bin-hadoop2.7/jars/spark-sketch_2.11-2.1.1.jar
7f8f13bf6000-7f8f13bfb000 r--s 00068000 ca:01 261791                     /home/ubuntu/spark-2.1.1-bin-hadoop2.7/jars/antlr-2.7.7.jar
7f8f13bfb000-7f8f13bfd000 r--s 00000000 ca:01 261759                     /home/ubuntu/spark-2.1.1-bin-hadoop2.7/jars/aopalliance-1.0.jar
7f8f13bfd000-7f8f13bff000 r--s 00012000 ca:01 261730                     /home/ubuntu/spark-2.1.1-bin-hadoop2.7/jars/compress-lzf-1.0.3.jar
7f8f13bff000-7f8f13c0c000 r--s 0009e000 ca:01 261822                     /home/ubuntu/spark-2.1.1-bin-hadoop2.7/jars/spark-graphx_2.11-2.1.1.jar
7f8f13c0c000-7f8f13c11000 r--s 00028000 ca:01 261841                     /home/ubuntu/spark-2.1.1-bin-hadoop2.7/jars/avro-mapred-1.7.7-hadoop2.jar
7f8f13c11000-7f8f13c27000 r--s 00124000 ca:01 261833                     /home/ubuntu/spark-2.1.1-bin-hadoop2.7/jars/ivy-2.4.0.jar
7f8f13c27000-7f8f13c2f000 r--s 00078000 ca:01 261805                     /home/ubuntu/spark-2.1.1-bin-hadoop2.7/jars/mail-1.4.7.jar
7f8f13c2f000-7f8f13c34000 r--s 0004e000 ca:01 261582                     /home/ubuntu/spark-2.1.1-bin-hadoop2.7/jars/datanucleus-api-jdo-3.2.6.jar
7f8f13c34000-7f8f13d0c000 r--s 00a88000 ca:01 261543                     /home/ubuntu/spark-2.1.1-bin-hadoop2.7/jars/spark-core_2.11-2.1.1.jar
7f8f13d0c000-7f8f13d24000 r--s 001b6000 ca:01 261569                     /home/ubuntu/spark-2.1.1-bin-hadoop2.7/jars/datanucleus-core-3.2.10.jar
7f8f13d24000-7f8f13d38000 r--s 000ec000 ca:01 261539                     /home/ubuntu/spark-2.1.1-bin-hadoop2.7/jars/parquet-jackson-1.8.1.jar
7f8f13d38000-7f8f13d3a000 r--s 0000e000 ca:01 261785                     /home/ubuntu/spark-2.1.1-bin-hadoop2.7/jars/hadoop-mapreduce-client-jobclient-2.7.3.jar
7f8f13d3a000-7f8f13d3c000 r--s 0000e000 ca:01 261536                     /home/ubuntu/spark-2.1.1-bin-hadoop2.7/jars/oro-2.0.8.jar
7f8f13d3c000-7f8f13d3e000 r--s 00003000 ca:01 261826                     /home/ubuntu/spark-2.1.1-bin-hadoop2.7/jars/JavaEWAH-0.3.2.jar
7f8f13d3e000-7f8f13d40000 r--s 0000f000 ca:01 261757                     /home/ubuntu/spark-2.1.1-bin-hadoop2.7/jars/spark-launcher_2.11-2.1.1.jar
7f8f13d40000-7f8f13d62000 r--s 00335000 ca:01 261750                     /home/ubuntu/spark-2.1.1-bin-hadoop2.7/jars/mesos-1.0.0-shaded-protobuf.jar
7f8f13d62000-7f8f13d63000 r--s 00001000 ca:01 261610                     /home/ubuntu/spark-2.1.1-bin-hadoop2.7/jars/minlog-1.3.0.jar
7f8f13d63000-7f8f13d66000 r--s 0001a000 ca:01 261834                     /home/ubuntu/spark-2.1.1-bin-hadoop2.7/jars/py4j-0.10.4.jar
7f8f13d66000-7f8f13d67000 r--s 00009000 ca:01 261601                     /home/ubuntu/spark-2.1.1-bin-hadoop2.7/jars/json4s-jackson_2.11-3.2.11.jar
7f8f13d67000-7f8f13d69000 r--s 0000d000 ca:01 261725                     /home/ubuntu/spark-2.1.1-bin-hadoop2.7/jars/hadoop-yarn-server-web-proxy-2.7.3.jar
7f8f13d69000-7f8f13dcc000 r--s 004de000 ca:01 261719                     /home/ubuntu/spark-2.1.1-bin-hadoop2.7/jars/hive-metastore-1.2.1.spark2.jar
7f8f13dcc000-7f8f13dd3000 r--s 00039000 ca:01 261727                     /home/ubuntu/spark-2.1.1-bin-hadoop2.7/jars/calcite-avatica-1.2.0-incubating.jar
7f8f13dd3000-7f8f13dda000 r--s 0003f000 ca:01 261603                     /home/ubuntu/spark-2.1.1-bin-hadoop2.7/jars/commons-codec-1.10.jar
7f8f13dda000-7f8f13ddc000 r--s 00100000 ca:01 261842                     /home/ubuntu/spark-2.1.1-bin-hadoop2.7/jars/snappy-java-1.1.2.6.jar
7f8f13ddc000-7f8f13de0000 r--s 00029000 ca:01 261591                     /home/ubuntu/spark-2.1.1-bin-hadoop2.7/jars/hk2-locator-2.4.0-b34.jar
7f8f13de0000-7f8f13de3000 r--s 0000d000 ca:01 261742                     /home/ubuntu/spark-2.1.1-bin-hadoop2.7/jars/spark-network-shuffle_2.11-2.1.1.jar
7f8f13de3000-7f8f13de4000 r--s 00006000 ca:01 261788                     /home/ubuntu/spark-2.1.1-bin-hadoop2.7/jars/jackson-xc-1.9.13.jar
7f8f13de4000-7f8f13dfa000 r--s 000d1000 ca:01 261585                     /home/ubuntu/spark-2.1.1-bin-hadoop2.7/jars/parquet-column-1.8.1.jar
7f8f13dfa000-7f8f13e1f000 rw-p 00000000 00:00 0 
7f8f13e1f000-7f8f13f2b000 r--s 00dba000 ca:01 261859                     /home/ubuntu/spark-2.1.1-bin-hadoop2.7/jars/scala-compiler-2.11.8.jar
7f8f13f2b000-7f8f13f2c000 r--s 00002000 ca:01 261764                     /home/ubuntu/spark-2.1.1-bin-hadoop2.7/jars/jpam-1.1.jar
7f8f13f2c000-7f8f13f3b000 r--s 0009f000 ca:01 261734                     /home/ubuntu/spark-2.1.1-bin-hadoop2.7/jars/guice-3.0.jar
7f8f13f3b000-7f8f13f54000 r--s 00150000 ca:01 261626                     /home/ubuntu/spark-2.1.1-bin-hadoop2.7/jars/htrace-core-3.1.0-incubating.jar
7f8f13f54000-7f8f13f6a000 r--s 000d3000 ca:01 261625                     /home/ubuntu/spark-2.1.1-bin-hadoop2.7/jars/jersey-server-2.22.2.jar
7f8f13f6a000-7f8f13f6c000 r--s 00008000 ca:01 261581                     /home/ubuntu/spark-2.1.1-bin-hadoop2.7/jars/parquet-common-1.8.1.jar
7f8f13f6c000-7f8f13f70000 r--s 0003c000 ca:01 261854                     /home/ubuntu/spark-2.1.1-bin-hadoop2.7/jars/jackson-core-2.6.5.jar
7f8f13f70000-7f8f13f7b000 r--s 00062000 ca:01 261729                     /home/ubuntu/spark-2.1.1-bin-hadoop2.7/jars/calcite-linq4j-1.2.0-incubating.jar
7f8f13f7b000-7f8f13fb1000 r--s 0031c000 ca:01 261565                     /home/ubuntu/spark-2.1.1-bin-hadoop2.7/jars/hadoop-common-2.7.3.jar
7f8f13fb1000-7f8f13fb5000 r--s 0001a000 ca:01 261579                     /home/ubuntu/spark-2.1.1-bin-hadoop2.7/jars/hk2-utils-2.4.0-b34.jar
7f8f13fb5000-7f8f13fc1000 r--s 000b6000 ca:01 261831                     /home/ubuntu/spark-2.1.1-bin-hadoop2.7/jars/zookeeper-3.4.6.jar
7f8f13fc1000-7f8f13fc7000 r--s 00040000 ca:01 261709                     /home/ubuntu/spark-2.1.1-bin-hadoop2.7/jars/parquet-encoding-1.8.1.jar
7f8f13fc7000-7f8f13fcc000 r--s 00036000 ca:01 261574                     /home/ubuntu/spark-2.1.1-bin-hadoop2.7/jars/commons-compress-1.4.1.jar
7f8f13fcc000-7f8f13ff9000 r--s 001d4000 ca:01 261863                     /home/ubuntu/spark-2.1.1-bin-hadoop2.7/jars/spark-streaming_2.11-2.1.1.jar
7f8f13ff9000-7f8f14000000 r--s 00036000 ca:01 261624                     /home/ubuntu/spark-2.1.1-bin-hadoop2.7/jars/curator-recipes-2.6.0.jar
7f8f14000000-7f8f1531c000 rw-p 00000000 00:00 0 
7f8f1531c000-7f8f18000000 ---p 00000000 00:00 0 
7f8f18000000-7f8f181cc000 rw-p 00000000 00:00 0 
7f8f181cc000-7f8f1c000000 ---p 00000000 00:00 0 
7f8f1c000000-7f8f1c059000 rw-p 00000000 00:00 0 
7f8f1c059000-7f8f20000000 ---p 00000000 00:00 0 
7f8f20000000-7f8f23ffd000 rw-p 00000000 00:00 0 
7f8f23ffd000-7f8f24000000 ---p 00000000 00:00 0 
7f8f24000000-7f8f240e2000 rw-p 00000000 00:00 0 
7f8f240e2000-7f8f28000000 ---p 00000000 00:00 0 
7f8f28000000-7f8f28066000 rw-p 00000000 00:00 0 
7f8f28066000-7f8f2c000000 ---p 00000000 00:00 0 
7f8f2c000000-7f8f2c3b5000 rw-p 00000000 00:00 0 
7f8f2c3b5000-7f8f30000000 ---p 00000000 00:00 0 
7f8f30000000-7f8f30002000 r--s 00002000 ca:01 261606                     /home/ubuntu/spark-2.1.1-bin-hadoop2.7/jars/aopalliance-repackaged-2.4.0-b34.jar
7f8f30002000-7f8f30005000 r--s 00022000 ca:01 261806                     /home/ubuntu/spark-2.1.1-bin-hadoop2.7/jars/stringtemplate-3.2.1.jar
7f8f30005000-7f8f30009000 r--s 00029000 ca:01 261548                     /home/ubuntu/spark-2.1.1-bin-hadoop2.7/jars/breeze-macros_2.11-0.12.jar
7f8f30009000-7f8f3000d000 r--s 00036000 ca:01 261851                     /home/ubuntu/spark-2.1.1-bin-hadoop2.7/jars/ST4-4.0.4.jar
7f8f3000d000-7f8f30011000 r--s 00018000 ca:01 261584                     /home/ubuntu/spark-2.1.1-bin-hadoop2.7/jars/metrics-core-3.1.2.jar
7f8f30011000-7f8f3001f000 r--s 000b1000 ca:01 261754                     /home/ubuntu/spark-2.1.1-bin-hadoop2.7/jars/jackson-mapper-asl-1.9.13.jar
7f8f3001f000-7f8f3002f000 r--s 000a0000 ca:01 261599                     /home/ubuntu/spark-2.1.1-bin-hadoop2.7/jars/spark-yarn_2.11-2.1.1.jar
7f8f3002f000-7f8f30030000 r--s 00003000 ca:01 261590                     /home/ubuntu/spark-2.1.1-bin-hadoop2.7/jars/spark-tags_2.11-2.1.1.jar
7f8f30030000-7f8f30042000 r--s 00097000 ca:01 261804                     /home/ubuntu/spark-2.1.1-bin-hadoop2.7/jars/apacheds-kerberos-codec-2.0.0-M15.jar
7f8f30042000-7f8f30045000 r--s 00017000 ca:01 261800                     /home/ubuntu/spark-2.1.1-bin-hadoop2.7/jars/jaxb-api-2.2.2.jar
7f8f30045000-7f8f30047000 r--s 00009000 ca:01 261848                     /home/ubuntu/spark-2.1.1-bin-hadoop2.7/jars/objenesis-2.1.jar
7f8f30047000-7f8f300b2000 r--s 00784000 ca:01 261535                     /home/ubuntu/spark-2.1.1-bin-hadoop2.7/jars/hadoop-hdfs-2.7.3.jar
7f8f300b2000-7f8f300b4000 r--s 00010000 ca:01 261752                     /home/ubuntu/spark-2.1.1-bin-hadoop2.7/jars/jersey-media-jaxb-2.22.2.jar
7f8f300b4000-7f8f300c1000 r--s 00083000 ca:01 261598                     /home/ubuntu/spark-2.1.1-bin-hadoop2.7/jars/commons-collections-3.2.2.jar
7f8f300c1000-7f8f300c8000 r--s 00051000 ca:01 261542                     /home/ubuntu/spark-2.1.1-bin-hadoop2.7/jars/kryo-shaded-3.0.3.jar
7f8f300c8000-7f8f300ff000 r--s 00325000 ca:01 261802                     /home/ubuntu/spark-2.1.1-bin-hadoop2.7/jars/calcite-core-1.2.0-incubating.jar
7f8f300ff000-7f8f30102000 r--s 00012000 ca:01 261602                     /home/ubuntu/spark-2.1.1-bin-hadoop2.7/jars/json4s-ast_2.11-3.2.11.jar
7f8f30102000-7f8f30104000 r--s 0000e000 ca:01 261794                     /home/ubuntu/spark-2.1.1-bin-hadoop2.7/jars/commons-logging-1.1.3.jar
7f8f30104000-7f8f301ad000 r--s 00a4f000 ca:01 261801                     /home/ubuntu/spark-2.1.1-bin-hadoop2.7/jars/hive-exec-1.2.1.spark2.jar
7f8f301ad000-7f8f301ae000 r--s 0000b000 ca:01 261631                     /home/ubuntu/spark-2.1.1-bin-hadoop2.7/jars/snappy-0.2.jar
7f8f301ae000-7f8f301b1000 r--s 00028000 ca:01 261541                     /home/ubuntu/spark-2.1.1-bin-hadoop2.7/jars/stream-2.7.0.jar
7f8f301b1000-7f8f301e5000 r--s 00277000 ca:01 261592                     /home/ubuntu/spark-2.1.1-bin-hadoop2.7/jars/parquet-hadoop-bundle-1.6.0.jar
7f8f301e5000-7f8f301e9000 r--s 0000c000 ca:01 261617                     /home/ubuntu/spark-2.1.1-bin-hadoop2.7/jars/validation-api-1.1.0.Final.jar
7f8f301e9000-7f8f30212000 r--s 001ee000 ca:01 261862                     /home/ubuntu/spark-2.1.1-bin-hadoop2.7/jars/guava-14.0.1.jar
7f8f30212000-7f8f3021f000 r--s 00071000 ca:01 261832                     /home/ubuntu/spark-2.1.1-bin-hadoop2.7/jars/jackson-module-scala_2.11-2.6.5.jar
7f8f3021f000-7f8f30238000 r--s 00114000 ca:01 261577                     /home/ubuntu/spark-2.1.1-bin-hadoop2.7/jars/spark-hive_2.11-2.1.1.jar
7f8f30238000-7f8f30250000 r--s 00115000 ca:01 261824                     /home/ubuntu/spark-2.1.1-bin-hadoop2.7/jars/netty-3.8.0.Final.jar
7f8f30250000-7f8f302a9000 r--s 00522000 ca:01 261865                     /home/ubuntu/spark-2.1.1-bin-hadoop2.7/jars/scala-library-2.11.8.jar
7f8f302a9000-7f8f302b0000 r--s 00049000 ca:01 261852                     /home/ubuntu/spark-2.1.1-bin-hadoop2.7/jars/univocity-parsers-2.2.1.jar
7f8f302b0000-7f8f302fc000 r--s 00411000 ca:01 261857                     /home/ubuntu/spark-2.1.1-bin-hadoop2.7/jars/scala-reflect-2.11.8.jar
7f8f302fc000-7f8f3030a000 r--s 0009d000 ca:01 261614                     /home/ubuntu/spark-2.1.1-bin-hadoop2.7/jars/jersey-common-2.22.2.jar
7f8f3030a000-7f8f30314000 r--s 000aa000 ca:01 261762                     /home/ubuntu/spark-2.1.1-bin-hadoop2.7/jars/janino-3.0.0.jar
7f8f30314000-7f8f30315000 r--s 00008000 ca:01 261844                     /home/ubuntu/spark-2.1.1-bin-hadoop2.7/jars/commons-compiler-3.0.0.jar
7f8f30315000-7f8f3031e000 r--s 00097000 ca:01 261837                     /home/ubuntu/spark-2.1.1-bin-hadoop2.7/jars/pmml-model-1.2.15.jar
7f8f3031e000-7f8f30320000 r--s 00005000 ca:01 261741                     /home/ubuntu/spark-2.1.1-bin-hadoop2.7/jars/stax-api-1.0.1.jar
7f8f30320000-7f8f30324000 r--s 00035000 ca:01 261597                     /home/ubuntu/spark-2.1.1-bin-hadoop2.7/jars/jackson-core-asl-1.9.13.jar
7f8f30324000-7f8f30327000 r--s 00019000 ca:01 261530                     /home/ubuntu/spark-2.1.1-bin-hadoop2.7/jars/bonecp-0.8.0.RELEASE.jar
7f8f30327000-7f8f30329000 r--s 00038000 ca:01 261789                     /home/ubuntu/spark-2.1.1-bin-hadoop2.7/jars/lz4-1.3.0.jar
7f8f30329000-7f8f30342000 r--s 00164000 ca:01 261738                     /home/ubuntu/spark-2.1.1-bin-hadoop2.7/jars/hadoop-mapreduce-client-core-2.7.3.jar
7f8f30342000-7f8f30345000 r--s 00026000 ca:01 261792                     /home/ubuntu/spark-2.1.1-bin-hadoop2.7/jars/hadoop-yarn-client-2.7.3.jar
7f8f30345000-7f8f30347000 r--s 00017000 ca:01 261607                     /home/ubuntu/spark-2.1.1-bin-hadoop2.7/jars/hive-jdbc-1.2.1.spark2.jar
7f8f30347000-7f8f303c8000 r--s 005d9000 ca:01 261746                     /home/ubuntu/spark-2.1.1-bin-hadoop2.7/jars/spark-sql_2.11-2.1.1.jar
7f8f303c8000-7f8f303c9000 r--s 00006000 ca:01 261755                     /home/ubuntu/spark-2.1.1-bin-hadoop2.7/jars/hadoop-client-2.7.3.jar
7f8f303c9000-7f8f303d0000 r--s 00058000 ca:01 261609                     /home/ubuntu/spark-2.1.1-bin-hadoop2.7/jars/hadoop-yarn-server-common-2.7.3.jar
7f8f303d0000-7f8f303d1000 r--s 0000a000 ca:01 261616                     /home/ubuntu/spark-2.1.1-bin-hadoop2.7/jars/apacheds-i18n-2.0.0-M15.jar
7f8f303d1000-7f8f303d2000 r--s 00000000 ca:01 261600                     /home/ubuntu/spark-2.1.1-bin-hadoop2.7/jars/javax.inject-1.jar
7f8f303d2000-7f8f303d8000 r--s 00045000 ca:01 261605                     /home/ubuntu/spark-2.1.1-bin-hadoop2.7/jars/commons-httpclient-3.1.jar
7f8f303d8000-7f8f303e5000 r--s 000a7000 ca:01 261627                     /home/ubuntu/spark-2.1.1-bin-hadoop2.7/jars/httpclient-4.5.2.jar
7f8f303e5000-7f8f303e7000 r--s 0001f000 ca:01 261825                     /home/ubuntu/spark-2.1.1-bin-hadoop2.7/jars/commons-crypto-1.0.0.jar
7f8f303e7000-7f8f303ec000 r--s 0002a000 ca:01 261735                     /home/ubuntu/spark-2.1.1-bin-hadoop2.7/jars/gson-2.2.4.jar
7f8f303ec000-7f8f3042c000 r--s 00277000 ca:01 261767                     /home/ubuntu/spark-2.1.1-bin-hadoop2.7/jars/bcprov-jdk15on-1.51.jar
7f8f3042c000-7f8f3042f000 r--s 00016000 ca:01 261593                     /home/ubuntu/spark-2.1.1-bin-hadoop2.7/jars/jsp-api-2.1.jar
7f8f3042f000-7f8f30430000 r--s 00001000 ca:01 261838                     /home/ubuntu/spark-2.1.1-bin-hadoop2.7/jars/javax.inject-2.4.0-b34.jar
7f8f30430000-7f8f30431000 r--s 00002000 ca:01 261586                     /home/ubuntu/spark-2.1.1-bin-hadoop2.7/jars/java-xmlbuilder-1.0.jar
7f8f30431000-7f8f30433000 r--s 00015000 ca:01 261547                     /home/ubuntu/spark-2.1.1-bin-hadoop2.7/jars/hadoop-auth-2.7.3.jar
7f8f30433000-7f8f30437000 r--s 0002f000 ca:01 261795                     /home/ubuntu/spark-2.1.1-bin-hadoop2.7/jars/commons-beanutils-core-1.8.0.jar
7f8f30437000-7f8f30466000 r--s 002e5000 ca:01 261846                     /home/ubuntu/spark-2.1.1-bin-hadoop2.7/jars/derby-10.12.1.1.jar
7f8f30466000-7f8f30468000 r--s 00008000 ca:01 261544                     /home/ubuntu/spark-2.1.1-bin-hadoop2.7/jars/metrics-jvm-3.1.2.jar
7f8f30468000-7f8f3046b000 r--s 00015000 ca:01 261723                     /home/ubuntu/spark-2.1.1-bin-hadoop2.7/jars/pyrolite-4.13.jar
7f8f3046b000-7f8f3046d000 r--s 0000e000 ca:01 261760                     /home/ubuntu/spark-2.1.1-bin-hadoop2.7/jars/spark-repl_2.11-2.1.1.jar
7f8f3046d000-7f8f30476000 r--s 0006f000 ca:01 261724                     /home/ubuntu/spark-2.1.1-bin-hadoop2.7/jars/log4j-1.2.17.jar
7f8f30476000-7f8f3047a000 r--s 00025000 ca:01 261850                     /home/ubuntu/spark-2.1.1-bin-hadoop2.7/jars/jersey-client-2.22.2.jar
7f8f3047a000-7f8f30481000 r--s 00058000 ca:01 261589                     /home/ubuntu/spark-2.1.1-bin-hadoop2.7/jars/parquet-format-2.3.0-incubating.jar
7f8f30481000-7f8f30483000 r--s 00003000 ca:01 261615                     /home/ubuntu/spark-2.1.1-bin-hadoop2.7/jars/api-asn1-api-1.0.0-M20.jar
7f8f30483000-7f8f3048d000 r--s 0007b000 ca:01 261847                     /home/ubuntu/spark-2.1.1-bin-hadoop2.7/jars/hadoop-mapreduce-client-app-2.7.3.jar
7f8f3048d000-7f8f30490000 r--s 0000e000 ca:01 261575                     /home/ubuntu/spark-2.1.1-bin-hadoop2.7/jars/jersey-container-servlet-core-2.22.2.jar
7f8f30490000-7f8f30494000 r--s 00025000 ca:01 261538                     /home/ubuntu/spark-2.1.1-bin-hadoop2.7/jars/antlr-runtime-3.4.jar
7f8f30494000-7f8f304a5000 r--s 00089000 ca:01 261623                     /home/ubuntu/spark-2.1.1-bin-hadoop2.7/jars/joda-time-2.9.3.jar
7f8f304a5000-7f8f304a7000 r--s 00005000 ca:01 261743                     /home/ubuntu/spark-2.1.1-bin-hadoop2.7/jars/javax.annotation-api-1.2.jar
7f8f304a7000-7f8f304ac000 r--s 00032000 ca:01 261864                     /home/ubuntu/spark-2.1.1-bin-hadoop2.7/jars/chill_2.11-0.8.0.jar
7f8f304ac000-7f8f304b7000 r--s 0005d000 ca:01 261853                     /home/ubuntu/spark-2.1.1-bin-hadoop2.7/jars/scala-parser-combinators_2.11-1.0.4.jar
7f8f304b7000-7f8f304c9000 r--s 00112000 ca:01 261835                     /home/ubuntu/spark-2.1.1-bin-hadoop2.7/jars/arpack_combined_all-0.1.jar
7f8f304c9000-7f8f304e1000 r--s 000d6000 ca:01 261571                     /home/ubuntu/spark-2.1.1-bin-hadoop2.7/jars/jersey-guava-2.22.2.jar
7f8f304e1000-7f8f304e7000 r--s 0002c000 ca:01 261828                     /home/ubuntu/spark-2.1.1-bin-hadoop2.7/jars/jdo-api-3.0.1.jar
7f8f304e7000-7f8f304ee000 r--s 00046000 ca:01 261797                     /home/ubuntu/spark-2.1.1-bin-hadoop2.7/jars/libfb303-0.9.3.jar
7f8f304ee000-7f8f304f0000 r--s 00010000 ca:01 261622                     /home/ubuntu/spark-2.1.1-bin-hadoop2.7/jars/hadoop-mapreduce-client-shuffle-2.7.3.jar
7f8f304f0000-7f8f304f2000 r--s 00000000 ca:01 261836                     /home/ubuntu/spark-2.1.1-bin-hadoop2.7/jars/jul-to-slf4j-1.7.16.jar
7f8f304f2000-7f8f304f5000 r--s 00014000 ca:01 261761                     /home/ubuntu/spark-2.1.1-bin-hadoop2.7/jars/super-csv-2.2.0.jar
7f8f304f5000-7f8f30507000 r--s 000b3000 ca:01 261829                     /home/ubuntu/spark-2.1.1-bin-hadoop2.7/jars/scalap-2.11.8.jar
7f8f30507000-7f8f30509000 r--s 00003000 ca:01 261843                     /home/ubuntu/spark-2.1.1-bin-hadoop2.7/jars/base64-2.3.8.jar
7f8f30509000-7f8f3050b000 r--s 00003000 ca:01 261570                     /home/ubuntu/spark-2.1.1-bin-hadoop2.7/jars/jersey-container-servlet-2.22.2.jar
7f8f3050b000-7f8f30515000 r--s 000a5000 ca:01 261766                     /home/ubuntu/spark-2.1.1-bin-hadoop2.7/jars/javassist-3.18.1-GA.jar
7f8f30515000-7f8f30516000 r--s 00009000 ca:01 261534                     /home/ubuntu/spark-2.1.1-bin-hadoop2.7/jars/hadoop-annotations-2.7.3.jar
7f8f30516000-7f8f3053d000 r--s 0020f000 ca:01 261726                     /home/ubuntu/spark-2.1.1-bin-hadoop2.7/jars/netty-all-4.0.42.Final.jar
7f8f3053d000-7f8f30592000 r--s 0069c000 ca:01 261595                     /home/ubuntu/spark-2.1.1-bin-hadoop2.7/jars/spire_2.11-0.7.4.jar
7f8f30592000-7f8f30593000 ---p 00000000 00:00 0 
7f8f30593000-7f8f30693000 rw-p 00000000 00:00 0 
7f8f30693000-7f8f30696000 ---p 00000000 00:00 0 
7f8f30696000-7f8f30794000 rw-p 00000000 00:00 0 
7f8f30794000-7f8f30797000 ---p 00000000 00:00 0 
7f8f30797000-7f8f30895000 rw-p 00000000 00:00 0 
7f8f30895000-7f8f30898000 ---p 00000000 00:00 0 
7f8f30898000-7f8f30996000 rw-p 00000000 00:00 0 
7f8f30996000-7f8f30999000 ---p 00000000 00:00 0 
7f8f30999000-7f8f30a97000 rw-p 00000000 00:00 0 
7f8f30a97000-7f8f30c2f000 r--p 00000000 ca:01 29052                      /usr/lib/locale/locale-archive
7f8f30c2f000-7f8f30c32000 ---p 00000000 00:00 0 
7f8f30c32000-7f8f30d30000 rw-p 00000000 00:00 0 
7f8f30d30000-7f8f30d33000 ---p 00000000 00:00 0 
7f8f30d33000-7f8f30e31000 rw-p 00000000 00:00 0 
7f8f30e31000-7f8f31000000 r--s 03c32000 ca:01 256863                     /usr/lib/jvm/java-8-openjdk-amd64/jre/lib/rt.jar
7f8f31000000-7f8f33580000 rwxp 00000000 00:00 0 
7f8f33580000-7f8f40000000 ---p 00000000 00:00 0 
7f8f40000000-7f8f40ddb000 rw-p 00000000 00:00 0 
7f8f40ddb000-7f8f44000000 ---p 00000000 00:00 0 
7f8f44000000-7f8f44018000 r--s 00115000 ca:01 261537                     /home/ubuntu/spark-2.1.1-bin-hadoop2.7/jars/xercesImpl-2.9.1.jar
7f8f44018000-7f8f4401b000 r--s 00021000 ca:01 261596                     /home/ubuntu/spark-2.1.1-bin-hadoop2.7/jars/xbean-asm5-shaded-4.4.jar
7f8f4401b000-7f8f4401e000 r--s 00025000 ca:01 261618                     /home/ubuntu/spark-2.1.1-bin-hadoop2.7/jars/commons-dbcp-1.4.jar
7f8f4401e000-7f8f44021000 r--s 00015000 ca:01 261620                     /home/ubuntu/spark-2.1.1-bin-hadoop2.7/jars/commons-pool-1.5.4.jar
7f8f44021000-7f8f44023000 r--s 00004000 ca:01 261787                     /home/ubuntu/spark-2.1.1-bin-hadoop2.7/jars/metrics-graphite-3.1.2.jar
7f8f44023000-7f8f44024000 r--s 00003000 ca:01 261827                     /home/ubuntu/spark-2.1.1-bin-hadoop2.7/jars/metrics-json-3.1.2.jar
7f8f44024000-7f8f44029000 r--s 00027000 ca:01 261861                     /home/ubuntu/spark-2.1.1-bin-hadoop2.7/jars/hk2-api-2.4.0-b34.jar
7f8f44029000-7f8f4402f000 r--s 00034000 ca:01 261799                     /home/ubuntu/spark-2.1.1-bin-hadoop2.7/jars/libthrift-0.9.3.jar
7f8f4402f000-7f8f4404a000 r--s 001d6000 ca:01 256870                     /usr/lib/jvm/java-8-openjdk-amd64/jre/lib/ext/nashorn.jar
7f8f4404a000-7f8f44065000 r--s 00394000 ca:01 256871                     /usr/lib/jvm/java-8-openjdk-amd64/jre/lib/ext/cldrdata.jar
7f8f44065000-7f8f44066000 ---p 00000000 00:00 0 
7f8f44066000-7f8f449dc000 rw-p 00000000 00:00 0 
7f8f449dc000-7f8f44a70000 rw-p 00000000 00:00 0 
7f8f44a70000-7f8f44b32000 ---p 00000000 00:00 0 
7f8f44b32000-7f8f44b78000 rw-p 00000000 00:00 0 
7f8f44b78000-7f8f44bdc000 ---p 00000000 00:00 0 
7f8f44bdc000-7f8f44c71000 rw-p 00000000 00:00 0 
7f8f44c71000-7f8f44d32000 ---p 00000000 00:00 0 
7f8f44d32000-7f8f44dc9000 rw-p 00000000 00:00 0 
7f8f44dc9000-7f8f450f3000 ---p 00000000 00:00 0 
7f8f450f3000-7f8f450fb000 r-xp 00000000 ca:01 256902                     /usr/lib/jvm/java-8-openjdk-amd64/jre/lib/amd64/libzip.so
7f8f450fb000-7f8f452fa000 ---p 00008000 ca:01 256902                     /usr/lib/jvm/java-8-openjdk-amd64/jre/lib/amd64/libzip.so
7f8f452fa000-7f8f452fb000 r--p 00007000 ca:01 256902                     /usr/lib/jvm/java-8-openjdk-amd64/jre/lib/amd64/libzip.so
7f8f452fb000-7f8f452fc000 rw-p 00008000 ca:01 256902                     /usr/lib/jvm/java-8-openjdk-amd64/jre/lib/amd64/libzip.so
7f8f452fc000-7f8f45307000 r-xp 00000000 ca:01 1993                       /lib/x86_64-linux-gnu/libnss_files-2.23.so
7f8f45307000-7f8f45506000 ---p 0000b000 ca:01 1993                       /lib/x86_64-linux-gnu/libnss_files-2.23.so
7f8f45506000-7f8f45507000 r--p 0000a000 ca:01 1993                       /lib/x86_64-linux-gnu/libnss_files-2.23.so
7f8f45507000-7f8f45508000 rw-p 0000b000 ca:01 1993                       /lib/x86_64-linux-gnu/libnss_files-2.23.so
7f8f45508000-7f8f4550e000 rw-p 00000000 00:00 0 
7f8f4550e000-7f8f45519000 r-xp 00000000 ca:01 1997                       /lib/x86_64-linux-gnu/libnss_nis-2.23.so
7f8f45519000-7f8f45718000 ---p 0000b000 ca:01 1997                       /lib/x86_64-linux-gnu/libnss_nis-2.23.so
7f8f45718000-7f8f45719000 r--p 0000a000 ca:01 1997                       /lib/x86_64-linux-gnu/libnss_nis-2.23.so
7f8f45719000-7f8f4571a000 rw-p 0000b000 ca:01 1997                       /lib/x86_64-linux-gnu/libnss_nis-2.23.so
7f8f4571a000-7f8f45730000 r-xp 00000000 ca:01 1977                       /lib/x86_64-linux-gnu/libnsl-2.23.so
7f8f45730000-7f8f4592f000 ---p 00016000 ca:01 1977                       /lib/x86_64-linux-gnu/libnsl-2.23.so
7f8f4592f000-7f8f45930000 r--p 00015000 ca:01 1977                       /lib/x86_64-linux-gnu/libnsl-2.23.so
7f8f45930000-7f8f45931000 rw-p 00016000 ca:01 1977                       /lib/x86_64-linux-gnu/libnsl-2.23.so
7f8f45931000-7f8f45933000 rw-p 00000000 00:00 0 
7f8f45933000-7f8f4593b000 r-xp 00000000 ca:01 1988                       /lib/x86_64-linux-gnu/libnss_compat-2.23.so
7f8f4593b000-7f8f45b3a000 ---p 00008000 ca:01 1988                       /lib/x86_64-linux-gnu/libnss_compat-2.23.so
7f8f45b3a000-7f8f45b3b000 r--p 00007000 ca:01 1988                       /lib/x86_64-linux-gnu/libnss_compat-2.23.so
7f8f45b3b000-7f8f45b3c000 rw-p 00008000 ca:01 1988                       /lib/x86_64-linux-gnu/libnss_compat-2.23.so
7f8f45b3c000-7f8f45b69000 r-xp 00000000 ca:01 256919                     /usr/lib/jvm/java-8-openjdk-amd64/jre/lib/amd64/libjava.so
7f8f45b69000-7f8f45d68000 ---p 0002d000 ca:01 256919                     /usr/lib/jvm/java-8-openjdk-amd64/jre/lib/amd64/libjava.so
7f8f45d68000-7f8f45d69000 r--p 0002c000 ca:01 256919                     /usr/lib/jvm/java-8-openjdk-amd64/jre/lib/amd64/libjava.so
7f8f45d69000-7f8f45d6b000 rw-p 0002d000 ca:01 256919                     /usr/lib/jvm/java-8-openjdk-amd64/jre/lib/amd64/libjava.so
7f8f45d6b000-7f8f45d7a000 r-xp 00000000 ca:01 256907                     /usr/lib/jvm/java-8-openjdk-amd64/jre/lib/amd64/libverify.so
7f8f45d7a000-7f8f45f79000 ---p 0000f000 ca:01 256907                     /usr/lib/jvm/java-8-openjdk-amd64/jre/lib/amd64/libverify.so
7f8f45f79000-7f8f45f7b000 r--p 0000e000 ca:01 256907                     /usr/lib/jvm/java-8-openjdk-amd64/jre/lib/amd64/libverify.so
7f8f45f7b000-7f8f45f7c000 rw-p 00010000 ca:01 256907                     /usr/lib/jvm/java-8-openjdk-amd64/jre/lib/amd64/libverify.so
7f8f45f7c000-7f8f45f83000 r-xp 00000000 ca:01 1998                       /lib/x86_64-linux-gnu/librt-2.23.so
7f8f45f83000-7f8f46182000 ---p 00007000 ca:01 1998                       /lib/x86_64-linux-gnu/librt-2.23.so
7f8f46182000-7f8f46183000 r--p 00006000 ca:01 1998                       /lib/x86_64-linux-gnu/librt-2.23.so
7f8f46183000-7f8f46184000 rw-p 00007000 ca:01 1998                       /lib/x86_64-linux-gnu/librt-2.23.so
7f8f46184000-7f8f4619a000 r-xp 00000000 ca:01 1975                       /lib/x86_64-linux-gnu/libgcc_s.so.1
7f8f4619a000-7f8f46399000 ---p 00016000 ca:01 1975                       /lib/x86_64-linux-gnu/libgcc_s.so.1
7f8f46399000-7f8f4639a000 rw-p 00015000 ca:01 1975                       /lib/x86_64-linux-gnu/libgcc_s.so.1
7f8f4639a000-7f8f464a2000 r-xp 00000000 ca:01 1976                       /lib/x86_64-linux-gnu/libm-2.23.so
7f8f464a2000-7f8f466a1000 ---p 00108000 ca:01 1976                       /lib/x86_64-linux-gnu/libm-2.23.so
7f8f466a1000-7f8f466a2000 r--p 00107000 ca:01 1976                       /lib/x86_64-linux-gnu/libm-2.23.so
7f8f466a2000-7f8f466a3000 rw-p 00108000 ca:01 1976                       /lib/x86_64-linux-gnu/libm-2.23.so
7f8f466a3000-7f8f46815000 r-xp 00000000 ca:01 7979                       /usr/lib/x86_64-linux-gnu/libstdc++.so.6.0.21
7f8f46815000-7f8f46a15000 ---p 00172000 ca:01 7979                       /usr/lib/x86_64-linux-gnu/libstdc++.so.6.0.21
7f8f46a15000-7f8f46a1f000 r--p 00172000 ca:01 7979                       /usr/lib/x86_64-linux-gnu/libstdc++.so.6.0.21
7f8f46a1f000-7f8f46a21000 rw-p 0017c000 ca:01 7979                       /usr/lib/x86_64-linux-gnu/libstdc++.so.6.0.21
7f8f46a21000-7f8f46a25000 rw-p 00000000 00:00 0 
7f8f46a25000-7f8f47682000 r-xp 00000000 ca:01 256884                     /usr/lib/jvm/java-8-openjdk-amd64/jre/lib/amd64/server/libjvm.so
7f8f47682000-7f8f47882000 ---p 00c5d000 ca:01 256884                     /usr/lib/jvm/java-8-openjdk-amd64/jre/lib/amd64/server/libjvm.so
7f8f47882000-7f8f47916000 r--p 00c5d000 ca:01 256884                     /usr/lib/jvm/java-8-openjdk-amd64/jre/lib/amd64/server/libjvm.so
7f8f47916000-7f8f4793f000 rw-p 00cf1000 ca:01 256884                     /usr/lib/jvm/java-8-openjdk-amd64/jre/lib/amd64/server/libjvm.so
7f8f4793f000-7f8f4796f000 rw-p 00000000 00:00 0 
7f8f4796f000-7f8f47987000 r-xp 00000000 ca:01 1979                       /lib/x86_64-linux-gnu/libpthread-2.23.so
7f8f47987000-7f8f47b86000 ---p 00018000 ca:01 1979                       /lib/x86_64-linux-gnu/libpthread-2.23.so
7f8f47b86000-7f8f47b87000 r--p 00017000 ca:01 1979                       /lib/x86_64-linux-gnu/libpthread-2.23.so
7f8f47b87000-7f8f47b88000 rw-p 00018000 ca:01 1979                       /lib/x86_64-linux-gnu/libpthread-2.23.so
7f8f47b88000-7f8f47b8c000 rw-p 00000000 00:00 0 
7f8f47b8c000-7f8f47b8f000 r-xp 00000000 ca:01 1982                       /lib/x86_64-linux-gnu/libdl-2.23.so
7f8f47b8f000-7f8f47d8e000 ---p 00003000 ca:01 1982                       /lib/x86_64-linux-gnu/libdl-2.23.so
7f8f47d8e000-7f8f47d8f000 r--p 00002000 ca:01 1982                       /lib/x86_64-linux-gnu/libdl-2.23.so
7f8f47d8f000-7f8f47d90000 rw-p 00003000 ca:01 1982                       /lib/x86_64-linux-gnu/libdl-2.23.so
7f8f47d90000-7f8f47da9000 r-xp 00000000 ca:01 2129                       /lib/x86_64-linux-gnu/libz.so.1.2.8
7f8f47da9000-7f8f47fa8000 ---p 00019000 ca:01 2129                       /lib/x86_64-linux-gnu/libz.so.1.2.8
7f8f47fa8000-7f8f47fa9000 r--p 00018000 ca:01 2129                       /lib/x86_64-linux-gnu/libz.so.1.2.8
7f8f47fa9000-7f8f47faa000 rw-p 00019000 ca:01 2129                       /lib/x86_64-linux-gnu/libz.so.1.2.8
7f8f47faa000-7f8f4816a000 r-xp 00000000 ca:01 1980                       /lib/x86_64-linux-gnu/libc-2.23.so
7f8f4816a000-7f8f4836a000 ---p 001c0000 ca:01 1980                       /lib/x86_64-linux-gnu/libc-2.23.so
7f8f4836a000-7f8f4836e000 r--p 001c0000 ca:01 1980                       /lib/x86_64-linux-gnu/libc-2.23.so
7f8f4836e000-7f8f48370000 rw-p 001c4000 ca:01 1980                       /lib/x86_64-linux-gnu/libc-2.23.so
7f8f48370000-7f8f48374000 rw-p 00000000 00:00 0 
7f8f48374000-7f8f48381000 r-xp 00000000 ca:01 256904                     /usr/lib/jvm/java-8-openjdk-amd64/jre/lib/amd64/jli/libjli.so
7f8f48381000-7f8f48581000 ---p 0000d000 ca:01 256904                     /usr/lib/jvm/java-8-openjdk-amd64/jre/lib/amd64/jli/libjli.so
7f8f48581000-7f8f48582000 r--p 0000d000 ca:01 256904                     /usr/lib/jvm/java-8-openjdk-amd64/jre/lib/amd64/jli/libjli.so
7f8f48582000-7f8f48583000 rw-p 0000e000 ca:01 256904                     /usr/lib/jvm/java-8-openjdk-amd64/jre/lib/amd64/jli/libjli.so
7f8f48583000-7f8f485a9000 r-xp 00000000 ca:01 1978                       /lib/x86_64-linux-gnu/ld-2.23.so
7f8f485a9000-7f8f485ab000 r--s 0000f000 ca:01 261715                     /home/ubuntu/spark-2.1.1-bin-hadoop2.7/jars/curator-client-2.6.0.jar
7f8f485ab000-7f8f485ae000 r--s 0000f000 ca:01 256869                     /usr/lib/jvm/java-8-openjdk-amd64/jre/lib/ext/icedtea-sound.jar
7f8f485ae000-7f8f485b1000 r--s 00038000 ca:01 256872                     /usr/lib/jvm/java-8-openjdk-amd64/jre/lib/ext/sunpkcs11.jar
7f8f485b1000-7f8f485b7000 r--s 0003b000 ca:01 256877                     /usr/lib/jvm/java-8-openjdk-amd64/jre/lib/ext/sunjce_provider.jar
7f8f485b7000-7f8f485c1000 r--s 00116000 ca:01 256876                     /usr/lib/jvm/java-8-openjdk-amd64/jre/lib/ext/localedata.jar
7f8f485c1000-7f8f48692000 rw-p 00000000 00:00 0 
7f8f48692000-7f8f4869a000 rw-s 00000000 ca:01 256220                     /tmp/hsperfdata_ubuntu/19639
7f8f4869a000-7f8f4869d000 ---p 00000000 00:00 0 
7f8f4869d000-7f8f4879f000 rw-p 00000000 00:00 0 
7f8f4879f000-7f8f487a0000 r--s 00010000 ca:01 256874                     /usr/lib/jvm/java-8-openjdk-amd64/jre/lib/ext/zipfs.jar
7f8f487a0000-7f8f487a1000 r--s 0000a000 ca:01 256879                     /usr/lib/jvm/java-8-openjdk-amd64/jre/lib/ext/jaccess.jar
7f8f487a1000-7f8f487a3000 r--s 00001000 ca:01 256873                     /usr/lib/jvm/java-8-openjdk-amd64/jre/lib/ext/dnsns.jar
7f8f487a3000-7f8f487a5000 r--s 00008000 ca:01 256878                     /usr/lib/jvm/java-8-openjdk-amd64/jre/lib/ext/sunec.jar
7f8f487a5000-7f8f487a6000 rw-p 00000000 00:00 0 
7f8f487a6000-7f8f487a7000 ---p 00000000 00:00 0 
7f8f487a7000-7f8f487a8000 rw-p 00000000 00:00 0 
7f8f487a8000-7f8f487a9000 r--p 00025000 ca:01 1978                       /lib/x86_64-linux-gnu/ld-2.23.so
7f8f487a9000-7f8f487aa000 rw-p 00026000 ca:01 1978                       /lib/x86_64-linux-gnu/ld-2.23.so
7f8f487aa000-7f8f487ab000 rw-p 00000000 00:00 0 
7ffe48750000-7ffe48771000 rw-p 00000000 00:00 0                          [stack]
7ffe487bb000-7ffe487be000 r--p 00000000 00:00 0                          [vvar]
7ffe487be000-7ffe487c0000 r-xp 00000000 00:00 0                          [vdso]
ffffffffff600000-ffffffffff601000 r-xp 00000000 00:00 0                  [vsyscall]

VM Arguments:
jvm_args: -Xmx1g 
java_command: org.apache.spark.deploy.SparkSubmit --conf spark.app.name=Bank Telephone Marketing Analysis pyspark-shell
java_class_path (initial): /home/ubuntu/spark-2.1.1-bin-hadoop2.7/conf/:/home/ubuntu/spark-2.1.1-bin-hadoop2.7/jars/libthrift-0.9.3.jar:/home/ubuntu/spark-2.1.1-bin-hadoop2.7/jars/curator-client-2.6.0.jar:/home/ubuntu/spark-2.1.1-bin-hadoop2.7/jars/hk2-api-2.4.0-b34.jar:/home/ubuntu/spark-2.1.1-bin-hadoop2.7/jars/metrics-json-3.1.2.jar:/home/ubuntu/spark-2.1.1-bin-hadoop2.7/jars/metrics-graphite-3.1.2.jar:/home/ubuntu/spark-2.1.1-bin-hadoop2.7/jars/spire_2.11-0.7.4.jar:/home/ubuntu/spark-2.1.1-bin-hadoop2.7/jars/commons-pool-1.5.4.jar:/home/ubuntu/spark-2.1.1-bin-hadoop2.7/jars/netty-all-4.0.42.Final.jar:/home/ubuntu/spark-2.1.1-bin-hadoop2.7/jars/commons-dbcp-1.4.jar:/home/ubuntu/spark-2.1.1-bin-hadoop2.7/jars/xbean-asm5-shaded-4.4.jar:/home/ubuntu/spark-2.1.1-bin-hadoop2.7/jars/xercesImpl-2.9.1.jar:/home/ubuntu/spark-2.1.1-bin-hadoop2.7/jars/hadoop-annotations-2.7.3.jar:/home/ubuntu/spark-2.1.1-bin-hadoop2.7/jars/javassist-3.18.1-GA.jar:/home/ubuntu/spark-2.1.1-bin-hadoop2.7/jars/jersey-container-servlet-2.22.2.jar:/home/ubuntu/spark-2.1.1-bin-hadoop2.7/jars/base64-2.3.8.jar:/home/ubuntu/spark-2.1.1-bin-hadoop2.7/jars/scalap-2.11.8.jar:/home/ubuntu/spark-2.1.1-bin-hadoop2.7/jars/super-csv-2.2.0.jar:/home/ubuntu/spark-2.1.1-bin-hadoop2.7/jars/jul-to-slf4j-1.7.16.jar:/home/ubuntu/spark-2.1.1-bin-hadoop2.7/jars/hadoop-mapreduce-client-shuffle-2.7.3.jar:/home/ubuntu/spark-2.1.1-bin-hadoop2.7/jars/libfb303-0.9.3.jar:/home/ubuntu/spark-2.1.1-bin-hadoop2.7/jars/jdo-api-3.0.1.jar:/home/ubuntu/spark-2.1.1-bin-hadoop2.7/jars/jersey-guava-2.22.2.jar:/home/ubuntu/spark-2.1.1-bin-hadoop2.7/jars/arpack_combined_all-0.1.jar:/home/ubuntu/spark-2.1.1-bin-hadoop2.7/jars/scala-parser-combinators_2.11-1.0.4.jar:/home/ubuntu/spark-2.1.1-bin-hadoop2.7/jars/chill_2.11-0.8.0.jar:/home/ubuntu/spark-2.1.1-bin-hadoop2.7/jars/javax.annotation-api-1.2.jar:/home/ubuntu/spark-2.1.1-bin-hadoop2.7/jars/joda-time-2.9.3.jar:/home/ubuntu/spark-2.1.1-bin-hadoop2.7/jars/antlr-runtime-3.4.jar:/home/u
Launcher Type: SUN_STANDARD

Environment Variables:
PATH=/home/ubuntu/.local/bin:/home/ubuntu/bin:/home/ubuntu/.local/bin:/usr/local/sbin:/usr/local/bin:/usr/sbin:/usr/bin:/sbin:/bin:/usr/games:/usr/local/games:/snap/bin
SHELL=/bin/bash

Signal Handlers:
SIGSEGV: [libjvm.so+0xa71a30], sa_mask[0]=11111111011111111101111111111110, sa_flags=SA_RESTART|SA_SIGINFO
SIGBUS: [libjvm.so+0xa71a30], sa_mask[0]=11111111011111111101111111111110, sa_flags=SA_RESTART|SA_SIGINFO
SIGFPE: [libjvm.so+0x8b8f40], sa_mask[0]=11111111011111111101111111111110, sa_flags=SA_RESTART|SA_SIGINFO
SIGPIPE: [libjvm.so+0x8b8f40], sa_mask[0]=11111111011111111101111111111110, sa_flags=SA_RESTART|SA_SIGINFO
SIGXFSZ: [libjvm.so+0x8b8f40], sa_mask[0]=11111111011111111101111111111110, sa_flags=SA_RESTART|SA_SIGINFO
SIGILL: [libjvm.so+0x8b8f40], sa_mask[0]=11111111011111111101111111111110, sa_flags=SA_RESTART|SA_SIGINFO
SIGUSR1: SIG_DFL, sa_mask[0]=00000000000000000000000000000000, sa_flags=none
SIGUSR2: [libjvm.so+0x8b8df0], sa_mask[0]=00000000000000000000000000000000, sa_flags=SA_RESTART|SA_SIGINFO
SIGHUP: [libjvm.so+0x8b92c0], sa_mask[0]=11111111011111111101111111111110, sa_flags=SA_RESTART|SA_SIGINFO
SIGINT: SIG_IGN, sa_mask[0]=00000000000000000000000000000000, sa_flags=none
SIGTERM: [libjvm.so+0x8b92c0], sa_mask[0]=11111111011111111101111111111110, sa_flags=SA_RESTART|SA_SIGINFO
SIGQUIT: [libjvm.so+0x8b92c0], sa_mask[0]=11111111011111111101111111111110, sa_flags=SA_RESTART|SA_SIGINFO


---------------  S Y S T E M  ---------------

OS:DISTRIB_ID=Ubuntu
DISTRIB_RELEASE=16.04
DISTRIB_CODENAME=xenial
DISTRIB_DESCRIPTION="Ubuntu 16.04.4 LTS"

uname:Linux 4.4.0-1065-aws #75-Ubuntu SMP Fri Aug 10 11:14:32 UTC 2018 x86_64
libc:glibc 2.23 NPTL 2.23 
rlimit: STACK 8192k, CORE 0k, NPROC 3900, NOFILE 1048576, AS infinity
load average:1.62 0.67 0.26

/proc/meminfo:
MemTotal:        1014500 kB
MemFree:           85648 kB
MemAvailable:      49920 kB
Buffers:            9268 kB
Cached:            49412 kB
SwapCached:            0 kB
Active:           824572 kB
Inactive:          32756 kB
Active(anon):     801520 kB
Inactive(anon):    10328 kB
Active(file):      23052 kB
Inactive(file):    22428 kB
Unevictable:        3652 kB
Mlocked:            3652 kB
SwapTotal:             0 kB
SwapFree:              0 kB
Dirty:              6356 kB
Writeback:             0 kB
AnonPages:        802384 kB
Mapped:            29516 kB
Shmem:             10692 kB
Slab:              45052 kB
SReclaimable:      25884 kB
SUnreclaim:        19168 kB
KernelStack:        3968 kB
PageTables:         5276 kB
NFS_Unstable:          0 kB
Bounce:                0 kB
WritebackTmp:          0 kB
CommitLimit:      507248 kB
Committed_AS:    1272804 kB
VmallocTotal:   34359738367 kB
VmallocUsed:           0 kB
VmallocChunk:          0 kB
HardwareCorrupted:     0 kB
AnonHugePages:    200704 kB
CmaTotal:              0 kB
CmaFree:               0 kB
HugePages_Total:       0
HugePages_Free:        0
HugePages_Rsvd:        0
HugePages_Surp:        0
Hugepagesize:       2048 kB
DirectMap4k:       47104 kB
DirectMap2M:     1001472 kB


CPU:total 1 (initial active 1) (1 cores per cpu, 1 threads per core) family 6 model 63 stepping 2, cmov, cx8, fxsr, mmx, sse, sse2, sse3, ssse3, sse4.1, sse4.2, popcnt, avx, avx2, aes, clmul, erms, lzcnt, tsc, bmi1, bmi2

/proc/cpuinfo:
processor	: 0
vendor_id	: GenuineIntel
cpu family	: 6
model		: 63
model name	: Intel(R) Xeon(R) CPU E5-2676 v3 @ 2.40GHz
stepping	: 2
microcode	: 0x3c
cpu MHz		: 2400.050
cache size	: 30720 KB
physical id	: 0
siblings	: 1
core id		: 0
cpu cores	: 1
apicid		: 0
initial apicid	: 0
fpu		: yes
fpu_exception	: yes
cpuid level	: 13
wp		: yes
flags		: fpu vme de pse tsc msr pae mce cx8 apic sep mtrr pge mca cmov pat pse36 clflush mmx fxsr sse sse2 ht syscall nx rdtscp lm constant_tsc rep_good nopl xtopology eagerfpu pni pclmulqdq ssse3 fma cx16 pcid sse4_1 sse4_2 x2apic movbe popcnt tsc_deadline_timer aes xsave avx f16c rdrand hypervisor lahf_lm abm invpcid_single kaiser fsgsbase bmi1 avx2 smep bmi2 erms invpcid xsaveopt
bugs		: cpu_meltdown spectre_v1 spectre_v2 spec_store_bypass l1tf
bogomips	: 4800.10
clflush size	: 64
cache_alignment	: 64
address sizes	: 46 bits physical, 48 bits virtual
power management:



Memory: 4k page, physical 1014500k(85648k free), swap 0k(0k free)

vm_info: OpenJDK 64-Bit Server VM (25.181-b13) for linux-amd64 JRE (1.8.0_181-8u181-b13-0ubuntu0.16.04.1-b13), built on Jul 30 2018 21:06:27 by "buildd" with gcc 5.4.0 20160609

time: Wed Oct 10 06:31:47 2018
elapsed time: 116 seconds (0d 0h 1m 56s)

