#
# There is insufficient memory for the Java Runtime Environment to continue.
# Native memory allocation (mmap) failed to map 16781312 bytes for committing reserved memory.
# Possible reasons:
#   The system is out of physical RAM or swap space
#   In 32 bit mode, the process size limit was hit
# Possible solutions:
#   Reduce memory load on the system
#   Increase physical memory or swap space
#   Check if swap backing store is full
#   Use 64 bit Java on a 64 bit OS
#   Decrease Java heap size (-Xmx/-Xms)
#   Decrease number of Java threads
#   Decrease Java thread stack sizes (-Xss)
#   Set larger code cache with -XX:ReservedCodeCacheSize=
# This output file may be truncated or incomplete.
#
#  Out of Memory Error (os_linux.cpp:2643), pid=21144, tid=0x00007f2c4722b700
#
# JRE version: OpenJDK Runtime Environment (8.0_181-b13) (build 1.8.0_181-8u181-b13-0ubuntu0.16.04.1-b13)
# Java VM: OpenJDK 64-Bit Server VM (25.181-b13 mixed mode linux-amd64 compressed oops)
# Failed to write core dump. Core dumps have been disabled. To enable core dumping, try "ulimit -c unlimited" before starting Java again
#

---------------  T H R E A D  ---------------

Current thread (0x00007f2c58075800):  VMThread [stack: 0x00007f2c4712b000,0x00007f2c4722c000] [id=21158]

Stack: [0x00007f2c4712b000,0x00007f2c4722c000],  sp=0x00007f2c4722a070,  free space=1020k
Native frames: (J=compiled Java code, j=interpreted, Vv=VM code, C=native code)
V  [libjvm.so+0xa70edb]
V  [libjvm.so+0x4c893c]
V  [libjvm.so+0x8bda08]
V  [libjvm.so+0x8b7d9e]
V  [libjvm.so+0xa6d7c4]
V  [libjvm.so+0x5cdd5d]
V  [libjvm.so+0x5cecbc]
V  [libjvm.so+0x5bbac6]
V  [libjvm.so+0x4d064c]
V  [libjvm.so+0x61adef]
V  [libjvm.so+0x992a43]
V  [libjvm.so+0x4cd3c2]
V  [libjvm.so+0x5ba150]
V  [libjvm.so+0x4cef88]
V  [libjvm.so+0x5bb0d8]
V  [libjvm.so+0x45029f]
V  [libjvm.so+0xa71fe1]
V  [libjvm.so+0xa77d27]
V  [libjvm.so+0xa75427]
V  [libjvm.so+0xa768af]
V  [libjvm.so+0xa76da1]
V  [libjvm.so+0x8bae12]

VM_Operation (0x00007f2c1ec4e2c0): GenCollectForAllocation, mode: safepoint, requested by thread 0x00007f2c3000e000


---------------  P R O C E S S  ---------------

Java Threads: ( => current thread )
  0x00007f2c30014800 JavaThread "Worker Monitor for /usr/bin/python3" daemon [_thread_blocked, id=21342, stack(0x00007f2c1d34b000,0x00007f2c1d44c000)]
  0x00007f2c3000e000 JavaThread "stdout writer for /usr/bin/python3" daemon [_thread_blocked, id=21341, stack(0x00007f2c1eb4f000,0x00007f2c1ec50000)]
  0x00007f2c35e62000 JavaThread "broadcast-exchange-4" daemon [_thread_blocked, id=21338, stack(0x00007f2c1ec50000,0x00007f2c1ed51000)]
  0x00007f2c40388000 JavaThread "Executor task launch worker for task 2571" daemon [_thread_blocked, id=21336, stack(0x00007f2c1f353000,0x00007f2c1f454000)]
  0x00007f2c58da9800 JavaThread "block-manager-slave-async-thread-pool-15" daemon [_thread_blocked, id=21333, stack(0x00007f2c1d24a000,0x00007f2c1d34b000)]
  0x00007f2c58da9000 JavaThread "block-manager-slave-async-thread-pool-14" daemon [_thread_blocked, id=21332, stack(0x00007f2c1ed51000,0x00007f2c1ee52000)]
  0x00007f2c40387000 JavaThread "block-manager-slave-async-thread-pool-13" daemon [_thread_blocked, id=21331, stack(0x00007f2c2175b000,0x00007f2c2185c000)]
  0x00007f2c38034800 JavaThread "block-manager-ask-thread-pool-6" daemon [_thread_blocked, id=21330, stack(0x00007f2c1fc58000,0x00007f2c1fd59000)]
  0x00007f2c3803c000 JavaThread "Executor task launch worker for task 2575" daemon [_thread_blocked, id=21326, stack(0x00007f2c2185c000,0x00007f2c2195d000)]
  0x00007f2c3546d000 JavaThread "broadcast-exchange-3" daemon [_thread_blocked, id=21325, stack(0x00007f2c21a5e000,0x00007f2c21b5f000)]
  0x00007f2c28396800 JavaThread "stderr reader for /usr/bin/python3" daemon [_thread_in_native, id=21219, stack(0x00007f2c1f555000,0x00007f2c1f656000)]
  0x00007f2c283e1000 JavaThread "stdout reader for /usr/bin/python3" daemon [_thread_in_native, id=21218, stack(0x00007f2c1f656000,0x00007f2c1f757000)]
  0x00007f2c283df000 JavaThread "process reaper" daemon [_thread_in_native, id=21217, stack(0x00007f2c44d69000,0x00007f2c44da2000)]
  0x00007f2c283b3800 JavaThread "Idle Worker Monitor for /usr/bin/python3" daemon [_thread_blocked, id=21215, stack(0x00007f2c1f757000,0x00007f2c1f858000)]
  0x00007f2c4027e800 JavaThread "task-result-getter-3" daemon [_thread_blocked, id=21212, stack(0x00007f2c1ff59000,0x00007f2c2005a000)]
  0x00007f2c400e6000 JavaThread "task-result-getter-2" daemon [_thread_blocked, id=21211, stack(0x00007f2c2165a000,0x00007f2c2175b000)]
  0x00007f2c400cb800 JavaThread "task-result-getter-1" daemon [_thread_blocked, id=21206, stack(0x00007f2c21b5f000,0x00007f2c21c60000)]
  0x00007f2c3802f000 JavaThread "task-result-getter-0" daemon [_thread_blocked, id=21205, stack(0x00007f2c21e60000,0x00007f2c21f61000)]
  0x00007f2c34c17800 JavaThread "org.apache.hadoop.fs.FileSystem$Statistics$StatisticsDataReferenceCleaner" daemon [_thread_blocked, id=21203, stack(0x00007f2c2256e000,0x00007f2c2266f000)]
  0x00007f2c34cc1000 JavaThread "SparkListenerBus" daemon [_thread_blocked, id=21201, stack(0x00007f2c22dd2000,0x00007f2c22ed3000)]
  0x00007f2c34cbd000 JavaThread "context-cleaner-periodic-gc" daemon [_thread_blocked, id=21200, stack(0x00007f2c22ed3000,0x00007f2c22fd4000)]
  0x00007f2c34cbb800 JavaThread "Spark Context Cleaner" daemon [_thread_blocked, id=21199, stack(0x00007f2c22fd4000,0x00007f2c230d5000)]
  0x00007f2c34937800 JavaThread "shuffle-server-5-1" daemon [_thread_in_native, id=21198, stack(0x00007f2c232d5000,0x00007f2c233d6000)]
  0x00007f2c34943000 JavaThread "driver-heartbeater" daemon [_thread_blocked, id=21197, stack(0x00007f2c233d6000,0x00007f2c234d7000)]
  0x00007f2c3499f800 JavaThread "dag-scheduler-event-loop" daemon [_thread_blocked, id=21196, stack(0x00007f2c234d7000,0x00007f2c235d8000)]
  0x000000000184b800 JavaThread "netty-rpc-env-timeout" daemon [_thread_blocked, id=21195, stack(0x00007f2c235d8000,0x00007f2c236d9000)]
  0x00007f2c34a1c800 JavaThread "Timer-0" daemon [_thread_blocked, id=21194, stack(0x00007f2c236d9000,0x00007f2c237da000)]
  0x00007f2c4006d000 JavaThread "heartbeat-receiver-event-loop-thread" daemon [_thread_blocked, id=21193, stack(0x00007f2c237da000,0x00007f2c238db000)]
  0x00007f2c34924800 JavaThread "SparkUI-37" daemon [_thread_blocked, id=21192, stack(0x00007f2c238db000,0x00007f2c239dc000)]
  0x00007f2c34923000 JavaThread "SparkUI-36" daemon [_thread_blocked, id=21191, stack(0x00007f2c239dc000,0x00007f2c23add000)]
  0x00007f2c34921000 JavaThread "SparkUI-35" daemon [_thread_blocked, id=21190, stack(0x00007f2c23add000,0x00007f2c23bde000)]
  0x00007f2c3491f800 JavaThread "SparkUI-34" daemon [_thread_blocked, id=21189, stack(0x00007f2c23bde000,0x00007f2c23cdf000)]
  0x00007f2c3491d800 JavaThread "SparkUI-33" daemon [_thread_blocked, id=21188, stack(0x00007f2c23cdf000,0x00007f2c23de0000)]
  0x00007f2c3491c000 JavaThread "SparkUI-32" daemon [_thread_blocked, id=21187, stack(0x00007f2c23de0000,0x00007f2c23ee1000)]
  0x00007f2c34881000 JavaThread "SparkUI-31-acceptor-0@30283948-Spark@3eefc13d{HTTP/1.1}{0.0.0.0:4040}" daemon [_thread_in_native, id=21186, stack(0x00007f2c23ee1000,0x00007f2c23fe2000)]
  0x00007f2c34880000 JavaThread "SparkUI-30-selector-ServerConnectorManager@26765a49/0" daemon [_thread_in_native, id=21185, stack(0x00007f2c23fe2000,0x00007f2c240e3000)]
  0x00007f2c3484b000 JavaThread "refresh progress" daemon [_thread_blocked, id=21183, stack(0x00007f2c242e3000,0x00007f2c243e4000)]
  0x00007f2c348bf800 JavaThread "map-output-dispatcher-7" daemon [_thread_blocked, id=21182, stack(0x00007f2c245e4000,0x00007f2c246e5000)]
  0x00007f2c348f5000 JavaThread "map-output-dispatcher-6" daemon [_thread_blocked, id=21181, stack(0x00007f2c246e5000,0x00007f2c247e6000)]
  0x00007f2c348f3800 JavaThread "map-output-dispatcher-5" daemon [_thread_blocked, id=21180, stack(0x00007f2c247e6000,0x00007f2c248e7000)]
  0x00007f2c348f1800 JavaThread "map-output-dispatcher-4" daemon [_thread_blocked, id=21179, stack(0x00007f2c248e7000,0x00007f2c249e8000)]
  0x00007f2c348b1800 JavaThread "map-output-dispatcher-3" daemon [_thread_blocked, id=21178, stack(0x00007f2c249e8000,0x00007f2c24ae9000)]
  0x00007f2c348b0000 JavaThread "map-output-dispatcher-2" daemon [_thread_blocked, id=21177, stack(0x00007f2c24ae9000,0x00007f2c24bea000)]
  0x00007f2c348ae800 JavaThread "map-output-dispatcher-1" daemon [_thread_blocked, id=21176, stack(0x00007f2c24bea000,0x00007f2c24ceb000)]
  0x00007f2c34891000 JavaThread "map-output-dispatcher-0" daemon [_thread_blocked, id=21175, stack(0x00007f2c24ceb000,0x00007f2c24dec000)]
  0x00007f2c34800800 JavaThread "rpc-server-3-1" daemon [_thread_in_native, id=21174, stack(0x00007f2c44027000,0x00007f2c44128000)]
  0x00007f2c346bb800 JavaThread "dispatcher-event-loop-1" daemon [_thread_blocked, id=21173, stack(0x00007f2c4433b000,0x00007f2c4443c000)]
  0x00007f2c346ba800 JavaThread "dispatcher-event-loop-0" daemon [_thread_blocked, id=21172, stack(0x00007f2c44c68000,0x00007f2c44d69000)]
  0x00007f2c282eb000 JavaThread "Thread-2" [_thread_blocked, id=21168, stack(0x00007f2c453ac000,0x00007f2c454ad000)]
  0x00007f2c58d8d800 JavaThread "Thread-1" [_thread_in_native, id=21167, stack(0x00007f2c454ad000,0x00007f2c455ae000)]
  0x00007f2c58d7e000 JavaThread "pool-1-thread-1" [_thread_blocked, id=21166, stack(0x00007f2c455ae000,0x00007f2c456af000)]
  0x00007f2c580bb000 JavaThread "Service Thread" daemon [_thread_blocked, id=21164, stack(0x00007f2c4698d000,0x00007f2c46a8e000)]
  0x00007f2c580b7800 JavaThread "C1 CompilerThread1" daemon [_thread_blocked, id=21163, stack(0x00007f2c46a8e000,0x00007f2c46b8f000)]
  0x00007f2c580b5800 JavaThread "C2 CompilerThread0" daemon [_thread_blocked, id=21162, stack(0x00007f2c46b8f000,0x00007f2c46c90000)]
  0x00007f2c580b4000 JavaThread "Signal Dispatcher" daemon [_thread_blocked, id=21161, stack(0x00007f2c46c90000,0x00007f2c46d91000)]
  0x00007f2c58082000 JavaThread "Finalizer" daemon [_thread_blocked, id=21160, stack(0x00007f2c46f29000,0x00007f2c4702a000)]
  0x00007f2c5807d000 JavaThread "Reference Handler" daemon [_thread_blocked, id=21159, stack(0x00007f2c4702a000,0x00007f2c4712b000)]
  0x00007f2c58011800 JavaThread "main" [_thread_in_native, id=21157, stack(0x00007f2c5e947000,0x00007f2c5ea48000)]

Other Threads:
=>0x00007f2c58075800 VMThread [stack: 0x00007f2c4712b000,0x00007f2c4722c000] [id=21158]
  0x00007f2c580bd800 WatcherThread [stack: 0x00007f2c4688c000,0x00007f2c4698d000] [id=21165]

VM state:at safepoint (normal execution)

VM Mutex/Monitor currently owned by a thread:  ([mutex/lock_event])
[0x00007f2c5800dc80] Threads_lock - owner thread: 0x00007f2c58075800
[0x00007f2c5800e180] Heap_lock - owner thread: 0x00007f2c3000e000

Heap:
 def new generation   total 92096K, used 86074K [0x00000000c0000000, 0x00000000c63e0000, 0x00000000d5550000)
  eden space 81920K, 100% used [0x00000000c0000000, 0x00000000c5000000, 0x00000000c5000000)
  from space 10176K,  40% used [0x00000000c5000000, 0x00000000c540e990, 0x00000000c59f0000)
  to   space 10176K,  25% used [0x00000000c59f0000, 0x00000000c5c7a130, 0x00000000c63e0000)
 tenured generation   total 220812K, used 209537K [0x00000000d5550000, 0x00000000e2cf3000, 0x0000000100000000)
   the space 220812K,  94% used [0x00000000d5550000, 0x00000000e21f04a0, 0x00000000e21f0600, 0x00000000e2cf3000)
 Metaspace       used 101087K, capacity 104268K, committed 104664K, reserved 1140736K
  class space    used 13011K, capacity 13453K, committed 13528K, reserved 1048576K

Card table byte_map: [0x00007f2c47dc7000,0x00007f2c47fc8000] byte_map_base: 0x00007f2c477c7000

Polling page: 0x00007f2c5ea53000

CodeCache: size=245760Kb used=58350Kb max_used=58350Kb free=187409Kb
 bounds [0x00007f2c48388000, 0x00007f2c4bcd8000, 0x00007f2c57388000]
 total_blobs=16103 nmethods=15332 adapters=683
 compilation: enabled

Compilation events (10 events):
Event: 2070.917 Thread 0x00007f2c580b5800 nmethod 21072 0x00007f2c4bcbad10 code [0x00007f2c4bcbb000, 0x00007f2c4bcbbcd0]
Event: 2070.975 Thread 0x00007f2c580b5800 21077       4       org.apache.spark.sql.catalyst.expressions.codegen.CodegenContext::getValue (793 bytes)
Event: 2070.992 Thread 0x00007f2c580b7800 21078       1       org.apache.spark.sql.catalyst.expressions.Pmod::left (5 bytes)
Event: 2070.998 Thread 0x00007f2c580b7800 nmethod 21078 0x00007f2c4abf9310 code [0x00007f2c4abf9460, 0x00007f2c4abf9570]
Event: 2071.078 Thread 0x00007f2c580b7800 21080       3       org.apache.spark.api.python.PythonRDD$$anonfun$writeIteratorToStream$1::apply (9 bytes)
Event: 2071.082 Thread 0x00007f2c580b7800 nmethod 21080 0x00007f2c49490f90 code [0x00007f2c49491100, 0x00007f2c49491400]
Event: 2071.082 Thread 0x00007f2c580b7800 21079       3       net.razorvine.pickle.Pickler::dump (93 bytes)
Event: 2071.082 Thread 0x00007f2c580b7800 nmethod 21079 0x00007f2c4bcba010 code [0x00007f2c4bcba200, 0x00007f2c4bcba9c8]
Event: 2071.082 Thread 0x00007f2c580b7800 21081       3       org.apache.spark.api.python.PythonRDD$::org$apache$spark$api$python$PythonRDD$$write$1 (181 bytes)
Event: 2071.084 Thread 0x00007f2c580b7800 nmethod 21081 0x00007f2c4bcc9890 code [0x00007f2c4bcc9ca0, 0x00007f2c4bccc9f0]

GC Heap History (10 events):
Event: 2070.117 GC heap after
Heap after GC invocations=865 (full 11):
 def new generation   total 92096K, used 3717K [0x00000000c0000000, 0x00000000c63e0000, 0x00000000d5550000)
  eden space 81920K,   0% used [0x00000000c0000000, 0x00000000c0000000, 0x00000000c5000000)
  from space 10176K,  36% used [0x00000000c5000000, 0x00000000c53a1438, 0x00000000c59f0000)
  to   space 10176K,   0% used [0x00000000c59f0000, 0x00000000c59f0000, 0x00000000c63e0000)
 tenured generation   total 204424K, used 176285K [0x00000000d5550000, 0x00000000e1cf2000, 0x0000000100000000)
   the space 204424K,  86% used [0x00000000d5550000, 0x00000000e01776d8, 0x00000000e0177800, 0x00000000e1cf2000)
 Metaspace       used 101018K, capacity 104198K, committed 104664K, reserved 1140736K
  class space    used 13010K, capacity 13452K, committed 13528K, reserved 1048576K
}
Event: 2070.247 GC heap before
{Heap before GC invocations=865 (full 11):
 def new generation   total 92096K, used 85637K [0x00000000c0000000, 0x00000000c63e0000, 0x00000000d5550000)
  eden space 81920K, 100% used [0x00000000c0000000, 0x00000000c5000000, 0x00000000c5000000)
  from space 10176K,  36% used [0x00000000c5000000, 0x00000000c53a1438, 0x00000000c59f0000)
  to   space 10176K,   0% used [0x00000000c59f0000, 0x00000000c59f0000, 0x00000000c63e0000)
 tenured generation   total 204424K, used 176285K [0x00000000d5550000, 0x00000000e1cf2000, 0x0000000100000000)
   the space 204424K,  86% used [0x00000000d5550000, 0x00000000e01776d8, 0x00000000e0177800, 0x00000000e1cf2000)
 Metaspace       used 101018K, capacity 104198K, committed 104664K, reserved 1140736K
  class space    used 13010K, capacity 13452K, committed 13528K, reserved 1048576K
Event: 2070.302 GC heap after
Heap after GC invocations=866 (full 11):
 def new generation   total 92096K, used 3571K [0x00000000c0000000, 0x00000000c63e0000, 0x00000000d5550000)
  eden space 81920K,   0% used [0x00000000c0000000, 0x00000000c0000000, 0x00000000c5000000)
  from space 10176K,  35% used [0x00000000c59f0000, 0x00000000c5d6cf10, 0x00000000c63e0000)
  to   space 10176K,   0% used [0x00000000c5000000, 0x00000000c5000000, 0x00000000c59f0000)
 tenured generation   total 204424K, used 192814K [0x00000000d5550000, 0x00000000e1cf2000, 0x0000000100000000)
   the space 204424K,  94% used [0x00000000d5550000, 0x00000000e119bbe0, 0x00000000e119bc00, 0x00000000e1cf2000)
 Metaspace       used 101018K, capacity 104198K, committed 104664K, reserved 1140736K
  class space    used 13010K, capacity 13452K, committed 13528K, reserved 1048576K
}
Event: 2070.462 GC heap before
{Heap before GC invocations=866 (full 11):
 def new generation   total 92096K, used 85491K [0x00000000c0000000, 0x00000000c63e0000, 0x00000000d5550000)
  eden space 81920K, 100% used [0x00000000c0000000, 0x00000000c5000000, 0x00000000c5000000)
  from space 10176K,  35% used [0x00000000c59f0000, 0x00000000c5d6cf10, 0x00000000c63e0000)
  to   space 10176K,   0% used [0x00000000c5000000, 0x00000000c5000000, 0x00000000c59f0000)
 tenured generation   total 204424K, used 192814K [0x00000000d5550000, 0x00000000e1cf2000, 0x0000000100000000)
   the space 204424K,  94% used [0x00000000d5550000, 0x00000000e119bbe0, 0x00000000e119bc00, 0x00000000e1cf2000)
 Metaspace       used 101018K, capacity 104198K, committed 104664K, reserved 1140736K
  class space    used 13010K, capacity 13452K, committed 13528K, reserved 1048576K
Event: 2070.473 GC heap after
Heap after GC invocations=867 (full 11):
 def new generation   total 92096K, used 3458K [0x00000000c0000000, 0x00000000c63e0000, 0x00000000d5550000)
  eden space 81920K,   0% used [0x00000000c0000000, 0x00000000c0000000, 0x00000000c5000000)
  from space 10176K,  33% used [0x00000000c5000000, 0x00000000c5360b78, 0x00000000c59f0000)
  to   space 10176K,   0% used [0x00000000c59f0000, 0x00000000c59f0000, 0x00000000c63e0000)
 tenured generation   total 204424K, used 192924K [0x00000000d5550000, 0x00000000e1cf2000, 0x0000000100000000)
   the space 204424K,  94% used [0x00000000d5550000, 0x00000000e11b7118, 0x00000000e11b7200, 0x00000000e1cf2000)
 Metaspace       used 101018K, capacity 104198K, committed 104664K, reserved 1140736K
  class space    used 13010K, capacity 13452K, committed 13528K, reserved 1048576K
}
Event: 2070.703 GC heap before
{Heap before GC invocations=867 (full 11):
 def new generation   total 92096K, used 85378K [0x00000000c0000000, 0x00000000c63e0000, 0x00000000d5550000)
  eden space 81920K, 100% used [0x00000000c0000000, 0x00000000c5000000, 0x00000000c5000000)
  from space 10176K,  33% used [0x00000000c5000000, 0x00000000c5360b78, 0x00000000c59f0000)
  to   space 10176K,   0% used [0x00000000c59f0000, 0x00000000c59f0000, 0x00000000c63e0000)
 tenured generation   total 204424K, used 192924K [0x00000000d5550000, 0x00000000e1cf2000, 0x0000000100000000)
   the space 204424K,  94% used [0x00000000d5550000, 0x00000000e11b7118, 0x00000000e11b7200, 0x00000000e1cf2000)
 Metaspace       used 101083K, capacity 104262K, committed 104664K, reserved 1140736K
  class space    used 13010K, capacity 13452K, committed 13528K, reserved 1048576K
Event: 2070.708 GC heap after
Heap after GC invocations=868 (full 11):
 def new generation   total 92096K, used 3613K [0x00000000c0000000, 0x00000000c63e0000, 0x00000000d5550000)
  eden space 81920K,   0% used [0x00000000c0000000, 0x00000000c0000000, 0x00000000c5000000)
  from space 10176K,  35% used [0x00000000c59f0000, 0x00000000c5d77618, 0x00000000c63e0000)
  to   space 10176K,   0% used [0x00000000c5000000, 0x00000000c5000000, 0x00000000c59f0000)
 tenured generation   total 204424K, used 193032K [0x00000000d5550000, 0x00000000e1cf2000, 0x0000000100000000)
   the space 204424K,  94% used [0x00000000d5550000, 0x00000000e11d22a8, 0x00000000e11d2400, 0x00000000e1cf2000)
 Metaspace       used 101083K, capacity 104262K, committed 104664K, reserved 1140736K
  class space    used 13010K, capacity 13452K, committed 13528K, reserved 1048576K
}
Event: 2070.946 GC heap before
{Heap before GC invocations=868 (full 11):
 def new generation   total 92096K, used 85533K [0x00000000c0000000, 0x00000000c63e0000, 0x00000000d5550000)
  eden space 81920K, 100% used [0x00000000c0000000, 0x00000000c5000000, 0x00000000c5000000)
  from space 10176K,  35% used [0x00000000c59f0000, 0x00000000c5d77618, 0x00000000c63e0000)
  to   space 10176K,   0% used [0x00000000c5000000, 0x00000000c5000000, 0x00000000c59f0000)
 tenured generation   total 204424K, used 193032K [0x00000000d5550000, 0x00000000e1cf2000, 0x0000000100000000)
   the space 204424K,  94% used [0x00000000d5550000, 0x00000000e11d22a8, 0x00000000e11d2400, 0x00000000e1cf2000)
 Metaspace       used 101087K, capacity 104268K, committed 104664K, reserved 1140736K
  class space    used 13011K, capacity 13453K, committed 13528K, reserved 1048576K
Event: 2070.958 GC heap after
Heap after GC invocations=869 (full 11):
 def new generation   total 92096K, used 4154K [0x00000000c0000000, 0x00000000c63e0000, 0x00000000d5550000)
  eden space 81920K,   0% used [0x00000000c0000000, 0x00000000c0000000, 0x00000000c5000000)
  from space 10176K,  40% used [0x00000000c5000000, 0x00000000c540e990, 0x00000000c59f0000)
  to   space 10176K,   0% used [0x00000000c59f0000, 0x00000000c59f0000, 0x00000000c63e0000)
 tenured generation   total 204424K, used 193143K [0x00000000d5550000, 0x00000000e1cf2000, 0x0000000100000000)
   the space 204424K,  94% used [0x00000000d5550000, 0x00000000e11ede80, 0x00000000e11ee000, 0x00000000e1cf2000)
 Metaspace       used 101087K, capacity 104268K, committed 104664K, reserved 1140736K
  class space    used 13011K, capacity 13453K, committed 13528K, reserved 1048576K
}
Event: 2071.089 GC heap before
{Heap before GC invocations=869 (full 11):
 def new generation   total 92096K, used 86074K [0x00000000c0000000, 0x00000000c63e0000, 0x00000000d5550000)
  eden space 81920K, 100% used [0x00000000c0000000, 0x00000000c5000000, 0x00000000c5000000)
  from space 10176K,  40% used [0x00000000c5000000, 0x00000000c540e990, 0x00000000c59f0000)
  to   space 10176K,   0% used [0x00000000c59f0000, 0x00000000c59f0000, 0x00000000c63e0000)
 tenured generation   total 204424K, used 193143K [0x00000000d5550000, 0x00000000e1cf2000, 0x0000000100000000)
   the space 204424K,  94% used [0x00000000d5550000, 0x00000000e11ede80, 0x00000000e11ee000, 0x00000000e1cf2000)
 Metaspace       used 101087K, capacity 104268K, committed 104664K, reserved 1140736K
  class space    used 13011K, capacity 13453K, committed 13528K, reserved 1048576K

Deoptimization events (10 events):
Event: 2049.123 Thread 0x00007f2c282eb000 Uncommon trap: reason=class_check action=maybe_recompile pc=0x00007f2c484f4a54 method=org.apache.spark.sql.catalyst.expressions.codegen.LazilyGeneratedOrdering.compare(Lorg/apache/spark/sql/catalyst/InternalRow;Lorg/apache/spark/sql/catalyst/InternalRow;)
Event: 2050.407 Thread 0x00007f2c40388000 Uncommon trap: reason=class_check action=maybe_recompile pc=0x00007f2c495c113c method=org.codehaus.janino.UnitCompiler.internalCheckAccessible(Lorg/codehaus/janino/IClass;Lorg/codehaus/janino/Java$Scope;)Ljava/lang/String; @ 211
Event: 2050.407 Thread 0x00007f2c40388000 Uncommon trap: reason=class_check action=maybe_recompile pc=0x00007f2c48e9af6c method=org.codehaus.janino.UnitCompiler.internalCheckAccessible(Lorg/codehaus/janino/IClass;Lorg/codehaus/janino/Java$Scope;)Ljava/lang/String; @ 211
Event: 2050.416 Thread 0x00007f2c3803c000 Uncommon trap: reason=class_check action=maybe_recompile pc=0x00007f2c48b371b8 method=org.apache.spark.sql.execution.SortExec$$anon$1.computePrefix(Lorg/apache/spark/sql/catalyst/InternalRow;)Lorg/apache/spark/sql/execution/UnsafeExternalRowSorter$PrefixC
Event: 2050.420 Thread 0x00007f2c40388000 Uncommon trap: reason=class_check action=maybe_recompile pc=0x00007f2c48b371b8 method=org.apache.spark.sql.execution.SortExec$$anon$1.computePrefix(Lorg/apache/spark/sql/catalyst/InternalRow;)Lorg/apache/spark/sql/execution/UnsafeExternalRowSorter$PrefixC
Event: 2050.424 Thread 0x00007f2c3803c000 Uncommon trap: reason=class_check action=maybe_recompile pc=0x00007f2c48b371b8 method=org.apache.spark.sql.execution.SortExec$$anon$1.computePrefix(Lorg/apache/spark/sql/catalyst/InternalRow;)Lorg/apache/spark/sql/execution/UnsafeExternalRowSorter$PrefixC
Event: 2050.428 Thread 0x00007f2c40388000 Uncommon trap: reason=class_check action=maybe_recompile pc=0x00007f2c48b371b8 method=org.apache.spark.sql.execution.SortExec$$anon$1.computePrefix(Lorg/apache/spark/sql/catalyst/InternalRow;)Lorg/apache/spark/sql/execution/UnsafeExternalRowSorter$PrefixC
Event: 2050.432 Thread 0x00007f2c3803c000 Uncommon trap: reason=class_check action=maybe_recompile pc=0x00007f2c49e923a4 method=org.apache.spark.sql.execution.SortExec$$anon$1.computePrefix(Lorg/apache/spark/sql/catalyst/InternalRow;)Lorg/apache/spark/sql/execution/UnsafeExternalRowSorter$PrefixC
Event: 2050.459 Thread 0x00007f2c36294000 Uncommon trap: reason=unstable_if action=reinterpret pc=0x00007f2c4baf9630 method=net.razorvine.pickle.Pickler.put_arrayOfObjects([Ljava/lang/Object;)V @ 120
Event: 2070.569 Thread 0x00007f2c3803c000 Uncommon trap: reason=class_check action=maybe_recompile pc=0x00007f2c4baebe70 method=scala.collection.convert.Wrappers$JMapWrapperLike$$anon$2.<init>(Lscala/collection/convert/Wrappers$JMapWrapperLike;)V @ 11

Classes redefined (0 events):
No events

Internal exceptions (10 events):
Event: 123.954 Thread 0x00007f2c282eb000 Exception <a 'java/lang/NoSuchMethodError': <clinit>> (0x00000000c4a22568) thrown at [/build/openjdk-8-pREaNj/openjdk-8-8u181-b13/src/hotspot/src/share/vm/prims/jni.cpp, line 1613]
Event: 161.863 Thread 0x00007f2c282eb000 Exception <a 'java/lang/NoSuchMethodError': <clinit>> (0x00000000c1216938) thrown at [/build/openjdk-8-pREaNj/openjdk-8-8u181-b13/src/hotspot/src/share/vm/prims/jni.cpp, line 1613]
Event: 161.864 Thread 0x00007f2c282eb000 Exception <a 'java/lang/NoSuchMethodError': <clinit>> (0x00000000c124a300) thrown at [/build/openjdk-8-pREaNj/openjdk-8-8u181-b13/src/hotspot/src/share/vm/prims/jni.cpp, line 1613]
Event: 163.447 Thread 0x00007f2c40389000 Exception <a 'java/lang/NoSuchMethodError': <clinit>> (0x00000000c4917af8) thrown at [/build/openjdk-8-pREaNj/openjdk-8-8u181-b13/src/hotspot/src/share/vm/prims/jni.cpp, line 1613]
Event: 163.447 Thread 0x00007f2c40389000 Exception <a 'java/lang/NoSuchMethodError': <clinit>> (0x00000000c49189e8) thrown at [/build/openjdk-8-pREaNj/openjdk-8-8u181-b13/src/hotspot/src/share/vm/prims/jni.cpp, line 1613]
Event: 163.494 Thread 0x00007f2c4013c000 Exception <a 'java/lang/NoSuchMethodError': <clinit>> (0x00000000c05d4298) thrown at [/build/openjdk-8-pREaNj/openjdk-8-8u181-b13/src/hotspot/src/share/vm/prims/jni.cpp, line 1613]
Event: 164.754 Thread 0x00007f2c282eb000 Exception <a 'java/lang/NoSuchMethodError': <clinit>> (0x00000000c3a3a3f0) thrown at [/build/openjdk-8-pREaNj/openjdk-8-8u181-b13/src/hotspot/src/share/vm/prims/jni.cpp, line 1613]
Event: 164.770 Thread 0x00007f2c3499f800 Exception <a 'java/lang/NoSuchMethodError': <clinit>> (0x00000000c3db3098) thrown at [/build/openjdk-8-pREaNj/openjdk-8-8u181-b13/src/hotspot/src/share/vm/prims/jni.cpp, line 1613]
Event: 164.771 Thread 0x00007f2c3499f800 Exception <a 'java/lang/NoSuchMethodError': <clinit>> (0x00000000c3ddc7a0) thrown at [/build/openjdk-8-pREaNj/openjdk-8-8u181-b13/src/hotspot/src/share/vm/prims/jni.cpp, line 1613]
Event: 1547.287 Thread 0x00007f2c346ba800 Implicit null exception at 0x00007f2c4897b1f5 to 0x00007f2c4897b8bc

Events (10 events):
Event: 2070.795 Thread 0x00007f2c3000e000 DEOPT PACKING pc=0x00007f2c4991f97d sp=0x00007f2c1ec4dba0
Event: 2070.795 Thread 0x00007f2c3000e000 DEOPT UNPACKING pc=0x00007f2c483cf4c4 sp=0x00007f2c1ec4d948 mode 0
Event: 2070.795 Thread 0x00007f2c30014800 Thread added: 0x00007f2c30014800
Event: 2070.938 Executing VM operation: GenCollectForAllocation
Event: 2070.959 Executing VM operation: GenCollectForAllocation done
Event: 2070.993 Executing VM operation: RevokeBias
Event: 2070.997 Executing VM operation: RevokeBias done
Event: 2070.997 Executing VM operation: RevokeBias
Event: 2070.997 Executing VM operation: RevokeBias done
Event: 2071.089 Executing VM operation: GenCollectForAllocation


Dynamic libraries:
00400000-00401000 r-xp 00000000 ca:01 256949                             /usr/lib/jvm/java-8-openjdk-amd64/jre/bin/java
00600000-00601000 r--p 00000000 ca:01 256949                             /usr/lib/jvm/java-8-openjdk-amd64/jre/bin/java
00601000-00602000 rw-p 00001000 ca:01 256949                             /usr/lib/jvm/java-8-openjdk-amd64/jre/bin/java
0182c000-0186e000 rw-p 00000000 00:00 0                                  [heap]
c0000000-c63e0000 rw-p 00000000 00:00 0 
c63e0000-d5550000 ---p 00000000 00:00 0 
d5550000-e2cf3000 rw-p 00000000 00:00 0 
e3cf4000-100000000 ---p 00000000 00:00 0 
100000000-100d36000 rw-p 00000000 00:00 0 
100d36000-140000000 ---p 00000000 00:00 0 
7f2c18000000-7f2c196bd000 rw-p 00000000 00:00 0 
7f2c196bd000-7f2c1c000000 ---p 00000000 00:00 0 
7f2c1cf49000-7f2c1d049000 rw-p 00000000 00:00 0 
7f2c1d049000-7f2c1d14c000 ---p 00000000 00:00 0 
7f2c1d14c000-7f2c1d24a000 rw-p 00000000 00:00 0 
7f2c1d24a000-7f2c1d24d000 ---p 00000000 00:00 0 
7f2c1d24d000-7f2c1d34b000 rw-p 00000000 00:00 0 
7f2c1d34b000-7f2c1d34e000 ---p 00000000 00:00 0 
7f2c1d34e000-7f2c1d44c000 rw-p 00000000 00:00 0 
7f2c1d44c000-7f2c1d44f000 ---p 00000000 00:00 0 
7f2c1d44f000-7f2c1d74d000 rw-p 00000000 00:00 0 
7f2c1d74d000-7f2c1d94d000 rw-p 00000000 00:00 0 
7f2c1d94d000-7f2c1d950000 ---p 00000000 00:00 0 
7f2c1d950000-7f2c1da4e000 rw-p 00000000 00:00 0 
7f2c1da4e000-7f2c1da51000 ---p 00000000 00:00 0 
7f2c1da51000-7f2c1dd4f000 rw-p 00000000 00:00 0 
7f2c1dd4f000-7f2c1df4f000 rw-p 00000000 00:00 0 
7f2c1df4f000-7f2c1e14f000 rw-p 00000000 00:00 0 
7f2c1e14f000-7f2c1e34f000 rw-p 00000000 00:00 0 
7f2c1e34f000-7f2c1e54f000 rw-p 00000000 00:00 0 
7f2c1e54f000-7f2c1e74f000 rw-p 00000000 00:00 0 
7f2c1e74f000-7f2c1e94f000 rw-p 00000000 00:00 0 
7f2c1e94f000-7f2c1eb4f000 rw-p 00000000 00:00 0 
7f2c1eb4f000-7f2c1eb52000 ---p 00000000 00:00 0 
7f2c1eb52000-7f2c1ec50000 rw-p 00000000 00:00 0 
7f2c1ec50000-7f2c1ec53000 ---p 00000000 00:00 0 
7f2c1ec53000-7f2c1ed51000 rw-p 00000000 00:00 0 
7f2c1ed51000-7f2c1ed54000 ---p 00000000 00:00 0 
7f2c1ed54000-7f2c1f052000 rw-p 00000000 00:00 0 
7f2c1f052000-7f2c1f055000 ---p 00000000 00:00 0 
7f2c1f055000-7f2c1f353000 rw-p 00000000 00:00 0 
7f2c1f353000-7f2c1f356000 ---p 00000000 00:00 0 
7f2c1f356000-7f2c1f454000 rw-p 00000000 00:00 0 
7f2c1f454000-7f2c1f457000 ---p 00000000 00:00 0 
7f2c1f457000-7f2c1f555000 rw-p 00000000 00:00 0 
7f2c1f555000-7f2c1f558000 ---p 00000000 00:00 0 
7f2c1f558000-7f2c1f656000 rw-p 00000000 00:00 0 
7f2c1f656000-7f2c1f659000 ---p 00000000 00:00 0 
7f2c1f659000-7f2c1f757000 rw-p 00000000 00:00 0 
7f2c1f757000-7f2c1f75a000 ---p 00000000 00:00 0 
7f2c1f75a000-7f2c1fa58000 rw-p 00000000 00:00 0 
7f2c1fa58000-7f2c1fc58000 rw-p 00000000 00:00 0 
7f2c1fc58000-7f2c1fc5b000 ---p 00000000 00:00 0 
7f2c1fc5b000-7f2c1ff59000 rw-p 00000000 00:00 0 
7f2c1ff59000-7f2c1ff5c000 ---p 00000000 00:00 0 
7f2c1ff5c000-7f2c2025a000 rw-p 00000000 00:00 0 
7f2c2025a000-7f2c2045a000 rw-p 00000000 00:00 0 
7f2c2045a000-7f2c2065a000 rw-p 00000000 00:00 0 
7f2c2065a000-7f2c2085a000 rw-p 00000000 00:00 0 
7f2c2085a000-7f2c20a5a000 rw-p 00000000 00:00 0 
7f2c20a5a000-7f2c20c5a000 rw-p 00000000 00:00 0 
7f2c20c5a000-7f2c20e5a000 rw-p 00000000 00:00 0 
7f2c20e5a000-7f2c2105a000 rw-p 00000000 00:00 0 
7f2c2105a000-7f2c2125a000 rw-p 00000000 00:00 0 
7f2c2125a000-7f2c2145a000 rw-p 00000000 00:00 0 
7f2c2145a000-7f2c2165a000 rw-p 00000000 00:00 0 
7f2c2165a000-7f2c2165d000 ---p 00000000 00:00 0 
7f2c2165d000-7f2c2175b000 rw-p 00000000 00:00 0 
7f2c2175b000-7f2c2175e000 ---p 00000000 00:00 0 
7f2c2175e000-7f2c2185c000 rw-p 00000000 00:00 0 
7f2c2185c000-7f2c2185f000 ---p 00000000 00:00 0 
7f2c2185f000-7f2c2195d000 rw-p 00000000 00:00 0 
7f2c2195d000-7f2c21960000 ---p 00000000 00:00 0 
7f2c21960000-7f2c21a5e000 rw-p 00000000 00:00 0 
7f2c21a5e000-7f2c21a61000 ---p 00000000 00:00 0 
7f2c21a61000-7f2c21b5f000 rw-p 00000000 00:00 0 
7f2c21b5f000-7f2c21b62000 ---p 00000000 00:00 0 
7f2c21b62000-7f2c21e60000 rw-p 00000000 00:00 0 
7f2c21e60000-7f2c21e63000 ---p 00000000 00:00 0 
7f2c21e63000-7f2c22161000 rw-p 00000000 00:00 0 
7f2c22161000-7f2c2216e000 r-xp 00000000 ca:01 1270                       /tmp/liblz4-java1915572546732987859.so
7f2c2216e000-7f2c2236d000 ---p 0000d000 ca:01 1270                       /tmp/liblz4-java1915572546732987859.so
7f2c2236d000-7f2c2236e000 rw-p 0000c000 ca:01 1270                       /tmp/liblz4-java1915572546732987859.so
7f2c2236e000-7f2c2256e000 rw-p 00000000 00:00 0 
7f2c2256e000-7f2c22571000 ---p 00000000 00:00 0 
7f2c22571000-7f2c2266f000 rw-p 00000000 00:00 0 
7f2c226d1000-7f2c226d4000 ---p 00000000 00:00 0 
7f2c226d4000-7f2c229d2000 rw-p 00000000 00:00 0 
7f2c229d2000-7f2c22bd2000 rw-p 00000000 00:00 0 
7f2c22bd2000-7f2c22dd2000 rw-p 00000000 00:00 0 
7f2c22dd2000-7f2c22dd5000 ---p 00000000 00:00 0 
7f2c22dd5000-7f2c22ed3000 rw-p 00000000 00:00 0 
7f2c22ed3000-7f2c22ed6000 ---p 00000000 00:00 0 
7f2c22ed6000-7f2c22fd4000 rw-p 00000000 00:00 0 
7f2c22fd4000-7f2c22fd7000 ---p 00000000 00:00 0 
7f2c22fd7000-7f2c232d5000 rw-p 00000000 00:00 0 
7f2c232d5000-7f2c232d8000 ---p 00000000 00:00 0 
7f2c232d8000-7f2c233d6000 rw-p 00000000 00:00 0 
7f2c233d6000-7f2c233d9000 ---p 00000000 00:00 0 
7f2c233d9000-7f2c234d7000 rw-p 00000000 00:00 0 
7f2c234d7000-7f2c234da000 ---p 00000000 00:00 0 
7f2c234da000-7f2c235d8000 rw-p 00000000 00:00 0 
7f2c235d8000-7f2c235db000 ---p 00000000 00:00 0 
7f2c235db000-7f2c236d9000 rw-p 00000000 00:00 0 
7f2c236d9000-7f2c236dc000 ---p 00000000 00:00 0 
7f2c236dc000-7f2c237da000 rw-p 00000000 00:00 0 
7f2c237da000-7f2c237dd000 ---p 00000000 00:00 0 
7f2c237dd000-7f2c238db000 rw-p 00000000 00:00 0 
7f2c238db000-7f2c238de000 ---p 00000000 00:00 0 
7f2c238de000-7f2c239dc000 rw-p 00000000 00:00 0 
7f2c239dc000-7f2c239df000 ---p 00000000 00:00 0 
7f2c239df000-7f2c23add000 rw-p 00000000 00:00 0 
7f2c23add000-7f2c23ae0000 ---p 00000000 00:00 0 
7f2c23ae0000-7f2c23bde000 rw-p 00000000 00:00 0 
7f2c23bde000-7f2c23be1000 ---p 00000000 00:00 0 
7f2c23be1000-7f2c23cdf000 rw-p 00000000 00:00 0 
7f2c23cdf000-7f2c23ce2000 ---p 00000000 00:00 0 
7f2c23ce2000-7f2c23de0000 rw-p 00000000 00:00 0 
7f2c23de0000-7f2c23de3000 ---p 00000000 00:00 0 
7f2c23de3000-7f2c23ee1000 rw-p 00000000 00:00 0 
7f2c23ee1000-7f2c23ee4000 ---p 00000000 00:00 0 
7f2c23ee4000-7f2c23fe2000 rw-p 00000000 00:00 0 
7f2c23fe2000-7f2c23fe5000 ---p 00000000 00:00 0 
7f2c23fe5000-7f2c242e3000 rw-p 00000000 00:00 0 
7f2c242e3000-7f2c242e6000 ---p 00000000 00:00 0 
7f2c242e6000-7f2c245e4000 rw-p 00000000 00:00 0 
7f2c245e4000-7f2c245e7000 ---p 00000000 00:00 0 
7f2c245e7000-7f2c246e5000 rw-p 00000000 00:00 0 
7f2c246e5000-7f2c246e8000 ---p 00000000 00:00 0 
7f2c246e8000-7f2c247e6000 rw-p 00000000 00:00 0 
7f2c247e6000-7f2c247e9000 ---p 00000000 00:00 0 
7f2c247e9000-7f2c248e7000 rw-p 00000000 00:00 0 
7f2c248e7000-7f2c248ea000 ---p 00000000 00:00 0 
7f2c248ea000-7f2c249e8000 rw-p 00000000 00:00 0 
7f2c249e8000-7f2c249eb000 ---p 00000000 00:00 0 
7f2c249eb000-7f2c24ae9000 rw-p 00000000 00:00 0 
7f2c24ae9000-7f2c24aec000 ---p 00000000 00:00 0 
7f2c24aec000-7f2c24bea000 rw-p 00000000 00:00 0 
7f2c24bea000-7f2c24bed000 ---p 00000000 00:00 0 
7f2c24bed000-7f2c24ceb000 rw-p 00000000 00:00 0 
7f2c24ceb000-7f2c24cee000 ---p 00000000 00:00 0 
7f2c24cee000-7f2c24dec000 rw-p 00000000 00:00 0 
7f2c24dec000-7f2c24dfd000 r-xp 00000000 ca:01 256909                     /usr/lib/jvm/java-8-openjdk-amd64/jre/lib/amd64/libnio.so
7f2c24dfd000-7f2c24ffd000 ---p 00011000 ca:01 256909                     /usr/lib/jvm/java-8-openjdk-amd64/jre/lib/amd64/libnio.so
7f2c24ffd000-7f2c24ffe000 r--p 00011000 ca:01 256909                     /usr/lib/jvm/java-8-openjdk-amd64/jre/lib/amd64/libnio.so
7f2c24ffe000-7f2c24fff000 rw-p 00012000 ca:01 256909                     /usr/lib/jvm/java-8-openjdk-amd64/jre/lib/amd64/libnio.so
7f2c24fff000-7f2c28000000 rw-p 00000000 00:00 0 
7f2c28000000-7f2c2b3f1000 rw-p 00000000 00:00 0 
7f2c2b3f1000-7f2c2c000000 ---p 00000000 00:00 0 
7f2c2c000000-7f2c2c1f2000 rw-p 00000000 00:00 0 
7f2c2c1f2000-7f2c30000000 ---p 00000000 00:00 0 
7f2c30000000-7f2c3018f000 rw-p 00000000 00:00 0 
7f2c3018f000-7f2c34000000 ---p 00000000 00:00 0 
7f2c34000000-7f2c37fea000 rw-p 00000000 00:00 0 
7f2c37fea000-7f2c38000000 ---p 00000000 00:00 0 
7f2c38000000-7f2c3808c000 rw-p 00000000 00:00 0 
7f2c3808c000-7f2c3c000000 ---p 00000000 00:00 0 
7f2c3c000000-7f2c3c021000 rw-p 00000000 00:00 0 
7f2c3c021000-7f2c40000000 ---p 00000000 00:00 0 
7f2c40000000-7f2c404df000 rw-p 00000000 00:00 0 
7f2c404df000-7f2c44000000 ---p 00000000 00:00 0 
7f2c44027000-7f2c4402a000 ---p 00000000 00:00 0 
7f2c4402a000-7f2c44328000 rw-p 00000000 00:00 0 
7f2c44328000-7f2c4433b000 r--s 00346000 ca:01 256864                     /usr/lib/jvm/java-8-openjdk-amd64/jre/lib/resources.jar
7f2c4433b000-7f2c4433e000 ---p 00000000 00:00 0 
7f2c4433e000-7f2c4463c000 rw-p 00000000 00:00 0 
7f2c4463c000-7f2c44653000 r-xp 00000000 ca:01 1984                       /lib/x86_64-linux-gnu/libresolv-2.23.so
7f2c44653000-7f2c44853000 ---p 00017000 ca:01 1984                       /lib/x86_64-linux-gnu/libresolv-2.23.so
7f2c44853000-7f2c44854000 r--p 00017000 ca:01 1984                       /lib/x86_64-linux-gnu/libresolv-2.23.so
7f2c44854000-7f2c44855000 rw-p 00018000 ca:01 1984                       /lib/x86_64-linux-gnu/libresolv-2.23.so
7f2c44855000-7f2c44857000 rw-p 00000000 00:00 0 
7f2c44857000-7f2c4485c000 r-xp 00000000 ca:01 1990                       /lib/x86_64-linux-gnu/libnss_dns-2.23.so
7f2c4485c000-7f2c44a5c000 ---p 00005000 ca:01 1990                       /lib/x86_64-linux-gnu/libnss_dns-2.23.so
7f2c44a5c000-7f2c44a5d000 r--p 00005000 ca:01 1990                       /lib/x86_64-linux-gnu/libnss_dns-2.23.so
7f2c44a5d000-7f2c44a5e000 rw-p 00006000 ca:01 1990                       /lib/x86_64-linux-gnu/libnss_dns-2.23.so
7f2c44a5f000-7f2c44a61000 r--s 00016000 ca:01 256882                     /usr/lib/jvm/java-8-openjdk-amd64/jre/lib/jce.jar
7f2c44a61000-7f2c44a66000 r--s 0009d000 ca:01 256862                     /usr/lib/jvm/java-8-openjdk-amd64/jre/lib/jsse.jar
7f2c44a66000-7f2c44a67000 r-xp 00000000 ca:01 256908                     /usr/lib/jvm/java-8-openjdk-amd64/jre/lib/amd64/libjaas_unix.so
7f2c44a67000-7f2c44c66000 ---p 00001000 ca:01 256908                     /usr/lib/jvm/java-8-openjdk-amd64/jre/lib/amd64/libjaas_unix.so
7f2c44c66000-7f2c44c67000 r--p 00000000 ca:01 256908                     /usr/lib/jvm/java-8-openjdk-amd64/jre/lib/amd64/libjaas_unix.so
7f2c44c67000-7f2c44c68000 rw-p 00001000 ca:01 256908                     /usr/lib/jvm/java-8-openjdk-amd64/jre/lib/amd64/libjaas_unix.so
7f2c44c68000-7f2c44c6b000 ---p 00000000 00:00 0 
7f2c44c6b000-7f2c44d69000 rw-p 00000000 00:00 0 
7f2c44d69000-7f2c44d6c000 ---p 00000000 00:00 0 
7f2c44d6c000-7f2c44fa2000 rw-p 00000000 00:00 0 
7f2c44fa2000-7f2c451a2000 rw-p 00000000 00:00 0 
7f2c451a2000-7f2c451ab000 r-xp 00000000 ca:01 256894                     /usr/lib/jvm/java-8-openjdk-amd64/jre/lib/amd64/libmanagement.so
7f2c451ab000-7f2c453aa000 ---p 00009000 ca:01 256894                     /usr/lib/jvm/java-8-openjdk-amd64/jre/lib/amd64/libmanagement.so
7f2c453aa000-7f2c453ab000 r--p 00008000 ca:01 256894                     /usr/lib/jvm/java-8-openjdk-amd64/jre/lib/amd64/libmanagement.so
7f2c453ab000-7f2c453ac000 rw-p 00009000 ca:01 256894                     /usr/lib/jvm/java-8-openjdk-amd64/jre/lib/amd64/libmanagement.so
7f2c453ac000-7f2c453af000 ---p 00000000 00:00 0 
7f2c453af000-7f2c454ad000 rw-p 00000000 00:00 0 
7f2c454ad000-7f2c454b0000 ---p 00000000 00:00 0 
7f2c454b0000-7f2c455ae000 rw-p 00000000 00:00 0 
7f2c455ae000-7f2c455b1000 ---p 00000000 00:00 0 
7f2c455b1000-7f2c458af000 rw-p 00000000 00:00 0 
7f2c458af000-7f2c458c6000 r-xp 00000000 ca:01 256888                     /usr/lib/jvm/java-8-openjdk-amd64/jre/lib/amd64/libnet.so
7f2c458c6000-7f2c45ac5000 ---p 00017000 ca:01 256888                     /usr/lib/jvm/java-8-openjdk-amd64/jre/lib/amd64/libnet.so
7f2c45ac5000-7f2c45ac6000 r--p 00016000 ca:01 256888                     /usr/lib/jvm/java-8-openjdk-amd64/jre/lib/amd64/libnet.so
7f2c45ac6000-7f2c45ac7000 rw-p 00017000 ca:01 256888                     /usr/lib/jvm/java-8-openjdk-amd64/jre/lib/amd64/libnet.so
7f2c45ac7000-7f2c45aca000 r--s 00015000 ca:01 261533                     /home/ubuntu/spark-2.1.1-bin-hadoop2.7/jars/javax.servlet-api-3.1.0.jar
7f2c45aca000-7f2c45af6000 r--s 001c9000 ca:01 261798                     /home/ubuntu/spark-2.1.1-bin-hadoop2.7/jars/shapeless_2.11-2.0.0.jar
7f2c45af6000-7f2c45b01000 r--s 000b0000 ca:01 261731                     /home/ubuntu/spark-2.1.1-bin-hadoop2.7/jars/jtransforms-2.4.0.jar
7f2c45b01000-7f2c45b07000 r--s 00043000 ca:01 261858                     /home/ubuntu/spark-2.1.1-bin-hadoop2.7/jars/commons-configuration-1.6.jar
7f2c45b07000-7f2c45b0b000 r--s 00019000 ca:01 261784                     /home/ubuntu/spark-2.1.1-bin-hadoop2.7/jars/javax.ws.rs-api-2.0.1.jar
7f2c45b0b000-7f2c45b0d000 r--s 00009000 ca:01 261839                     /home/ubuntu/spark-2.1.1-bin-hadoop2.7/jars/commons-cli-1.2.jar
7f2c45b0d000-7f2c45b17000 r--s 00095000 ca:01 261728                     /home/ubuntu/spark-2.1.1-bin-hadoop2.7/jars/scala-xml_2.11-1.0.2.jar
7f2c45b17000-7f2c45b1c000 r--s 00031000 ca:01 261744                     /home/ubuntu/spark-2.1.1-bin-hadoop2.7/jars/parquet-hadoop-1.8.1.jar
7f2c45b1c000-7f2c45b20000 r--s 00020000 ca:01 261720                     /home/ubuntu/spark-2.1.1-bin-hadoop2.7/jars/commons-digester-1.8.jar
7f2c45b20000-7f2c45b22000 r--s 00027000 ca:01 261790                     /home/ubuntu/spark-2.1.1-bin-hadoop2.7/jars/core-1.1.2.jar
7f2c45b22000-7f2c45b39000 r--s 00183000 ca:01 261753                     /home/ubuntu/spark-2.1.1-bin-hadoop2.7/jars/hadoop-yarn-common-2.7.3.jar
7f2c45b39000-7f2c45b3a000 r--s 00004000 ca:01 261711                     /home/ubuntu/spark-2.1.1-bin-hadoop2.7/jars/eigenbase-properties-1.1.5.jar
7f2c45b3a000-7f2c45b40000 r--s 00044000 ca:01 261763                     /home/ubuntu/spark-2.1.1-bin-hadoop2.7/jars/antlr4-runtime-4.5.3.jar
7f2c45b40000-7f2c45b42000 r--s 0000b000 ca:01 261840                     /home/ubuntu/spark-2.1.1-bin-hadoop2.7/jars/chill-java-0.8.0.jar
7f2c45b42000-7f2c45b4c000 r--s 00086000 ca:01 261718                     /home/ubuntu/spark-2.1.1-bin-hadoop2.7/jars/json4s-core_2.11-3.2.11.jar
7f2c45b4c000-7f2c45b4e000 r--s 0000f000 ca:01 261566                     /home/ubuntu/spark-2.1.1-bin-hadoop2.7/jars/activation-1.1.1.jar
7f2c45b4e000-7f2c45b52000 r--s 00031000 ca:01 261583                     /home/ubuntu/spark-2.1.1-bin-hadoop2.7/jars/jline-2.12.1.jar
7f2c45b52000-7f2c45b58000 r--s 00028000 ca:01 261745                     /home/ubuntu/spark-2.1.1-bin-hadoop2.7/jars/curator-framework-2.6.0.jar
7f2c45b58000-7f2c45b65000 r--s 000b1000 ca:01 261545                     /home/ubuntu/spark-2.1.1-bin-hadoop2.7/jars/hadoop-mapreduce-client-common-2.7.3.jar
7f2c45b65000-7f2c45b67000 r--s 00009000 ca:01 261758                     /home/ubuntu/spark-2.1.1-bin-hadoop2.7/jars/jackson-module-paranamer-2.6.5.jar
7f2c45b67000-7f2c45b6f000 r--s 00066000 ca:01 261732                     /home/ubuntu/spark-2.1.1-bin-hadoop2.7/jars/apache-log4j-extras-1.2.17.jar
7f2c45b6f000-7f2c45b7d000 r--s 00078000 ca:01 261756                     /home/ubuntu/spark-2.1.1-bin-hadoop2.7/jars/spark-mesos_2.11-2.1.1.jar
7f2c45b7d000-7f2c45bab000 r--s 00212000 ca:01 261712                     /home/ubuntu/spark-2.1.1-bin-hadoop2.7/jars/spark-network-common_2.11-2.1.1.jar
7f2c45bab000-7f2c45bb3000 r--s 0006e000 ca:01 261765                     /home/ubuntu/spark-2.1.1-bin-hadoop2.7/jars/commons-lang3-3.5.jar
7f2c45bb3000-7f2c45c27000 r--s 00574000 ca:01 261739                     /home/ubuntu/spark-2.1.1-bin-hadoop2.7/jars/spark-mllib_2.11-2.1.1.jar
7f2c45c27000-7f2c45cb2000 r--s 0069e000 ca:01 261713                     /home/ubuntu/spark-2.1.1-bin-hadoop2.7/jars/spark-catalyst_2.11-2.1.1.jar
7f2c45cb2000-7f2c45cd3000 r--s 0019b000 ca:01 261796                     /home/ubuntu/spark-2.1.1-bin-hadoop2.7/jars/spark-hive-thriftserver_2.11-2.1.1.jar
7f2c45cd3000-7f2c45cd8000 r--s 00041000 ca:01 261740                     /home/ubuntu/spark-2.1.1-bin-hadoop2.7/jars/commons-lang-2.6.jar
7f2c45cd8000-7f2c45cda000 r--s 00020000 ca:01 261749                     /home/ubuntu/spark-2.1.1-bin-hadoop2.7/jars/hive-beeline-1.2.1.spark2.jar
7f2c45cda000-7f2c45ce1000 r--s 00049000 ca:01 261736                     /home/ubuntu/spark-2.1.1-bin-hadoop2.7/jars/httpcore-4.4.4.jar
7f2c45ce1000-7f2c45ce3000 r--s 00014000 ca:01 261717                     /home/ubuntu/spark-2.1.1-bin-hadoop2.7/jars/spire-macros_2.11-0.7.4.jar
7f2c45ce3000-7f2c45ce4000 r--s 00001000 ca:01 261621                     /home/ubuntu/spark-2.1.1-bin-hadoop2.7/jars/pmml-schema-1.2.15.jar
7f2c45ce4000-7f2c45ce5000 r--s 00009000 ca:01 261845                     /home/ubuntu/spark-2.1.1-bin-hadoop2.7/jars/slf4j-api-1.7.16.jar
7f2c45ce5000-7f2c45ce6000 r--s 00004000 ca:01 261710                     /home/ubuntu/spark-2.1.1-bin-hadoop2.7/jars/jackson-jaxrs-1.9.13.jar
7f2c45ce6000-7f2c45ce8000 r--s 00012000 ca:01 261803                     /home/ubuntu/spark-2.1.1-bin-hadoop2.7/jars/api-util-1.0.0-M20.jar
7f2c45ce8000-7f2c45cea000 r--s 00004000 ca:01 261587                     /home/ubuntu/spark-2.1.1-bin-hadoop2.7/jars/stax-api-1.0-2.jar
7f2c45cea000-7f2c45ceb000 r--s 00009000 ca:01 261830                     /home/ubuntu/spark-2.1.1-bin-hadoop2.7/jars/hive-cli-1.2.1.spark2.jar
7f2c45ceb000-7f2c45d01000 r--s 001a4000 ca:01 261613                     /home/ubuntu/spark-2.1.1-bin-hadoop2.7/jars/datanucleus-rdbms-3.2.9.jar
7f2c45d01000-7f2c45d12000 r--s 0010d000 ca:01 261714                     /home/ubuntu/spark-2.1.1-bin-hadoop2.7/jars/jackson-databind-2.6.5.jar
7f2c45d12000-7f2c45d14000 r--s 0000a000 ca:01 261612                     /home/ubuntu/spark-2.1.1-bin-hadoop2.7/jars/spark-unsafe_2.11-2.1.1.jar
7f2c45d14000-7f2c45d38000 r--s 001cd000 ca:01 261855                     /home/ubuntu/spark-2.1.1-bin-hadoop2.7/jars/commons-math3-3.4.1.jar
7f2c45d38000-7f2c45d3c000 r--s 0002a000 ca:01 261747                     /home/ubuntu/spark-2.1.1-bin-hadoop2.7/jars/commons-io-2.4.jar
7f2c45d3c000-7f2c45d44000 r--s 00059000 ca:01 261611                     /home/ubuntu/spark-2.1.1-bin-hadoop2.7/jars/javolution-5.5.1.jar
7f2c45d44000-7f2c45d45000 r--s 00003000 ca:01 261568                     /home/ubuntu/spark-2.1.1-bin-hadoop2.7/jars/jta-1.1.jar
7f2c45d45000-7f2c45d48000 r--s 00009000 ca:01 261751                     /home/ubuntu/spark-2.1.1-bin-hadoop2.7/jars/jackson-annotations-2.6.5.jar
7f2c45d48000-7f2c45d63000 r--s 001d8000 ca:01 261572                     /home/ubuntu/spark-2.1.1-bin-hadoop2.7/jars/jets3t-0.9.3.jar
7f2c45d63000-7f2c45d68000 r--s 0002a000 ca:01 261576                     /home/ubuntu/spark-2.1.1-bin-hadoop2.7/jars/commons-beanutils-1.7.0.jar
7f2c45d68000-7f2c45d6a000 r--s 00006000 ca:01 261588                     /home/ubuntu/spark-2.1.1-bin-hadoop2.7/jars/paranamer-2.3.jar
7f2c45d6a000-7f2c45d6e000 r--s 0002c000 ca:01 261748                     /home/ubuntu/spark-2.1.1-bin-hadoop2.7/jars/avro-ipc-1.7.7.jar
7f2c45d6e000-7f2c45d6f000 r--s 00003000 ca:01 261594                     /home/ubuntu/spark-2.1.1-bin-hadoop2.7/jars/xmlenc-0.52.jar
7f2c45d6f000-7f2c45d8c000 r--s 001d5000 ca:01 261860                     /home/ubuntu/spark-2.1.1-bin-hadoop2.7/jars/hadoop-yarn-api-2.7.3.jar
7f2c45d8c000-7f2c45d8d000 r--s 00004000 ca:01 261716                     /home/ubuntu/spark-2.1.1-bin-hadoop2.7/jars/opencsv-2.3.jar
7f2c45d8d000-7f2c45d91000 r--s 00014000 ca:01 261856                     /home/ubuntu/spark-2.1.1-bin-hadoop2.7/jars/xz-1.0.jar
7f2c45d91000-7f2c45d94000 r--s 000fd000 ca:01 261604                     /home/ubuntu/spark-2.1.1-bin-hadoop2.7/jars/leveldbjni-all-1.8.jar
7f2c45d94000-7f2c45d9a000 r--s 00063000 ca:01 261849                     /home/ubuntu/spark-2.1.1-bin-hadoop2.7/jars/jodd-core-3.5.2.jar
7f2c45d9a000-7f2c45d9e000 r--s 00030000 ca:01 261532                     /home/ubuntu/spark-2.1.1-bin-hadoop2.7/jars/commons-net-2.2.jar
7f2c45d9e000-7f2c45da2000 r--s 00028000 ca:01 261608                     /home/ubuntu/spark-2.1.1-bin-hadoop2.7/jars/spark-mllib-local_2.11-2.1.1.jar
7f2c45da2000-7f2c45da9000 r--s 0007d000 ca:01 261722                     /home/ubuntu/spark-2.1.1-bin-hadoop2.7/jars/jetty-6.1.26.jar
7f2c45da9000-7f2c45dac000 r--s 0002f000 ca:01 261546                     /home/ubuntu/spark-2.1.1-bin-hadoop2.7/jars/RoaringBitmap-0.5.11.jar
7f2c45dac000-7f2c45dad000 r--s 00004000 ca:01 261866                     /home/ubuntu/spark-2.1.1-bin-hadoop2.7/jars/osgi-resource-locator-1.0.1.jar
7f2c45dad000-7f2c45db1000 r--s 00028000 ca:01 261573                     /home/ubuntu/spark-2.1.1-bin-hadoop2.7/jars/jetty-util-6.1.26.jar
7f2c45db1000-7f2c45db4000 r--s 00006000 ca:01 261721                     /home/ubuntu/spark-2.1.1-bin-hadoop2.7/jars/jsr305-1.3.9.jar
7f2c45db4000-7f2c45dbb000 r--s 0005d000 ca:01 261793                     /home/ubuntu/spark-2.1.1-bin-hadoop2.7/jars/mx4j-3.0.2.jar
7f2c45dbb000-7f2c45dbd000 r--s 0000e000 ca:01 261821                     /home/ubuntu/spark-2.1.1-bin-hadoop2.7/jars/guice-servlet-3.0.jar
7f2c45dbd000-7f2c45dc5000 r--s 0007b000 ca:01 261737                     /home/ubuntu/spark-2.1.1-bin-hadoop2.7/jars/protobuf-java-2.5.0.jar
7f2c45dc5000-7f2c45dce000 r--s 00062000 ca:01 261580                     /home/ubuntu/spark-2.1.1-bin-hadoop2.7/jars/avro-1.7.7.jar
7f2c45dce000-7f2c45dd0000 r--s 00003000 ca:01 261733                     /home/ubuntu/spark-2.1.1-bin-hadoop2.7/jars/jcl-over-slf4j-1.7.16.jar
7f2c45dd0000-7f2c45ea0000 r--s 00cf0000 ca:01 261540                     /home/ubuntu/spark-2.1.1-bin-hadoop2.7/jars/breeze_2.11-0.12.jar
7f2c45ea0000-7f2c45ea1000 r--s 00002000 ca:01 261619                     /home/ubuntu/spark-2.1.1-bin-hadoop2.7/jars/slf4j-log4j12-1.7.16.jar
7f2c45ea1000-7f2c45ea3000 r--s 00006000 ca:01 261578                     /home/ubuntu/spark-2.1.1-bin-hadoop2.7/jars/spark-sketch_2.11-2.1.1.jar
7f2c45ea3000-7f2c45ea8000 r--s 00068000 ca:01 261791                     /home/ubuntu/spark-2.1.1-bin-hadoop2.7/jars/antlr-2.7.7.jar
7f2c45ea8000-7f2c45eaa000 r--s 00000000 ca:01 261759                     /home/ubuntu/spark-2.1.1-bin-hadoop2.7/jars/aopalliance-1.0.jar
7f2c45eaa000-7f2c45eac000 r--s 00012000 ca:01 261730                     /home/ubuntu/spark-2.1.1-bin-hadoop2.7/jars/compress-lzf-1.0.3.jar
7f2c45eac000-7f2c45eb9000 r--s 0009e000 ca:01 261822                     /home/ubuntu/spark-2.1.1-bin-hadoop2.7/jars/spark-graphx_2.11-2.1.1.jar
7f2c45eb9000-7f2c45ebe000 r--s 00028000 ca:01 261841                     /home/ubuntu/spark-2.1.1-bin-hadoop2.7/jars/avro-mapred-1.7.7-hadoop2.jar
7f2c45ebe000-7f2c45ed4000 r--s 00124000 ca:01 261833                     /home/ubuntu/spark-2.1.1-bin-hadoop2.7/jars/ivy-2.4.0.jar
7f2c45ed4000-7f2c45edc000 r--s 00078000 ca:01 261805                     /home/ubuntu/spark-2.1.1-bin-hadoop2.7/jars/mail-1.4.7.jar
7f2c45edc000-7f2c45ee1000 r--s 0004e000 ca:01 261582                     /home/ubuntu/spark-2.1.1-bin-hadoop2.7/jars/datanucleus-api-jdo-3.2.6.jar
7f2c45ee1000-7f2c45fb9000 r--s 00a88000 ca:01 261543                     /home/ubuntu/spark-2.1.1-bin-hadoop2.7/jars/spark-core_2.11-2.1.1.jar
7f2c45fb9000-7f2c45fd1000 r--s 001b6000 ca:01 261569                     /home/ubuntu/spark-2.1.1-bin-hadoop2.7/jars/datanucleus-core-3.2.10.jar
7f2c45fd1000-7f2c45fe5000 r--s 000ec000 ca:01 261539                     /home/ubuntu/spark-2.1.1-bin-hadoop2.7/jars/parquet-jackson-1.8.1.jar
7f2c45fe5000-7f2c45fe7000 r--s 0000e000 ca:01 261785                     /home/ubuntu/spark-2.1.1-bin-hadoop2.7/jars/hadoop-mapreduce-client-jobclient-2.7.3.jar
7f2c45fe7000-7f2c45fe9000 r--s 0000e000 ca:01 261536                     /home/ubuntu/spark-2.1.1-bin-hadoop2.7/jars/oro-2.0.8.jar
7f2c45fe9000-7f2c45feb000 r--s 00003000 ca:01 261826                     /home/ubuntu/spark-2.1.1-bin-hadoop2.7/jars/JavaEWAH-0.3.2.jar
7f2c45feb000-7f2c45fed000 r--s 0000f000 ca:01 261757                     /home/ubuntu/spark-2.1.1-bin-hadoop2.7/jars/spark-launcher_2.11-2.1.1.jar
7f2c45fed000-7f2c4600f000 r--s 00335000 ca:01 261750                     /home/ubuntu/spark-2.1.1-bin-hadoop2.7/jars/mesos-1.0.0-shaded-protobuf.jar
7f2c4600f000-7f2c46010000 r--s 00001000 ca:01 261610                     /home/ubuntu/spark-2.1.1-bin-hadoop2.7/jars/minlog-1.3.0.jar
7f2c46010000-7f2c46013000 r--s 0001a000 ca:01 261834                     /home/ubuntu/spark-2.1.1-bin-hadoop2.7/jars/py4j-0.10.4.jar
7f2c46013000-7f2c46014000 r--s 00009000 ca:01 261601                     /home/ubuntu/spark-2.1.1-bin-hadoop2.7/jars/json4s-jackson_2.11-3.2.11.jar
7f2c46014000-7f2c46016000 r--s 0000d000 ca:01 261725                     /home/ubuntu/spark-2.1.1-bin-hadoop2.7/jars/hadoop-yarn-server-web-proxy-2.7.3.jar
7f2c46016000-7f2c46079000 r--s 004de000 ca:01 261719                     /home/ubuntu/spark-2.1.1-bin-hadoop2.7/jars/hive-metastore-1.2.1.spark2.jar
7f2c46079000-7f2c46080000 r--s 00039000 ca:01 261727                     /home/ubuntu/spark-2.1.1-bin-hadoop2.7/jars/calcite-avatica-1.2.0-incubating.jar
7f2c46080000-7f2c46087000 r--s 0003f000 ca:01 261603                     /home/ubuntu/spark-2.1.1-bin-hadoop2.7/jars/commons-codec-1.10.jar
7f2c46087000-7f2c46089000 r--s 00100000 ca:01 261842                     /home/ubuntu/spark-2.1.1-bin-hadoop2.7/jars/snappy-java-1.1.2.6.jar
7f2c46089000-7f2c4608d000 r--s 00029000 ca:01 261591                     /home/ubuntu/spark-2.1.1-bin-hadoop2.7/jars/hk2-locator-2.4.0-b34.jar
7f2c4608d000-7f2c46090000 r--s 0000d000 ca:01 261742                     /home/ubuntu/spark-2.1.1-bin-hadoop2.7/jars/spark-network-shuffle_2.11-2.1.1.jar
7f2c46090000-7f2c46091000 r--s 00006000 ca:01 261788                     /home/ubuntu/spark-2.1.1-bin-hadoop2.7/jars/jackson-xc-1.9.13.jar
7f2c46091000-7f2c460a7000 r--s 000d1000 ca:01 261585                     /home/ubuntu/spark-2.1.1-bin-hadoop2.7/jars/parquet-column-1.8.1.jar
7f2c460a7000-7f2c460cc000 rw-p 00000000 00:00 0 
7f2c460cc000-7f2c461d8000 r--s 00dba000 ca:01 261859                     /home/ubuntu/spark-2.1.1-bin-hadoop2.7/jars/scala-compiler-2.11.8.jar
7f2c461d8000-7f2c461d9000 r--s 00002000 ca:01 261764                     /home/ubuntu/spark-2.1.1-bin-hadoop2.7/jars/jpam-1.1.jar
7f2c461d9000-7f2c461e8000 r--s 0009f000 ca:01 261734                     /home/ubuntu/spark-2.1.1-bin-hadoop2.7/jars/guice-3.0.jar
7f2c461e8000-7f2c46201000 r--s 00150000 ca:01 261626                     /home/ubuntu/spark-2.1.1-bin-hadoop2.7/jars/htrace-core-3.1.0-incubating.jar
7f2c46201000-7f2c46217000 r--s 000d3000 ca:01 261625                     /home/ubuntu/spark-2.1.1-bin-hadoop2.7/jars/jersey-server-2.22.2.jar
7f2c46217000-7f2c46219000 r--s 00008000 ca:01 261581                     /home/ubuntu/spark-2.1.1-bin-hadoop2.7/jars/parquet-common-1.8.1.jar
7f2c46219000-7f2c4621b000 r--s 00002000 ca:01 261606                     /home/ubuntu/spark-2.1.1-bin-hadoop2.7/jars/aopalliance-repackaged-2.4.0-b34.jar
7f2c4621b000-7f2c4621f000 r--s 0003c000 ca:01 261854                     /home/ubuntu/spark-2.1.1-bin-hadoop2.7/jars/jackson-core-2.6.5.jar
7f2c4621f000-7f2c4622a000 r--s 00062000 ca:01 261729                     /home/ubuntu/spark-2.1.1-bin-hadoop2.7/jars/calcite-linq4j-1.2.0-incubating.jar
7f2c4622a000-7f2c46260000 r--s 0031c000 ca:01 261565                     /home/ubuntu/spark-2.1.1-bin-hadoop2.7/jars/hadoop-common-2.7.3.jar
7f2c46260000-7f2c46264000 r--s 0001a000 ca:01 261579                     /home/ubuntu/spark-2.1.1-bin-hadoop2.7/jars/hk2-utils-2.4.0-b34.jar
7f2c46264000-7f2c46270000 r--s 000b6000 ca:01 261831                     /home/ubuntu/spark-2.1.1-bin-hadoop2.7/jars/zookeeper-3.4.6.jar
7f2c46270000-7f2c46276000 r--s 00040000 ca:01 261709                     /home/ubuntu/spark-2.1.1-bin-hadoop2.7/jars/parquet-encoding-1.8.1.jar
7f2c46276000-7f2c4627b000 r--s 00036000 ca:01 261574                     /home/ubuntu/spark-2.1.1-bin-hadoop2.7/jars/commons-compress-1.4.1.jar
7f2c4627b000-7f2c462a8000 r--s 001d4000 ca:01 261863                     /home/ubuntu/spark-2.1.1-bin-hadoop2.7/jars/spark-streaming_2.11-2.1.1.jar
7f2c462a8000-7f2c462ab000 r--s 00022000 ca:01 261806                     /home/ubuntu/spark-2.1.1-bin-hadoop2.7/jars/stringtemplate-3.2.1.jar
7f2c462ab000-7f2c462b2000 r--s 00036000 ca:01 261624                     /home/ubuntu/spark-2.1.1-bin-hadoop2.7/jars/curator-recipes-2.6.0.jar
7f2c462b2000-7f2c462b6000 r--s 00029000 ca:01 261548                     /home/ubuntu/spark-2.1.1-bin-hadoop2.7/jars/breeze-macros_2.11-0.12.jar
7f2c462b6000-7f2c462ba000 r--s 00036000 ca:01 261851                     /home/ubuntu/spark-2.1.1-bin-hadoop2.7/jars/ST4-4.0.4.jar
7f2c462ba000-7f2c462be000 r--s 00018000 ca:01 261584                     /home/ubuntu/spark-2.1.1-bin-hadoop2.7/jars/metrics-core-3.1.2.jar
7f2c462be000-7f2c462cc000 r--s 000b1000 ca:01 261754                     /home/ubuntu/spark-2.1.1-bin-hadoop2.7/jars/jackson-mapper-asl-1.9.13.jar
7f2c462cc000-7f2c462dc000 r--s 000a0000 ca:01 261599                     /home/ubuntu/spark-2.1.1-bin-hadoop2.7/jars/spark-yarn_2.11-2.1.1.jar
7f2c462dc000-7f2c462dd000 r--s 00003000 ca:01 261590                     /home/ubuntu/spark-2.1.1-bin-hadoop2.7/jars/spark-tags_2.11-2.1.1.jar
7f2c462dd000-7f2c462ef000 r--s 00097000 ca:01 261804                     /home/ubuntu/spark-2.1.1-bin-hadoop2.7/jars/apacheds-kerberos-codec-2.0.0-M15.jar
7f2c462ef000-7f2c462f2000 r--s 00017000 ca:01 261800                     /home/ubuntu/spark-2.1.1-bin-hadoop2.7/jars/jaxb-api-2.2.2.jar
7f2c462f2000-7f2c462f4000 r--s 00009000 ca:01 261848                     /home/ubuntu/spark-2.1.1-bin-hadoop2.7/jars/objenesis-2.1.jar
7f2c462f4000-7f2c4635f000 r--s 00784000 ca:01 261535                     /home/ubuntu/spark-2.1.1-bin-hadoop2.7/jars/hadoop-hdfs-2.7.3.jar
7f2c4635f000-7f2c46361000 r--s 00010000 ca:01 261752                     /home/ubuntu/spark-2.1.1-bin-hadoop2.7/jars/jersey-media-jaxb-2.22.2.jar
7f2c46361000-7f2c4636e000 r--s 00083000 ca:01 261598                     /home/ubuntu/spark-2.1.1-bin-hadoop2.7/jars/commons-collections-3.2.2.jar
7f2c4636e000-7f2c46375000 r--s 00051000 ca:01 261542                     /home/ubuntu/spark-2.1.1-bin-hadoop2.7/jars/kryo-shaded-3.0.3.jar
7f2c46375000-7f2c463ac000 r--s 00325000 ca:01 261802                     /home/ubuntu/spark-2.1.1-bin-hadoop2.7/jars/calcite-core-1.2.0-incubating.jar
7f2c463ac000-7f2c463af000 r--s 00012000 ca:01 261602                     /home/ubuntu/spark-2.1.1-bin-hadoop2.7/jars/json4s-ast_2.11-3.2.11.jar
7f2c463af000-7f2c463b1000 r--s 0000e000 ca:01 261794                     /home/ubuntu/spark-2.1.1-bin-hadoop2.7/jars/commons-logging-1.1.3.jar
7f2c463b1000-7f2c4645a000 r--s 00a4f000 ca:01 261801                     /home/ubuntu/spark-2.1.1-bin-hadoop2.7/jars/hive-exec-1.2.1.spark2.jar
7f2c4645a000-7f2c4645b000 r--s 0000b000 ca:01 261631                     /home/ubuntu/spark-2.1.1-bin-hadoop2.7/jars/snappy-0.2.jar
7f2c4645b000-7f2c4645e000 r--s 00028000 ca:01 261541                     /home/ubuntu/spark-2.1.1-bin-hadoop2.7/jars/stream-2.7.0.jar
7f2c4645e000-7f2c46492000 r--s 00277000 ca:01 261592                     /home/ubuntu/spark-2.1.1-bin-hadoop2.7/jars/parquet-hadoop-bundle-1.6.0.jar
7f2c46492000-7f2c46496000 r--s 0000c000 ca:01 261617                     /home/ubuntu/spark-2.1.1-bin-hadoop2.7/jars/validation-api-1.1.0.Final.jar
7f2c46496000-7f2c464bf000 r--s 001ee000 ca:01 261862                     /home/ubuntu/spark-2.1.1-bin-hadoop2.7/jars/guava-14.0.1.jar
7f2c464bf000-7f2c464cc000 r--s 00071000 ca:01 261832                     /home/ubuntu/spark-2.1.1-bin-hadoop2.7/jars/jackson-module-scala_2.11-2.6.5.jar
7f2c464cc000-7f2c464e5000 r--s 00114000 ca:01 261577                     /home/ubuntu/spark-2.1.1-bin-hadoop2.7/jars/spark-hive_2.11-2.1.1.jar
7f2c464e5000-7f2c464fd000 r--s 00115000 ca:01 261824                     /home/ubuntu/spark-2.1.1-bin-hadoop2.7/jars/netty-3.8.0.Final.jar
7f2c464fd000-7f2c46556000 r--s 00522000 ca:01 261865                     /home/ubuntu/spark-2.1.1-bin-hadoop2.7/jars/scala-library-2.11.8.jar
7f2c46556000-7f2c4655d000 r--s 00049000 ca:01 261852                     /home/ubuntu/spark-2.1.1-bin-hadoop2.7/jars/univocity-parsers-2.2.1.jar
7f2c4655d000-7f2c465a9000 r--s 00411000 ca:01 261857                     /home/ubuntu/spark-2.1.1-bin-hadoop2.7/jars/scala-reflect-2.11.8.jar
7f2c465a9000-7f2c465b7000 r--s 0009d000 ca:01 261614                     /home/ubuntu/spark-2.1.1-bin-hadoop2.7/jars/jersey-common-2.22.2.jar
7f2c465b7000-7f2c465c1000 r--s 000aa000 ca:01 261762                     /home/ubuntu/spark-2.1.1-bin-hadoop2.7/jars/janino-3.0.0.jar
7f2c465c1000-7f2c465c2000 r--s 00008000 ca:01 261844                     /home/ubuntu/spark-2.1.1-bin-hadoop2.7/jars/commons-compiler-3.0.0.jar
7f2c465c2000-7f2c465cb000 r--s 00097000 ca:01 261837                     /home/ubuntu/spark-2.1.1-bin-hadoop2.7/jars/pmml-model-1.2.15.jar
7f2c465cb000-7f2c465cd000 r--s 00005000 ca:01 261741                     /home/ubuntu/spark-2.1.1-bin-hadoop2.7/jars/stax-api-1.0.1.jar
7f2c465cd000-7f2c465d1000 r--s 00035000 ca:01 261597                     /home/ubuntu/spark-2.1.1-bin-hadoop2.7/jars/jackson-core-asl-1.9.13.jar
7f2c465d1000-7f2c465d4000 r--s 00019000 ca:01 261530                     /home/ubuntu/spark-2.1.1-bin-hadoop2.7/jars/bonecp-0.8.0.RELEASE.jar
7f2c465d4000-7f2c465d6000 r--s 00038000 ca:01 261789                     /home/ubuntu/spark-2.1.1-bin-hadoop2.7/jars/lz4-1.3.0.jar
7f2c465d6000-7f2c465ef000 r--s 00164000 ca:01 261738                     /home/ubuntu/spark-2.1.1-bin-hadoop2.7/jars/hadoop-mapreduce-client-core-2.7.3.jar
7f2c465ef000-7f2c465f2000 r--s 00026000 ca:01 261792                     /home/ubuntu/spark-2.1.1-bin-hadoop2.7/jars/hadoop-yarn-client-2.7.3.jar
7f2c465f2000-7f2c465f4000 r--s 00017000 ca:01 261607                     /home/ubuntu/spark-2.1.1-bin-hadoop2.7/jars/hive-jdbc-1.2.1.spark2.jar
7f2c465f4000-7f2c46675000 r--s 005d9000 ca:01 261746                     /home/ubuntu/spark-2.1.1-bin-hadoop2.7/jars/spark-sql_2.11-2.1.1.jar
7f2c46675000-7f2c46676000 r--s 00006000 ca:01 261755                     /home/ubuntu/spark-2.1.1-bin-hadoop2.7/jars/hadoop-client-2.7.3.jar
7f2c46676000-7f2c4667d000 r--s 00058000 ca:01 261609                     /home/ubuntu/spark-2.1.1-bin-hadoop2.7/jars/hadoop-yarn-server-common-2.7.3.jar
7f2c4667d000-7f2c4667e000 r--s 0000a000 ca:01 261616                     /home/ubuntu/spark-2.1.1-bin-hadoop2.7/jars/apacheds-i18n-2.0.0-M15.jar
7f2c4667e000-7f2c4667f000 r--s 00000000 ca:01 261600                     /home/ubuntu/spark-2.1.1-bin-hadoop2.7/jars/javax.inject-1.jar
7f2c4667f000-7f2c46685000 r--s 00045000 ca:01 261605                     /home/ubuntu/spark-2.1.1-bin-hadoop2.7/jars/commons-httpclient-3.1.jar
7f2c46685000-7f2c46692000 r--s 000a7000 ca:01 261627                     /home/ubuntu/spark-2.1.1-bin-hadoop2.7/jars/httpclient-4.5.2.jar
7f2c46692000-7f2c46694000 r--s 0001f000 ca:01 261825                     /home/ubuntu/spark-2.1.1-bin-hadoop2.7/jars/commons-crypto-1.0.0.jar
7f2c46694000-7f2c46699000 r--s 0002a000 ca:01 261735                     /home/ubuntu/spark-2.1.1-bin-hadoop2.7/jars/gson-2.2.4.jar
7f2c46699000-7f2c466d9000 r--s 00277000 ca:01 261767                     /home/ubuntu/spark-2.1.1-bin-hadoop2.7/jars/bcprov-jdk15on-1.51.jar
7f2c466d9000-7f2c466dc000 r--s 00016000 ca:01 261593                     /home/ubuntu/spark-2.1.1-bin-hadoop2.7/jars/jsp-api-2.1.jar
7f2c466dc000-7f2c466dd000 r--s 00001000 ca:01 261838                     /home/ubuntu/spark-2.1.1-bin-hadoop2.7/jars/javax.inject-2.4.0-b34.jar
7f2c466dd000-7f2c466de000 r--s 00002000 ca:01 261586                     /home/ubuntu/spark-2.1.1-bin-hadoop2.7/jars/java-xmlbuilder-1.0.jar
7f2c466de000-7f2c466e0000 r--s 00015000 ca:01 261547                     /home/ubuntu/spark-2.1.1-bin-hadoop2.7/jars/hadoop-auth-2.7.3.jar
7f2c466e0000-7f2c466e4000 r--s 0002f000 ca:01 261795                     /home/ubuntu/spark-2.1.1-bin-hadoop2.7/jars/commons-beanutils-core-1.8.0.jar
7f2c466e4000-7f2c46713000 r--s 002e5000 ca:01 261846                     /home/ubuntu/spark-2.1.1-bin-hadoop2.7/jars/derby-10.12.1.1.jar
7f2c46713000-7f2c46715000 r--s 00008000 ca:01 261544                     /home/ubuntu/spark-2.1.1-bin-hadoop2.7/jars/metrics-jvm-3.1.2.jar
7f2c46715000-7f2c46718000 r--s 00015000 ca:01 261723                     /home/ubuntu/spark-2.1.1-bin-hadoop2.7/jars/pyrolite-4.13.jar
7f2c46718000-7f2c4671a000 r--s 0000e000 ca:01 261760                     /home/ubuntu/spark-2.1.1-bin-hadoop2.7/jars/spark-repl_2.11-2.1.1.jar
7f2c4671a000-7f2c46723000 r--s 0006f000 ca:01 261724                     /home/ubuntu/spark-2.1.1-bin-hadoop2.7/jars/log4j-1.2.17.jar
7f2c46723000-7f2c46727000 r--s 00025000 ca:01 261850                     /home/ubuntu/spark-2.1.1-bin-hadoop2.7/jars/jersey-client-2.22.2.jar
7f2c46727000-7f2c4672e000 r--s 00058000 ca:01 261589                     /home/ubuntu/spark-2.1.1-bin-hadoop2.7/jars/parquet-format-2.3.0-incubating.jar
7f2c4672e000-7f2c46730000 r--s 00003000 ca:01 261615                     /home/ubuntu/spark-2.1.1-bin-hadoop2.7/jars/api-asn1-api-1.0.0-M20.jar
7f2c46730000-7f2c4673a000 r--s 0007b000 ca:01 261847                     /home/ubuntu/spark-2.1.1-bin-hadoop2.7/jars/hadoop-mapreduce-client-app-2.7.3.jar
7f2c4673a000-7f2c4673d000 r--s 0000e000 ca:01 261575                     /home/ubuntu/spark-2.1.1-bin-hadoop2.7/jars/jersey-container-servlet-core-2.22.2.jar
7f2c4673d000-7f2c46741000 r--s 00025000 ca:01 261538                     /home/ubuntu/spark-2.1.1-bin-hadoop2.7/jars/antlr-runtime-3.4.jar
7f2c46741000-7f2c46752000 r--s 00089000 ca:01 261623                     /home/ubuntu/spark-2.1.1-bin-hadoop2.7/jars/joda-time-2.9.3.jar
7f2c46752000-7f2c46754000 r--s 00005000 ca:01 261743                     /home/ubuntu/spark-2.1.1-bin-hadoop2.7/jars/javax.annotation-api-1.2.jar
7f2c46754000-7f2c46759000 r--s 00032000 ca:01 261864                     /home/ubuntu/spark-2.1.1-bin-hadoop2.7/jars/chill_2.11-0.8.0.jar
7f2c46759000-7f2c46764000 r--s 0005d000 ca:01 261853                     /home/ubuntu/spark-2.1.1-bin-hadoop2.7/jars/scala-parser-combinators_2.11-1.0.4.jar
7f2c46764000-7f2c46776000 r--s 00112000 ca:01 261835                     /home/ubuntu/spark-2.1.1-bin-hadoop2.7/jars/arpack_combined_all-0.1.jar
7f2c46776000-7f2c4678e000 r--s 000d6000 ca:01 261571                     /home/ubuntu/spark-2.1.1-bin-hadoop2.7/jars/jersey-guava-2.22.2.jar
7f2c4678e000-7f2c46794000 r--s 0002c000 ca:01 261828                     /home/ubuntu/spark-2.1.1-bin-hadoop2.7/jars/jdo-api-3.0.1.jar
7f2c46794000-7f2c4679b000 r--s 00046000 ca:01 261797                     /home/ubuntu/spark-2.1.1-bin-hadoop2.7/jars/libfb303-0.9.3.jar
7f2c4679b000-7f2c4679d000 r--s 00010000 ca:01 261622                     /home/ubuntu/spark-2.1.1-bin-hadoop2.7/jars/hadoop-mapreduce-client-shuffle-2.7.3.jar
7f2c4679d000-7f2c4679f000 r--s 00000000 ca:01 261836                     /home/ubuntu/spark-2.1.1-bin-hadoop2.7/jars/jul-to-slf4j-1.7.16.jar
7f2c4679f000-7f2c467a2000 r--s 00014000 ca:01 261761                     /home/ubuntu/spark-2.1.1-bin-hadoop2.7/jars/super-csv-2.2.0.jar
7f2c467a2000-7f2c467b4000 r--s 000b3000 ca:01 261829                     /home/ubuntu/spark-2.1.1-bin-hadoop2.7/jars/scalap-2.11.8.jar
7f2c467b4000-7f2c467b6000 r--s 00003000 ca:01 261843                     /home/ubuntu/spark-2.1.1-bin-hadoop2.7/jars/base64-2.3.8.jar
7f2c467b6000-7f2c467b8000 r--s 00003000 ca:01 261570                     /home/ubuntu/spark-2.1.1-bin-hadoop2.7/jars/jersey-container-servlet-2.22.2.jar
7f2c467b8000-7f2c467c2000 r--s 000a5000 ca:01 261766                     /home/ubuntu/spark-2.1.1-bin-hadoop2.7/jars/javassist-3.18.1-GA.jar
7f2c467c2000-7f2c467da000 r--s 00115000 ca:01 261537                     /home/ubuntu/spark-2.1.1-bin-hadoop2.7/jars/xercesImpl-2.9.1.jar
7f2c467da000-7f2c46801000 r--s 0020f000 ca:01 261726                     /home/ubuntu/spark-2.1.1-bin-hadoop2.7/jars/netty-all-4.0.42.Final.jar
7f2c46801000-7f2c46856000 r--s 0069c000 ca:01 261595                     /home/ubuntu/spark-2.1.1-bin-hadoop2.7/jars/spire_2.11-0.7.4.jar
7f2c46856000-7f2c46871000 r--s 001d6000 ca:01 256870                     /usr/lib/jvm/java-8-openjdk-amd64/jre/lib/ext/nashorn.jar
7f2c46871000-7f2c4688c000 r--s 00394000 ca:01 256871                     /usr/lib/jvm/java-8-openjdk-amd64/jre/lib/ext/cldrdata.jar
7f2c4688c000-7f2c4688d000 ---p 00000000 00:00 0 
7f2c4688d000-7f2c4698d000 rw-p 00000000 00:00 0 
7f2c4698d000-7f2c46990000 ---p 00000000 00:00 0 
7f2c46990000-7f2c46a8e000 rw-p 00000000 00:00 0 
7f2c46a8e000-7f2c46a91000 ---p 00000000 00:00 0 
7f2c46a91000-7f2c46b8f000 rw-p 00000000 00:00 0 
7f2c46b8f000-7f2c46b92000 ---p 00000000 00:00 0 
7f2c46b92000-7f2c46c90000 rw-p 00000000 00:00 0 
7f2c46c90000-7f2c46c93000 ---p 00000000 00:00 0 
7f2c46c93000-7f2c46d91000 rw-p 00000000 00:00 0 
7f2c46d91000-7f2c46f29000 r--p 00000000 ca:01 29052                      /usr/lib/locale/locale-archive
7f2c46f29000-7f2c46f2c000 ---p 00000000 00:00 0 
7f2c46f2c000-7f2c4702a000 rw-p 00000000 00:00 0 
7f2c4702a000-7f2c4702d000 ---p 00000000 00:00 0 
7f2c4702d000-7f2c4712b000 rw-p 00000000 00:00 0 
7f2c4712b000-7f2c4712c000 ---p 00000000 00:00 0 
7f2c4712c000-7f2c4722c000 rw-p 00000000 00:00 0 
7f2c4722c000-7f2c473fb000 r--s 03c32000 ca:01 256863                     /usr/lib/jvm/java-8-openjdk-amd64/jre/lib/rt.jar
7f2c473fb000-7f2c47c71000 rw-p 00000000 00:00 0 
7f2c47c71000-7f2c47cdd000 rw-p 00000000 00:00 0 
7f2c47cdd000-7f2c47dc7000 ---p 00000000 00:00 0 
7f2c47dc7000-7f2c47df9000 rw-p 00000000 00:00 0 
7f2c47df9000-7f2c47e71000 ---p 00000000 00:00 0 
7f2c47e71000-7f2c47ede000 rw-p 00000000 00:00 0 
7f2c47ede000-7f2c47fc7000 ---p 00000000 00:00 0 
7f2c47fc7000-7f2c480ae000 rw-p 00000000 00:00 0 
7f2c480ae000-7f2c48388000 ---p 00000000 00:00 0 
7f2c48388000-7f2c4bcd8000 rwxp 00000000 00:00 0 
7f2c4bcd8000-7f2c57388000 ---p 00000000 00:00 0 
7f2c57388000-7f2c57390000 r-xp 00000000 ca:01 256902                     /usr/lib/jvm/java-8-openjdk-amd64/jre/lib/amd64/libzip.so
7f2c57390000-7f2c5758f000 ---p 00008000 ca:01 256902                     /usr/lib/jvm/java-8-openjdk-amd64/jre/lib/amd64/libzip.so
7f2c5758f000-7f2c57590000 r--p 00007000 ca:01 256902                     /usr/lib/jvm/java-8-openjdk-amd64/jre/lib/amd64/libzip.so
7f2c57590000-7f2c57591000 rw-p 00008000 ca:01 256902                     /usr/lib/jvm/java-8-openjdk-amd64/jre/lib/amd64/libzip.so
7f2c57591000-7f2c5759c000 r-xp 00000000 ca:01 1993                       /lib/x86_64-linux-gnu/libnss_files-2.23.so
7f2c5759c000-7f2c5779b000 ---p 0000b000 ca:01 1993                       /lib/x86_64-linux-gnu/libnss_files-2.23.so
7f2c5779b000-7f2c5779c000 r--p 0000a000 ca:01 1993                       /lib/x86_64-linux-gnu/libnss_files-2.23.so
7f2c5779c000-7f2c5779d000 rw-p 0000b000 ca:01 1993                       /lib/x86_64-linux-gnu/libnss_files-2.23.so
7f2c5779d000-7f2c577a3000 rw-p 00000000 00:00 0 
7f2c577a3000-7f2c577ae000 r-xp 00000000 ca:01 1997                       /lib/x86_64-linux-gnu/libnss_nis-2.23.so
7f2c577ae000-7f2c579ad000 ---p 0000b000 ca:01 1997                       /lib/x86_64-linux-gnu/libnss_nis-2.23.so
7f2c579ad000-7f2c579ae000 r--p 0000a000 ca:01 1997                       /lib/x86_64-linux-gnu/libnss_nis-2.23.so
7f2c579ae000-7f2c579af000 rw-p 0000b000 ca:01 1997                       /lib/x86_64-linux-gnu/libnss_nis-2.23.so
7f2c579af000-7f2c579c5000 r-xp 00000000 ca:01 1977                       /lib/x86_64-linux-gnu/libnsl-2.23.so
7f2c579c5000-7f2c57bc4000 ---p 00016000 ca:01 1977                       /lib/x86_64-linux-gnu/libnsl-2.23.so
7f2c57bc4000-7f2c57bc5000 r--p 00015000 ca:01 1977                       /lib/x86_64-linux-gnu/libnsl-2.23.so
7f2c57bc5000-7f2c57bc6000 rw-p 00016000 ca:01 1977                       /lib/x86_64-linux-gnu/libnsl-2.23.so
7f2c57bc6000-7f2c57bc8000 rw-p 00000000 00:00 0 
7f2c57bc8000-7f2c57bd0000 r-xp 00000000 ca:01 1988                       /lib/x86_64-linux-gnu/libnss_compat-2.23.so
7f2c57bd0000-7f2c57dcf000 ---p 00008000 ca:01 1988                       /lib/x86_64-linux-gnu/libnss_compat-2.23.so
7f2c57dcf000-7f2c57dd0000 r--p 00007000 ca:01 1988                       /lib/x86_64-linux-gnu/libnss_compat-2.23.so
7f2c57dd0000-7f2c57dd1000 rw-p 00008000 ca:01 1988                       /lib/x86_64-linux-gnu/libnss_compat-2.23.so
7f2c57dd1000-7f2c57dfe000 r-xp 00000000 ca:01 256919                     /usr/lib/jvm/java-8-openjdk-amd64/jre/lib/amd64/libjava.so
7f2c57dfe000-7f2c57ffd000 ---p 0002d000 ca:01 256919                     /usr/lib/jvm/java-8-openjdk-amd64/jre/lib/amd64/libjava.so
7f2c57ffd000-7f2c57ffe000 r--p 0002c000 ca:01 256919                     /usr/lib/jvm/java-8-openjdk-amd64/jre/lib/amd64/libjava.so
7f2c57ffe000-7f2c58000000 rw-p 0002d000 ca:01 256919                     /usr/lib/jvm/java-8-openjdk-amd64/jre/lib/amd64/libjava.so
7f2c58000000-7f2c58dc4000 rw-p 00000000 00:00 0 
7f2c58dc4000-7f2c5c000000 ---p 00000000 00:00 0 
7f2c5c000000-7f2c5c001000 r--s 00009000 ca:01 261534                     /home/ubuntu/spark-2.1.1-bin-hadoop2.7/jars/hadoop-annotations-2.7.3.jar
7f2c5c001000-7f2c5c004000 r--s 00021000 ca:01 261596                     /home/ubuntu/spark-2.1.1-bin-hadoop2.7/jars/xbean-asm5-shaded-4.4.jar
7f2c5c004000-7f2c5c007000 r--s 00025000 ca:01 261618                     /home/ubuntu/spark-2.1.1-bin-hadoop2.7/jars/commons-dbcp-1.4.jar
7f2c5c007000-7f2c5c00a000 r--s 00015000 ca:01 261620                     /home/ubuntu/spark-2.1.1-bin-hadoop2.7/jars/commons-pool-1.5.4.jar
7f2c5c00a000-7f2c5c00c000 r--s 00004000 ca:01 261787                     /home/ubuntu/spark-2.1.1-bin-hadoop2.7/jars/metrics-graphite-3.1.2.jar
7f2c5c00c000-7f2c5c00d000 r--s 00003000 ca:01 261827                     /home/ubuntu/spark-2.1.1-bin-hadoop2.7/jars/metrics-json-3.1.2.jar
7f2c5c00d000-7f2c5c012000 r--s 00027000 ca:01 261861                     /home/ubuntu/spark-2.1.1-bin-hadoop2.7/jars/hk2-api-2.4.0-b34.jar
7f2c5c012000-7f2c5c018000 r--s 00034000 ca:01 261799                     /home/ubuntu/spark-2.1.1-bin-hadoop2.7/jars/libthrift-0.9.3.jar
7f2c5c018000-7f2c5c027000 r-xp 00000000 ca:01 256907                     /usr/lib/jvm/java-8-openjdk-amd64/jre/lib/amd64/libverify.so
7f2c5c027000-7f2c5c226000 ---p 0000f000 ca:01 256907                     /usr/lib/jvm/java-8-openjdk-amd64/jre/lib/amd64/libverify.so
7f2c5c226000-7f2c5c228000 r--p 0000e000 ca:01 256907                     /usr/lib/jvm/java-8-openjdk-amd64/jre/lib/amd64/libverify.so
7f2c5c228000-7f2c5c229000 rw-p 00010000 ca:01 256907                     /usr/lib/jvm/java-8-openjdk-amd64/jre/lib/amd64/libverify.so
7f2c5c229000-7f2c5c230000 r-xp 00000000 ca:01 1998                       /lib/x86_64-linux-gnu/librt-2.23.so
7f2c5c230000-7f2c5c42f000 ---p 00007000 ca:01 1998                       /lib/x86_64-linux-gnu/librt-2.23.so
7f2c5c42f000-7f2c5c430000 r--p 00006000 ca:01 1998                       /lib/x86_64-linux-gnu/librt-2.23.so
7f2c5c430000-7f2c5c431000 rw-p 00007000 ca:01 1998                       /lib/x86_64-linux-gnu/librt-2.23.so
7f2c5c431000-7f2c5c447000 r-xp 00000000 ca:01 1975                       /lib/x86_64-linux-gnu/libgcc_s.so.1
7f2c5c447000-7f2c5c646000 ---p 00016000 ca:01 1975                       /lib/x86_64-linux-gnu/libgcc_s.so.1
7f2c5c646000-7f2c5c647000 rw-p 00015000 ca:01 1975                       /lib/x86_64-linux-gnu/libgcc_s.so.1
7f2c5c647000-7f2c5c74f000 r-xp 00000000 ca:01 1976                       /lib/x86_64-linux-gnu/libm-2.23.so
7f2c5c74f000-7f2c5c94e000 ---p 00108000 ca:01 1976                       /lib/x86_64-linux-gnu/libm-2.23.so
7f2c5c94e000-7f2c5c94f000 r--p 00107000 ca:01 1976                       /lib/x86_64-linux-gnu/libm-2.23.so
7f2c5c94f000-7f2c5c950000 rw-p 00108000 ca:01 1976                       /lib/x86_64-linux-gnu/libm-2.23.so
7f2c5c950000-7f2c5cac2000 r-xp 00000000 ca:01 7979                       /usr/lib/x86_64-linux-gnu/libstdc++.so.6.0.21
7f2c5cac2000-7f2c5ccc2000 ---p 00172000 ca:01 7979                       /usr/lib/x86_64-linux-gnu/libstdc++.so.6.0.21
7f2c5ccc2000-7f2c5cccc000 r--p 00172000 ca:01 7979                       /usr/lib/x86_64-linux-gnu/libstdc++.so.6.0.21
7f2c5cccc000-7f2c5ccce000 rw-p 0017c000 ca:01 7979                       /usr/lib/x86_64-linux-gnu/libstdc++.so.6.0.21
7f2c5ccce000-7f2c5ccd2000 rw-p 00000000 00:00 0 
7f2c5ccd2000-7f2c5d92f000 r-xp 00000000 ca:01 256884                     /usr/lib/jvm/java-8-openjdk-amd64/jre/lib/amd64/server/libjvm.so
7f2c5d92f000-7f2c5db2f000 ---p 00c5d000 ca:01 256884                     /usr/lib/jvm/java-8-openjdk-amd64/jre/lib/amd64/server/libjvm.so
7f2c5db2f000-7f2c5dbc3000 r--p 00c5d000 ca:01 256884                     /usr/lib/jvm/java-8-openjdk-amd64/jre/lib/amd64/server/libjvm.so
7f2c5dbc3000-7f2c5dbec000 rw-p 00cf1000 ca:01 256884                     /usr/lib/jvm/java-8-openjdk-amd64/jre/lib/amd64/server/libjvm.so
7f2c5dbec000-7f2c5dc1c000 rw-p 00000000 00:00 0 
7f2c5dc1c000-7f2c5dc34000 r-xp 00000000 ca:01 1979                       /lib/x86_64-linux-gnu/libpthread-2.23.so
7f2c5dc34000-7f2c5de33000 ---p 00018000 ca:01 1979                       /lib/x86_64-linux-gnu/libpthread-2.23.so
7f2c5de33000-7f2c5de34000 r--p 00017000 ca:01 1979                       /lib/x86_64-linux-gnu/libpthread-2.23.so
7f2c5de34000-7f2c5de35000 rw-p 00018000 ca:01 1979                       /lib/x86_64-linux-gnu/libpthread-2.23.so
7f2c5de35000-7f2c5de39000 rw-p 00000000 00:00 0 
7f2c5de39000-7f2c5de3c000 r-xp 00000000 ca:01 1982                       /lib/x86_64-linux-gnu/libdl-2.23.so
7f2c5de3c000-7f2c5e03b000 ---p 00003000 ca:01 1982                       /lib/x86_64-linux-gnu/libdl-2.23.so
7f2c5e03b000-7f2c5e03c000 r--p 00002000 ca:01 1982                       /lib/x86_64-linux-gnu/libdl-2.23.so
7f2c5e03c000-7f2c5e03d000 rw-p 00003000 ca:01 1982                       /lib/x86_64-linux-gnu/libdl-2.23.so
7f2c5e03d000-7f2c5e056000 r-xp 00000000 ca:01 2129                       /lib/x86_64-linux-gnu/libz.so.1.2.8
7f2c5e056000-7f2c5e255000 ---p 00019000 ca:01 2129                       /lib/x86_64-linux-gnu/libz.so.1.2.8
7f2c5e255000-7f2c5e256000 r--p 00018000 ca:01 2129                       /lib/x86_64-linux-gnu/libz.so.1.2.8
7f2c5e256000-7f2c5e257000 rw-p 00019000 ca:01 2129                       /lib/x86_64-linux-gnu/libz.so.1.2.8
7f2c5e257000-7f2c5e417000 r-xp 00000000 ca:01 1980                       /lib/x86_64-linux-gnu/libc-2.23.so
7f2c5e417000-7f2c5e617000 ---p 001c0000 ca:01 1980                       /lib/x86_64-linux-gnu/libc-2.23.so
7f2c5e617000-7f2c5e61b000 r--p 001c0000 ca:01 1980                       /lib/x86_64-linux-gnu/libc-2.23.so
7f2c5e61b000-7f2c5e61d000 rw-p 001c4000 ca:01 1980                       /lib/x86_64-linux-gnu/libc-2.23.so
7f2c5e61d000-7f2c5e621000 rw-p 00000000 00:00 0 
7f2c5e621000-7f2c5e62e000 r-xp 00000000 ca:01 256904                     /usr/lib/jvm/java-8-openjdk-amd64/jre/lib/amd64/jli/libjli.so
7f2c5e62e000-7f2c5e82e000 ---p 0000d000 ca:01 256904                     /usr/lib/jvm/java-8-openjdk-amd64/jre/lib/amd64/jli/libjli.so
7f2c5e82e000-7f2c5e82f000 r--p 0000d000 ca:01 256904                     /usr/lib/jvm/java-8-openjdk-amd64/jre/lib/amd64/jli/libjli.so
7f2c5e82f000-7f2c5e830000 rw-p 0000e000 ca:01 256904                     /usr/lib/jvm/java-8-openjdk-amd64/jre/lib/amd64/jli/libjli.so
7f2c5e830000-7f2c5e856000 r-xp 00000000 ca:01 1978                       /lib/x86_64-linux-gnu/ld-2.23.so
7f2c5e856000-7f2c5e858000 r--s 0000f000 ca:01 261715                     /home/ubuntu/spark-2.1.1-bin-hadoop2.7/jars/curator-client-2.6.0.jar
7f2c5e858000-7f2c5e85b000 r--s 0000f000 ca:01 256869                     /usr/lib/jvm/java-8-openjdk-amd64/jre/lib/ext/icedtea-sound.jar
7f2c5e85b000-7f2c5e85e000 r--s 00038000 ca:01 256872                     /usr/lib/jvm/java-8-openjdk-amd64/jre/lib/ext/sunpkcs11.jar
7f2c5e85e000-7f2c5e864000 r--s 0003b000 ca:01 256877                     /usr/lib/jvm/java-8-openjdk-amd64/jre/lib/ext/sunjce_provider.jar
7f2c5e864000-7f2c5e86e000 r--s 00116000 ca:01 256876                     /usr/lib/jvm/java-8-openjdk-amd64/jre/lib/ext/localedata.jar
7f2c5e86e000-7f2c5e93f000 rw-p 00000000 00:00 0 
7f2c5e93f000-7f2c5e947000 rw-s 00000000 ca:01 256220                     /tmp/hsperfdata_ubuntu/21144
7f2c5e947000-7f2c5e94a000 ---p 00000000 00:00 0 
7f2c5e94a000-7f2c5ea4c000 rw-p 00000000 00:00 0 
7f2c5ea4c000-7f2c5ea4d000 r--s 00010000 ca:01 256874                     /usr/lib/jvm/java-8-openjdk-amd64/jre/lib/ext/zipfs.jar
7f2c5ea4d000-7f2c5ea4e000 r--s 0000a000 ca:01 256879                     /usr/lib/jvm/java-8-openjdk-amd64/jre/lib/ext/jaccess.jar
7f2c5ea4e000-7f2c5ea50000 r--s 00001000 ca:01 256873                     /usr/lib/jvm/java-8-openjdk-amd64/jre/lib/ext/dnsns.jar
7f2c5ea50000-7f2c5ea52000 r--s 00008000 ca:01 256878                     /usr/lib/jvm/java-8-openjdk-amd64/jre/lib/ext/sunec.jar
7f2c5ea52000-7f2c5ea53000 rw-p 00000000 00:00 0 
7f2c5ea53000-7f2c5ea54000 ---p 00000000 00:00 0 
7f2c5ea54000-7f2c5ea55000 rw-p 00000000 00:00 0 
7f2c5ea55000-7f2c5ea56000 r--p 00025000 ca:01 1978                       /lib/x86_64-linux-gnu/ld-2.23.so
7f2c5ea56000-7f2c5ea57000 rw-p 00026000 ca:01 1978                       /lib/x86_64-linux-gnu/ld-2.23.so
7f2c5ea57000-7f2c5ea58000 rw-p 00000000 00:00 0 
7fff93355000-7fff93376000 rw-p 00000000 00:00 0                          [stack]
7fff933f6000-7fff933f9000 r--p 00000000 00:00 0                          [vvar]
7fff933f9000-7fff933fb000 r-xp 00000000 00:00 0                          [vdso]
ffffffffff600000-ffffffffff601000 r-xp 00000000 00:00 0                  [vsyscall]

VM Arguments:
jvm_args: -Xmx1g 
java_command: org.apache.spark.deploy.SparkSubmit --conf spark.app.name=Bank Telephone Marketing Analysis pyspark-shell
java_class_path (initial): /home/ubuntu/spark-2.1.1-bin-hadoop2.7/conf/:/home/ubuntu/spark-2.1.1-bin-hadoop2.7/jars/libthrift-0.9.3.jar:/home/ubuntu/spark-2.1.1-bin-hadoop2.7/jars/curator-client-2.6.0.jar:/home/ubuntu/spark-2.1.1-bin-hadoop2.7/jars/hk2-api-2.4.0-b34.jar:/home/ubuntu/spark-2.1.1-bin-hadoop2.7/jars/metrics-json-3.1.2.jar:/home/ubuntu/spark-2.1.1-bin-hadoop2.7/jars/metrics-graphite-3.1.2.jar:/home/ubuntu/spark-2.1.1-bin-hadoop2.7/jars/spire_2.11-0.7.4.jar:/home/ubuntu/spark-2.1.1-bin-hadoop2.7/jars/commons-pool-1.5.4.jar:/home/ubuntu/spark-2.1.1-bin-hadoop2.7/jars/netty-all-4.0.42.Final.jar:/home/ubuntu/spark-2.1.1-bin-hadoop2.7/jars/commons-dbcp-1.4.jar:/home/ubuntu/spark-2.1.1-bin-hadoop2.7/jars/xbean-asm5-shaded-4.4.jar:/home/ubuntu/spark-2.1.1-bin-hadoop2.7/jars/xercesImpl-2.9.1.jar:/home/ubuntu/spark-2.1.1-bin-hadoop2.7/jars/hadoop-annotations-2.7.3.jar:/home/ubuntu/spark-2.1.1-bin-hadoop2.7/jars/javassist-3.18.1-GA.jar:/home/ubuntu/spark-2.1.1-bin-hadoop2.7/jars/jersey-container-servlet-2.22.2.jar:/home/ubuntu/spark-2.1.1-bin-hadoop2.7/jars/base64-2.3.8.jar:/home/ubuntu/spark-2.1.1-bin-hadoop2.7/jars/scalap-2.11.8.jar:/home/ubuntu/spark-2.1.1-bin-hadoop2.7/jars/super-csv-2.2.0.jar:/home/ubuntu/spark-2.1.1-bin-hadoop2.7/jars/jul-to-slf4j-1.7.16.jar:/home/ubuntu/spark-2.1.1-bin-hadoop2.7/jars/hadoop-mapreduce-client-shuffle-2.7.3.jar:/home/ubuntu/spark-2.1.1-bin-hadoop2.7/jars/libfb303-0.9.3.jar:/home/ubuntu/spark-2.1.1-bin-hadoop2.7/jars/jdo-api-3.0.1.jar:/home/ubuntu/spark-2.1.1-bin-hadoop2.7/jars/jersey-guava-2.22.2.jar:/home/ubuntu/spark-2.1.1-bin-hadoop2.7/jars/arpack_combined_all-0.1.jar:/home/ubuntu/spark-2.1.1-bin-hadoop2.7/jars/scala-parser-combinators_2.11-1.0.4.jar:/home/ubuntu/spark-2.1.1-bin-hadoop2.7/jars/chill_2.11-0.8.0.jar:/home/ubuntu/spark-2.1.1-bin-hadoop2.7/jars/javax.annotation-api-1.2.jar:/home/ubuntu/spark-2.1.1-bin-hadoop2.7/jars/joda-time-2.9.3.jar:/home/ubuntu/spark-2.1.1-bin-hadoop2.7/jars/antlr-runtime-3.4.jar:/home/u
Launcher Type: SUN_STANDARD

Environment Variables:
PATH=/home/ubuntu/.local/bin:/home/ubuntu/bin:/home/ubuntu/.local/bin:/usr/local/sbin:/usr/local/bin:/usr/sbin:/usr/bin:/sbin:/bin:/usr/games:/usr/local/games:/snap/bin
SHELL=/bin/bash

Signal Handlers:
SIGSEGV: [libjvm.so+0xa71a30], sa_mask[0]=11111111011111111101111111111110, sa_flags=SA_RESTART|SA_SIGINFO
SIGBUS: [libjvm.so+0xa71a30], sa_mask[0]=11111111011111111101111111111110, sa_flags=SA_RESTART|SA_SIGINFO
SIGFPE: [libjvm.so+0x8b8f40], sa_mask[0]=11111111011111111101111111111110, sa_flags=SA_RESTART|SA_SIGINFO
SIGPIPE: [libjvm.so+0x8b8f40], sa_mask[0]=11111111011111111101111111111110, sa_flags=SA_RESTART|SA_SIGINFO
SIGXFSZ: [libjvm.so+0x8b8f40], sa_mask[0]=11111111011111111101111111111110, sa_flags=SA_RESTART|SA_SIGINFO
SIGILL: [libjvm.so+0x8b8f40], sa_mask[0]=11111111011111111101111111111110, sa_flags=SA_RESTART|SA_SIGINFO
SIGUSR1: SIG_DFL, sa_mask[0]=00000000000000000000000000000000, sa_flags=none
SIGUSR2: [libjvm.so+0x8b8df0], sa_mask[0]=00000000000000000000000000000000, sa_flags=SA_RESTART|SA_SIGINFO
SIGHUP: [libjvm.so+0x8b92c0], sa_mask[0]=11111111011111111101111111111110, sa_flags=SA_RESTART|SA_SIGINFO
SIGINT: SIG_IGN, sa_mask[0]=00000000000000000000000000000000, sa_flags=none
SIGTERM: [libjvm.so+0x8b92c0], sa_mask[0]=11111111011111111101111111111110, sa_flags=SA_RESTART|SA_SIGINFO
SIGQUIT: [libjvm.so+0x8b92c0], sa_mask[0]=11111111011111111101111111111110, sa_flags=SA_RESTART|SA_SIGINFO


---------------  S Y S T E M  ---------------

OS:DISTRIB_ID=Ubuntu
DISTRIB_RELEASE=16.04
DISTRIB_CODENAME=xenial
DISTRIB_DESCRIPTION="Ubuntu 16.04.4 LTS"

uname:Linux 4.4.0-1065-aws #75-Ubuntu SMP Fri Aug 10 11:14:32 UTC 2018 x86_64
libc:glibc 2.23 NPTL 2.23 
rlimit: STACK 8192k, CORE 0k, NPROC 3900, NOFILE 1048576, AS infinity
load average:0.26 0.06 0.35

/proc/meminfo:
MemTotal:        1014500 kB
MemFree:           62260 kB
MemAvailable:       1716 kB
Buffers:             312 kB
Cached:            14708 kB
SwapCached:            0 kB
Active:           877080 kB
Inactive:          11736 kB
Active(anon):     876648 kB
Inactive(anon):    10328 kB
Active(file):        432 kB
Inactive(file):     1408 kB
Unevictable:        3652 kB
Mlocked:            3652 kB
SwapTotal:             0 kB
SwapFree:              0 kB
Dirty:                52 kB
Writeback:             0 kB
AnonPages:        877512 kB
Mapped:             4136 kB
Shmem:             10692 kB
Slab:              36968 kB
SReclaimable:      19892 kB
SUnreclaim:        17076 kB
KernelStack:        3504 kB
PageTables:         5728 kB
NFS_Unstable:          0 kB
Bounce:                0 kB
WritebackTmp:          0 kB
CommitLimit:      507248 kB
Committed_AS:    1268392 kB
VmallocTotal:   34359738367 kB
VmallocUsed:           0 kB
VmallocChunk:          0 kB
HardwareCorrupted:     0 kB
AnonHugePages:    251904 kB
CmaTotal:              0 kB
CmaFree:               0 kB
HugePages_Total:       0
HugePages_Free:        0
HugePages_Rsvd:        0
HugePages_Surp:        0
Hugepagesize:       2048 kB
DirectMap4k:       49152 kB
DirectMap2M:      999424 kB


CPU:total 1 (initial active 1) (1 cores per cpu, 1 threads per core) family 6 model 63 stepping 2, cmov, cx8, fxsr, mmx, sse, sse2, sse3, ssse3, sse4.1, sse4.2, popcnt, avx, avx2, aes, clmul, erms, lzcnt, tsc, bmi1, bmi2

/proc/cpuinfo:
processor	: 0
vendor_id	: GenuineIntel
cpu family	: 6
model		: 63
model name	: Intel(R) Xeon(R) CPU E5-2676 v3 @ 2.40GHz
stepping	: 2
microcode	: 0x3c
cpu MHz		: 2400.050
cache size	: 30720 KB
physical id	: 0
siblings	: 1
core id		: 0
cpu cores	: 1
apicid		: 0
initial apicid	: 0
fpu		: yes
fpu_exception	: yes
cpuid level	: 13
wp		: yes
flags		: fpu vme de pse tsc msr pae mce cx8 apic sep mtrr pge mca cmov pat pse36 clflush mmx fxsr sse sse2 ht syscall nx rdtscp lm constant_tsc rep_good nopl xtopology eagerfpu pni pclmulqdq ssse3 fma cx16 pcid sse4_1 sse4_2 x2apic movbe popcnt tsc_deadline_timer aes xsave avx f16c rdrand hypervisor lahf_lm abm invpcid_single kaiser fsgsbase bmi1 avx2 smep bmi2 erms invpcid xsaveopt
bugs		: cpu_meltdown spectre_v1 spectre_v2 spec_store_bypass l1tf
bogomips	: 4800.10
clflush size	: 64
cache_alignment	: 64
address sizes	: 46 bits physical, 48 bits virtual
power management:



Memory: 4k page, physical 1014500k(62260k free), swap 0k(0k free)

vm_info: OpenJDK 64-Bit Server VM (25.181-b13) for linux-amd64 JRE (1.8.0_181-8u181-b13-0ubuntu0.16.04.1-b13), built on Jul 30 2018 21:06:27 by "buildd" with gcc 5.4.0 20160609

time: Wed Oct 10 08:18:52 2018
elapsed time: 2071 seconds (0d 0h 34m 31s)

