#
# There is insufficient memory for the Java Runtime Environment to continue.
# Native memory allocation (mmap) failed to map 72867840 bytes for committing reserved memory.
# Possible reasons:
#   The system is out of physical RAM or swap space
#   In 32 bit mode, the process size limit was hit
# Possible solutions:
#   Reduce memory load on the system
#   Increase physical memory or swap space
#   Check if swap backing store is full
#   Use 64 bit Java on a 64 bit OS
#   Decrease Java heap size (-Xmx/-Xms)
#   Decrease number of Java threads
#   Decrease Java thread stack sizes (-Xss)
#   Set larger code cache with -XX:ReservedCodeCacheSize=
# This output file may be truncated or incomplete.
#
#  Out of Memory Error (os_linux.cpp:2643), pid=26453, tid=0x00007fca11156700
#
# JRE version: OpenJDK Runtime Environment (8.0_181-b13) (build 1.8.0_181-8u181-b13-0ubuntu0.16.04.1-b13)
# Java VM: OpenJDK 64-Bit Server VM (25.181-b13 mixed mode linux-amd64 compressed oops)
# Failed to write core dump. Core dumps have been disabled. To enable core dumping, try "ulimit -c unlimited" before starting Java again
#

---------------  T H R E A D  ---------------

Current thread (0x00007fca0c075800):  VMThread [stack: 0x00007fca11056000,0x00007fca11157000] [id=26467]

Stack: [0x00007fca11056000,0x00007fca11157000],  sp=0x00007fca11155520,  free space=1021k
Native frames: (J=compiled Java code, j=interpreted, Vv=VM code, C=native code)
V  [libjvm.so+0xa70edb]
V  [libjvm.so+0x4c893c]
V  [libjvm.so+0x8bda08]
V  [libjvm.so+0x8b7d9e]
V  [libjvm.so+0xa6d7c4]
V  [libjvm.so+0x5cdd5d]
V  [libjvm.so+0x5ce8fd]
V  [libjvm.so+0x5bb2c8]
V  [libjvm.so+0x45029f]
V  [libjvm.so+0xa71fe1]
V  [libjvm.so+0xa77d27]
V  [libjvm.so+0xa75427]
V  [libjvm.so+0xa768af]
V  [libjvm.so+0xa76da1]
V  [libjvm.so+0x8bae12]

VM_Operation (0x00007fc9d5324850): GenCollectForAllocation, mode: safepoint, requested by thread 0x00007fc9f008d000


---------------  P R O C E S S  ---------------

Java Threads: ( => current thread )
  0x00007fc9e804d000 JavaThread "Worker Monitor for /usr/bin/python3" daemon [_thread_blocked, id=26631, stack(0x00007fc9d8636000,0x00007fc9d8737000)]
  0x00007fc9ed322800 JavaThread "broadcast-exchange-3" daemon [_thread_blocked, id=26627, stack(0x00007fc9d6430000,0x00007fc9d6531000)]
  0x00007fc9ee2f5800 JavaThread "broadcast-exchange-2" daemon [_thread_blocked, id=26621, stack(0x00007fc9d4325000,0x00007fc9d4426000)]
  0x00007fc9ed1db800 JavaThread "broadcast-exchange-1" daemon [_thread_blocked, id=26616, stack(0x00007fc9d5729000,0x00007fc9d582a000)]
  0x00007fc9ef550000 JavaThread "broadcast-exchange-0" daemon [_thread_blocked, id=26609, stack(0x00007fc9d5527000,0x00007fc9d5628000)]
  0x00007fc9f008d000 JavaThread "Executor task launch worker for task 2281" daemon [_thread_blocked, id=26594, stack(0x00007fc9d5226000,0x00007fc9d5327000)]
  0x00007fc9f819a000 JavaThread "Executor task launch worker for task 2104" daemon [_thread_blocked, id=26587, stack(0x00007fc9d5e2a000,0x00007fc9d5f2b000)]
  0x00007fc9f010d000 JavaThread "block-manager-ask-thread-pool-3" daemon [_thread_blocked, id=26577, stack(0x00007fc9d5628000,0x00007fc9d5729000)]
  0x00007fc9f4003000 JavaThread "block-manager-ask-thread-pool-1" daemon [_thread_blocked, id=26575, stack(0x00007fc9d602c000,0x00007fc9d612d000)]
  0x00007fc9e40c6000 JavaThread "stderr reader for /usr/bin/python3" daemon [_thread_in_native, id=26565, stack(0x00007fc9d612d000,0x00007fc9d622e000)]
  0x00007fc9e40c4800 JavaThread "stdout reader for /usr/bin/python3" daemon [_thread_in_native, id=26564, stack(0x00007fc9d622e000,0x00007fc9d632f000)]
  0x00007fc9e40bd800 JavaThread "Idle Worker Monitor for /usr/bin/python3" daemon [_thread_blocked, id=26562, stack(0x00007fc9d632f000,0x00007fc9d6430000)]
  0x00007fc9f0040000 JavaThread "Executor task launch worker for task 1964" daemon [_thread_blocked, id=26543, stack(0x00007fc9d6731000,0x00007fc9d6832000)]
  0x00007fc9e8009800 JavaThread "block-manager-slave-async-thread-pool-4" daemon [_thread_blocked, id=26542, stack(0x00007fc9d6832000,0x00007fc9d6933000)]
  0x00007fc9f003e000 JavaThread "block-manager-slave-async-thread-pool-3" daemon [_thread_blocked, id=26541, stack(0x00007fc9d6d33000,0x00007fc9d6e34000)]
  0x00007fc9f8110800 JavaThread "task-result-getter-3" daemon [_thread_blocked, id=26536, stack(0x00007fc9d7034000,0x00007fc9d7135000)]
  0x00007fc9f80d9000 JavaThread "task-result-getter-2" daemon [_thread_blocked, id=26526, stack(0x00007fc9d8535000,0x00007fc9d8636000)]
  0x00007fc9e8004800 JavaThread "block-manager-slave-async-thread-pool-1" daemon [_thread_blocked, id=26522, stack(0x00007fc9d8737000,0x00007fc9d8838000)]
  0x00007fc9f80ca800 JavaThread "block-manager-slave-async-thread-pool-0" daemon [_thread_blocked, id=26520, stack(0x00007fc9d8939000,0x00007fc9d8a3a000)]
  0x00007fc9f80c7000 JavaThread "task-result-getter-1" daemon [_thread_blocked, id=26519, stack(0x00007fc9d8a3a000,0x00007fc9d8b3b000)]
  0x00007fc9f0031000 JavaThread "task-result-getter-0" daemon [_thread_blocked, id=26518, stack(0x00007fc9d8d3b000,0x00007fc9d8e3c000)]
  0x00007fc9f002e000 JavaThread "Executor task launch worker for task 2276" daemon [_thread_blocked, id=26517, stack(0x00007fc9d95aa000,0x00007fc9d96ab000)]
  0x00007fc9ecfa6800 JavaThread "org.apache.hadoop.fs.FileSystem$Statistics$StatisticsDataReferenceCleaner" daemon [_thread_blocked, id=26516, stack(0x00007fc9d9449000,0x00007fc9d954a000)]
  0x00007fc9ecc3e800 JavaThread "SparkListenerBus" daemon [_thread_blocked, id=26512, stack(0x00007fc9d9cab000,0x00007fc9d9dac000)]
  0x00007fc9ecc02800 JavaThread "context-cleaner-periodic-gc" daemon [_thread_blocked, id=26511, stack(0x00007fc9d9dac000,0x00007fc9d9ead000)]
  0x00007fc9ecc01000 JavaThread "Spark Context Cleaner" daemon [_thread_blocked, id=26510, stack(0x00007fc9d9ead000,0x00007fc9d9fae000)]
  0x00007fc9ec99b800 JavaThread "shuffle-server-5-1" daemon [_thread_in_native, id=26509, stack(0x00007fc9da1ae000,0x00007fc9da2af000)]
  0x00007fc9ec8b4000 JavaThread "driver-heartbeater" daemon [_thread_blocked, id=26508, stack(0x00007fc9da2af000,0x00007fc9da3b0000)]
  0x00007fc9ec854000 JavaThread "dag-scheduler-event-loop" daemon [_thread_blocked, id=26507, stack(0x00007fc9da3b0000,0x00007fc9da4b1000)]
  0x00000000019bb800 JavaThread "netty-rpc-env-timeout" daemon [_thread_blocked, id=26506, stack(0x00007fc9da4b1000,0x00007fc9da5b2000)]
  0x00007fc9ec8a3800 JavaThread "Timer-0" daemon [_thread_blocked, id=26505, stack(0x00007fc9da5b2000,0x00007fc9da6b3000)]
  0x00007fc9f806e000 JavaThread "heartbeat-receiver-event-loop-thread" daemon [_thread_blocked, id=26504, stack(0x00007fc9da6b3000,0x00007fc9da7b4000)]
  0x00007fc9ec86c800 JavaThread "SparkUI-37" daemon [_thread_blocked, id=26503, stack(0x00007fc9da7b4000,0x00007fc9da8b5000)]
  0x00007fc9ec86b000 JavaThread "SparkUI-36" daemon [_thread_blocked, id=26502, stack(0x00007fc9da8b5000,0x00007fc9da9b6000)]
  0x00007fc9ec865000 JavaThread "SparkUI-35" daemon [_thread_blocked, id=26501, stack(0x00007fc9da9b6000,0x00007fc9daab7000)]
  0x00007fc9ec863000 JavaThread "SparkUI-34" daemon [_thread_blocked, id=26500, stack(0x00007fc9daab7000,0x00007fc9dabb8000)]
  0x00007fc9ec861000 JavaThread "SparkUI-33" daemon [_thread_blocked, id=26499, stack(0x00007fc9dabb8000,0x00007fc9dacb9000)]
  0x00007fc9ec85f800 JavaThread "SparkUI-32" daemon [_thread_blocked, id=26498, stack(0x00007fc9dacb9000,0x00007fc9dadba000)]
  0x00007fc9ec85e000 JavaThread "SparkUI-31-acceptor-0@30283948-Spark@3eefc13d{HTTP/1.1}{0.0.0.0:4040}" daemon [_thread_in_native, id=26497, stack(0x00007fc9dadba000,0x00007fc9daebb000)]
  0x00007fc9ec85d800 JavaThread "SparkUI-30-selector-ServerConnectorManager@26765a49/0" daemon [_thread_in_native, id=26496, stack(0x00007fc9daebb000,0x00007fc9dafbc000)]
  0x00007fc9ec7d6000 JavaThread "refresh progress" daemon [_thread_blocked, id=26494, stack(0x00007fc9db1bc000,0x00007fc9db2bd000)]
  0x00007fc9ec755800 JavaThread "map-output-dispatcher-7" daemon [_thread_blocked, id=26493, stack(0x00007fc9db4bd000,0x00007fc9db5be000)]
  0x00007fc9ec796000 JavaThread "map-output-dispatcher-6" daemon [_thread_blocked, id=26492, stack(0x00007fc9db5be000,0x00007fc9db6bf000)]
  0x00007fc9ec794800 JavaThread "map-output-dispatcher-5" daemon [_thread_blocked, id=26491, stack(0x00007fc9db6bf000,0x00007fc9db7c0000)]
  0x00007fc9ec792800 JavaThread "map-output-dispatcher-4" daemon [_thread_blocked, id=26490, stack(0x00007fc9db7c0000,0x00007fc9db8c1000)]
  0x00007fc9ec800000 JavaThread "map-output-dispatcher-3" daemon [_thread_blocked, id=26489, stack(0x00007fc9db8c1000,0x00007fc9db9c2000)]
  0x00007fc9ec7fe800 JavaThread "map-output-dispatcher-2" daemon [_thread_blocked, id=26488, stack(0x00007fc9db9c2000,0x00007fc9dbac3000)]
  0x00007fc9ec62c000 JavaThread "map-output-dispatcher-1" daemon [_thread_blocked, id=26487, stack(0x00007fc9dbac3000,0x00007fc9dbbc4000)]
  0x00007fc9ec7fc800 JavaThread "map-output-dispatcher-0" daemon [_thread_blocked, id=26486, stack(0x00007fc9dbbc4000,0x00007fc9dbcc5000)]
  0x00007fc9ec750800 JavaThread "rpc-server-3-1" daemon [_thread_in_native, id=26485, stack(0x00007fc9dbcc5000,0x00007fc9dbdc6000)]
  0x00007fc9ec5a2000 JavaThread "dispatcher-event-loop-1" daemon [_thread_blocked, id=26484, stack(0x00007fc9dc1d9000,0x00007fc9dc2da000)]
  0x00007fc9ec5a1800 JavaThread "dispatcher-event-loop-0" daemon [_thread_blocked, id=26483, stack(0x00007fc9dcafe000,0x00007fc9dcbff000)]
  0x00007fc9ec323000 JavaThread "process reaper" daemon [_thread_in_native, id=26481, stack(0x00007fc9fc07c000,0x00007fc9fc0b5000)]
  0x00007fc9e0413000 JavaThread "Thread-2" [_thread_blocked, id=26477, stack(0x00007fc9fc2bf000,0x00007fc9fc3c0000)]
  0x00007fca0cd25000 JavaThread "Thread-1" [_thread_in_native, id=26476, stack(0x00007fc9fc3c0000,0x00007fc9fc4c1000)]
  0x00007fca0cd15800 JavaThread "pool-1-thread-1" [_thread_blocked, id=26475, stack(0x00007fc9fc4c1000,0x00007fc9fc5c2000)]
  0x00007fca0c0bb000 JavaThread "Service Thread" daemon [_thread_blocked, id=26473, stack(0x00007fca108b8000,0x00007fca109b9000)]
  0x00007fca0c0b7800 JavaThread "C1 CompilerThread1" daemon [_thread_blocked, id=26472, stack(0x00007fca109b9000,0x00007fca10aba000)]
  0x00007fca0c0b5800 JavaThread "C2 CompilerThread0" daemon [_thread_blocked, id=26471, stack(0x00007fca10aba000,0x00007fca10bbb000)]
  0x00007fca0c0b4000 JavaThread "Signal Dispatcher" daemon [_thread_blocked, id=26470, stack(0x00007fca10bbb000,0x00007fca10cbc000)]
  0x00007fca0c082000 JavaThread "Finalizer" daemon [_thread_blocked, id=26469, stack(0x00007fca10e54000,0x00007fca10f55000)]
  0x00007fca0c07d000 JavaThread "Reference Handler" daemon [_thread_blocked, id=26468, stack(0x00007fca10f55000,0x00007fca11056000)]
  0x00007fca0c011800 JavaThread "main" [_thread_in_native, id=26466, stack(0x00007fca1585a000,0x00007fca1595b000)]

Other Threads:
=>0x00007fca0c075800 VMThread [stack: 0x00007fca11056000,0x00007fca11157000] [id=26467]
  0x00007fca0c0bd800 WatcherThread [stack: 0x00007fca107b7000,0x00007fca108b8000] [id=26474]

VM state:at safepoint (normal execution)

VM Mutex/Monitor currently owned by a thread:  ([mutex/lock_event])
[0x00007fca0c00dc80] Threads_lock - owner thread: 0x00007fca0c075800
[0x00007fca0c00e180] Heap_lock - owner thread: 0x00007fc9f008d000

Heap:
 def new generation   total 78272K, used 0K [0x00000000c0000000, 0x00000000c54e0000, 0x00000000d5550000)
  eden space 69632K,   0% used [0x00000000c0000000, 0x00000000c0000000, 0x00000000c4400000)
  from space 8640K,   0% used [0x00000000c4400000, 0x00000000c4400000, 0x00000000c4c70000)
  to   space 8640K,   0% used [0x00000000c4c70000, 0x00000000c4c70000, 0x00000000c54e0000)
 tenured generation   total 174688K, used 147508K [0x00000000d5550000, 0x00000000dffe8000, 0x0000000100000000)
   the space 174688K,  84% used [0x00000000d5550000, 0x00000000de55d138, 0x00000000de55d200, 0x00000000dffe8000)
 Metaspace       used 101394K, capacity 104972K, committed 105176K, reserved 1140736K
  class space    used 13042K, capacity 13526K, committed 13528K, reserved 1048576K

Card table byte_map: [0x00007fca11cf2000,0x00007fca11ef3000] byte_map_base: 0x00007fca116f2000

Polling page: 0x00007fca15966000

CodeCache: size=245760Kb used=57077Kb max_used=57279Kb free=188682Kb
 bounds [0x00007fc9fd000000, 0x00007fca008e0000, 0x00007fca0c000000]
 total_blobs=15907 nmethods=15140 adapters=677
 compilation: enabled

Compilation events (10 events):
Event: 136.291 Thread 0x00007fca0c0b7800 21966       1       org.apache.spark.serializer.SerializerManager$$anonfun$wrapForEncryption$4::apply (5 bytes)
Event: 136.291 Thread 0x00007fca0c0b7800 nmethod 21966 0x00007fc9fe79c850 code [0x00007fc9fe79c9a0, 0x00007fc9fe79cab0]
Event: 136.297 Thread 0x00007fca0c0b7800 21970       1       org.apache.spark.sql.catalyst.expressions.FixedLengthRowBasedKeyValueBatch::access$100 (5 bytes)
Event: 136.297 Thread 0x00007fca0c0b7800 nmethod 21970 0x00007fc9fec88b90 code [0x00007fc9fec88ce0, 0x00007fc9fec88dd0]
Event: 136.297 Thread 0x00007fca0c0b7800 21971       1       org.apache.spark.sql.catalyst.expressions.FixedLengthRowBasedKeyValueBatch::access$200 (5 bytes)
Event: 136.298 Thread 0x00007fca0c0b7800 nmethod 21971 0x00007fc9fef3b9d0 code [0x00007fc9fef3bb20, 0x00007fc9fef3bc10]
Event: 136.298 Thread 0x00007fca0c0b7800 21972       1       org.apache.spark.sql.catalyst.expressions.FixedLengthRowBasedKeyValueBatch$1::getKey (5 bytes)
Event: 136.298 Thread 0x00007fca0c0b7800 nmethod 21972 0x00007fc9ff12fc90 code [0x00007fc9ff12fde0, 0x00007fc9ff12fef0]
Event: 136.298 Thread 0x00007fca0c0b7800 21973       1       org.apache.spark.sql.catalyst.expressions.FixedLengthRowBasedKeyValueBatch$1::getValue (5 bytes)
Event: 136.298 Thread 0x00007fca0c0b7800 nmethod 21973 0x00007fc9fdfb5110 code [0x00007fc9fdfb5260, 0x00007fc9fdfb5370]

GC Heap History (10 events):
Event: 135.520 GC heap after
Heap after GC invocations=994 (full 12):
 def new generation   total 78272K, used 3682K [0x00000000c0000000, 0x00000000c54e0000, 0x00000000d5550000)
  eden space 69632K,   0% used [0x00000000c0000000, 0x00000000c0000000, 0x00000000c4400000)
  from space 8640K,  42% used [0x00000000c4c70000, 0x00000000c50089a8, 0x00000000c54e0000)
  to   space 8640K,   0% used [0x00000000c4400000, 0x00000000c4400000, 0x00000000c4c70000)
 tenured generation   total 173660K, used 151188K [0x00000000d5550000, 0x00000000dfee7000, 0x0000000100000000)
   the space 173660K,  87% used [0x00000000d5550000, 0x00000000de8f5020, 0x00000000de8f5200, 0x00000000dfee7000)
 Metaspace       used 101391K, capacity 104972K, committed 105176K, reserved 1140736K
  class space    used 13042K, capacity 13526K, committed 13528K, reserved 1048576K
}
Event: 135.656 GC heap before
{Heap before GC invocations=994 (full 12):
 def new generation   total 78272K, used 73314K [0x00000000c0000000, 0x00000000c54e0000, 0x00000000d5550000)
  eden space 69632K, 100% used [0x00000000c0000000, 0x00000000c4400000, 0x00000000c4400000)
  from space 8640K,  42% used [0x00000000c4c70000, 0x00000000c50089a8, 0x00000000c54e0000)
  to   space 8640K,   0% used [0x00000000c4400000, 0x00000000c4400000, 0x00000000c4c70000)
 tenured generation   total 173660K, used 151188K [0x00000000d5550000, 0x00000000dfee7000, 0x0000000100000000)
   the space 173660K,  87% used [0x00000000d5550000, 0x00000000de8f5020, 0x00000000de8f5200, 0x00000000dfee7000)
 Metaspace       used 101391K, capacity 104972K, committed 105176K, reserved 1140736K
  class space    used 13042K, capacity 13526K, committed 13528K, reserved 1048576K
Event: 135.660 GC heap after
Heap after GC invocations=995 (full 12):
 def new generation   total 78272K, used 3938K [0x00000000c0000000, 0x00000000c54e0000, 0x00000000d5550000)
  eden space 69632K,   0% used [0x00000000c0000000, 0x00000000c0000000, 0x00000000c4400000)
  from space 8640K,  45% used [0x00000000c4400000, 0x00000000c47d8960, 0x00000000c4c70000)
  to   space 8640K,   0% used [0x00000000c4c70000, 0x00000000c4c70000, 0x00000000c54e0000)
 tenured generation   total 173660K, used 151188K [0x00000000d5550000, 0x00000000dfee7000, 0x0000000100000000)
   the space 173660K,  87% used [0x00000000d5550000, 0x00000000de8f50d0, 0x00000000de8f5200, 0x00000000dfee7000)
 Metaspace       used 101391K, capacity 104972K, committed 105176K, reserved 1140736K
  class space    used 13042K, capacity 13526K, committed 13528K, reserved 1048576K
}
Event: 135.800 GC heap before
{Heap before GC invocations=995 (full 12):
 def new generation   total 78272K, used 73570K [0x00000000c0000000, 0x00000000c54e0000, 0x00000000d5550000)
  eden space 69632K, 100% used [0x00000000c0000000, 0x00000000c4400000, 0x00000000c4400000)
  from space 8640K,  45% used [0x00000000c4400000, 0x00000000c47d8960, 0x00000000c4c70000)
  to   space 8640K,   0% used [0x00000000c4c70000, 0x00000000c4c70000, 0x00000000c54e0000)
 tenured generation   total 173660K, used 151188K [0x00000000d5550000, 0x00000000dfee7000, 0x0000000100000000)
   the space 173660K,  87% used [0x00000000d5550000, 0x00000000de8f50d0, 0x00000000de8f5200, 0x00000000dfee7000)
 Metaspace       used 101391K, capacity 104972K, committed 105176K, reserved 1140736K
  class space    used 13042K, capacity 13526K, committed 13528K, reserved 1048576K
Event: 135.804 GC heap after
Heap after GC invocations=996 (full 12):
 def new generation   total 78272K, used 3935K [0x00000000c0000000, 0x00000000c54e0000, 0x00000000d5550000)
  eden space 69632K,   0% used [0x00000000c0000000, 0x00000000c0000000, 0x00000000c4400000)
  from space 8640K,  45% used [0x00000000c4c70000, 0x00000000c5047ec0, 0x00000000c54e0000)
  to   space 8640K,   0% used [0x00000000c4400000, 0x00000000c4400000, 0x00000000c4c70000)
 tenured generation   total 173660K, used 151188K [0x00000000d5550000, 0x00000000dfee7000, 0x0000000100000000)
   the space 173660K,  87% used [0x00000000d5550000, 0x00000000de8f50d0, 0x00000000de8f5200, 0x00000000dfee7000)
 Metaspace       used 101391K, capacity 104972K, committed 105176K, reserved 1140736K
  class space    used 13042K, capacity 13526K, committed 13528K, reserved 1048576K
}
Event: 135.909 GC heap before
{Heap before GC invocations=996 (full 12):
 def new generation   total 78272K, used 73567K [0x00000000c0000000, 0x00000000c54e0000, 0x00000000d5550000)
  eden space 69632K, 100% used [0x00000000c0000000, 0x00000000c4400000, 0x00000000c4400000)
  from space 8640K,  45% used [0x00000000c4c70000, 0x00000000c5047ec0, 0x00000000c54e0000)
  to   space 8640K,   0% used [0x00000000c4400000, 0x00000000c4400000, 0x00000000c4c70000)
 tenured generation   total 173660K, used 151188K [0x00000000d5550000, 0x00000000dfee7000, 0x0000000100000000)
   the space 173660K,  87% used [0x00000000d5550000, 0x00000000de8f50d0, 0x00000000de8f5200, 0x00000000dfee7000)
 Metaspace       used 101391K, capacity 104972K, committed 105176K, reserved 1140736K
  class space    used 13042K, capacity 13526K, committed 13528K, reserved 1048576K
Event: 135.960 GC heap after
Heap after GC invocations=997 (full 12):
 def new generation   total 78272K, used 4450K [0x00000000c0000000, 0x00000000c54e0000, 0x00000000d5550000)
  eden space 69632K,   0% used [0x00000000c0000000, 0x00000000c0000000, 0x00000000c4400000)
  from space 8640K,  51% used [0x00000000c4400000, 0x00000000c4858ad0, 0x00000000c4c70000)
  to   space 8640K,   0% used [0x00000000c4c70000, 0x00000000c4c70000, 0x00000000c54e0000)
 tenured generation   total 173660K, used 167572K [0x00000000d5550000, 0x00000000dfee7000, 0x0000000100000000)
   the space 173660K,  96% used [0x00000000d5550000, 0x00000000df8f50e0, 0x00000000df8f5200, 0x00000000dfee7000)
 Metaspace       used 101391K, capacity 104972K, committed 105176K, reserved 1140736K
  class space    used 13042K, capacity 13526K, committed 13528K, reserved 1048576K
}
Event: 136.096 GC heap before
{Heap before GC invocations=997 (full 12):
 def new generation   total 78272K, used 74082K [0x00000000c0000000, 0x00000000c54e0000, 0x00000000d5550000)
  eden space 69632K, 100% used [0x00000000c0000000, 0x00000000c4400000, 0x00000000c4400000)
  from space 8640K,  51% used [0x00000000c4400000, 0x00000000c4858ad0, 0x00000000c4c70000)
  to   space 8640K,   0% used [0x00000000c4c70000, 0x00000000c4c70000, 0x00000000c54e0000)
 tenured generation   total 173660K, used 167572K [0x00000000d5550000, 0x00000000dfee7000, 0x0000000100000000)
   the space 173660K,  96% used [0x00000000d5550000, 0x00000000df8f50e0, 0x00000000df8f5200, 0x00000000dfee7000)
 Metaspace       used 101391K, capacity 104972K, committed 105176K, reserved 1140736K
  class space    used 13042K, capacity 13526K, committed 13528K, reserved 1048576K
Event: 136.112 GC heap after
Heap after GC invocations=998 (full 12):
 def new generation   total 78272K, used 2955K [0x00000000c0000000, 0x00000000c54e0000, 0x00000000d5550000)
  eden space 69632K,   0% used [0x00000000c0000000, 0x00000000c0000000, 0x00000000c4400000)
  from space 8640K,  34% used [0x00000000c4c70000, 0x00000000c4f52f40, 0x00000000c54e0000)
  to   space 8640K,   0% used [0x00000000c4400000, 0x00000000c4400000, 0x00000000c4c70000)
 tenured generation   total 173660K, used 169067K [0x00000000d5550000, 0x00000000dfee7000, 0x0000000100000000)
   the space 173660K,  97% used [0x00000000d5550000, 0x00000000dfa6acc8, 0x00000000dfa6ae00, 0x00000000dfee7000)
 Metaspace       used 101391K, capacity 104972K, committed 105176K, reserved 1140736K
  class space    used 13042K, capacity 13526K, committed 13528K, reserved 1048576K
}
Event: 136.299 GC heap before
{Heap before GC invocations=998 (full 12):
 def new generation   total 78272K, used 72587K [0x00000000c0000000, 0x00000000c54e0000, 0x00000000d5550000)
  eden space 69632K, 100% used [0x00000000c0000000, 0x00000000c4400000, 0x00000000c4400000)
  from space 8640K,  34% used [0x00000000c4c70000, 0x00000000c4f52f40, 0x00000000c54e0000)
  to   space 8640K,   0% used [0x00000000c4400000, 0x00000000c4400000, 0x00000000c4c70000)
 tenured generation   total 173660K, used 169067K [0x00000000d5550000, 0x00000000dfee7000, 0x0000000100000000)
   the space 173660K,  97% used [0x00000000d5550000, 0x00000000dfa6acc8, 0x00000000dfa6ae00, 0x00000000dfee7000)
 Metaspace       used 101394K, capacity 104972K, committed 105176K, reserved 1140736K
  class space    used 13042K, capacity 13526K, committed 13528K, reserved 1048576K

Deoptimization events (10 events):
Event: 130.505 Thread 0x00007fc9f008d000 Uncommon trap: reason=bimorphic action=maybe_recompile pc=0x00007fc9fe0b583c method=scala.collection.TraversableOnce$$anonfun$sum$1.apply(Ljava/lang/Object;Ljava/lang/Object;)Ljava/lang/Object; @ 6
Event: 132.203 Thread 0x00007fc9ec2bc800 Uncommon trap: reason=class_check action=maybe_recompile pc=0x00007fc9ff072a40 method=org.apache.spark.sql.execution.python.EvaluatePython$.toJava(Ljava/lang/Object;Lorg/apache/spark/sql/types/DataType;)Ljava/lang/Object; @ 67
Event: 132.203 Thread 0x00007fc9ec2bc800 Uncommon trap: reason=unstable_if action=reinterpret pc=0x00007fc9ff072674 method=org.apache.spark.sql.execution.python.EvaluatePython$.toJava(Ljava/lang/Object;Lorg/apache/spark/sql/types/DataType;)Ljava/lang/Object; @ 190
Event: 132.213 Thread 0x00007fc9ec2bc800 Uncommon trap: reason=unstable_if action=reinterpret pc=0x00007fc9fdae1e5c method=net.razorvine.pickle.Pickler.dispatch(Ljava/lang/Class;Ljava/lang/Object;)Z @ 72
Event: 132.215 Thread 0x00007fc9ec2bc800 Uncommon trap: reason=unstable_if action=reinterpret pc=0x00007fc9feca919c method=net.razorvine.pickle.Pickler.save(Ljava/lang/Object;)V @ 55
Event: 132.407 Thread 0x00007fc9e0413000 Uncommon trap: reason=class_check action=maybe_recompile pc=0x00007fc9ff1937c4 method=org.apache.spark.sql.catalyst.expressions.SortOrder.equals(Ljava/lang/Object;)Z @ 57
Event: 132.469 Thread 0x00007fc9e0413000 Uncommon trap: reason=class_check action=maybe_recompile pc=0x00007fc9ff1937c4 method=org.apache.spark.sql.catalyst.expressions.SortOrder.equals(Ljava/lang/Object;)Z @ 57
Event: 134.876 Thread 0x00007fc9e0413000 Uncommon trap: reason=unstable_if action=reinterpret pc=0x00007fca007aefb8 method=org.codehaus.janino.Parser.parseRelationalExpression()Lorg/codehaus/janino/Java$Atom; @ 89
Event: 134.879 Thread 0x00007fc9e0413000 Uncommon trap: reason=unstable_if action=reinterpret pc=0x00007fc9fdeff970 method=org.codehaus.janino.IClass.findIMethod(Ljava/lang/String;[Lorg/codehaus/janino/IClass;)Lorg/codehaus/janino/IClass$IMethod; @ 83
Event: 134.879 Thread 0x00007fc9e0413000 Uncommon trap: reason=unstable_if action=reinterpret pc=0x00007fc9fdf004a0 method=org.codehaus.janino.IClass.findIMethod(Ljava/lang/String;[Lorg/codehaus/janino/IClass;)Lorg/codehaus/janino/IClass$IMethod; @ 96

Classes redefined (0 events):
No events

Internal exceptions (10 events):
Event: 119.123 Thread 0x00007fc9e0413000 Exception <a 'java/lang/NoSuchMethodError': <clinit>> (0x00000000c0c4d9c0) thrown at [/build/openjdk-8-pREaNj/openjdk-8-8u181-b13/src/hotspot/src/share/vm/prims/jni.cpp, line 1613]
Event: 119.124 Thread 0x00007fc9e0413000 Exception <a 'java/lang/NoSuchMethodError': <clinit>> (0x00000000c0c71f60) thrown at [/build/openjdk-8-pREaNj/openjdk-8-8u181-b13/src/hotspot/src/share/vm/prims/jni.cpp, line 1613]
Event: 119.124 Thread 0x00007fc9e0413000 Exception <a 'java/lang/NoSuchMethodError': <clinit>> (0x00000000c0c742f8) thrown at [/build/openjdk-8-pREaNj/openjdk-8-8u181-b13/src/hotspot/src/share/vm/prims/jni.cpp, line 1613]
Event: 119.124 Thread 0x00007fc9e0413000 Exception <a 'java/lang/NoSuchMethodError': <clinit>> (0x00000000c0c77370) thrown at [/build/openjdk-8-pREaNj/openjdk-8-8u181-b13/src/hotspot/src/share/vm/prims/jni.cpp, line 1613]
Event: 127.013 Thread 0x00007fc9ec5a2000 Implicit null exception at 0x00007fca00632cf5 to 0x00007fca006333bc
Event: 130.505 Thread 0x00007fc9f008d000 Implicit null exception at 0x00007fc9fec88c5e to 0x00007fc9fec88cb9
Event: 130.505 Thread 0x00007fc9f008d000 Implicit null exception at 0x00007fc9fd253bde to 0x00007fc9fd253c35
Event: 132.215 Thread 0x00007fc9ec2bc800 Implicit null exception at 0x00007fc9feca89b8 to 0x00007fc9feca9185
Event: 134.903 Thread 0x00007fc9e0413000 Exception <a 'java/lang/NoSuchMethodError': <clinit>> (0x00000000c154dc40) thrown at [/build/openjdk-8-pREaNj/openjdk-8-8u181-b13/src/hotspot/src/share/vm/prims/jni.cpp, line 1613]
Event: 134.904 Thread 0x00007fc9e0413000 Exception <a 'java/lang/NoSuchMethodError': <clinit>> (0x00000000c1581670) thrown at [/build/openjdk-8-pREaNj/openjdk-8-8u181-b13/src/hotspot/src/share/vm/prims/jni.cpp, line 1613]

Events (10 events):
Event: 135.520 Executing VM operation: GenCollectForAllocation done
Event: 135.656 Executing VM operation: GenCollectForAllocation
Event: 135.660 Executing VM operation: GenCollectForAllocation done
Event: 135.800 Executing VM operation: GenCollectForAllocation
Event: 135.805 Executing VM operation: GenCollectForAllocation done
Event: 135.909 Executing VM operation: GenCollectForAllocation
Event: 135.960 Executing VM operation: GenCollectForAllocation done
Event: 136.096 Executing VM operation: GenCollectForAllocation
Event: 136.112 Executing VM operation: GenCollectForAllocation done
Event: 136.299 Executing VM operation: GenCollectForAllocation


Dynamic libraries:
00400000-00401000 r-xp 00000000 ca:01 256949                             /usr/lib/jvm/java-8-openjdk-amd64/jre/bin/java
00600000-00601000 r--p 00000000 ca:01 256949                             /usr/lib/jvm/java-8-openjdk-amd64/jre/bin/java
00601000-00602000 rw-p 00001000 ca:01 256949                             /usr/lib/jvm/java-8-openjdk-amd64/jre/bin/java
01996000-019f9000 rw-p 00000000 00:00 0                                  [heap]
c0000000-c54e0000 rw-p 00000000 00:00 0 
c54e0000-d5550000 ---p 00000000 00:00 0 
d5550000-dffe8000 rw-p 00000000 00:00 0 
e4566000-100000000 ---p 00000000 00:00 0 
100000000-100d36000 rw-p 00000000 00:00 0 
100d36000-140000000 ---p 00000000 00:00 0 
7fc9cfe00000-7fc9cff80000 rw-p 00000000 00:00 0 
7fc9cff80000-7fc9d0000000 ---p 00000000 00:00 0 
7fc9d0000000-7fc9d163d000 rw-p 00000000 00:00 0 
7fc9d163d000-7fc9d4000000 ---p 00000000 00:00 0 
7fc9d4125000-7fc9d4325000 rw-p 00000000 00:00 0 
7fc9d4325000-7fc9d4328000 ---p 00000000 00:00 0 
7fc9d4328000-7fc9d4626000 rw-p 00000000 00:00 0 
7fc9d4626000-7fc9d4826000 rw-p 00000000 00:00 0 
7fc9d4826000-7fc9d4a26000 rw-p 00000000 00:00 0 
7fc9d4a26000-7fc9d4c26000 rw-p 00000000 00:00 0 
7fc9d4c26000-7fc9d4e26000 rw-p 00000000 00:00 0 
7fc9d4e26000-7fc9d5026000 rw-p 00000000 00:00 0 
7fc9d5026000-7fc9d5226000 rw-p 00000000 00:00 0 
7fc9d5226000-7fc9d5229000 ---p 00000000 00:00 0 
7fc9d5229000-7fc9d5527000 rw-p 00000000 00:00 0 
7fc9d5527000-7fc9d552a000 ---p 00000000 00:00 0 
7fc9d552a000-7fc9d5628000 rw-p 00000000 00:00 0 
7fc9d5628000-7fc9d562b000 ---p 00000000 00:00 0 
7fc9d562b000-7fc9d5729000 rw-p 00000000 00:00 0 
7fc9d5729000-7fc9d572c000 ---p 00000000 00:00 0 
7fc9d572c000-7fc9d5a2a000 rw-p 00000000 00:00 0 
7fc9d5a2a000-7fc9d5c2a000 rw-p 00000000 00:00 0 
7fc9d5c2a000-7fc9d5e2a000 rw-p 00000000 00:00 0 
7fc9d5e2a000-7fc9d5e2d000 ---p 00000000 00:00 0 
7fc9d5e2d000-7fc9d5f2b000 rw-p 00000000 00:00 0 
7fc9d5f2b000-7fc9d5f2e000 ---p 00000000 00:00 0 
7fc9d5f2e000-7fc9d602c000 rw-p 00000000 00:00 0 
7fc9d602c000-7fc9d602f000 ---p 00000000 00:00 0 
7fc9d602f000-7fc9d612d000 rw-p 00000000 00:00 0 
7fc9d612d000-7fc9d6130000 ---p 00000000 00:00 0 
7fc9d6130000-7fc9d622e000 rw-p 00000000 00:00 0 
7fc9d622e000-7fc9d6231000 ---p 00000000 00:00 0 
7fc9d6231000-7fc9d632f000 rw-p 00000000 00:00 0 
7fc9d632f000-7fc9d6332000 ---p 00000000 00:00 0 
7fc9d6332000-7fc9d6430000 rw-p 00000000 00:00 0 
7fc9d6430000-7fc9d6433000 ---p 00000000 00:00 0 
7fc9d6433000-7fc9d6731000 rw-p 00000000 00:00 0 
7fc9d6731000-7fc9d6734000 ---p 00000000 00:00 0 
7fc9d6734000-7fc9d6832000 rw-p 00000000 00:00 0 
7fc9d6832000-7fc9d6835000 ---p 00000000 00:00 0 
7fc9d6835000-7fc9d6b33000 rw-p 00000000 00:00 0 
7fc9d6b33000-7fc9d6d33000 rw-p 00000000 00:00 0 
7fc9d6d33000-7fc9d6d36000 ---p 00000000 00:00 0 
7fc9d6d36000-7fc9d7034000 rw-p 00000000 00:00 0 
7fc9d7034000-7fc9d7037000 ---p 00000000 00:00 0 
7fc9d7037000-7fc9d7335000 rw-p 00000000 00:00 0 
7fc9d7335000-7fc9d7535000 rw-p 00000000 00:00 0 
7fc9d7535000-7fc9d7735000 rw-p 00000000 00:00 0 
7fc9d7735000-7fc9d7935000 rw-p 00000000 00:00 0 
7fc9d7935000-7fc9d7b35000 rw-p 00000000 00:00 0 
7fc9d7b35000-7fc9d7d35000 rw-p 00000000 00:00 0 
7fc9d7d35000-7fc9d7f35000 rw-p 00000000 00:00 0 
7fc9d7f35000-7fc9d8135000 rw-p 00000000 00:00 0 
7fc9d8135000-7fc9d8335000 rw-p 00000000 00:00 0 
7fc9d8335000-7fc9d8535000 rw-p 00000000 00:00 0 
7fc9d8535000-7fc9d8538000 ---p 00000000 00:00 0 
7fc9d8538000-7fc9d8636000 rw-p 00000000 00:00 0 
7fc9d8636000-7fc9d8639000 ---p 00000000 00:00 0 
7fc9d8639000-7fc9d8737000 rw-p 00000000 00:00 0 
7fc9d8737000-7fc9d873a000 ---p 00000000 00:00 0 
7fc9d873a000-7fc9d8838000 rw-p 00000000 00:00 0 
7fc9d8838000-7fc9d883b000 ---p 00000000 00:00 0 
7fc9d883b000-7fc9d8939000 rw-p 00000000 00:00 0 
7fc9d8939000-7fc9d893c000 ---p 00000000 00:00 0 
7fc9d893c000-7fc9d8a3a000 rw-p 00000000 00:00 0 
7fc9d8a3a000-7fc9d8a3d000 ---p 00000000 00:00 0 
7fc9d8a3d000-7fc9d8d3b000 rw-p 00000000 00:00 0 
7fc9d8d3b000-7fc9d8d3e000 ---p 00000000 00:00 0 
7fc9d8d3e000-7fc9d903c000 rw-p 00000000 00:00 0 
7fc9d903c000-7fc9d9049000 r-xp 00000000 ca:01 1593                       /tmp/liblz4-java4670470827389128429.so
7fc9d9049000-7fc9d9248000 ---p 0000d000 ca:01 1593                       /tmp/liblz4-java4670470827389128429.so
7fc9d9248000-7fc9d9249000 rw-p 0000c000 ca:01 1593                       /tmp/liblz4-java4670470827389128429.so
7fc9d9249000-7fc9d9449000 rw-p 00000000 00:00 0 
7fc9d9449000-7fc9d944c000 ---p 00000000 00:00 0 
7fc9d944c000-7fc9d954a000 rw-p 00000000 00:00 0 
7fc9d95aa000-7fc9d95ad000 ---p 00000000 00:00 0 
7fc9d95ad000-7fc9d98ab000 rw-p 00000000 00:00 0 
7fc9d98ab000-7fc9d9aab000 rw-p 00000000 00:00 0 
7fc9d9aab000-7fc9d9cab000 rw-p 00000000 00:00 0 
7fc9d9cab000-7fc9d9cae000 ---p 00000000 00:00 0 
7fc9d9cae000-7fc9d9dac000 rw-p 00000000 00:00 0 
7fc9d9dac000-7fc9d9daf000 ---p 00000000 00:00 0 
7fc9d9daf000-7fc9d9ead000 rw-p 00000000 00:00 0 
7fc9d9ead000-7fc9d9eb0000 ---p 00000000 00:00 0 
7fc9d9eb0000-7fc9da1ae000 rw-p 00000000 00:00 0 
7fc9da1ae000-7fc9da1b1000 ---p 00000000 00:00 0 
7fc9da1b1000-7fc9da2af000 rw-p 00000000 00:00 0 
7fc9da2af000-7fc9da2b2000 ---p 00000000 00:00 0 
7fc9da2b2000-7fc9da3b0000 rw-p 00000000 00:00 0 
7fc9da3b0000-7fc9da3b3000 ---p 00000000 00:00 0 
7fc9da3b3000-7fc9da4b1000 rw-p 00000000 00:00 0 
7fc9da4b1000-7fc9da4b4000 ---p 00000000 00:00 0 
7fc9da4b4000-7fc9da5b2000 rw-p 00000000 00:00 0 
7fc9da5b2000-7fc9da5b5000 ---p 00000000 00:00 0 
7fc9da5b5000-7fc9da6b3000 rw-p 00000000 00:00 0 
7fc9da6b3000-7fc9da6b6000 ---p 00000000 00:00 0 
7fc9da6b6000-7fc9da7b4000 rw-p 00000000 00:00 0 
7fc9da7b4000-7fc9da7b7000 ---p 00000000 00:00 0 
7fc9da7b7000-7fc9da8b5000 rw-p 00000000 00:00 0 
7fc9da8b5000-7fc9da8b8000 ---p 00000000 00:00 0 
7fc9da8b8000-7fc9da9b6000 rw-p 00000000 00:00 0 
7fc9da9b6000-7fc9da9b9000 ---p 00000000 00:00 0 
7fc9da9b9000-7fc9daab7000 rw-p 00000000 00:00 0 
7fc9daab7000-7fc9daaba000 ---p 00000000 00:00 0 
7fc9daaba000-7fc9dabb8000 rw-p 00000000 00:00 0 
7fc9dabb8000-7fc9dabbb000 ---p 00000000 00:00 0 
7fc9dabbb000-7fc9dacb9000 rw-p 00000000 00:00 0 
7fc9dacb9000-7fc9dacbc000 ---p 00000000 00:00 0 
7fc9dacbc000-7fc9dadba000 rw-p 00000000 00:00 0 
7fc9dadba000-7fc9dadbd000 ---p 00000000 00:00 0 
7fc9dadbd000-7fc9daebb000 rw-p 00000000 00:00 0 
7fc9daebb000-7fc9daebe000 ---p 00000000 00:00 0 
7fc9daebe000-7fc9db1bc000 rw-p 00000000 00:00 0 
7fc9db1bc000-7fc9db1bf000 ---p 00000000 00:00 0 
7fc9db1bf000-7fc9db4bd000 rw-p 00000000 00:00 0 
7fc9db4bd000-7fc9db4c0000 ---p 00000000 00:00 0 
7fc9db4c0000-7fc9db5be000 rw-p 00000000 00:00 0 
7fc9db5be000-7fc9db5c1000 ---p 00000000 00:00 0 
7fc9db5c1000-7fc9db6bf000 rw-p 00000000 00:00 0 
7fc9db6bf000-7fc9db6c2000 ---p 00000000 00:00 0 
7fc9db6c2000-7fc9db7c0000 rw-p 00000000 00:00 0 
7fc9db7c0000-7fc9db7c3000 ---p 00000000 00:00 0 
7fc9db7c3000-7fc9db8c1000 rw-p 00000000 00:00 0 
7fc9db8c1000-7fc9db8c4000 ---p 00000000 00:00 0 
7fc9db8c4000-7fc9db9c2000 rw-p 00000000 00:00 0 
7fc9db9c2000-7fc9db9c5000 ---p 00000000 00:00 0 
7fc9db9c5000-7fc9dbac3000 rw-p 00000000 00:00 0 
7fc9dbac3000-7fc9dbac6000 ---p 00000000 00:00 0 
7fc9dbac6000-7fc9dbbc4000 rw-p 00000000 00:00 0 
7fc9dbbc4000-7fc9dbbc7000 ---p 00000000 00:00 0 
7fc9dbbc7000-7fc9dbcc5000 rw-p 00000000 00:00 0 
7fc9dbcc5000-7fc9dbcc8000 ---p 00000000 00:00 0 
7fc9dbcc8000-7fc9dbdc6000 rw-p 00000000 00:00 0 
7fc9dbdc6000-7fc9dbdd7000 r-xp 00000000 ca:01 256909                     /usr/lib/jvm/java-8-openjdk-amd64/jre/lib/amd64/libnio.so
7fc9dbdd7000-7fc9dbfd7000 ---p 00011000 ca:01 256909                     /usr/lib/jvm/java-8-openjdk-amd64/jre/lib/amd64/libnio.so
7fc9dbfd7000-7fc9dbfd8000 r--p 00011000 ca:01 256909                     /usr/lib/jvm/java-8-openjdk-amd64/jre/lib/amd64/libnio.so
7fc9dbfd8000-7fc9dbfd9000 rw-p 00012000 ca:01 256909                     /usr/lib/jvm/java-8-openjdk-amd64/jre/lib/amd64/libnio.so
7fc9dbfd9000-7fc9dc1d9000 rw-p 00000000 00:00 0 
7fc9dc1d9000-7fc9dc1dc000 ---p 00000000 00:00 0 
7fc9dc1dc000-7fc9dc4da000 rw-p 00000000 00:00 0 
7fc9dc4da000-7fc9dc4f1000 r-xp 00000000 ca:01 1984                       /lib/x86_64-linux-gnu/libresolv-2.23.so
7fc9dc4f1000-7fc9dc6f1000 ---p 00017000 ca:01 1984                       /lib/x86_64-linux-gnu/libresolv-2.23.so
7fc9dc6f1000-7fc9dc6f2000 r--p 00017000 ca:01 1984                       /lib/x86_64-linux-gnu/libresolv-2.23.so
7fc9dc6f2000-7fc9dc6f3000 rw-p 00018000 ca:01 1984                       /lib/x86_64-linux-gnu/libresolv-2.23.so
7fc9dc6f3000-7fc9dc6f5000 rw-p 00000000 00:00 0 
7fc9dc6f5000-7fc9dc6fa000 r-xp 00000000 ca:01 1990                       /lib/x86_64-linux-gnu/libnss_dns-2.23.so
7fc9dc6fa000-7fc9dc8fa000 ---p 00005000 ca:01 1990                       /lib/x86_64-linux-gnu/libnss_dns-2.23.so
7fc9dc8fa000-7fc9dc8fb000 r--p 00005000 ca:01 1990                       /lib/x86_64-linux-gnu/libnss_dns-2.23.so
7fc9dc8fb000-7fc9dc8fc000 rw-p 00006000 ca:01 1990                       /lib/x86_64-linux-gnu/libnss_dns-2.23.so
7fc9dc8fc000-7fc9dc8fd000 r-xp 00000000 ca:01 256908                     /usr/lib/jvm/java-8-openjdk-amd64/jre/lib/amd64/libjaas_unix.so
7fc9dc8fd000-7fc9dcafc000 ---p 00001000 ca:01 256908                     /usr/lib/jvm/java-8-openjdk-amd64/jre/lib/amd64/libjaas_unix.so
7fc9dcafc000-7fc9dcafd000 r--p 00000000 ca:01 256908                     /usr/lib/jvm/java-8-openjdk-amd64/jre/lib/amd64/libjaas_unix.so
7fc9dcafd000-7fc9dcafe000 rw-p 00001000 ca:01 256908                     /usr/lib/jvm/java-8-openjdk-amd64/jre/lib/amd64/libjaas_unix.so
7fc9dcafe000-7fc9dcb01000 ---p 00000000 00:00 0 
7fc9dcb01000-7fc9dcdff000 rw-p 00000000 00:00 0 
7fc9dcdff000-7fc9dcfff000 rw-p 00000000 00:00 0 
7fc9dcfff000-7fc9e0000000 rw-p 00000000 00:00 0 
7fc9e0000000-7fc9e3462000 rw-p 00000000 00:00 0 
7fc9e3462000-7fc9e4000000 ---p 00000000 00:00 0 
7fc9e4000000-7fc9e41c7000 rw-p 00000000 00:00 0 
7fc9e41c7000-7fc9e8000000 ---p 00000000 00:00 0 
7fc9e8000000-7fc9e81c1000 rw-p 00000000 00:00 0 
7fc9e81c1000-7fc9ec000000 ---p 00000000 00:00 0 
7fc9ec000000-7fc9efe8b000 rw-p 00000000 00:00 0 
7fc9efe8b000-7fc9f0000000 ---p 00000000 00:00 0 
7fc9f0000000-7fc9f059b000 rw-p 00000000 00:00 0 
7fc9f059b000-7fc9f4000000 ---p 00000000 00:00 0 
7fc9f4000000-7fc9f4021000 rw-p 00000000 00:00 0 
7fc9f4021000-7fc9f8000000 ---p 00000000 00:00 0 
7fc9f8000000-7fc9f851f000 rw-p 00000000 00:00 0 
7fc9f851f000-7fc9fc000000 ---p 00000000 00:00 0 
7fc9fc062000-7fc9fc064000 r--s 00016000 ca:01 256882                     /usr/lib/jvm/java-8-openjdk-amd64/jre/lib/jce.jar
7fc9fc064000-7fc9fc069000 r--s 0009d000 ca:01 256862                     /usr/lib/jvm/java-8-openjdk-amd64/jre/lib/jsse.jar
7fc9fc069000-7fc9fc07c000 r--s 00346000 ca:01 256864                     /usr/lib/jvm/java-8-openjdk-amd64/jre/lib/resources.jar
7fc9fc07c000-7fc9fc07f000 ---p 00000000 00:00 0 
7fc9fc07f000-7fc9fc0b5000 rw-p 00000000 00:00 0 
7fc9fc0b5000-7fc9fc0be000 r-xp 00000000 ca:01 256894                     /usr/lib/jvm/java-8-openjdk-amd64/jre/lib/amd64/libmanagement.so
7fc9fc0be000-7fc9fc2bd000 ---p 00009000 ca:01 256894                     /usr/lib/jvm/java-8-openjdk-amd64/jre/lib/amd64/libmanagement.so
7fc9fc2bd000-7fc9fc2be000 r--p 00008000 ca:01 256894                     /usr/lib/jvm/java-8-openjdk-amd64/jre/lib/amd64/libmanagement.so
7fc9fc2be000-7fc9fc2bf000 rw-p 00009000 ca:01 256894                     /usr/lib/jvm/java-8-openjdk-amd64/jre/lib/amd64/libmanagement.so
7fc9fc2bf000-7fc9fc2c2000 ---p 00000000 00:00 0 
7fc9fc2c2000-7fc9fc3c0000 rw-p 00000000 00:00 0 
7fc9fc3c0000-7fc9fc3c3000 ---p 00000000 00:00 0 
7fc9fc3c3000-7fc9fc4c1000 rw-p 00000000 00:00 0 
7fc9fc4c1000-7fc9fc4c4000 ---p 00000000 00:00 0 
7fc9fc4c4000-7fc9fc7c2000 rw-p 00000000 00:00 0 
7fc9fc7c2000-7fc9fc7d9000 r-xp 00000000 ca:01 256888                     /usr/lib/jvm/java-8-openjdk-amd64/jre/lib/amd64/libnet.so
7fc9fc7d9000-7fc9fc9d8000 ---p 00017000 ca:01 256888                     /usr/lib/jvm/java-8-openjdk-amd64/jre/lib/amd64/libnet.so
7fc9fc9d8000-7fc9fc9d9000 r--p 00016000 ca:01 256888                     /usr/lib/jvm/java-8-openjdk-amd64/jre/lib/amd64/libnet.so
7fc9fc9d9000-7fc9fc9da000 rw-p 00017000 ca:01 256888                     /usr/lib/jvm/java-8-openjdk-amd64/jre/lib/amd64/libnet.so
7fc9fc9da000-7fc9fc9dd000 r--s 00015000 ca:01 261533                     /home/ubuntu/spark-2.1.1-bin-hadoop2.7/jars/javax.servlet-api-3.1.0.jar
7fc9fc9dd000-7fc9fca09000 r--s 001c9000 ca:01 261798                     /home/ubuntu/spark-2.1.1-bin-hadoop2.7/jars/shapeless_2.11-2.0.0.jar
7fc9fca09000-7fc9fca14000 r--s 000b0000 ca:01 261731                     /home/ubuntu/spark-2.1.1-bin-hadoop2.7/jars/jtransforms-2.4.0.jar
7fc9fca14000-7fc9fca1a000 r--s 00043000 ca:01 261858                     /home/ubuntu/spark-2.1.1-bin-hadoop2.7/jars/commons-configuration-1.6.jar
7fc9fca1a000-7fc9fca1e000 r--s 00019000 ca:01 261784                     /home/ubuntu/spark-2.1.1-bin-hadoop2.7/jars/javax.ws.rs-api-2.0.1.jar
7fc9fca1e000-7fc9fca20000 r--s 00009000 ca:01 261839                     /home/ubuntu/spark-2.1.1-bin-hadoop2.7/jars/commons-cli-1.2.jar
7fc9fca20000-7fc9fca2a000 r--s 00095000 ca:01 261728                     /home/ubuntu/spark-2.1.1-bin-hadoop2.7/jars/scala-xml_2.11-1.0.2.jar
7fc9fca2a000-7fc9fca2f000 r--s 00031000 ca:01 261744                     /home/ubuntu/spark-2.1.1-bin-hadoop2.7/jars/parquet-hadoop-1.8.1.jar
7fc9fca2f000-7fc9fca33000 r--s 00020000 ca:01 261720                     /home/ubuntu/spark-2.1.1-bin-hadoop2.7/jars/commons-digester-1.8.jar
7fc9fca33000-7fc9fca35000 r--s 00027000 ca:01 261790                     /home/ubuntu/spark-2.1.1-bin-hadoop2.7/jars/core-1.1.2.jar
7fc9fca35000-7fc9fca4c000 r--s 00183000 ca:01 261753                     /home/ubuntu/spark-2.1.1-bin-hadoop2.7/jars/hadoop-yarn-common-2.7.3.jar
7fc9fca4c000-7fc9fca52000 r--s 00044000 ca:01 261763                     /home/ubuntu/spark-2.1.1-bin-hadoop2.7/jars/antlr4-runtime-4.5.3.jar
7fc9fca52000-7fc9fca54000 r--s 0000b000 ca:01 261840                     /home/ubuntu/spark-2.1.1-bin-hadoop2.7/jars/chill-java-0.8.0.jar
7fc9fca54000-7fc9fca5e000 r--s 00086000 ca:01 261718                     /home/ubuntu/spark-2.1.1-bin-hadoop2.7/jars/json4s-core_2.11-3.2.11.jar
7fc9fca5e000-7fc9fca60000 r--s 0000f000 ca:01 261566                     /home/ubuntu/spark-2.1.1-bin-hadoop2.7/jars/activation-1.1.1.jar
7fc9fca60000-7fc9fca64000 r--s 00031000 ca:01 261583                     /home/ubuntu/spark-2.1.1-bin-hadoop2.7/jars/jline-2.12.1.jar
7fc9fca64000-7fc9fca6a000 r--s 00028000 ca:01 261745                     /home/ubuntu/spark-2.1.1-bin-hadoop2.7/jars/curator-framework-2.6.0.jar
7fc9fca6a000-7fc9fca77000 r--s 000b1000 ca:01 261545                     /home/ubuntu/spark-2.1.1-bin-hadoop2.7/jars/hadoop-mapreduce-client-common-2.7.3.jar
7fc9fca77000-7fc9fca79000 r--s 00009000 ca:01 261758                     /home/ubuntu/spark-2.1.1-bin-hadoop2.7/jars/jackson-module-paranamer-2.6.5.jar
7fc9fca79000-7fc9fca81000 r--s 00066000 ca:01 261732                     /home/ubuntu/spark-2.1.1-bin-hadoop2.7/jars/apache-log4j-extras-1.2.17.jar
7fc9fca81000-7fc9fca8f000 r--s 00078000 ca:01 261756                     /home/ubuntu/spark-2.1.1-bin-hadoop2.7/jars/spark-mesos_2.11-2.1.1.jar
7fc9fca8f000-7fc9fcabd000 r--s 00212000 ca:01 261712                     /home/ubuntu/spark-2.1.1-bin-hadoop2.7/jars/spark-network-common_2.11-2.1.1.jar
7fc9fcabd000-7fc9fcac5000 r--s 0006e000 ca:01 261765                     /home/ubuntu/spark-2.1.1-bin-hadoop2.7/jars/commons-lang3-3.5.jar
7fc9fcac5000-7fc9fcb39000 r--s 00574000 ca:01 261739                     /home/ubuntu/spark-2.1.1-bin-hadoop2.7/jars/spark-mllib_2.11-2.1.1.jar
7fc9fcb39000-7fc9fcbc4000 r--s 0069e000 ca:01 261713                     /home/ubuntu/spark-2.1.1-bin-hadoop2.7/jars/spark-catalyst_2.11-2.1.1.jar
7fc9fcbc4000-7fc9fcbc5000 r--s 00004000 ca:01 261866                     /home/ubuntu/spark-2.1.1-bin-hadoop2.7/jars/osgi-resource-locator-1.0.1.jar
7fc9fcbc5000-7fc9fcbe6000 r--s 0019b000 ca:01 261796                     /home/ubuntu/spark-2.1.1-bin-hadoop2.7/jars/spark-hive-thriftserver_2.11-2.1.1.jar
7fc9fcbe6000-7fc9fcbeb000 r--s 00041000 ca:01 261740                     /home/ubuntu/spark-2.1.1-bin-hadoop2.7/jars/commons-lang-2.6.jar
7fc9fcbeb000-7fc9fcbed000 r--s 00020000 ca:01 261749                     /home/ubuntu/spark-2.1.1-bin-hadoop2.7/jars/hive-beeline-1.2.1.spark2.jar
7fc9fcbed000-7fc9fcbf4000 r--s 00049000 ca:01 261736                     /home/ubuntu/spark-2.1.1-bin-hadoop2.7/jars/httpcore-4.4.4.jar
7fc9fcbf4000-7fc9fcbf6000 r--s 00014000 ca:01 261717                     /home/ubuntu/spark-2.1.1-bin-hadoop2.7/jars/spire-macros_2.11-0.7.4.jar
7fc9fcbf6000-7fc9fcbf7000 r--s 00004000 ca:01 261711                     /home/ubuntu/spark-2.1.1-bin-hadoop2.7/jars/eigenbase-properties-1.1.5.jar
7fc9fcbf7000-7fc9fcbf8000 r--s 00009000 ca:01 261845                     /home/ubuntu/spark-2.1.1-bin-hadoop2.7/jars/slf4j-api-1.7.16.jar
7fc9fcbf8000-7fc9fcbf9000 r--s 00004000 ca:01 261710                     /home/ubuntu/spark-2.1.1-bin-hadoop2.7/jars/jackson-jaxrs-1.9.13.jar
7fc9fcbf9000-7fc9fcbfb000 r--s 00012000 ca:01 261803                     /home/ubuntu/spark-2.1.1-bin-hadoop2.7/jars/api-util-1.0.0-M20.jar
7fc9fcbfb000-7fc9fcbfd000 r--s 00004000 ca:01 261587                     /home/ubuntu/spark-2.1.1-bin-hadoop2.7/jars/stax-api-1.0-2.jar
7fc9fcbfd000-7fc9fcbfe000 r--s 00009000 ca:01 261830                     /home/ubuntu/spark-2.1.1-bin-hadoop2.7/jars/hive-cli-1.2.1.spark2.jar
7fc9fcbfe000-7fc9fcc14000 r--s 001a4000 ca:01 261613                     /home/ubuntu/spark-2.1.1-bin-hadoop2.7/jars/datanucleus-rdbms-3.2.9.jar
7fc9fcc14000-7fc9fcc25000 r--s 0010d000 ca:01 261714                     /home/ubuntu/spark-2.1.1-bin-hadoop2.7/jars/jackson-databind-2.6.5.jar
7fc9fcc25000-7fc9fcc27000 r--s 0000a000 ca:01 261612                     /home/ubuntu/spark-2.1.1-bin-hadoop2.7/jars/spark-unsafe_2.11-2.1.1.jar
7fc9fcc27000-7fc9fcc4b000 r--s 001cd000 ca:01 261855                     /home/ubuntu/spark-2.1.1-bin-hadoop2.7/jars/commons-math3-3.4.1.jar
7fc9fcc4b000-7fc9fcc4f000 r--s 0002a000 ca:01 261747                     /home/ubuntu/spark-2.1.1-bin-hadoop2.7/jars/commons-io-2.4.jar
7fc9fcc4f000-7fc9fcc57000 r--s 00059000 ca:01 261611                     /home/ubuntu/spark-2.1.1-bin-hadoop2.7/jars/javolution-5.5.1.jar
7fc9fcc57000-7fc9fcc58000 r--s 00003000 ca:01 261568                     /home/ubuntu/spark-2.1.1-bin-hadoop2.7/jars/jta-1.1.jar
7fc9fcc58000-7fc9fcc5b000 r--s 00009000 ca:01 261751                     /home/ubuntu/spark-2.1.1-bin-hadoop2.7/jars/jackson-annotations-2.6.5.jar
7fc9fcc5b000-7fc9fcc76000 r--s 001d8000 ca:01 261572                     /home/ubuntu/spark-2.1.1-bin-hadoop2.7/jars/jets3t-0.9.3.jar
7fc9fcc76000-7fc9fcc7b000 r--s 0002a000 ca:01 261576                     /home/ubuntu/spark-2.1.1-bin-hadoop2.7/jars/commons-beanutils-1.7.0.jar
7fc9fcc7b000-7fc9fcc7d000 r--s 00006000 ca:01 261588                     /home/ubuntu/spark-2.1.1-bin-hadoop2.7/jars/paranamer-2.3.jar
7fc9fcc7d000-7fc9fcc81000 r--s 0002c000 ca:01 261748                     /home/ubuntu/spark-2.1.1-bin-hadoop2.7/jars/avro-ipc-1.7.7.jar
7fc9fcc81000-7fc9fcc82000 r--s 00003000 ca:01 261594                     /home/ubuntu/spark-2.1.1-bin-hadoop2.7/jars/xmlenc-0.52.jar
7fc9fcc82000-7fc9fcc9f000 r--s 001d5000 ca:01 261860                     /home/ubuntu/spark-2.1.1-bin-hadoop2.7/jars/hadoop-yarn-api-2.7.3.jar
7fc9fcc9f000-7fc9fcca0000 r--s 00004000 ca:01 261716                     /home/ubuntu/spark-2.1.1-bin-hadoop2.7/jars/opencsv-2.3.jar
7fc9fcca0000-7fc9fcca4000 r--s 00014000 ca:01 261856                     /home/ubuntu/spark-2.1.1-bin-hadoop2.7/jars/xz-1.0.jar
7fc9fcca4000-7fc9fcca7000 r--s 000fd000 ca:01 261604                     /home/ubuntu/spark-2.1.1-bin-hadoop2.7/jars/leveldbjni-all-1.8.jar
7fc9fcca7000-7fc9fccad000 r--s 00063000 ca:01 261849                     /home/ubuntu/spark-2.1.1-bin-hadoop2.7/jars/jodd-core-3.5.2.jar
7fc9fccad000-7fc9fccb1000 r--s 00030000 ca:01 261532                     /home/ubuntu/spark-2.1.1-bin-hadoop2.7/jars/commons-net-2.2.jar
7fc9fccb1000-7fc9fccb5000 r--s 00028000 ca:01 261608                     /home/ubuntu/spark-2.1.1-bin-hadoop2.7/jars/spark-mllib-local_2.11-2.1.1.jar
7fc9fccb5000-7fc9fccbc000 r--s 0007d000 ca:01 261722                     /home/ubuntu/spark-2.1.1-bin-hadoop2.7/jars/jetty-6.1.26.jar
7fc9fccbc000-7fc9fccbf000 r--s 0002f000 ca:01 261546                     /home/ubuntu/spark-2.1.1-bin-hadoop2.7/jars/RoaringBitmap-0.5.11.jar
7fc9fccbf000-7fc9fccc0000 r--s 00001000 ca:01 261621                     /home/ubuntu/spark-2.1.1-bin-hadoop2.7/jars/pmml-schema-1.2.15.jar
7fc9fccc0000-7fc9fccc4000 r--s 00028000 ca:01 261573                     /home/ubuntu/spark-2.1.1-bin-hadoop2.7/jars/jetty-util-6.1.26.jar
7fc9fccc4000-7fc9fccc7000 r--s 00006000 ca:01 261721                     /home/ubuntu/spark-2.1.1-bin-hadoop2.7/jars/jsr305-1.3.9.jar
7fc9fccc7000-7fc9fccce000 r--s 0005d000 ca:01 261793                     /home/ubuntu/spark-2.1.1-bin-hadoop2.7/jars/mx4j-3.0.2.jar
7fc9fccce000-7fc9fccd0000 r--s 0000e000 ca:01 261821                     /home/ubuntu/spark-2.1.1-bin-hadoop2.7/jars/guice-servlet-3.0.jar
7fc9fccd0000-7fc9fccd8000 r--s 0007b000 ca:01 261737                     /home/ubuntu/spark-2.1.1-bin-hadoop2.7/jars/protobuf-java-2.5.0.jar
7fc9fccd8000-7fc9fcce1000 r--s 00062000 ca:01 261580                     /home/ubuntu/spark-2.1.1-bin-hadoop2.7/jars/avro-1.7.7.jar
7fc9fcce1000-7fc9fcce3000 r--s 00003000 ca:01 261733                     /home/ubuntu/spark-2.1.1-bin-hadoop2.7/jars/jcl-over-slf4j-1.7.16.jar
7fc9fcce3000-7fc9fcdb3000 r--s 00cf0000 ca:01 261540                     /home/ubuntu/spark-2.1.1-bin-hadoop2.7/jars/breeze_2.11-0.12.jar
7fc9fcdb3000-7fc9fcdb4000 r--s 00002000 ca:01 261619                     /home/ubuntu/spark-2.1.1-bin-hadoop2.7/jars/slf4j-log4j12-1.7.16.jar
7fc9fcdb4000-7fc9fcdb6000 r--s 00006000 ca:01 261578                     /home/ubuntu/spark-2.1.1-bin-hadoop2.7/jars/spark-sketch_2.11-2.1.1.jar
7fc9fcdb6000-7fc9fcdbb000 r--s 00068000 ca:01 261791                     /home/ubuntu/spark-2.1.1-bin-hadoop2.7/jars/antlr-2.7.7.jar
7fc9fcdbb000-7fc9fcdc8000 r--s 0009e000 ca:01 261822                     /home/ubuntu/spark-2.1.1-bin-hadoop2.7/jars/spark-graphx_2.11-2.1.1.jar
7fc9fcdc8000-7fc9fcdcd000 r--s 00028000 ca:01 261841                     /home/ubuntu/spark-2.1.1-bin-hadoop2.7/jars/avro-mapred-1.7.7-hadoop2.jar
7fc9fcdcd000-7fc9fcde3000 r--s 00124000 ca:01 261833                     /home/ubuntu/spark-2.1.1-bin-hadoop2.7/jars/ivy-2.4.0.jar
7fc9fcde3000-7fc9fcdeb000 r--s 00078000 ca:01 261805                     /home/ubuntu/spark-2.1.1-bin-hadoop2.7/jars/mail-1.4.7.jar
7fc9fcdeb000-7fc9fcdf0000 r--s 0004e000 ca:01 261582                     /home/ubuntu/spark-2.1.1-bin-hadoop2.7/jars/datanucleus-api-jdo-3.2.6.jar
7fc9fcdf0000-7fc9fcec8000 r--s 00a88000 ca:01 261543                     /home/ubuntu/spark-2.1.1-bin-hadoop2.7/jars/spark-core_2.11-2.1.1.jar
7fc9fcec8000-7fc9fcee0000 r--s 001b6000 ca:01 261569                     /home/ubuntu/spark-2.1.1-bin-hadoop2.7/jars/datanucleus-core-3.2.10.jar
7fc9fcee0000-7fc9fcef4000 r--s 000ec000 ca:01 261539                     /home/ubuntu/spark-2.1.1-bin-hadoop2.7/jars/parquet-jackson-1.8.1.jar
7fc9fcef4000-7fc9fd000000 r--s 00dba000 ca:01 261859                     /home/ubuntu/spark-2.1.1-bin-hadoop2.7/jars/scala-compiler-2.11.8.jar
7fc9fd000000-7fca008e0000 rwxp 00000000 00:00 0 
7fca008e0000-7fca0c000000 ---p 00000000 00:00 0 
7fca0c000000-7fca0cda4000 rw-p 00000000 00:00 0 
7fca0cda4000-7fca10000000 ---p 00000000 00:00 0 
7fca10000000-7fca10002000 r--s 00000000 ca:01 261759                     /home/ubuntu/spark-2.1.1-bin-hadoop2.7/jars/aopalliance-1.0.jar
7fca10002000-7fca10004000 r--s 00012000 ca:01 261730                     /home/ubuntu/spark-2.1.1-bin-hadoop2.7/jars/compress-lzf-1.0.3.jar
7fca10004000-7fca10006000 r--s 0000e000 ca:01 261785                     /home/ubuntu/spark-2.1.1-bin-hadoop2.7/jars/hadoop-mapreduce-client-jobclient-2.7.3.jar
7fca10006000-7fca10008000 r--s 0000e000 ca:01 261536                     /home/ubuntu/spark-2.1.1-bin-hadoop2.7/jars/oro-2.0.8.jar
7fca10008000-7fca1000a000 r--s 00003000 ca:01 261826                     /home/ubuntu/spark-2.1.1-bin-hadoop2.7/jars/JavaEWAH-0.3.2.jar
7fca1000a000-7fca1000c000 r--s 0000f000 ca:01 261757                     /home/ubuntu/spark-2.1.1-bin-hadoop2.7/jars/spark-launcher_2.11-2.1.1.jar
7fca1000c000-7fca1002e000 r--s 00335000 ca:01 261750                     /home/ubuntu/spark-2.1.1-bin-hadoop2.7/jars/mesos-1.0.0-shaded-protobuf.jar
7fca1002e000-7fca1002f000 r--s 00001000 ca:01 261610                     /home/ubuntu/spark-2.1.1-bin-hadoop2.7/jars/minlog-1.3.0.jar
7fca1002f000-7fca10032000 r--s 0001a000 ca:01 261834                     /home/ubuntu/spark-2.1.1-bin-hadoop2.7/jars/py4j-0.10.4.jar
7fca10032000-7fca10033000 r--s 00009000 ca:01 261601                     /home/ubuntu/spark-2.1.1-bin-hadoop2.7/jars/json4s-jackson_2.11-3.2.11.jar
7fca10033000-7fca10035000 r--s 0000d000 ca:01 261725                     /home/ubuntu/spark-2.1.1-bin-hadoop2.7/jars/hadoop-yarn-server-web-proxy-2.7.3.jar
7fca10035000-7fca10098000 r--s 004de000 ca:01 261719                     /home/ubuntu/spark-2.1.1-bin-hadoop2.7/jars/hive-metastore-1.2.1.spark2.jar
7fca10098000-7fca1009f000 r--s 00039000 ca:01 261727                     /home/ubuntu/spark-2.1.1-bin-hadoop2.7/jars/calcite-avatica-1.2.0-incubating.jar
7fca1009f000-7fca100a6000 r--s 0003f000 ca:01 261603                     /home/ubuntu/spark-2.1.1-bin-hadoop2.7/jars/commons-codec-1.10.jar
7fca100a6000-7fca100a8000 r--s 00100000 ca:01 261842                     /home/ubuntu/spark-2.1.1-bin-hadoop2.7/jars/snappy-java-1.1.2.6.jar
7fca100a8000-7fca100ac000 r--s 00029000 ca:01 261591                     /home/ubuntu/spark-2.1.1-bin-hadoop2.7/jars/hk2-locator-2.4.0-b34.jar
7fca100ac000-7fca100af000 r--s 0000d000 ca:01 261742                     /home/ubuntu/spark-2.1.1-bin-hadoop2.7/jars/spark-network-shuffle_2.11-2.1.1.jar
7fca100af000-7fca100b0000 r--s 00006000 ca:01 261788                     /home/ubuntu/spark-2.1.1-bin-hadoop2.7/jars/jackson-xc-1.9.13.jar
7fca100b0000-7fca100c6000 r--s 000d1000 ca:01 261585                     /home/ubuntu/spark-2.1.1-bin-hadoop2.7/jars/parquet-column-1.8.1.jar
7fca100c6000-7fca100eb000 rw-p 00000000 00:00 0 
7fca100eb000-7fca100ec000 r--s 00002000 ca:01 261764                     /home/ubuntu/spark-2.1.1-bin-hadoop2.7/jars/jpam-1.1.jar
7fca100ec000-7fca100fb000 r--s 0009f000 ca:01 261734                     /home/ubuntu/spark-2.1.1-bin-hadoop2.7/jars/guice-3.0.jar
7fca100fb000-7fca10114000 r--s 00150000 ca:01 261626                     /home/ubuntu/spark-2.1.1-bin-hadoop2.7/jars/htrace-core-3.1.0-incubating.jar
7fca10114000-7fca1012a000 r--s 000d3000 ca:01 261625                     /home/ubuntu/spark-2.1.1-bin-hadoop2.7/jars/jersey-server-2.22.2.jar
7fca1012a000-7fca1012c000 r--s 00008000 ca:01 261581                     /home/ubuntu/spark-2.1.1-bin-hadoop2.7/jars/parquet-common-1.8.1.jar
7fca1012c000-7fca1012e000 r--s 00002000 ca:01 261606                     /home/ubuntu/spark-2.1.1-bin-hadoop2.7/jars/aopalliance-repackaged-2.4.0-b34.jar
7fca1012e000-7fca10132000 r--s 0003c000 ca:01 261854                     /home/ubuntu/spark-2.1.1-bin-hadoop2.7/jars/jackson-core-2.6.5.jar
7fca10132000-7fca1013d000 r--s 00062000 ca:01 261729                     /home/ubuntu/spark-2.1.1-bin-hadoop2.7/jars/calcite-linq4j-1.2.0-incubating.jar
7fca1013d000-7fca10173000 r--s 0031c000 ca:01 261565                     /home/ubuntu/spark-2.1.1-bin-hadoop2.7/jars/hadoop-common-2.7.3.jar
7fca10173000-7fca10177000 r--s 0001a000 ca:01 261579                     /home/ubuntu/spark-2.1.1-bin-hadoop2.7/jars/hk2-utils-2.4.0-b34.jar
7fca10177000-7fca10183000 r--s 000b6000 ca:01 261831                     /home/ubuntu/spark-2.1.1-bin-hadoop2.7/jars/zookeeper-3.4.6.jar
7fca10183000-7fca10189000 r--s 00040000 ca:01 261709                     /home/ubuntu/spark-2.1.1-bin-hadoop2.7/jars/parquet-encoding-1.8.1.jar
7fca10189000-7fca1018e000 r--s 00036000 ca:01 261574                     /home/ubuntu/spark-2.1.1-bin-hadoop2.7/jars/commons-compress-1.4.1.jar
7fca1018e000-7fca101bb000 r--s 001d4000 ca:01 261863                     /home/ubuntu/spark-2.1.1-bin-hadoop2.7/jars/spark-streaming_2.11-2.1.1.jar
7fca101bb000-7fca101be000 r--s 00022000 ca:01 261806                     /home/ubuntu/spark-2.1.1-bin-hadoop2.7/jars/stringtemplate-3.2.1.jar
7fca101be000-7fca101c5000 r--s 00036000 ca:01 261624                     /home/ubuntu/spark-2.1.1-bin-hadoop2.7/jars/curator-recipes-2.6.0.jar
7fca101c5000-7fca101c9000 r--s 00029000 ca:01 261548                     /home/ubuntu/spark-2.1.1-bin-hadoop2.7/jars/breeze-macros_2.11-0.12.jar
7fca101c9000-7fca101cd000 r--s 00036000 ca:01 261851                     /home/ubuntu/spark-2.1.1-bin-hadoop2.7/jars/ST4-4.0.4.jar
7fca101cd000-7fca101d1000 r--s 00018000 ca:01 261584                     /home/ubuntu/spark-2.1.1-bin-hadoop2.7/jars/metrics-core-3.1.2.jar
7fca101d1000-7fca101df000 r--s 000b1000 ca:01 261754                     /home/ubuntu/spark-2.1.1-bin-hadoop2.7/jars/jackson-mapper-asl-1.9.13.jar
7fca101df000-7fca101ef000 r--s 000a0000 ca:01 261599                     /home/ubuntu/spark-2.1.1-bin-hadoop2.7/jars/spark-yarn_2.11-2.1.1.jar
7fca101ef000-7fca101f0000 r--s 00003000 ca:01 261590                     /home/ubuntu/spark-2.1.1-bin-hadoop2.7/jars/spark-tags_2.11-2.1.1.jar
7fca101f0000-7fca10202000 r--s 00097000 ca:01 261804                     /home/ubuntu/spark-2.1.1-bin-hadoop2.7/jars/apacheds-kerberos-codec-2.0.0-M15.jar
7fca10202000-7fca10205000 r--s 00017000 ca:01 261800                     /home/ubuntu/spark-2.1.1-bin-hadoop2.7/jars/jaxb-api-2.2.2.jar
7fca10205000-7fca10207000 r--s 00009000 ca:01 261848                     /home/ubuntu/spark-2.1.1-bin-hadoop2.7/jars/objenesis-2.1.jar
7fca10207000-7fca10272000 r--s 00784000 ca:01 261535                     /home/ubuntu/spark-2.1.1-bin-hadoop2.7/jars/hadoop-hdfs-2.7.3.jar
7fca10272000-7fca10274000 r--s 00010000 ca:01 261752                     /home/ubuntu/spark-2.1.1-bin-hadoop2.7/jars/jersey-media-jaxb-2.22.2.jar
7fca10274000-7fca10281000 r--s 00083000 ca:01 261598                     /home/ubuntu/spark-2.1.1-bin-hadoop2.7/jars/commons-collections-3.2.2.jar
7fca10281000-7fca10288000 r--s 00051000 ca:01 261542                     /home/ubuntu/spark-2.1.1-bin-hadoop2.7/jars/kryo-shaded-3.0.3.jar
7fca10288000-7fca102bf000 r--s 00325000 ca:01 261802                     /home/ubuntu/spark-2.1.1-bin-hadoop2.7/jars/calcite-core-1.2.0-incubating.jar
7fca102bf000-7fca102c2000 r--s 00012000 ca:01 261602                     /home/ubuntu/spark-2.1.1-bin-hadoop2.7/jars/json4s-ast_2.11-3.2.11.jar
7fca102c2000-7fca102c4000 r--s 0000e000 ca:01 261794                     /home/ubuntu/spark-2.1.1-bin-hadoop2.7/jars/commons-logging-1.1.3.jar
7fca102c4000-7fca1036d000 r--s 00a4f000 ca:01 261801                     /home/ubuntu/spark-2.1.1-bin-hadoop2.7/jars/hive-exec-1.2.1.spark2.jar
7fca1036d000-7fca1036e000 r--s 0000b000 ca:01 261631                     /home/ubuntu/spark-2.1.1-bin-hadoop2.7/jars/snappy-0.2.jar
7fca1036e000-7fca10371000 r--s 00028000 ca:01 261541                     /home/ubuntu/spark-2.1.1-bin-hadoop2.7/jars/stream-2.7.0.jar
7fca10371000-7fca103a5000 r--s 00277000 ca:01 261592                     /home/ubuntu/spark-2.1.1-bin-hadoop2.7/jars/parquet-hadoop-bundle-1.6.0.jar
7fca103a5000-7fca103a9000 r--s 0000c000 ca:01 261617                     /home/ubuntu/spark-2.1.1-bin-hadoop2.7/jars/validation-api-1.1.0.Final.jar
7fca103a9000-7fca103d2000 r--s 001ee000 ca:01 261862                     /home/ubuntu/spark-2.1.1-bin-hadoop2.7/jars/guava-14.0.1.jar
7fca103d2000-7fca103df000 r--s 00071000 ca:01 261832                     /home/ubuntu/spark-2.1.1-bin-hadoop2.7/jars/jackson-module-scala_2.11-2.6.5.jar
7fca103df000-7fca103f8000 r--s 00114000 ca:01 261577                     /home/ubuntu/spark-2.1.1-bin-hadoop2.7/jars/spark-hive_2.11-2.1.1.jar
7fca103f8000-7fca10410000 r--s 00115000 ca:01 261824                     /home/ubuntu/spark-2.1.1-bin-hadoop2.7/jars/netty-3.8.0.Final.jar
7fca10410000-7fca10469000 r--s 00522000 ca:01 261865                     /home/ubuntu/spark-2.1.1-bin-hadoop2.7/jars/scala-library-2.11.8.jar
7fca10469000-7fca10470000 r--s 00049000 ca:01 261852                     /home/ubuntu/spark-2.1.1-bin-hadoop2.7/jars/univocity-parsers-2.2.1.jar
7fca10470000-7fca104bc000 r--s 00411000 ca:01 261857                     /home/ubuntu/spark-2.1.1-bin-hadoop2.7/jars/scala-reflect-2.11.8.jar
7fca104bc000-7fca104ca000 r--s 0009d000 ca:01 261614                     /home/ubuntu/spark-2.1.1-bin-hadoop2.7/jars/jersey-common-2.22.2.jar
7fca104ca000-7fca104d4000 r--s 000aa000 ca:01 261762                     /home/ubuntu/spark-2.1.1-bin-hadoop2.7/jars/janino-3.0.0.jar
7fca104d4000-7fca104d5000 r--s 00008000 ca:01 261844                     /home/ubuntu/spark-2.1.1-bin-hadoop2.7/jars/commons-compiler-3.0.0.jar
7fca104d5000-7fca104de000 r--s 00097000 ca:01 261837                     /home/ubuntu/spark-2.1.1-bin-hadoop2.7/jars/pmml-model-1.2.15.jar
7fca104de000-7fca104e0000 r--s 00005000 ca:01 261741                     /home/ubuntu/spark-2.1.1-bin-hadoop2.7/jars/stax-api-1.0.1.jar
7fca104e0000-7fca104e4000 r--s 00035000 ca:01 261597                     /home/ubuntu/spark-2.1.1-bin-hadoop2.7/jars/jackson-core-asl-1.9.13.jar
7fca104e4000-7fca104e7000 r--s 00019000 ca:01 261530                     /home/ubuntu/spark-2.1.1-bin-hadoop2.7/jars/bonecp-0.8.0.RELEASE.jar
7fca104e7000-7fca104e9000 r--s 00038000 ca:01 261789                     /home/ubuntu/spark-2.1.1-bin-hadoop2.7/jars/lz4-1.3.0.jar
7fca104e9000-7fca10502000 r--s 00164000 ca:01 261738                     /home/ubuntu/spark-2.1.1-bin-hadoop2.7/jars/hadoop-mapreduce-client-core-2.7.3.jar
7fca10502000-7fca10505000 r--s 00026000 ca:01 261792                     /home/ubuntu/spark-2.1.1-bin-hadoop2.7/jars/hadoop-yarn-client-2.7.3.jar
7fca10505000-7fca10507000 r--s 00017000 ca:01 261607                     /home/ubuntu/spark-2.1.1-bin-hadoop2.7/jars/hive-jdbc-1.2.1.spark2.jar
7fca10507000-7fca10588000 r--s 005d9000 ca:01 261746                     /home/ubuntu/spark-2.1.1-bin-hadoop2.7/jars/spark-sql_2.11-2.1.1.jar
7fca10588000-7fca10589000 r--s 00006000 ca:01 261755                     /home/ubuntu/spark-2.1.1-bin-hadoop2.7/jars/hadoop-client-2.7.3.jar
7fca10589000-7fca10590000 r--s 00058000 ca:01 261609                     /home/ubuntu/spark-2.1.1-bin-hadoop2.7/jars/hadoop-yarn-server-common-2.7.3.jar
7fca10590000-7fca10591000 r--s 0000a000 ca:01 261616                     /home/ubuntu/spark-2.1.1-bin-hadoop2.7/jars/apacheds-i18n-2.0.0-M15.jar
7fca10591000-7fca10592000 r--s 00000000 ca:01 261600                     /home/ubuntu/spark-2.1.1-bin-hadoop2.7/jars/javax.inject-1.jar
7fca10592000-7fca10598000 r--s 00045000 ca:01 261605                     /home/ubuntu/spark-2.1.1-bin-hadoop2.7/jars/commons-httpclient-3.1.jar
7fca10598000-7fca105a5000 r--s 000a7000 ca:01 261627                     /home/ubuntu/spark-2.1.1-bin-hadoop2.7/jars/httpclient-4.5.2.jar
7fca105a5000-7fca105a7000 r--s 0001f000 ca:01 261825                     /home/ubuntu/spark-2.1.1-bin-hadoop2.7/jars/commons-crypto-1.0.0.jar
7fca105a7000-7fca105ac000 r--s 0002a000 ca:01 261735                     /home/ubuntu/spark-2.1.1-bin-hadoop2.7/jars/gson-2.2.4.jar
7fca105ac000-7fca105ec000 r--s 00277000 ca:01 261767                     /home/ubuntu/spark-2.1.1-bin-hadoop2.7/jars/bcprov-jdk15on-1.51.jar
7fca105ec000-7fca105ef000 r--s 00016000 ca:01 261593                     /home/ubuntu/spark-2.1.1-bin-hadoop2.7/jars/jsp-api-2.1.jar
7fca105ef000-7fca105f0000 r--s 00001000 ca:01 261838                     /home/ubuntu/spark-2.1.1-bin-hadoop2.7/jars/javax.inject-2.4.0-b34.jar
7fca105f0000-7fca105f1000 r--s 00002000 ca:01 261586                     /home/ubuntu/spark-2.1.1-bin-hadoop2.7/jars/java-xmlbuilder-1.0.jar
7fca105f1000-7fca105f3000 r--s 00015000 ca:01 261547                     /home/ubuntu/spark-2.1.1-bin-hadoop2.7/jars/hadoop-auth-2.7.3.jar
7fca105f3000-7fca105f7000 r--s 0002f000 ca:01 261795                     /home/ubuntu/spark-2.1.1-bin-hadoop2.7/jars/commons-beanutils-core-1.8.0.jar
7fca105f7000-7fca10626000 r--s 002e5000 ca:01 261846                     /home/ubuntu/spark-2.1.1-bin-hadoop2.7/jars/derby-10.12.1.1.jar
7fca10626000-7fca10628000 r--s 00008000 ca:01 261544                     /home/ubuntu/spark-2.1.1-bin-hadoop2.7/jars/metrics-jvm-3.1.2.jar
7fca10628000-7fca1062b000 r--s 00015000 ca:01 261723                     /home/ubuntu/spark-2.1.1-bin-hadoop2.7/jars/pyrolite-4.13.jar
7fca1062b000-7fca1062d000 r--s 0000e000 ca:01 261760                     /home/ubuntu/spark-2.1.1-bin-hadoop2.7/jars/spark-repl_2.11-2.1.1.jar
7fca1062d000-7fca10636000 r--s 0006f000 ca:01 261724                     /home/ubuntu/spark-2.1.1-bin-hadoop2.7/jars/log4j-1.2.17.jar
7fca10636000-7fca1063a000 r--s 00025000 ca:01 261850                     /home/ubuntu/spark-2.1.1-bin-hadoop2.7/jars/jersey-client-2.22.2.jar
7fca1063a000-7fca10641000 r--s 00058000 ca:01 261589                     /home/ubuntu/spark-2.1.1-bin-hadoop2.7/jars/parquet-format-2.3.0-incubating.jar
7fca10641000-7fca10643000 r--s 00003000 ca:01 261615                     /home/ubuntu/spark-2.1.1-bin-hadoop2.7/jars/api-asn1-api-1.0.0-M20.jar
7fca10643000-7fca1064d000 r--s 0007b000 ca:01 261847                     /home/ubuntu/spark-2.1.1-bin-hadoop2.7/jars/hadoop-mapreduce-client-app-2.7.3.jar
7fca1064d000-7fca10650000 r--s 0000e000 ca:01 261575                     /home/ubuntu/spark-2.1.1-bin-hadoop2.7/jars/jersey-container-servlet-core-2.22.2.jar
7fca10650000-7fca10654000 r--s 00025000 ca:01 261538                     /home/ubuntu/spark-2.1.1-bin-hadoop2.7/jars/antlr-runtime-3.4.jar
7fca10654000-7fca10665000 r--s 00089000 ca:01 261623                     /home/ubuntu/spark-2.1.1-bin-hadoop2.7/jars/joda-time-2.9.3.jar
7fca10665000-7fca10667000 r--s 00005000 ca:01 261743                     /home/ubuntu/spark-2.1.1-bin-hadoop2.7/jars/javax.annotation-api-1.2.jar
7fca10667000-7fca1066c000 r--s 00032000 ca:01 261864                     /home/ubuntu/spark-2.1.1-bin-hadoop2.7/jars/chill_2.11-0.8.0.jar
7fca1066c000-7fca10677000 r--s 0005d000 ca:01 261853                     /home/ubuntu/spark-2.1.1-bin-hadoop2.7/jars/scala-parser-combinators_2.11-1.0.4.jar
7fca10677000-7fca10689000 r--s 00112000 ca:01 261835                     /home/ubuntu/spark-2.1.1-bin-hadoop2.7/jars/arpack_combined_all-0.1.jar
7fca10689000-7fca106a1000 r--s 000d6000 ca:01 261571                     /home/ubuntu/spark-2.1.1-bin-hadoop2.7/jars/jersey-guava-2.22.2.jar
7fca106a1000-7fca106a7000 r--s 0002c000 ca:01 261828                     /home/ubuntu/spark-2.1.1-bin-hadoop2.7/jars/jdo-api-3.0.1.jar
7fca106a7000-7fca106ae000 r--s 00046000 ca:01 261797                     /home/ubuntu/spark-2.1.1-bin-hadoop2.7/jars/libfb303-0.9.3.jar
7fca106ae000-7fca106b0000 r--s 00010000 ca:01 261622                     /home/ubuntu/spark-2.1.1-bin-hadoop2.7/jars/hadoop-mapreduce-client-shuffle-2.7.3.jar
7fca106b0000-7fca106b2000 r--s 00000000 ca:01 261836                     /home/ubuntu/spark-2.1.1-bin-hadoop2.7/jars/jul-to-slf4j-1.7.16.jar
7fca106b2000-7fca106b5000 r--s 00014000 ca:01 261761                     /home/ubuntu/spark-2.1.1-bin-hadoop2.7/jars/super-csv-2.2.0.jar
7fca106b5000-7fca106c7000 r--s 000b3000 ca:01 261829                     /home/ubuntu/spark-2.1.1-bin-hadoop2.7/jars/scalap-2.11.8.jar
7fca106c7000-7fca106c9000 r--s 00003000 ca:01 261843                     /home/ubuntu/spark-2.1.1-bin-hadoop2.7/jars/base64-2.3.8.jar
7fca106c9000-7fca106cb000 r--s 00003000 ca:01 261570                     /home/ubuntu/spark-2.1.1-bin-hadoop2.7/jars/jersey-container-servlet-2.22.2.jar
7fca106cb000-7fca106d5000 r--s 000a5000 ca:01 261766                     /home/ubuntu/spark-2.1.1-bin-hadoop2.7/jars/javassist-3.18.1-GA.jar
7fca106d5000-7fca106d6000 r--s 00009000 ca:01 261534                     /home/ubuntu/spark-2.1.1-bin-hadoop2.7/jars/hadoop-annotations-2.7.3.jar
7fca106d6000-7fca106ee000 r--s 00115000 ca:01 261537                     /home/ubuntu/spark-2.1.1-bin-hadoop2.7/jars/xercesImpl-2.9.1.jar
7fca106ee000-7fca106f1000 r--s 00021000 ca:01 261596                     /home/ubuntu/spark-2.1.1-bin-hadoop2.7/jars/xbean-asm5-shaded-4.4.jar
7fca106f1000-7fca106f4000 r--s 00025000 ca:01 261618                     /home/ubuntu/spark-2.1.1-bin-hadoop2.7/jars/commons-dbcp-1.4.jar
7fca106f4000-7fca1071b000 r--s 0020f000 ca:01 261726                     /home/ubuntu/spark-2.1.1-bin-hadoop2.7/jars/netty-all-4.0.42.Final.jar
7fca1071b000-7fca1071e000 r--s 00015000 ca:01 261620                     /home/ubuntu/spark-2.1.1-bin-hadoop2.7/jars/commons-pool-1.5.4.jar
7fca1071e000-7fca10773000 r--s 0069c000 ca:01 261595                     /home/ubuntu/spark-2.1.1-bin-hadoop2.7/jars/spire_2.11-0.7.4.jar
7fca10773000-7fca10775000 r--s 00004000 ca:01 261787                     /home/ubuntu/spark-2.1.1-bin-hadoop2.7/jars/metrics-graphite-3.1.2.jar
7fca10775000-7fca10776000 r--s 00003000 ca:01 261827                     /home/ubuntu/spark-2.1.1-bin-hadoop2.7/jars/metrics-json-3.1.2.jar
7fca10776000-7fca1077b000 r--s 00027000 ca:01 261861                     /home/ubuntu/spark-2.1.1-bin-hadoop2.7/jars/hk2-api-2.4.0-b34.jar
7fca1077b000-7fca10781000 r--s 00034000 ca:01 261799                     /home/ubuntu/spark-2.1.1-bin-hadoop2.7/jars/libthrift-0.9.3.jar
7fca10781000-7fca1079c000 r--s 001d6000 ca:01 256870                     /usr/lib/jvm/java-8-openjdk-amd64/jre/lib/ext/nashorn.jar
7fca1079c000-7fca107b7000 r--s 00394000 ca:01 256871                     /usr/lib/jvm/java-8-openjdk-amd64/jre/lib/ext/cldrdata.jar
7fca107b7000-7fca107b8000 ---p 00000000 00:00 0 
7fca107b8000-7fca108b8000 rw-p 00000000 00:00 0 
7fca108b8000-7fca108bb000 ---p 00000000 00:00 0 
7fca108bb000-7fca109b9000 rw-p 00000000 00:00 0 
7fca109b9000-7fca109bc000 ---p 00000000 00:00 0 
7fca109bc000-7fca10aba000 rw-p 00000000 00:00 0 
7fca10aba000-7fca10abd000 ---p 00000000 00:00 0 
7fca10abd000-7fca10bbb000 rw-p 00000000 00:00 0 
7fca10bbb000-7fca10bbe000 ---p 00000000 00:00 0 
7fca10bbe000-7fca10cbc000 rw-p 00000000 00:00 0 
7fca10cbc000-7fca10e54000 r--p 00000000 ca:01 29052                      /usr/lib/locale/locale-archive
7fca10e54000-7fca10e57000 ---p 00000000 00:00 0 
7fca10e57000-7fca10f55000 rw-p 00000000 00:00 0 
7fca10f55000-7fca10f58000 ---p 00000000 00:00 0 
7fca10f58000-7fca11056000 rw-p 00000000 00:00 0 
7fca11056000-7fca11057000 ---p 00000000 00:00 0 
7fca11057000-7fca11157000 rw-p 00000000 00:00 0 
7fca11157000-7fca11326000 r--s 03c32000 ca:01 256863                     /usr/lib/jvm/java-8-openjdk-amd64/jre/lib/rt.jar
7fca11326000-7fca11b9c000 rw-p 00000000 00:00 0 
7fca11b9c000-7fca11bf2000 rw-p 00000000 00:00 0 
7fca11bf2000-7fca11cf2000 ---p 00000000 00:00 0 
7fca11cf2000-7fca11d1d000 rw-p 00000000 00:00 0 
7fca11d1d000-7fca11d9c000 ---p 00000000 00:00 0 
7fca11d9c000-7fca11df2000 rw-p 00000000 00:00 0 
7fca11df2000-7fca11ef2000 ---p 00000000 00:00 0 
7fca11ef2000-7fca11fd7000 rw-p 00000000 00:00 0 
7fca11fd7000-7fca122b3000 ---p 00000000 00:00 0 
7fca122b3000-7fca122bb000 r-xp 00000000 ca:01 256902                     /usr/lib/jvm/java-8-openjdk-amd64/jre/lib/amd64/libzip.so
7fca122bb000-7fca124ba000 ---p 00008000 ca:01 256902                     /usr/lib/jvm/java-8-openjdk-amd64/jre/lib/amd64/libzip.so
7fca124ba000-7fca124bb000 r--p 00007000 ca:01 256902                     /usr/lib/jvm/java-8-openjdk-amd64/jre/lib/amd64/libzip.so
7fca124bb000-7fca124bc000 rw-p 00008000 ca:01 256902                     /usr/lib/jvm/java-8-openjdk-amd64/jre/lib/amd64/libzip.so
7fca124bc000-7fca124c7000 r-xp 00000000 ca:01 1993                       /lib/x86_64-linux-gnu/libnss_files-2.23.so
7fca124c7000-7fca126c6000 ---p 0000b000 ca:01 1993                       /lib/x86_64-linux-gnu/libnss_files-2.23.so
7fca126c6000-7fca126c7000 r--p 0000a000 ca:01 1993                       /lib/x86_64-linux-gnu/libnss_files-2.23.so
7fca126c7000-7fca126c8000 rw-p 0000b000 ca:01 1993                       /lib/x86_64-linux-gnu/libnss_files-2.23.so
7fca126c8000-7fca126ce000 rw-p 00000000 00:00 0 
7fca126ce000-7fca126d9000 r-xp 00000000 ca:01 1997                       /lib/x86_64-linux-gnu/libnss_nis-2.23.so
7fca126d9000-7fca128d8000 ---p 0000b000 ca:01 1997                       /lib/x86_64-linux-gnu/libnss_nis-2.23.so
7fca128d8000-7fca128d9000 r--p 0000a000 ca:01 1997                       /lib/x86_64-linux-gnu/libnss_nis-2.23.so
7fca128d9000-7fca128da000 rw-p 0000b000 ca:01 1997                       /lib/x86_64-linux-gnu/libnss_nis-2.23.so
7fca128da000-7fca128f0000 r-xp 00000000 ca:01 1977                       /lib/x86_64-linux-gnu/libnsl-2.23.so
7fca128f0000-7fca12aef000 ---p 00016000 ca:01 1977                       /lib/x86_64-linux-gnu/libnsl-2.23.so
7fca12aef000-7fca12af0000 r--p 00015000 ca:01 1977                       /lib/x86_64-linux-gnu/libnsl-2.23.so
7fca12af0000-7fca12af1000 rw-p 00016000 ca:01 1977                       /lib/x86_64-linux-gnu/libnsl-2.23.so
7fca12af1000-7fca12af3000 rw-p 00000000 00:00 0 
7fca12af3000-7fca12afb000 r-xp 00000000 ca:01 1988                       /lib/x86_64-linux-gnu/libnss_compat-2.23.so
7fca12afb000-7fca12cfa000 ---p 00008000 ca:01 1988                       /lib/x86_64-linux-gnu/libnss_compat-2.23.so
7fca12cfa000-7fca12cfb000 r--p 00007000 ca:01 1988                       /lib/x86_64-linux-gnu/libnss_compat-2.23.so
7fca12cfb000-7fca12cfc000 rw-p 00008000 ca:01 1988                       /lib/x86_64-linux-gnu/libnss_compat-2.23.so
7fca12cfc000-7fca12d29000 r-xp 00000000 ca:01 256919                     /usr/lib/jvm/java-8-openjdk-amd64/jre/lib/amd64/libjava.so
7fca12d29000-7fca12f28000 ---p 0002d000 ca:01 256919                     /usr/lib/jvm/java-8-openjdk-amd64/jre/lib/amd64/libjava.so
7fca12f28000-7fca12f29000 r--p 0002c000 ca:01 256919                     /usr/lib/jvm/java-8-openjdk-amd64/jre/lib/amd64/libjava.so
7fca12f29000-7fca12f2b000 rw-p 0002d000 ca:01 256919                     /usr/lib/jvm/java-8-openjdk-amd64/jre/lib/amd64/libjava.so
7fca12f2b000-7fca12f3a000 r-xp 00000000 ca:01 256907                     /usr/lib/jvm/java-8-openjdk-amd64/jre/lib/amd64/libverify.so
7fca12f3a000-7fca13139000 ---p 0000f000 ca:01 256907                     /usr/lib/jvm/java-8-openjdk-amd64/jre/lib/amd64/libverify.so
7fca13139000-7fca1313b000 r--p 0000e000 ca:01 256907                     /usr/lib/jvm/java-8-openjdk-amd64/jre/lib/amd64/libverify.so
7fca1313b000-7fca1313c000 rw-p 00010000 ca:01 256907                     /usr/lib/jvm/java-8-openjdk-amd64/jre/lib/amd64/libverify.so
7fca1313c000-7fca13143000 r-xp 00000000 ca:01 1998                       /lib/x86_64-linux-gnu/librt-2.23.so
7fca13143000-7fca13342000 ---p 00007000 ca:01 1998                       /lib/x86_64-linux-gnu/librt-2.23.so
7fca13342000-7fca13343000 r--p 00006000 ca:01 1998                       /lib/x86_64-linux-gnu/librt-2.23.so
7fca13343000-7fca13344000 rw-p 00007000 ca:01 1998                       /lib/x86_64-linux-gnu/librt-2.23.so
7fca13344000-7fca1335a000 r-xp 00000000 ca:01 1975                       /lib/x86_64-linux-gnu/libgcc_s.so.1
7fca1335a000-7fca13559000 ---p 00016000 ca:01 1975                       /lib/x86_64-linux-gnu/libgcc_s.so.1
7fca13559000-7fca1355a000 rw-p 00015000 ca:01 1975                       /lib/x86_64-linux-gnu/libgcc_s.so.1
7fca1355a000-7fca13662000 r-xp 00000000 ca:01 1976                       /lib/x86_64-linux-gnu/libm-2.23.so
7fca13662000-7fca13861000 ---p 00108000 ca:01 1976                       /lib/x86_64-linux-gnu/libm-2.23.so
7fca13861000-7fca13862000 r--p 00107000 ca:01 1976                       /lib/x86_64-linux-gnu/libm-2.23.so
7fca13862000-7fca13863000 rw-p 00108000 ca:01 1976                       /lib/x86_64-linux-gnu/libm-2.23.so
7fca13863000-7fca139d5000 r-xp 00000000 ca:01 7979                       /usr/lib/x86_64-linux-gnu/libstdc++.so.6.0.21
7fca139d5000-7fca13bd5000 ---p 00172000 ca:01 7979                       /usr/lib/x86_64-linux-gnu/libstdc++.so.6.0.21
7fca13bd5000-7fca13bdf000 r--p 00172000 ca:01 7979                       /usr/lib/x86_64-linux-gnu/libstdc++.so.6.0.21
7fca13bdf000-7fca13be1000 rw-p 0017c000 ca:01 7979                       /usr/lib/x86_64-linux-gnu/libstdc++.so.6.0.21
7fca13be1000-7fca13be5000 rw-p 00000000 00:00 0 
7fca13be5000-7fca14842000 r-xp 00000000 ca:01 256884                     /usr/lib/jvm/java-8-openjdk-amd64/jre/lib/amd64/server/libjvm.so
7fca14842000-7fca14a42000 ---p 00c5d000 ca:01 256884                     /usr/lib/jvm/java-8-openjdk-amd64/jre/lib/amd64/server/libjvm.so
7fca14a42000-7fca14ad6000 r--p 00c5d000 ca:01 256884                     /usr/lib/jvm/java-8-openjdk-amd64/jre/lib/amd64/server/libjvm.so
7fca14ad6000-7fca14aff000 rw-p 00cf1000 ca:01 256884                     /usr/lib/jvm/java-8-openjdk-amd64/jre/lib/amd64/server/libjvm.so
7fca14aff000-7fca14b2f000 rw-p 00000000 00:00 0 
7fca14b2f000-7fca14b47000 r-xp 00000000 ca:01 1979                       /lib/x86_64-linux-gnu/libpthread-2.23.so
7fca14b47000-7fca14d46000 ---p 00018000 ca:01 1979                       /lib/x86_64-linux-gnu/libpthread-2.23.so
7fca14d46000-7fca14d47000 r--p 00017000 ca:01 1979                       /lib/x86_64-linux-gnu/libpthread-2.23.so
7fca14d47000-7fca14d48000 rw-p 00018000 ca:01 1979                       /lib/x86_64-linux-gnu/libpthread-2.23.so
7fca14d48000-7fca14d4c000 rw-p 00000000 00:00 0 
7fca14d4c000-7fca14d4f000 r-xp 00000000 ca:01 1982                       /lib/x86_64-linux-gnu/libdl-2.23.so
7fca14d4f000-7fca14f4e000 ---p 00003000 ca:01 1982                       /lib/x86_64-linux-gnu/libdl-2.23.so
7fca14f4e000-7fca14f4f000 r--p 00002000 ca:01 1982                       /lib/x86_64-linux-gnu/libdl-2.23.so
7fca14f4f000-7fca14f50000 rw-p 00003000 ca:01 1982                       /lib/x86_64-linux-gnu/libdl-2.23.so
7fca14f50000-7fca14f69000 r-xp 00000000 ca:01 2129                       /lib/x86_64-linux-gnu/libz.so.1.2.8
7fca14f69000-7fca15168000 ---p 00019000 ca:01 2129                       /lib/x86_64-linux-gnu/libz.so.1.2.8
7fca15168000-7fca15169000 r--p 00018000 ca:01 2129                       /lib/x86_64-linux-gnu/libz.so.1.2.8
7fca15169000-7fca1516a000 rw-p 00019000 ca:01 2129                       /lib/x86_64-linux-gnu/libz.so.1.2.8
7fca1516a000-7fca1532a000 r-xp 00000000 ca:01 1980                       /lib/x86_64-linux-gnu/libc-2.23.so
7fca1532a000-7fca1552a000 ---p 001c0000 ca:01 1980                       /lib/x86_64-linux-gnu/libc-2.23.so
7fca1552a000-7fca1552e000 r--p 001c0000 ca:01 1980                       /lib/x86_64-linux-gnu/libc-2.23.so
7fca1552e000-7fca15530000 rw-p 001c4000 ca:01 1980                       /lib/x86_64-linux-gnu/libc-2.23.so
7fca15530000-7fca15534000 rw-p 00000000 00:00 0 
7fca15534000-7fca15541000 r-xp 00000000 ca:01 256904                     /usr/lib/jvm/java-8-openjdk-amd64/jre/lib/amd64/jli/libjli.so
7fca15541000-7fca15741000 ---p 0000d000 ca:01 256904                     /usr/lib/jvm/java-8-openjdk-amd64/jre/lib/amd64/jli/libjli.so
7fca15741000-7fca15742000 r--p 0000d000 ca:01 256904                     /usr/lib/jvm/java-8-openjdk-amd64/jre/lib/amd64/jli/libjli.so
7fca15742000-7fca15743000 rw-p 0000e000 ca:01 256904                     /usr/lib/jvm/java-8-openjdk-amd64/jre/lib/amd64/jli/libjli.so
7fca15743000-7fca15769000 r-xp 00000000 ca:01 1978                       /lib/x86_64-linux-gnu/ld-2.23.so
7fca15769000-7fca1576b000 r--s 0000f000 ca:01 261715                     /home/ubuntu/spark-2.1.1-bin-hadoop2.7/jars/curator-client-2.6.0.jar
7fca1576b000-7fca1576e000 r--s 0000f000 ca:01 256869                     /usr/lib/jvm/java-8-openjdk-amd64/jre/lib/ext/icedtea-sound.jar
7fca1576e000-7fca15771000 r--s 00038000 ca:01 256872                     /usr/lib/jvm/java-8-openjdk-amd64/jre/lib/ext/sunpkcs11.jar
7fca15771000-7fca15777000 r--s 0003b000 ca:01 256877                     /usr/lib/jvm/java-8-openjdk-amd64/jre/lib/ext/sunjce_provider.jar
7fca15777000-7fca15781000 r--s 00116000 ca:01 256876                     /usr/lib/jvm/java-8-openjdk-amd64/jre/lib/ext/localedata.jar
7fca15781000-7fca15852000 rw-p 00000000 00:00 0 
7fca15852000-7fca1585a000 rw-s 00000000 ca:01 256220                     /tmp/hsperfdata_ubuntu/26453
7fca1585a000-7fca1585d000 ---p 00000000 00:00 0 
7fca1585d000-7fca1595f000 rw-p 00000000 00:00 0 
7fca1595f000-7fca15960000 r--s 00010000 ca:01 256874                     /usr/lib/jvm/java-8-openjdk-amd64/jre/lib/ext/zipfs.jar
7fca15960000-7fca15961000 r--s 0000a000 ca:01 256879                     /usr/lib/jvm/java-8-openjdk-amd64/jre/lib/ext/jaccess.jar
7fca15961000-7fca15963000 r--s 00001000 ca:01 256873                     /usr/lib/jvm/java-8-openjdk-amd64/jre/lib/ext/dnsns.jar
7fca15963000-7fca15965000 r--s 00008000 ca:01 256878                     /usr/lib/jvm/java-8-openjdk-amd64/jre/lib/ext/sunec.jar
7fca15965000-7fca15966000 rw-p 00000000 00:00 0 
7fca15966000-7fca15967000 ---p 00000000 00:00 0 
7fca15967000-7fca15968000 rw-p 00000000 00:00 0 
7fca15968000-7fca15969000 r--p 00025000 ca:01 1978                       /lib/x86_64-linux-gnu/ld-2.23.so
7fca15969000-7fca1596a000 rw-p 00026000 ca:01 1978                       /lib/x86_64-linux-gnu/ld-2.23.so
7fca1596a000-7fca1596b000 rw-p 00000000 00:00 0 
7ffe906c0000-7ffe906e1000 rw-p 00000000 00:00 0                          [stack]
7ffe90717000-7ffe9071a000 r--p 00000000 00:00 0                          [vvar]
7ffe9071a000-7ffe9071c000 r-xp 00000000 00:00 0                          [vdso]
ffffffffff600000-ffffffffff601000 r-xp 00000000 00:00 0                  [vsyscall]

VM Arguments:
jvm_args: -Xmx1g 
java_command: org.apache.spark.deploy.SparkSubmit --conf spark.app.name=Bank Telephone Marketing Analysis step1-7 pyspark-shell
java_class_path (initial): /home/ubuntu/spark-2.1.1-bin-hadoop2.7/conf/:/home/ubuntu/spark-2.1.1-bin-hadoop2.7/jars/libthrift-0.9.3.jar:/home/ubuntu/spark-2.1.1-bin-hadoop2.7/jars/curator-client-2.6.0.jar:/home/ubuntu/spark-2.1.1-bin-hadoop2.7/jars/hk2-api-2.4.0-b34.jar:/home/ubuntu/spark-2.1.1-bin-hadoop2.7/jars/metrics-json-3.1.2.jar:/home/ubuntu/spark-2.1.1-bin-hadoop2.7/jars/metrics-graphite-3.1.2.jar:/home/ubuntu/spark-2.1.1-bin-hadoop2.7/jars/spire_2.11-0.7.4.jar:/home/ubuntu/spark-2.1.1-bin-hadoop2.7/jars/commons-pool-1.5.4.jar:/home/ubuntu/spark-2.1.1-bin-hadoop2.7/jars/netty-all-4.0.42.Final.jar:/home/ubuntu/spark-2.1.1-bin-hadoop2.7/jars/commons-dbcp-1.4.jar:/home/ubuntu/spark-2.1.1-bin-hadoop2.7/jars/xbean-asm5-shaded-4.4.jar:/home/ubuntu/spark-2.1.1-bin-hadoop2.7/jars/xercesImpl-2.9.1.jar:/home/ubuntu/spark-2.1.1-bin-hadoop2.7/jars/hadoop-annotations-2.7.3.jar:/home/ubuntu/spark-2.1.1-bin-hadoop2.7/jars/javassist-3.18.1-GA.jar:/home/ubuntu/spark-2.1.1-bin-hadoop2.7/jars/jersey-container-servlet-2.22.2.jar:/home/ubuntu/spark-2.1.1-bin-hadoop2.7/jars/base64-2.3.8.jar:/home/ubuntu/spark-2.1.1-bin-hadoop2.7/jars/scalap-2.11.8.jar:/home/ubuntu/spark-2.1.1-bin-hadoop2.7/jars/super-csv-2.2.0.jar:/home/ubuntu/spark-2.1.1-bin-hadoop2.7/jars/jul-to-slf4j-1.7.16.jar:/home/ubuntu/spark-2.1.1-bin-hadoop2.7/jars/hadoop-mapreduce-client-shuffle-2.7.3.jar:/home/ubuntu/spark-2.1.1-bin-hadoop2.7/jars/libfb303-0.9.3.jar:/home/ubuntu/spark-2.1.1-bin-hadoop2.7/jars/jdo-api-3.0.1.jar:/home/ubuntu/spark-2.1.1-bin-hadoop2.7/jars/jersey-guava-2.22.2.jar:/home/ubuntu/spark-2.1.1-bin-hadoop2.7/jars/arpack_combined_all-0.1.jar:/home/ubuntu/spark-2.1.1-bin-hadoop2.7/jars/scala-parser-combinators_2.11-1.0.4.jar:/home/ubuntu/spark-2.1.1-bin-hadoop2.7/jars/chill_2.11-0.8.0.jar:/home/ubuntu/spark-2.1.1-bin-hadoop2.7/jars/javax.annotation-api-1.2.jar:/home/ubuntu/spark-2.1.1-bin-hadoop2.7/jars/joda-time-2.9.3.jar:/home/ubuntu/spark-2.1.1-bin-hadoop2.7/jars/antlr-runtime-3.4.jar:/home/u
Launcher Type: SUN_STANDARD

Environment Variables:
PATH=/home/ubuntu/.local/bin:/home/ubuntu/bin:/home/ubuntu/.local/bin:/usr/local/sbin:/usr/local/bin:/usr/sbin:/usr/bin:/sbin:/bin:/usr/games:/usr/local/games:/snap/bin
SHELL=/bin/bash

Signal Handlers:
SIGSEGV: [libjvm.so+0xa71a30], sa_mask[0]=11111111011111111101111111111110, sa_flags=SA_RESTART|SA_SIGINFO
SIGBUS: [libjvm.so+0xa71a30], sa_mask[0]=11111111011111111101111111111110, sa_flags=SA_RESTART|SA_SIGINFO
SIGFPE: [libjvm.so+0x8b8f40], sa_mask[0]=11111111011111111101111111111110, sa_flags=SA_RESTART|SA_SIGINFO
SIGPIPE: [libjvm.so+0x8b8f40], sa_mask[0]=11111111011111111101111111111110, sa_flags=SA_RESTART|SA_SIGINFO
SIGXFSZ: [libjvm.so+0x8b8f40], sa_mask[0]=11111111011111111101111111111110, sa_flags=SA_RESTART|SA_SIGINFO
SIGILL: [libjvm.so+0x8b8f40], sa_mask[0]=11111111011111111101111111111110, sa_flags=SA_RESTART|SA_SIGINFO
SIGUSR1: SIG_DFL, sa_mask[0]=00000000000000000000000000000000, sa_flags=none
SIGUSR2: [libjvm.so+0x8b8df0], sa_mask[0]=00000000000000000000000000000000, sa_flags=SA_RESTART|SA_SIGINFO
SIGHUP: [libjvm.so+0x8b92c0], sa_mask[0]=11111111011111111101111111111110, sa_flags=SA_RESTART|SA_SIGINFO
SIGINT: SIG_IGN, sa_mask[0]=00000000000000000000000000000000, sa_flags=none
SIGTERM: [libjvm.so+0x8b92c0], sa_mask[0]=11111111011111111101111111111110, sa_flags=SA_RESTART|SA_SIGINFO
SIGQUIT: [libjvm.so+0x8b92c0], sa_mask[0]=11111111011111111101111111111110, sa_flags=SA_RESTART|SA_SIGINFO


---------------  S Y S T E M  ---------------

OS:DISTRIB_ID=Ubuntu
DISTRIB_RELEASE=16.04
DISTRIB_CODENAME=xenial
DISTRIB_DESCRIPTION="Ubuntu 16.04.4 LTS"

uname:Linux 4.4.0-1065-aws #75-Ubuntu SMP Fri Aug 10 11:14:32 UTC 2018 x86_64
libc:glibc 2.23 NPTL 2.23 
rlimit: STACK 8192k, CORE 0k, NPROC 3900, NOFILE 1048576, AS infinity
load average:2.06 3.06 2.21

/proc/meminfo:
MemTotal:        1014500 kB
MemFree:           80848 kB
MemAvailable:      30540 kB
Buffers:            2328 kB
Cached:            32956 kB
SwapCached:            0 kB
Active:           846976 kB
Inactive:          21968 kB
Active(anon):     836524 kB
Inactive(anon):    10332 kB
Active(file):      10452 kB
Inactive(file):    11636 kB
Unevictable:        3652 kB
Mlocked:            3652 kB
SwapTotal:             0 kB
SwapFree:              0 kB
Dirty:                84 kB
Writeback:             0 kB
AnonPages:        837392 kB
Mapped:            20588 kB
Shmem:             10696 kB
Slab:              37268 kB
SReclaimable:      20120 kB
SUnreclaim:        17148 kB
KernelStack:        3808 kB
PageTables:         6212 kB
NFS_Unstable:          0 kB
Bounce:                0 kB
WritebackTmp:          0 kB
CommitLimit:      507248 kB
Committed_AS:    1228812 kB
VmallocTotal:   34359738367 kB
VmallocUsed:           0 kB
VmallocChunk:          0 kB
HardwareCorrupted:     0 kB
AnonHugePages:    219136 kB
CmaTotal:              0 kB
CmaFree:               0 kB
HugePages_Total:       0
HugePages_Free:        0
HugePages_Rsvd:        0
HugePages_Surp:        0
Hugepagesize:       2048 kB
DirectMap4k:       55296 kB
DirectMap2M:      993280 kB


CPU:total 1 (initial active 1) (1 cores per cpu, 1 threads per core) family 6 model 63 stepping 2, cmov, cx8, fxsr, mmx, sse, sse2, sse3, ssse3, sse4.1, sse4.2, popcnt, avx, avx2, aes, clmul, erms, lzcnt, tsc, bmi1, bmi2

/proc/cpuinfo:
processor	: 0
vendor_id	: GenuineIntel
cpu family	: 6
model		: 63
model name	: Intel(R) Xeon(R) CPU E5-2676 v3 @ 2.40GHz
stepping	: 2
microcode	: 0x3c
cpu MHz		: 2400.050
cache size	: 30720 KB
physical id	: 0
siblings	: 1
core id		: 0
cpu cores	: 1
apicid		: 0
initial apicid	: 0
fpu		: yes
fpu_exception	: yes
cpuid level	: 13
wp		: yes
flags		: fpu vme de pse tsc msr pae mce cx8 apic sep mtrr pge mca cmov pat pse36 clflush mmx fxsr sse sse2 ht syscall nx rdtscp lm constant_tsc rep_good nopl xtopology eagerfpu pni pclmulqdq ssse3 fma cx16 pcid sse4_1 sse4_2 x2apic movbe popcnt tsc_deadline_timer aes xsave avx f16c rdrand hypervisor lahf_lm abm invpcid_single kaiser fsgsbase bmi1 avx2 smep bmi2 erms invpcid xsaveopt
bugs		: cpu_meltdown spectre_v1 spectre_v2 spec_store_bypass l1tf
bogomips	: 4800.10
clflush size	: 64
cache_alignment	: 64
address sizes	: 46 bits physical, 48 bits virtual
power management:



Memory: 4k page, physical 1014500k(80848k free), swap 0k(0k free)

vm_info: OpenJDK 64-Bit Server VM (25.181-b13) for linux-amd64 JRE (1.8.0_181-8u181-b13-0ubuntu0.16.04.1-b13), built on Jul 30 2018 21:06:27 by "buildd" with gcc 5.4.0 20160609

time: Wed Oct 10 20:23:28 2018
elapsed time: 136 seconds (0d 0h 2m 16s)

